Thu Sep 25 2025 16:38:53 [Podlove] [32minfo[39m: Successfully Connected to MongoDB Atlas
Thu Sep 25 2025 16:38:56 [Podlove] [32minfo[39m: Privacy Policy exists!
Thu Sep 25 2025 16:38:57 [Podlove] [32minfo[39m: Consumer Policy exists!
Thu Sep 25 2025 16:38:57 [Podlove] [32minfo[39m: Media Policy exists!
Thu Sep 25 2025 16:38:57 [Podlove] [32minfo[39m: Server is running at PORT: 8000, HOST: 10.10.20.11
Thu Sep 25 2025 16:38:57 [Podlove] [32minfo[39m: Socket.IO server initialized
Thu Sep 25 2025 16:40:51 [Podlove] [32minfo[39m: Successfully Connected to MongoDB Atlas
Thu Sep 25 2025 16:40:55 [Podlove] [32minfo[39m: Privacy Policy exists!
Thu Sep 25 2025 16:40:55 [Podlove] [32minfo[39m: Consumer Policy exists!
Thu Sep 25 2025 16:40:56 [Podlove] [32minfo[39m: Media Policy exists!
Thu Sep 25 2025 16:40:56 [Podlove] [32minfo[39m: Server is running at PORT: 8000, HOST: 10.10.20.11
Thu Sep 25 2025 16:40:56 [Podlove] [32minfo[39m: Socket.IO server initialized
Thu Sep 25 2025 16:53:3 [Podlove] [32minfo[39m: Successfully Connected to MongoDB Atlas
Thu Sep 25 2025 16:53:7 [Podlove] [32minfo[39m: Privacy Policy exists!
Thu Sep 25 2025 16:53:7 [Podlove] [32minfo[39m: Consumer Policy exists!
Thu Sep 25 2025 16:53:8 [Podlove] [32minfo[39m: Media Policy exists!
Thu Sep 25 2025 16:53:8 [Podlove] [32minfo[39m: Server is running at PORT: 8000, HOST: 10.10.20.11
Thu Sep 25 2025 16:53:8 [Podlove] [32minfo[39m: Socket.IO server initialized
Thu Sep 25 2025 16:53:24 [Podlove] [32minfo[39m: Successfully Connected to MongoDB Atlas
Thu Sep 25 2025 16:53:28 [Podlove] [32minfo[39m: Privacy Policy exists!
Thu Sep 25 2025 16:53:29 [Podlove] [32minfo[39m: Consumer Policy exists!
Thu Sep 25 2025 16:53:29 [Podlove] [32minfo[39m: Media Policy exists!
Thu Sep 25 2025 16:53:29 [Podlove] [32minfo[39m: Server is running at PORT: 8000, HOST: 10.10.20.11
Thu Sep 25 2025 16:53:29 [Podlove] [32minfo[39m: Socket.IO server initialized
Thu Sep 25 2025 16:53:42 [Podlove] [32minfo[39m: Successfully Connected to MongoDB Atlas
Thu Sep 25 2025 16:53:46 [Podlove] [32minfo[39m: Privacy Policy exists!
Thu Sep 25 2025 16:53:47 [Podlove] [32minfo[39m: Consumer Policy exists!
Thu Sep 25 2025 16:53:47 [Podlove] [32minfo[39m: Media Policy exists!
Thu Sep 25 2025 16:53:47 [Podlove] [32minfo[39m: Server is running at PORT: 8000, HOST: 10.10.20.11
Thu Sep 25 2025 16:53:47 [Podlove] [32minfo[39m: Socket.IO server initialized
Thu Sep 25 2025 16:54:16 [Podlove] [32minfo[39m: Successfully Connected to MongoDB Atlas
Thu Sep 25 2025 16:54:26 [Podlove] [32minfo[39m: Successfully Connected to MongoDB Atlas
Thu Sep 25 2025 16:54:30 [Podlove] [32minfo[39m: Privacy Policy exists!
Thu Sep 25 2025 16:54:30 [Podlove] [32minfo[39m: Consumer Policy exists!
Thu Sep 25 2025 16:54:30 [Podlove] [32minfo[39m: Media Policy exists!
Thu Sep 25 2025 16:54:30 [Podlove] [32minfo[39m: Server is running at PORT: 8000, HOST: 10.10.20.11
Thu Sep 25 2025 16:54:30 [Podlove] [32minfo[39m: Socket.IO server initialized
Thu Sep 25 2025 16:54:40 [Podlove] [32minfo[39m: Successfully Connected to MongoDB Atlas
Thu Sep 25 2025 16:54:43 [Podlove] [32minfo[39m: Privacy Policy exists!
Thu Sep 25 2025 16:54:44 [Podlove] [32minfo[39m: Consumer Policy exists!
Thu Sep 25 2025 16:54:44 [Podlove] [32minfo[39m: Media Policy exists!
Thu Sep 25 2025 16:54:44 [Podlove] [32minfo[39m: Server is running at PORT: 8000, HOST: 10.10.20.11
Thu Sep 25 2025 16:54:44 [Podlove] [32minfo[39m: Socket.IO server initialized
Thu Sep 25 2025 16:55:1 [Podlove] [32minfo[39m: Successfully Connected to MongoDB Atlas
Thu Sep 25 2025 16:55:5 [Podlove] [32minfo[39m: Privacy Policy exists!
Thu Sep 25 2025 16:55:5 [Podlove] [32minfo[39m: Consumer Policy exists!
Thu Sep 25 2025 16:55:5 [Podlove] [32minfo[39m: Media Policy exists!
Thu Sep 25 2025 16:55:5 [Podlove] [32minfo[39m: Server is running at PORT: 8000, HOST: 10.10.20.11
Thu Sep 25 2025 16:55:5 [Podlove] [32minfo[39m: Socket.IO server initialized
Thu Sep 25 2025 16:55:45 [Podlove] [32minfo[39m: Successfully Connected to MongoDB Atlas
Thu Sep 25 2025 16:55:49 [Podlove] [32minfo[39m: Privacy Policy exists!
Thu Sep 25 2025 16:55:49 [Podlove] [32minfo[39m: Consumer Policy exists!
Thu Sep 25 2025 16:55:50 [Podlove] [32minfo[39m: Media Policy exists!
Thu Sep 25 2025 16:55:50 [Podlove] [32minfo[39m: Server is running at PORT: 8000, HOST: 10.10.20.11
Thu Sep 25 2025 16:55:50 [Podlove] [32minfo[39m: Socket.IO server initialized
Thu Sep 25 2025 16:57:52 [Podlove] [32minfo[39m: Successfully Connected to MongoDB Atlas
Thu Sep 25 2025 16:58:12 [Podlove] [32minfo[39m: Successfully Connected to MongoDB Atlas
Thu Sep 25 2025 16:58:15 [Podlove] [32minfo[39m: Privacy Policy exists!
Thu Sep 25 2025 16:58:16 [Podlove] [32minfo[39m: Consumer Policy exists!
Thu Sep 25 2025 16:58:16 [Podlove] [32minfo[39m: Media Policy exists!
Thu Sep 25 2025 16:58:16 [Podlove] [32minfo[39m: Server is running at PORT: 8000, HOST: 10.10.20.11
Thu Sep 25 2025 16:58:16 [Podlove] [32minfo[39m: Socket.IO server initialized
Thu Sep 25 2025 16:59:11 [Podlove] [32minfo[39m: Successfully Connected to MongoDB Atlas
Thu Sep 25 2025 16:59:17 [Podlove] [32minfo[39m: Privacy Policy exists!
Thu Sep 25 2025 16:59:17 [Podlove] [32minfo[39m: Consumer Policy exists!
Thu Sep 25 2025 16:59:17 [Podlove] [32minfo[39m: Media Policy exists!
Thu Sep 25 2025 16:59:17 [Podlove] [32minfo[39m: Server is running at PORT: 8000, HOST: 10.10.20.11
Thu Sep 25 2025 16:59:17 [Podlove] [32minfo[39m: Socket.IO server initialized
