Sun Sep 07 2025 17:15:36 [Podlove] [31merror[39m: Not Authorized
UnauthorizedError: Not Authorized
    at /home/tayeur/Desktop/project/podlove_backend/src/middlewares/authorization.ts:45:30
    at /home/tayeur/Desktop/project/podlove_backend/src/shared/asyncHandler.ts:7:19
    at Layer.handle [as handle_request] (/home/tayeur/Desktop/project/podlove_backend/node_modules/express/lib/router/layer.js:95:5)
    at next (/home/tayeur/Desktop/project/podlove_backend/node_modules/express/lib/router/route.js:149:13)
    at Route.dispatch (/home/tayeur/Desktop/project/podlove_backend/node_modules/express/lib/router/route.js:119:3)
    at Layer.handle [as handle_request] (/home/tayeur/Desktop/project/podlove_backend/node_modules/express/lib/router/layer.js:95:5)
    at /home/tayeur/Desktop/project/podlove_backend/node_modules/express/lib/router/index.js:284:15
    at param (/home/tayeur/Desktop/project/podlove_backend/node_modules/express/lib/router/index.js:365:14)
    at param (/home/tayeur/Desktop/project/podlove_backend/node_modules/express/lib/router/index.js:376:14)
    at Function.process_params (/home/tayeur/Desktop/project/podlove_backend/node_modules/express/lib/router/index.js:421:3)
UnauthorizedError
Sun Sep 07 2025 17:20:26 [Podlove] [31merror[39m: Invalid or malformed token
UnauthorizedError: Invalid or malformed token
    at decodeToken (/home/tayeur/Desktop/project/podlove_backend/src/utils/jwt.ts:28:22)
    at /home/tayeur/Desktop/project/podlove_backend/src/middlewares/authorization.ts:51:32
    at /home/tayeur/Desktop/project/podlove_backend/src/shared/asyncHandler.ts:7:19
    at Layer.handle [as handle_request] (/home/tayeur/Desktop/project/podlove_backend/node_modules/express/lib/router/layer.js:95:5)
    at next (/home/tayeur/Desktop/project/podlove_backend/node_modules/express/lib/router/route.js:149:13)
    at Route.dispatch (/home/tayeur/Desktop/project/podlove_backend/node_modules/express/lib/router/route.js:119:3)
    at Layer.handle [as handle_request] (/home/tayeur/Desktop/project/podlove_backend/node_modules/express/lib/router/layer.js:95:5)
    at /home/tayeur/Desktop/project/podlove_backend/node_modules/express/lib/router/index.js:284:15
    at param (/home/tayeur/Desktop/project/podlove_backend/node_modules/express/lib/router/index.js:365:14)
    at param (/home/tayeur/Desktop/project/podlove_backend/node_modules/express/lib/router/index.js:376:14)
UnauthorizedError
Sun Sep 07 2025 17:20:57 [Podlove] [31merror[39m: Not Authorized
UnauthorizedError: Not Authorized
    at /home/tayeur/Desktop/project/podlove_backend/src/middlewares/authorization.ts:45:30
    at /home/tayeur/Desktop/project/podlove_backend/src/shared/asyncHandler.ts:7:19
    at Layer.handle [as handle_request] (/home/tayeur/Desktop/project/podlove_backend/node_modules/express/lib/router/layer.js:95:5)
    at next (/home/tayeur/Desktop/project/podlove_backend/node_modules/express/lib/router/route.js:149:13)
    at Route.dispatch (/home/tayeur/Desktop/project/podlove_backend/node_modules/express/lib/router/route.js:119:3)
    at Layer.handle [as handle_request] (/home/tayeur/Desktop/project/podlove_backend/node_modules/express/lib/router/layer.js:95:5)
    at /home/tayeur/Desktop/project/podlove_backend/node_modules/express/lib/router/index.js:284:15
    at param (/home/tayeur/Desktop/project/podlove_backend/node_modules/express/lib/router/index.js:365:14)
    at param (/home/tayeur/Desktop/project/podlove_backend/node_modules/express/lib/router/index.js:376:14)
    at Function.process_params (/home/tayeur/Desktop/project/podlove_backend/node_modules/express/lib/router/index.js:421:3)
UnauthorizedError
Sun Sep 07 2025 17:21:10 [Podlove] [31merror[39m: Invalid or malformed token
UnauthorizedError: Invalid or malformed token
    at decodeToken (/home/tayeur/Desktop/project/podlove_backend/src/utils/jwt.ts:28:22)
    at /home/tayeur/Desktop/project/podlove_backend/src/middlewares/authorization.ts:51:32
    at /home/tayeur/Desktop/project/podlove_backend/src/shared/asyncHandler.ts:7:19
    at Layer.handle [as handle_request] (/home/tayeur/Desktop/project/podlove_backend/node_modules/express/lib/router/layer.js:95:5)
    at next (/home/tayeur/Desktop/project/podlove_backend/node_modules/express/lib/router/route.js:149:13)
    at Route.dispatch (/home/tayeur/Desktop/project/podlove_backend/node_modules/express/lib/router/route.js:119:3)
    at Layer.handle [as handle_request] (/home/tayeur/Desktop/project/podlove_backend/node_modules/express/lib/router/layer.js:95:5)
    at /home/tayeur/Desktop/project/podlove_backend/node_modules/express/lib/router/index.js:284:15
    at param (/home/tayeur/Desktop/project/podlove_backend/node_modules/express/lib/router/index.js:365:14)
    at param (/home/tayeur/Desktop/project/podlove_backend/node_modules/express/lib/router/index.js:376:14)
UnauthorizedError
Sun Sep 07 2025 17:22:35 [Podlove] [31merror[39m: Not Authorized
UnauthorizedError: Not Authorized
    at /home/tayeur/Desktop/project/podlove_backend/src/middlewares/authorization.ts:45:30
    at /home/tayeur/Desktop/project/podlove_backend/src/shared/asyncHandler.ts:7:19
    at Layer.handle [as handle_request] (/home/tayeur/Desktop/project/podlove_backend/node_modules/express/lib/router/layer.js:95:5)
    at next (/home/tayeur/Desktop/project/podlove_backend/node_modules/express/lib/router/route.js:149:13)
    at Route.dispatch (/home/tayeur/Desktop/project/podlove_backend/node_modules/express/lib/router/route.js:119:3)
    at Layer.handle [as handle_request] (/home/tayeur/Desktop/project/podlove_backend/node_modules/express/lib/router/layer.js:95:5)
    at /home/tayeur/Desktop/project/podlove_backend/node_modules/express/lib/router/index.js:284:15
    at param (/home/tayeur/Desktop/project/podlove_backend/node_modules/express/lib/router/index.js:365:14)
    at param (/home/tayeur/Desktop/project/podlove_backend/node_modules/express/lib/router/index.js:376:14)
    at Function.process_params (/home/tayeur/Desktop/project/podlove_backend/node_modules/express/lib/router/index.js:421:3)
UnauthorizedError
Sun Sep 07 2025 17:22:57 [Podlove] [31merror[39m: Not Authorized
UnauthorizedError: Not Authorized
    at /home/tayeur/Desktop/project/podlove_backend/src/middlewares/authorization.ts:45:30
    at /home/tayeur/Desktop/project/podlove_backend/src/shared/asyncHandler.ts:7:19
    at Layer.handle [as handle_request] (/home/tayeur/Desktop/project/podlove_backend/node_modules/express/lib/router/layer.js:95:5)
    at next (/home/tayeur/Desktop/project/podlove_backend/node_modules/express/lib/router/route.js:149:13)
    at Route.dispatch (/home/tayeur/Desktop/project/podlove_backend/node_modules/express/lib/router/route.js:119:3)
    at Layer.handle [as handle_request] (/home/tayeur/Desktop/project/podlove_backend/node_modules/express/lib/router/layer.js:95:5)
    at /home/tayeur/Desktop/project/podlove_backend/node_modules/express/lib/router/index.js:284:15
    at param (/home/tayeur/Desktop/project/podlove_backend/node_modules/express/lib/router/index.js:365:14)
    at param (/home/tayeur/Desktop/project/podlove_backend/node_modules/express/lib/router/index.js:376:14)
    at Function.process_params (/home/tayeur/Desktop/project/podlove_backend/node_modules/express/lib/router/index.js:421:3)
UnauthorizedError
Sun Sep 07 2025 17:23:17 [Podlove] [31merror[39m: Invalid or malformed token
UnauthorizedError: Invalid or malformed token
    at decodeToken (/home/tayeur/Desktop/project/podlove_backend/src/utils/jwt.ts:28:22)
    at /home/tayeur/Desktop/project/podlove_backend/src/middlewares/authorization.ts:51:32
    at /home/tayeur/Desktop/project/podlove_backend/src/shared/asyncHandler.ts:7:19
    at Layer.handle [as handle_request] (/home/tayeur/Desktop/project/podlove_backend/node_modules/express/lib/router/layer.js:95:5)
    at next (/home/tayeur/Desktop/project/podlove_backend/node_modules/express/lib/router/route.js:149:13)
    at Route.dispatch (/home/tayeur/Desktop/project/podlove_backend/node_modules/express/lib/router/route.js:119:3)
    at Layer.handle [as handle_request] (/home/tayeur/Desktop/project/podlove_backend/node_modules/express/lib/router/layer.js:95:5)
    at /home/tayeur/Desktop/project/podlove_backend/node_modules/express/lib/router/index.js:284:15
    at param (/home/tayeur/Desktop/project/podlove_backend/node_modules/express/lib/router/index.js:365:14)
    at param (/home/tayeur/Desktop/project/podlove_backend/node_modules/express/lib/router/index.js:376:14)
UnauthorizedError
Sun Sep 07 2025 17:23:29 [Podlove] [31merror[39m: Not Authorized
UnauthorizedError: Not Authorized
    at /home/tayeur/Desktop/project/podlove_backend/src/middlewares/authorization.ts:45:30
    at /home/tayeur/Desktop/project/podlove_backend/src/shared/asyncHandler.ts:7:19
    at Layer.handle [as handle_request] (/home/tayeur/Desktop/project/podlove_backend/node_modules/express/lib/router/layer.js:95:5)
    at next (/home/tayeur/Desktop/project/podlove_backend/node_modules/express/lib/router/route.js:149:13)
    at Route.dispatch (/home/tayeur/Desktop/project/podlove_backend/node_modules/express/lib/router/route.js:119:3)
    at Layer.handle [as handle_request] (/home/tayeur/Desktop/project/podlove_backend/node_modules/express/lib/router/layer.js:95:5)
    at /home/tayeur/Desktop/project/podlove_backend/node_modules/express/lib/router/index.js:284:15
    at param (/home/tayeur/Desktop/project/podlove_backend/node_modules/express/lib/router/index.js:365:14)
    at param (/home/tayeur/Desktop/project/podlove_backend/node_modules/express/lib/router/index.js:376:14)
    at Function.process_params (/home/tayeur/Desktop/project/podlove_backend/node_modules/express/lib/router/index.js:421:3)
UnauthorizedError
Sun Sep 07 2025 17:23:38 [Podlove] [32minfo[39m: 68bc003361b814157cda3798
Sun Sep 07 2025 17:23:39 [Podlove] [32minfo[39m: 68bc003361b814157cda3798
Sun Sep 07 2025 17:23:39 [Podlove] [31merror[39m: Forbidden
ForbiddenError: Forbidden
    at /home/tayeur/Desktop/project/podlove_backend/src/middlewares/authorization.ts:56:41
    at processTicksAndRejections (node:internal/process/task_queues:105:5)
ForbiddenError
Sun Sep 07 2025 17:24:7 [Podlove] [32minfo[39m: Successfully Connected to MongoDB Atlas
Sun Sep 07 2025 17:24:10 [Podlove] [32minfo[39m: Privacy Policy exists!
Sun Sep 07 2025 17:24:11 [Podlove] [32minfo[39m: Consumer Policy exists!
Sun Sep 07 2025 17:24:11 [Podlove] [32minfo[39m: Media Policy exists!
Sun Sep 07 2025 17:24:11 [Podlove] [32minfo[39m: Server is running at PORT: 8000, HOST: 10.10.20.11
Sun Sep 07 2025 17:24:11 [Podlove] [32minfo[39m: Socket.IO server initialized
Sun Sep 07 2025 17:24:54 [Podlove] [32minfo[39m: Successfully Connected to MongoDB Atlas
Sun Sep 07 2025 17:24:58 [Podlove] [32minfo[39m: Privacy Policy exists!
Sun Sep 07 2025 17:25:0 [Podlove] [32minfo[39m: Consumer Policy exists!
Sun Sep 07 2025 17:25:1 [Podlove] [32minfo[39m: Media Policy exists!
Sun Sep 07 2025 17:25:1 [Podlove] [32minfo[39m: Server is running at PORT: 8000, HOST: 10.10.20.11
Sun Sep 07 2025 17:25:1 [Podlove] [32minfo[39m: Socket.IO server initialized
Sun Sep 07 2025 17:25:1 [Podlove] [32minfo[39m: 68bc003361b814157cda3798
Sun Sep 07 2025 17:50:38 [Podlove] [32minfo[39m: Successfully Connected to MongoDB Atlas
Sun Sep 07 2025 17:50:42 [Podlove] [32minfo[39m: Privacy Policy exists!
Sun Sep 07 2025 17:50:42 [Podlove] [32minfo[39m: Consumer Policy exists!
Sun Sep 07 2025 17:50:42 [Podlove] [32minfo[39m: Media Policy exists!
Sun Sep 07 2025 17:50:42 [Podlove] [32minfo[39m: Server is running at PORT: 8000, HOST: 10.10.20.11
Sun Sep 07 2025 17:50:42 [Podlove] [32minfo[39m: Socket.IO server initialized
Sun Sep 07 2025 17:51:37 [Podlove] [32minfo[39m: Successfully Connected to MongoDB Atlas
Sun Sep 07 2025 17:51:41 [Podlove] [32minfo[39m: Privacy Policy exists!
Sun Sep 07 2025 17:51:41 [Podlove] [32minfo[39m: Consumer Policy exists!
Sun Sep 07 2025 17:51:41 [Podlove] [32minfo[39m: Media Policy exists!
Sun Sep 07 2025 17:51:41 [Podlove] [32minfo[39m: Server is running at PORT: 8000, HOST: 10.10.20.11
Sun Sep 07 2025 17:51:41 [Podlove] [32minfo[39m: Socket.IO server initialized
Sun Sep 07 2025 17:52:26 [Podlove] [32minfo[39m: Successfully Connected to MongoDB Atlas
Sun Sep 07 2025 17:52:40 [Podlove] [32minfo[39m: Successfully Connected to MongoDB Atlas
Sun Sep 07 2025 17:52:44 [Podlove] [32minfo[39m: Privacy Policy exists!
Sun Sep 07 2025 17:52:44 [Podlove] [32minfo[39m: Consumer Policy exists!
Sun Sep 07 2025 17:52:44 [Podlove] [32minfo[39m: Media Policy exists!
Sun Sep 07 2025 17:52:44 [Podlove] [32minfo[39m: Server is running at PORT: 8000, HOST: 10.10.20.11
Sun Sep 07 2025 17:52:44 [Podlove] [32minfo[39m: Socket.IO server initialized
Sun Sep 07 2025 17:52:55 [Podlove] [32minfo[39m: Successfully Connected to MongoDB Atlas
Sun Sep 07 2025 17:52:59 [Podlove] [32minfo[39m: Privacy Policy exists!
Sun Sep 07 2025 17:53:2 [Podlove] [32minfo[39m: Consumer Policy exists!
Sun Sep 07 2025 17:53:2 [Podlove] [32minfo[39m: Media Policy exists!
Sun Sep 07 2025 17:53:2 [Podlove] [32minfo[39m: Server is running at PORT: 8000, HOST: 10.10.20.11
Sun Sep 07 2025 17:53:2 [Podlove] [32minfo[39m: Socket.IO server initialized
Sun Sep 07 2025 17:53:30 [Podlove] [32minfo[39m: Successfully Connected to MongoDB Atlas
Sun Sep 07 2025 17:53:34 [Podlove] [32minfo[39m: Privacy Policy exists!
Sun Sep 07 2025 17:53:34 [Podlove] [32minfo[39m: Consumer Policy exists!
Sun Sep 07 2025 17:53:34 [Podlove] [32minfo[39m: Media Policy exists!
Sun Sep 07 2025 17:53:34 [Podlove] [32minfo[39m: Server is running at PORT: 8000, HOST: 10.10.20.11
Sun Sep 07 2025 17:53:34 [Podlove] [32minfo[39m: Socket.IO server initialized
Sun Sep 07 2025 17:55:34 [Podlove] [32minfo[39m: Successfully Connected to MongoDB Atlas
Sun Sep 07 2025 17:55:38 [Podlove] [32minfo[39m: Privacy Policy exists!
Sun Sep 07 2025 17:55:38 [Podlove] [32minfo[39m: Consumer Policy exists!
Sun Sep 07 2025 17:55:38 [Podlove] [32minfo[39m: Media Policy exists!
Sun Sep 07 2025 17:55:38 [Podlove] [32minfo[39m: Server is running at PORT: 8000, HOST: 10.10.20.11
Sun Sep 07 2025 17:55:38 [Podlove] [32minfo[39m: Socket.IO server initialized
Sun Sep 07 2025 17:56:21 [Podlove] [32minfo[39m: Successfully Connected to MongoDB Atlas
Sun Sep 07 2025 17:56:24 [Podlove] [32minfo[39m: Privacy Policy exists!
Sun Sep 07 2025 17:56:25 [Podlove] [32minfo[39m: Consumer Policy exists!
Sun Sep 07 2025 17:56:25 [Podlove] [32minfo[39m: Media Policy exists!
Sun Sep 07 2025 17:56:25 [Podlove] [32minfo[39m: Server is running at PORT: 8000, HOST: 10.10.20.11
Sun Sep 07 2025 17:56:25 [Podlove] [32minfo[39m: Socket.IO server initialized
Sun Sep 07 2025 17:56:37 [Podlove] [32minfo[39m: Successfully Connected to MongoDB Atlas
Sun Sep 07 2025 17:56:41 [Podlove] [32minfo[39m: Privacy Policy exists!
Sun Sep 07 2025 17:56:43 [Podlove] [32minfo[39m: Consumer Policy exists!
Sun Sep 07 2025 17:56:43 [Podlove] [32minfo[39m: Media Policy exists!
Sun Sep 07 2025 17:56:43 [Podlove] [32minfo[39m: Server is running at PORT: 8000, HOST: 10.10.20.11
Sun Sep 07 2025 17:56:43 [Podlove] [32minfo[39m: Socket.IO server initialized
