Fri Jul 11 2025 16:9:1 [Podlove] [32minfo[39m: Successfully Connected to MongoDB Atlas
Fri Jul 11 2025 16:9:4 [Podlove] [32minfo[39m: Privacy Policy exists!
Fri Jul 11 2025 16:9:4 [Podlove] [32minfo[39m: Consumer Policy exists!
Fri Jul 11 2025 16:9:4 [Podlove] [32minfo[39m: Media Policy exists!
Fri Jul 11 2025 16:9:4 [Podlove] [32minfo[39m: Server is running at PORT: 8000, HOST: 10.0.60.147
Fri Jul 11 2025 16:9:4 [Podlove] [32minfo[39m: Socket.IO server initialized
Fri Jul 11 2025 16:23:17 [Podlove] [32minfo[39m: Successfully Connected to MongoDB Atlas
Fri Jul 11 2025 16:23:21 [Podlove] [32minfo[39m: Privacy Policy exists!
Fri Jul 11 2025 16:23:21 [Podlove] [32minfo[39m: Consumer Policy exists!
Fri Jul 11 2025 16:23:21 [Podlove] [32minfo[39m: Media Policy exists!
Fri Jul 11 2025 16:23:21 [Podlove] [32minfo[39m: Server is running at PORT: 8000, HOST: 10.0.60.147
Fri Jul 11 2025 16:23:21 [Podlove] [32minfo[39m: Socket.IO server initialized
Fri Jul 11 2025 16:24:53 [Podlove] [32minfo[39m: Successfully Connected to MongoDB Atlas
Fri Jul 11 2025 16:24:57 [Podlove] [32minfo[39m: Privacy Policy exists!
Fri Jul 11 2025 16:24:57 [Podlove] [32minfo[39m: Consumer Policy exists!
Fri Jul 11 2025 16:24:57 [Podlove] [32minfo[39m: Media Policy exists!
Fri Jul 11 2025 16:24:57 [Podlove] [32minfo[39m: Server is running at PORT: 8000, HOST: 10.0.60.147
Fri Jul 11 2025 16:24:57 [Podlove] [32minfo[39m: Socket.IO server initialized
Fri Jul 11 2025 16:27:49 [Podlove] [32minfo[39m: Successfully Connected to MongoDB Atlas
Fri Jul 11 2025 16:27:52 [Podlove] [32minfo[39m: Privacy Policy exists!
Fri Jul 11 2025 16:27:52 [Podlove] [32minfo[39m: Consumer Policy exists!
Fri Jul 11 2025 16:27:52 [Podlove] [32minfo[39m: Media Policy exists!
Fri Jul 11 2025 16:27:52 [Podlove] [32minfo[39m: Server is running at PORT: 8000, HOST: 10.0.60.147
Fri Jul 11 2025 16:27:52 [Podlove] [32minfo[39m: Socket.IO server initialized
Fri Jul 11 2025 16:36:21 [Podlove] [32minfo[39m: Successfully Connected to MongoDB Atlas
Fri Jul 11 2025 16:36:24 [Podlove] [32minfo[39m: Privacy Policy exists!
Fri Jul 11 2025 16:36:24 [Podlove] [32minfo[39m: Consumer Policy exists!
Fri Jul 11 2025 16:36:25 [Podlove] [32minfo[39m: Media Policy exists!
Fri Jul 11 2025 16:36:25 [Podlove] [32minfo[39m: Server is running at PORT: 8000, HOST: 10.0.60.147
Fri Jul 11 2025 16:36:25 [Podlove] [32minfo[39m: Socket.IO server initialized
Fri Jul 11 2025 16:38:37 [Podlove] [32minfo[39m: Successfully Connected to MongoDB Atlas
Fri Jul 11 2025 16:38:40 [Podlove] [32minfo[39m: Privacy Policy exists!
Fri Jul 11 2025 16:38:41 [Podlove] [32minfo[39m: Consumer Policy exists!
Fri Jul 11 2025 16:38:41 [Podlove] [32minfo[39m: Media Policy exists!
Fri Jul 11 2025 16:38:41 [Podlove] [32minfo[39m: Server is running at PORT: 8000, HOST: 10.0.60.147
Fri Jul 11 2025 16:38:41 [Podlove] [32minfo[39m: Socket.IO server initialized
Fri Jul 11 2025 16:56:35 [Podlove] [32minfo[39m: Successfully Connected to MongoDB Atlas
Fri Jul 11 2025 16:56:38 [Podlove] [32minfo[39m: Privacy Policy exists!
Fri Jul 11 2025 16:56:39 [Podlove] [32minfo[39m: Consumer Policy exists!
Fri Jul 11 2025 16:56:39 [Podlove] [32minfo[39m: Media Policy exists!
Fri Jul 11 2025 16:56:39 [Podlove] [32minfo[39m: Server is running at PORT: 8000, HOST: 10.0.60.147
Fri Jul 11 2025 16:56:39 [Podlove] [32minfo[39m: Socket.IO server initialized
Fri Jul 11 2025 16:58:7 [Podlove] [32minfo[39m: Successfully Connected to MongoDB Atlas
Fri Jul 11 2025 16:58:10 [Podlove] [32minfo[39m: Privacy Policy exists!
Fri Jul 11 2025 16:58:10 [Podlove] [32minfo[39m: Consumer Policy exists!
Fri Jul 11 2025 16:58:10 [Podlove] [32minfo[39m: Media Policy exists!
Fri Jul 11 2025 16:58:10 [Podlove] [32minfo[39m: Server is running at PORT: 8000, HOST: 10.0.60.147
Fri Jul 11 2025 16:58:10 [Podlove] [32minfo[39m: Socket.IO server initialized
