Tue Jul 29 2025 11:0:14 [Podlove] [32minfo[39m: Successfully Connected to MongoDB Atlas
Tue Jul 29 2025 11:0:18 [Podlove] [32minfo[39m: Privacy Policy exists!
Tue Jul 29 2025 11:0:18 [Podlove] [32minfo[39m: Consumer Policy exists!
Tue Jul 29 2025 11:0:18 [Podlove] [32minfo[39m: Media Policy exists!
Tue Jul 29 2025 11:0:18 [Podlove] [32minfo[39m: Server is running at PORT: 8000, HOST: 10.10.10.59
Tue Jul 29 2025 11:0:18 [Podlove] [32minfo[39m: Socket.IO server initialized
Tue Jul 29 2025 11:0:21 [Podlove] [32minfo[39m: 68883ecdfc84ceb7cc9748fb
Tue Jul 29 2025 11:0:24 [Podlove] [32minfo[39m: 68883ecdfc84ceb7cc9748fb
Tue Jul 29 2025 11:0:51 [Podlove] [32minfo[39m: 68883ecdfc84ceb7cc9748fb
Tue Jul 29 2025 11:0:58 [Podlove] [32minfo[39m: 68883ecdfc84ceb7cc9748fb
Tue Jul 29 2025 11:5:22 [Podlove] [32minfo[39m: 68883ecdfc84ceb7cc9748fb
Tue Jul 29 2025 11:5:25 [Podlove] [32minfo[39m: 68883ecdfc84ceb7cc9748fb
Tue Jul 29 2025 11:6:58 [Podlove] [32minfo[39m: 68883ecdfc84ceb7cc9748fb
Tue Jul 29 2025 11:7:0 [Podlove] [32minfo[39m: 68883ecdfc84ceb7cc9748fb
Tue Jul 29 2025 11:11:3 [Podlove] [32minfo[39m: 68883ecdfc84ceb7cc9748fb
Tue Jul 29 2025 11:11:5 [Podlove] [32minfo[39m: 68883ecdfc84ceb7cc9748fb
Tue Jul 29 2025 11:12:1 [Podlove] [32minfo[39m: 68883ecdfc84ceb7cc9748fb
Tue Jul 29 2025 11:12:4 [Podlove] [32minfo[39m: 68883ecdfc84ceb7cc9748fb
Tue Jul 29 2025 11:12:15 [Podlove] [32minfo[39m: 68883ecdfc84ceb7cc9748fb
Tue Jul 29 2025 11:12:17 [Podlove] [32minfo[39m: 68883ecdfc84ceb7cc9748fb
Tue Jul 29 2025 11:13:21 [Podlove] [32minfo[39m: 68883ecdfc84ceb7cc9748fb
Tue Jul 29 2025 11:13:23 [Podlove] [32minfo[39m: 68883ecdfc84ceb7cc9748fb
Tue Jul 29 2025 11:13:47 [Podlove] [32minfo[39m: 68883ecdfc84ceb7cc9748fb
Tue Jul 29 2025 11:13:49 [Podlove] [32minfo[39m: 68883ecdfc84ceb7cc9748fb
Tue Jul 29 2025 11:14:27 [Podlove] [32minfo[39m: 68883ecdfc84ceb7cc9748fb
Tue Jul 29 2025 11:14:29 [Podlove] [32minfo[39m: 68883ecdfc84ceb7cc9748fb
Tue Jul 29 2025 11:15:58 [Podlove] [32minfo[39m: 68883ecdfc84ceb7cc9748fb
Tue Jul 29 2025 11:16:16 [Podlove] [32minfo[39m: 68883ecdfc84ceb7cc9748fb
Tue Jul 29 2025 11:19:2 [Podlove] [32minfo[39m: 68883ecdfc84ceb7cc9748fb
Tue Jul 29 2025 11:21:16 [Podlove] [32minfo[39m: 68883ecdfc84ceb7cc9748fb
Tue Jul 29 2025 11:21:18 [Podlove] [32minfo[39m: 68883ecdfc84ceb7cc9748fb
Tue Jul 29 2025 11:22:18 [Podlove] [32minfo[39m: 68883ecdfc84ceb7cc9748fb
Tue Jul 29 2025 11:25:41 [Podlove] [31merror[39m: Cannot read properties of undefined (reading 'userId')
TypeError: Cannot read properties of undefined (reading 'userId')
    at get (C:\Users\jahid\Music\Jahid Hasan\podlove_backend\src\controllers\notificationController.ts:15:57)
    at C:\Users\jahid\Music\Jahid Hasan\podlove_backend\src\shared\asyncHandler.ts:7:19
    at Layer.handle [as handle_request] (C:\Users\jahid\Music\Jahid Hasan\podlove_backend\node_modules\express\lib\router\layer.js:95:5)
    at next (C:\Users\jahid\Music\Jahid Hasan\podlove_backend\node_modules\express\lib\router\route.js:149:13)
    at Route.dispatch (C:\Users\jahid\Music\Jahid Hasan\podlove_backend\node_modules\express\lib\router\route.js:119:3)
    at Layer.handle [as handle_request] (C:\Users\jahid\Music\Jahid Hasan\podlove_backend\node_modules\express\lib\router\layer.js:95:5)
    at C:\Users\jahid\Music\Jahid Hasan\podlove_backend\node_modules\express\lib\router\index.js:284:15
    at Function.process_params (C:\Users\jahid\Music\Jahid Hasan\podlove_backend\node_modules\express\lib\router\index.js:346:12)
    at next (C:\Users\jahid\Music\Jahid Hasan\podlove_backend\node_modules\express\lib\router\index.js:280:10)
    at Function.handle (C:\Users\jahid\Music\Jahid Hasan\podlove_backend\node_modules\express\lib\router\index.js:175:3)
TypeError
Tue Jul 29 2025 11:27:8 [Podlove] [32minfo[39m: 68883ecdfc84ceb7cc9748fb
Tue Jul 29 2025 11:31:40 [Podlove] [31merror[39m: Cannot read properties of undefined (reading 'userId')
TypeError: Cannot read properties of undefined (reading 'userId')
    at get (C:\Users\jahid\Music\Jahid Hasan\podlove_backend\src\controllers\notificationController.ts:15:57)
    at C:\Users\jahid\Music\Jahid Hasan\podlove_backend\src\shared\asyncHandler.ts:7:19
    at Layer.handle [as handle_request] (C:\Users\jahid\Music\Jahid Hasan\podlove_backend\node_modules\express\lib\router\layer.js:95:5)
    at next (C:\Users\jahid\Music\Jahid Hasan\podlove_backend\node_modules\express\lib\router\route.js:149:13)
    at Route.dispatch (C:\Users\jahid\Music\Jahid Hasan\podlove_backend\node_modules\express\lib\router\route.js:119:3)
    at Layer.handle [as handle_request] (C:\Users\jahid\Music\Jahid Hasan\podlove_backend\node_modules\express\lib\router\layer.js:95:5)
    at C:\Users\jahid\Music\Jahid Hasan\podlove_backend\node_modules\express\lib\router\index.js:284:15
    at Function.process_params (C:\Users\jahid\Music\Jahid Hasan\podlove_backend\node_modules\express\lib\router\index.js:346:12)
    at next (C:\Users\jahid\Music\Jahid Hasan\podlove_backend\node_modules\express\lib\router\index.js:280:10)
    at Function.handle (C:\Users\jahid\Music\Jahid Hasan\podlove_backend\node_modules\express\lib\router\index.js:175:3)
TypeError
Tue Jul 29 2025 11:31:45 [Podlove] [31merror[39m: Cannot read properties of undefined (reading 'userId')
TypeError: Cannot read properties of undefined (reading 'userId')
    at get (C:\Users\jahid\Music\Jahid Hasan\podlove_backend\src\controllers\notificationController.ts:15:57)
    at C:\Users\jahid\Music\Jahid Hasan\podlove_backend\src\shared\asyncHandler.ts:7:19
    at Layer.handle [as handle_request] (C:\Users\jahid\Music\Jahid Hasan\podlove_backend\node_modules\express\lib\router\layer.js:95:5)
    at next (C:\Users\jahid\Music\Jahid Hasan\podlove_backend\node_modules\express\lib\router\route.js:149:13)
    at Route.dispatch (C:\Users\jahid\Music\Jahid Hasan\podlove_backend\node_modules\express\lib\router\route.js:119:3)
    at Layer.handle [as handle_request] (C:\Users\jahid\Music\Jahid Hasan\podlove_backend\node_modules\express\lib\router\layer.js:95:5)
    at C:\Users\jahid\Music\Jahid Hasan\podlove_backend\node_modules\express\lib\router\index.js:284:15
    at Function.process_params (C:\Users\jahid\Music\Jahid Hasan\podlove_backend\node_modules\express\lib\router\index.js:346:12)
    at next (C:\Users\jahid\Music\Jahid Hasan\podlove_backend\node_modules\express\lib\router\index.js:280:10)
    at Function.handle (C:\Users\jahid\Music\Jahid Hasan\podlove_backend\node_modules\express\lib\router\index.js:175:3)
TypeError
Tue Jul 29 2025 11:31:50 [Podlove] [31merror[39m: Cannot read properties of undefined (reading 'userId')
TypeError: Cannot read properties of undefined (reading 'userId')
    at get (C:\Users\jahid\Music\Jahid Hasan\podlove_backend\src\controllers\notificationController.ts:15:57)
    at C:\Users\jahid\Music\Jahid Hasan\podlove_backend\src\shared\asyncHandler.ts:7:19
    at Layer.handle [as handle_request] (C:\Users\jahid\Music\Jahid Hasan\podlove_backend\node_modules\express\lib\router\layer.js:95:5)
    at next (C:\Users\jahid\Music\Jahid Hasan\podlove_backend\node_modules\express\lib\router\route.js:149:13)
    at Route.dispatch (C:\Users\jahid\Music\Jahid Hasan\podlove_backend\node_modules\express\lib\router\route.js:119:3)
    at Layer.handle [as handle_request] (C:\Users\jahid\Music\Jahid Hasan\podlove_backend\node_modules\express\lib\router\layer.js:95:5)
    at C:\Users\jahid\Music\Jahid Hasan\podlove_backend\node_modules\express\lib\router\index.js:284:15
    at Function.process_params (C:\Users\jahid\Music\Jahid Hasan\podlove_backend\node_modules\express\lib\router\index.js:346:12)
    at next (C:\Users\jahid\Music\Jahid Hasan\podlove_backend\node_modules\express\lib\router\index.js:280:10)
    at Function.handle (C:\Users\jahid\Music\Jahid Hasan\podlove_backend\node_modules\express\lib\router\index.js:175:3)
TypeError
Tue Jul 29 2025 11:33:50 [Podlove] [32minfo[39m: 68883ecdfc84ceb7cc9748fb
Tue Jul 29 2025 11:33:53 [Podlove] [32minfo[39m: 68883ecdfc84ceb7cc9748fb
Tue Jul 29 2025 11:33:57 [Podlove] [32minfo[39m: 68883ecdfc84ceb7cc9748fb
Tue Jul 29 2025 11:34:43 [Podlove] [32minfo[39m: 68883ecdfc84ceb7cc9748fb
Tue Jul 29 2025 11:36:8 [Podlove] [32minfo[39m: Successfully Connected to MongoDB Atlas
Tue Jul 29 2025 11:36:18 [Podlove] [32minfo[39m: Successfully Connected to MongoDB Atlas
Tue Jul 29 2025 11:36:21 [Podlove] [32minfo[39m: Privacy Policy exists!
Tue Jul 29 2025 11:36:22 [Podlove] [32minfo[39m: Consumer Policy exists!
Tue Jul 29 2025 11:36:22 [Podlove] [32minfo[39m: Media Policy exists!
Tue Jul 29 2025 11:36:22 [Podlove] [32minfo[39m: Server is running at PORT: 8000, HOST: 10.10.10.59
Tue Jul 29 2025 11:36:22 [Podlove] [32minfo[39m: Socket.IO server initialized
Tue Jul 29 2025 11:47:24 [Podlove] [32minfo[39m: 68883ecdfc84ceb7cc9748fb
Tue Jul 29 2025 11:47:26 [Podlove] [32minfo[39m: 68883ecdfc84ceb7cc9748fb
Tue Jul 29 2025 11:47:31 [Podlove] [32minfo[39m: 68883ecdfc84ceb7cc9748fb
Tue Jul 29 2025 11:50:10 [Podlove] [32minfo[39m: 68883ecdfc84ceb7cc9748fb
