Wed Jul 02 2025 20:4:43 [Podlove] [32minfo[39m: 685bf24e49787bb2bfa51b3a
Wed Jul 02 2025 20:7:11 [Podlove] [31merror[39m: Podcast validation failed: primaryUser: Path `primaryUser` is required.
ValidationError: Podcast validation failed: primaryUser: Path `primaryUser` is required.
    at model.Document.invalidate (C:\Users\bdCalling\Documents\Jahid Hasan\podlove_backend\node_modules\mongoose\lib\document.js:3352:32)
    at C:\Users\bdCalling\Documents\Jahid Hasan\podlove_backend\node_modules\mongoose\lib\document.js:3113:17
    at C:\Users\bdCalling\Documents\Jahid Hasan\podlove_backend\node_modules\mongoose\lib\schemaType.js:1407:9
    at processTicksAndRejections (node:internal/process/task_queues:77:11)
ValidationError
Wed Jul 02 2025 20:8:21 [Podlove] [32minfo[39m: Successfully Connected to MongoDB Atlas
Wed Jul 02 2025 20:8:25 [Podlove] [32minfo[39m: Privacy Policy exists!
Wed Jul 02 2025 20:8:25 [Podlove] [32minfo[39m: Consumer Policy exists!
Wed Jul 02 2025 20:8:26 [Podlove] [32minfo[39m: Media Policy exists!
Wed Jul 02 2025 20:8:26 [Podlove] [32minfo[39m: Server is running at PORT: 5000, HOST: 10.0.60.168
Wed Jul 02 2025 20:8:42 [Podlove] [32minfo[39m: Successfully Connected to MongoDB Atlas
Wed Jul 02 2025 20:8:44 [Podlove] [32minfo[39m: Privacy Policy exists!
Wed Jul 02 2025 20:8:45 [Podlove] [32minfo[39m: Consumer Policy exists!
Wed Jul 02 2025 20:8:45 [Podlove] [32minfo[39m: Media Policy exists!
Wed Jul 02 2025 20:8:45 [Podlove] [32minfo[39m: Server is running at PORT: 5000, HOST: 10.0.60.168
Wed Jul 02 2025 20:11:41 [Podlove] [32minfo[39m: Successfully Connected to MongoDB Atlas
Wed Jul 02 2025 20:11:45 [Podlove] [32minfo[39m: Privacy Policy exists!
Wed Jul 02 2025 20:11:45 [Podlove] [32minfo[39m: Consumer Policy exists!
Wed Jul 02 2025 20:11:45 [Podlove] [32minfo[39m: Media Policy exists!
Wed Jul 02 2025 20:11:45 [Podlove] [32minfo[39m: Server is running at PORT: 5000, HOST: 10.0.60.168
Wed Jul 02 2025 20:19:19 [Podlove] [32minfo[39m: Successfully Connected to MongoDB Atlas
Wed Jul 02 2025 20:19:22 [Podlove] [32minfo[39m: Privacy Policy exists!
Wed Jul 02 2025 20:19:22 [Podlove] [32minfo[39m: Consumer Policy exists!
Wed Jul 02 2025 20:19:23 [Podlove] [32minfo[39m: Media Policy exists!
Wed Jul 02 2025 20:19:23 [Podlove] [32minfo[39m: Server is running at PORT: 5000, HOST: 10.0.60.168
Wed Jul 02 2025 20:21:38 [Podlove] [32minfo[39m: Successfully Connected to MongoDB Atlas
Wed Jul 02 2025 20:21:43 [Podlove] [32minfo[39m: Privacy Policy exists!
Wed Jul 02 2025 20:21:43 [Podlove] [32minfo[39m: Consumer Policy exists!
Wed Jul 02 2025 20:21:44 [Podlove] [32minfo[39m: Media Policy exists!
Wed Jul 02 2025 20:21:44 [Podlove] [32minfo[39m: Server is running at PORT: 5000, HOST: 10.0.60.168
Wed Jul 02 2025 20:23:42 [Podlove] [32minfo[39m: Successfully Connected to MongoDB Atlas
Wed Jul 02 2025 20:23:45 [Podlove] [32minfo[39m: Privacy Policy exists!
Wed Jul 02 2025 20:23:45 [Podlove] [32minfo[39m: Consumer Policy exists!
Wed Jul 02 2025 20:23:46 [Podlove] [32minfo[39m: Media Policy exists!
Wed Jul 02 2025 20:23:46 [Podlove] [32minfo[39m: Server is running at PORT: 5000, HOST: 10.0.60.168
Wed Jul 02 2025 20:26:28 [Podlove] [32minfo[39m: Successfully Connected to MongoDB Atlas
Wed Jul 02 2025 20:26:31 [Podlove] [32minfo[39m: Privacy Policy exists!
Wed Jul 02 2025 20:26:31 [Podlove] [32minfo[39m: Consumer Policy exists!
Wed Jul 02 2025 20:26:32 [Podlove] [32minfo[39m: Media Policy exists!
Wed Jul 02 2025 20:26:32 [Podlove] [32minfo[39m: Server is running at PORT: 5000, HOST: 10.0.60.168
Wed Jul 02 2025 20:28:24 [Podlove] [32minfo[39m: Successfully Connected to MongoDB Atlas
Wed Jul 02 2025 20:28:27 [Podlove] [32minfo[39m: Privacy Policy exists!
Wed Jul 02 2025 20:28:27 [Podlove] [32minfo[39m: Consumer Policy exists!
Wed Jul 02 2025 20:28:28 [Podlove] [32minfo[39m: Media Policy exists!
Wed Jul 02 2025 20:28:28 [Podlove] [32minfo[39m: Server is running at PORT: 5000, HOST: 10.0.60.168
Wed Jul 02 2025 20:32:23 [Podlove] [32minfo[39m: Successfully Connected to MongoDB Atlas
Wed Jul 02 2025 20:32:27 [Podlove] [32minfo[39m: Privacy Policy exists!
Wed Jul 02 2025 20:32:28 [Podlove] [32minfo[39m: Consumer Policy exists!
Wed Jul 02 2025 20:32:29 [Podlove] [32minfo[39m: Media Policy exists!
Wed Jul 02 2025 20:32:29 [Podlove] [32minfo[39m: Server is running at PORT: 5000, HOST: 10.0.60.168
Wed Jul 02 2025 20:38:40 [Podlove] [32minfo[39m: Successfully Connected to MongoDB Atlas
Wed Jul 02 2025 20:38:44 [Podlove] [32minfo[39m: Privacy Policy exists!
Wed Jul 02 2025 20:38:44 [Podlove] [32minfo[39m: Consumer Policy exists!
Wed Jul 02 2025 20:38:44 [Podlove] [32minfo[39m: Media Policy exists!
Wed Jul 02 2025 20:38:44 [Podlove] [32minfo[39m: Server is running at PORT: 5000, HOST: 10.0.60.168
Wed Jul 02 2025 20:38:57 [Podlove] [32minfo[39m: Successfully Connected to MongoDB Atlas
Wed Jul 02 2025 20:39:1 [Podlove] [32minfo[39m: Privacy Policy exists!
Wed Jul 02 2025 20:39:1 [Podlove] [32minfo[39m: Consumer Policy exists!
Wed Jul 02 2025 20:39:1 [Podlove] [32minfo[39m: Media Policy exists!
Wed Jul 02 2025 20:39:1 [Podlove] [32minfo[39m: Server is running at PORT: 5000, HOST: 10.0.60.168
Wed Jul 02 2025 20:42:3 [Podlove] [32minfo[39m: Successfully Connected to MongoDB Atlas
Wed Jul 02 2025 20:42:7 [Podlove] [32minfo[39m: Privacy Policy exists!
Wed Jul 02 2025 20:42:8 [Podlove] [32minfo[39m: Consumer Policy exists!
Wed Jul 02 2025 20:42:9 [Podlove] [32minfo[39m: Media Policy exists!
Wed Jul 02 2025 20:42:9 [Podlove] [32minfo[39m: Server is running at PORT: 5000, HOST: 10.0.60.168
Wed Jul 02 2025 20:48:9 [Podlove] [32minfo[39m: Successfully Connected to MongoDB Atlas
Wed Jul 02 2025 20:48:13 [Podlove] [32minfo[39m: Privacy Policy exists!
Wed Jul 02 2025 20:48:14 [Podlove] [32minfo[39m: Consumer Policy exists!
Wed Jul 02 2025 20:48:14 [Podlove] [32minfo[39m: Media Policy exists!
Wed Jul 02 2025 20:48:14 [Podlove] [32minfo[39m: Server is running at PORT: 5000, HOST: 10.0.60.168
