Thu Nov 06 2025 11:14:1 [Podlove] [32minfo[39m: Successfully Connected to MongoDB Atlas
Thu Nov 06 2025 11:14:7 [Podlove] [32minfo[39m: Privacy Policy exists!
Thu Nov 06 2025 11:14:7 [Podlove] [32minfo[39m: Consumer Policy exists!
Thu Nov 06 2025 11:14:7 [Podlove] [32minfo[39m: Media Policy exists!
Thu Nov 06 2025 11:14:7 [Podlove] [32minfo[39m: Server is running at PORT: 8000, HOST: 10.10.20.11
Thu Nov 06 2025 11:14:7 [Podlove] [32minfo[39m: Socket.IO server initialized
Thu Nov 06 2025 11:14:25 [Podlove] [32minfo[39m: Successfully Connected to MongoDB Atlas
Thu Nov 06 2025 11:14:29 [Podlove] [32minfo[39m: Privacy Policy exists!
Thu Nov 06 2025 11:14:30 [Podlove] [32minfo[39m: Consumer Policy exists!
Thu Nov 06 2025 11:14:30 [Podlove] [32minfo[39m: Media Policy exists!
Thu Nov 06 2025 11:14:30 [Podlove] [32minfo[39m: Server is running at PORT: 8000, HOST: 10.10.20.11
Thu Nov 06 2025 11:14:30 [Podlove] [32minfo[39m: Socket.IO server initialized
Thu Nov 06 2025 11:14:41 [Podlove] [32minfo[39m: Successfully Connected to MongoDB Atlas
Thu Nov 06 2025 11:14:45 [Podlove] [32minfo[39m: Privacy Policy exists!
Thu Nov 06 2025 11:14:45 [Podlove] [32minfo[39m: Consumer Policy exists!
Thu Nov 06 2025 11:14:46 [Podlove] [32minfo[39m: Media Policy exists!
Thu Nov 06 2025 11:14:46 [Podlove] [32minfo[39m: Server is running at PORT: 8000, HOST: 10.10.20.11
Thu Nov 06 2025 11:14:46 [Podlove] [32minfo[39m: Socket.IO server initialized
Thu Nov 06 2025 11:14:57 [Podlove] [32minfo[39m: Successfully Connected to MongoDB Atlas
Thu Nov 06 2025 11:15:7 [Podlove] [32minfo[39m: Successfully Connected to MongoDB Atlas
Thu Nov 06 2025 11:15:11 [Podlove] [32minfo[39m: Privacy Policy exists!
Thu Nov 06 2025 11:15:12 [Podlove] [32minfo[39m: Consumer Policy exists!
Thu Nov 06 2025 11:15:12 [Podlove] [32minfo[39m: Media Policy exists!
Thu Nov 06 2025 11:15:12 [Podlove] [32minfo[39m: Server is running at PORT: 8000, HOST: 10.10.20.11
Thu Nov 06 2025 11:15:12 [Podlove] [32minfo[39m: Socket.IO server initialized
Thu Nov 06 2025 11:15:30 [Podlove] [32minfo[39m: Successfully Connected to MongoDB Atlas
Thu Nov 06 2025 11:15:34 [Podlove] [32minfo[39m: Privacy Policy exists!
Thu Nov 06 2025 11:15:34 [Podlove] [32minfo[39m: Consumer Policy exists!
Thu Nov 06 2025 11:15:35 [Podlove] [32minfo[39m: Media Policy exists!
Thu Nov 06 2025 11:15:35 [Podlove] [32minfo[39m: Server is running at PORT: 8000, HOST: 10.10.20.11
Thu Nov 06 2025 11:15:35 [Podlove] [32minfo[39m: Socket.IO server initialized
Thu Nov 06 2025 11:15:43 [Podlove] [32minfo[39m: Successfully Connected to MongoDB Atlas
Thu Nov 06 2025 11:15:49 [Podlove] [32minfo[39m: Privacy Policy exists!
Thu Nov 06 2025 11:15:49 [Podlove] [32minfo[39m: Consumer Policy exists!
Thu Nov 06 2025 11:15:50 [Podlove] [32minfo[39m: Media Policy exists!
Thu Nov 06 2025 11:15:50 [Podlove] [32minfo[39m: Server is running at PORT: 8000, HOST: 10.10.20.11
Thu Nov 06 2025 11:15:50 [Podlove] [32minfo[39m: Socket.IO server initialized
Thu Nov 06 2025 11:16:3 [Podlove] [32minfo[39m: Successfully Connected to MongoDB Atlas
Thu Nov 06 2025 11:16:13 [Podlove] [32minfo[39m: Successfully Connected to MongoDB Atlas
Thu Nov 06 2025 11:16:17 [Podlove] [32minfo[39m: Privacy Policy exists!
Thu Nov 06 2025 11:16:18 [Podlove] [32minfo[39m: Consumer Policy exists!
Thu Nov 06 2025 11:16:18 [Podlove] [32minfo[39m: Media Policy exists!
Thu Nov 06 2025 11:16:18 [Podlove] [32minfo[39m: Server is running at PORT: 8000, HOST: 10.10.20.11
Thu Nov 06 2025 11:16:18 [Podlove] [32minfo[39m: Socket.IO server initialized
Thu Nov 06 2025 11:20:52 [Podlove] [32minfo[39m: Successfully Connected to MongoDB Atlas
Thu Nov 06 2025 11:20:57 [Podlove] [32minfo[39m: Privacy Policy exists!
Thu Nov 06 2025 11:20:57 [Podlove] [32minfo[39m: Consumer Policy exists!
Thu Nov 06 2025 11:20:57 [Podlove] [32minfo[39m: Media Policy exists!
Thu Nov 06 2025 11:20:57 [Podlove] [32minfo[39m: Server is running at PORT: 8000, HOST: 10.10.20.11
Thu Nov 06 2025 11:20:57 [Podlove] [32minfo[39m: Socket.IO server initialized
Thu Nov 06 2025 11:22:7 [Podlove] [32minfo[39m: Successfully Connected to MongoDB Atlas
Thu Nov 06 2025 11:22:12 [Podlove] [32minfo[39m: Privacy Policy exists!
Thu Nov 06 2025 11:22:12 [Podlove] [32minfo[39m: Consumer Policy exists!
Thu Nov 06 2025 11:22:12 [Podlove] [32minfo[39m: Media Policy exists!
Thu Nov 06 2025 11:22:12 [Podlove] [32minfo[39m: Server is running at PORT: 8000, HOST: 10.10.20.11
Thu Nov 06 2025 11:22:12 [Podlove] [32minfo[39m: Socket.IO server initialized
Thu Nov 06 2025 11:22:46 [Podlove] [32minfo[39m: Successfully Connected to MongoDB Atlas
Thu Nov 06 2025 11:22:53 [Podlove] [32minfo[39m: Privacy Policy exists!
Thu Nov 06 2025 11:22:53 [Podlove] [32minfo[39m: Consumer Policy exists!
Thu Nov 06 2025 11:22:53 [Podlove] [32minfo[39m: Media Policy exists!
Thu Nov 06 2025 11:22:53 [Podlove] [32minfo[39m: Server is running at PORT: 8000, HOST: 10.10.20.11
Thu Nov 06 2025 11:22:53 [Podlove] [32minfo[39m: Socket.IO server initialized
Thu Nov 06 2025 11:27:17 [Podlove] [32minfo[39m: Successfully Connected to MongoDB Atlas
Thu Nov 06 2025 11:27:22 [Podlove] [32minfo[39m: Privacy Policy exists!
Thu Nov 06 2025 11:27:23 [Podlove] [32minfo[39m: Consumer Policy exists!
Thu Nov 06 2025 11:27:23 [Podlove] [32minfo[39m: Media Policy exists!
Thu Nov 06 2025 11:27:23 [Podlove] [32minfo[39m: Server is running at PORT: 8000, HOST: 10.10.20.11
Thu Nov 06 2025 11:27:23 [Podlove] [32minfo[39m: Socket.IO server initialized
Thu Nov 06 2025 11:29:9 [Podlove] [32minfo[39m: Successfully Connected to MongoDB Atlas
Thu Nov 06 2025 11:29:15 [Podlove] [32minfo[39m: Privacy Policy exists!
Thu Nov 06 2025 11:29:15 [Podlove] [32minfo[39m: Consumer Policy exists!
Thu Nov 06 2025 11:29:15 [Podlove] [32minfo[39m: Media Policy exists!
Thu Nov 06 2025 11:29:15 [Podlove] [32minfo[39m: Server is running at PORT: 8000, HOST: 10.10.20.11
Thu Nov 06 2025 11:29:15 [Podlove] [32minfo[39m: Socket.IO server initialized
Thu Nov 06 2025 11:31:55 [Podlove] [32minfo[39m: Successfully Connected to MongoDB Atlas
Thu Nov 06 2025 11:31:59 [Podlove] [32minfo[39m: Privacy Policy exists!
Thu Nov 06 2025 11:31:59 [Podlove] [32minfo[39m: Consumer Policy exists!
Thu Nov 06 2025 11:31:59 [Podlove] [32minfo[39m: Media Policy exists!
Thu Nov 06 2025 11:31:59 [Podlove] [32minfo[39m: Server is running at PORT: 8000, HOST: 10.10.20.11
Thu Nov 06 2025 11:31:59 [Podlove] [32minfo[39m: Socket.IO server initialized
Thu Nov 06 2025 11:37:50 [Podlove] [32minfo[39m: Successfully Connected to MongoDB Atlas
Thu Nov 06 2025 11:37:54 [Podlove] [32minfo[39m: Privacy Policy exists!
Thu Nov 06 2025 11:37:54 [Podlove] [32minfo[39m: Consumer Policy exists!
Thu Nov 06 2025 11:37:54 [Podlove] [32minfo[39m: Media Policy exists!
Thu Nov 06 2025 11:37:54 [Podlove] [32minfo[39m: Server is running at PORT: 8000, HOST: 10.10.20.11
Thu Nov 06 2025 11:37:54 [Podlove] [32minfo[39m: Socket.IO server initialized
Thu Nov 06 2025 11:38:8 [Podlove] [32minfo[39m: Successfully Connected to MongoDB Atlas
Thu Nov 06 2025 11:38:14 [Podlove] [32minfo[39m: Privacy Policy exists!
Thu Nov 06 2025 11:38:14 [Podlove] [32minfo[39m: Consumer Policy exists!
Thu Nov 06 2025 11:38:15 [Podlove] [32minfo[39m: Media Policy exists!
Thu Nov 06 2025 11:38:15 [Podlove] [32minfo[39m: Server is running at PORT: 8000, HOST: 10.10.20.11
Thu Nov 06 2025 11:38:15 [Podlove] [32minfo[39m: Socket.IO server initialized
