Sun Jul 13 2025 17:8:7 [Podlove] [32minfo[39m: Successfully Connected to MongoDB Atlas
Sun Jul 13 2025 17:8:10 [Podlove] [32minfo[39m: Privacy Policy exists!
Sun Jul 13 2025 17:8:10 [Podlove] [32minfo[39m: Consumer Policy exists!
Sun Jul 13 2025 17:8:11 [Podlove] [32minfo[39m: Media Policy exists!
Sun Jul 13 2025 17:8:11 [Podlove] [32minfo[39m: Server is running at PORT: 8000, HOST: 10.0.60.147
Sun Jul 13 2025 17:8:11 [Podlove] [32minfo[39m: Socket.IO server initialized
Sun Jul 13 2025 17:39:58 [Podlove] [32minfo[39m: Successfully Connected to MongoDB Atlas
Sun Jul 13 2025 17:40:2 [Podlove] [32minfo[39m: Privacy Policy exists!
Sun Jul 13 2025 17:40:2 [Podlove] [32minfo[39m: Consumer Policy exists!
Sun Jul 13 2025 17:40:2 [Podlove] [32minfo[39m: Media Policy exists!
Sun Jul 13 2025 17:40:2 [Podlove] [32minfo[39m: Server is running at PORT: 8000, HOST: 10.0.60.147
Sun Jul 13 2025 17:40:2 [Podlove] [32minfo[39m: Socket.IO server initialized
Sun Jul 13 2025 17:40:57 [Podlove] [32minfo[39m: Successfully Connected to MongoDB Atlas
Sun Jul 13 2025 17:41:0 [Podlove] [32minfo[39m: Privacy Policy exists!
Sun Jul 13 2025 17:41:1 [Podlove] [32minfo[39m: Consumer Policy exists!
Sun Jul 13 2025 17:41:1 [Podlove] [32minfo[39m: Media Policy exists!
Sun Jul 13 2025 17:41:1 [Podlove] [32minfo[39m: Server is running at PORT: 8000, HOST: 10.0.60.147
Sun Jul 13 2025 17:41:1 [Podlove] [32minfo[39m: Socket.IO server initialized
Sun Jul 13 2025 17:43:56 [Podlove] [32minfo[39m: Successfully Connected to MongoDB Atlas
Sun Jul 13 2025 17:43:59 [Podlove] [32minfo[39m: Privacy Policy exists!
Sun Jul 13 2025 17:43:59 [Podlove] [32minfo[39m: Consumer Policy exists!
Sun Jul 13 2025 17:43:59 [Podlove] [32minfo[39m: Media Policy exists!
Sun Jul 13 2025 17:43:59 [Podlove] [32minfo[39m: Server is running at PORT: 8000, HOST: 10.0.60.147
Sun Jul 13 2025 17:43:59 [Podlove] [32minfo[39m: Socket.IO server initialized
Sun Jul 13 2025 17:48:40 [Podlove] [32minfo[39m: Successfully Connected to MongoDB Atlas
Sun Jul 13 2025 17:48:49 [Podlove] [32minfo[39m: Successfully Connected to MongoDB Atlas
Sun Jul 13 2025 17:48:52 [Podlove] [32minfo[39m: Privacy Policy exists!
Sun Jul 13 2025 17:48:52 [Podlove] [32minfo[39m: Consumer Policy exists!
Sun Jul 13 2025 17:48:53 [Podlove] [32minfo[39m: Media Policy exists!
Sun Jul 13 2025 17:48:53 [Podlove] [32minfo[39m: Server is running at PORT: 8000, HOST: 10.0.60.147
Sun Jul 13 2025 17:48:53 [Podlove] [32minfo[39m: Socket.IO server initialized
Sun Jul 13 2025 17:49:49 [Podlove] [32minfo[39m: Successfully Connected to MongoDB Atlas
Sun Jul 13 2025 17:49:53 [Podlove] [32minfo[39m: Privacy Policy exists!
Sun Jul 13 2025 17:49:53 [Podlove] [32minfo[39m: Consumer Policy exists!
Sun Jul 13 2025 17:49:53 [Podlove] [32minfo[39m: Media Policy exists!
Sun Jul 13 2025 17:49:53 [Podlove] [32minfo[39m: Server is running at PORT: 8000, HOST: 10.0.60.147
Sun Jul 13 2025 17:49:53 [Podlove] [32minfo[39m: Socket.IO server initialized
Sun Jul 13 2025 17:50:43 [Podlove] [32minfo[39m: Successfully Connected to MongoDB Atlas
Sun Jul 13 2025 17:50:46 [Podlove] [32minfo[39m: Privacy Policy exists!
Sun Jul 13 2025 17:50:47 [Podlove] [32minfo[39m: Consumer Policy exists!
Sun Jul 13 2025 17:50:47 [Podlove] [32minfo[39m: Media Policy exists!
Sun Jul 13 2025 17:50:47 [Podlove] [32minfo[39m: Server is running at PORT: 8000, HOST: 10.0.60.147
Sun Jul 13 2025 17:50:47 [Podlove] [32minfo[39m: Socket.IO server initialized
Sun Jul 13 2025 17:52:55 [Podlove] [32minfo[39m: Successfully Connected to MongoDB Atlas
Sun Jul 13 2025 17:52:58 [Podlove] [32minfo[39m: Privacy Policy exists!
Sun Jul 13 2025 17:52:58 [Podlove] [32minfo[39m: Consumer Policy exists!
Sun Jul 13 2025 17:52:58 [Podlove] [32minfo[39m: Media Policy exists!
Sun Jul 13 2025 17:52:58 [Podlove] [32minfo[39m: Server is running at PORT: 8000, HOST: 10.0.60.147
Sun Jul 13 2025 17:52:58 [Podlove] [32minfo[39m: Socket.IO server initialized
Sun Jul 13 2025 17:54:11 [Podlove] [32minfo[39m: Successfully Connected to MongoDB Atlas
Sun Jul 13 2025 17:54:14 [Podlove] [32minfo[39m: Privacy Policy exists!
Sun Jul 13 2025 17:54:14 [Podlove] [32minfo[39m: Consumer Policy exists!
Sun Jul 13 2025 17:54:14 [Podlove] [32minfo[39m: Media Policy exists!
Sun Jul 13 2025 17:54:14 [Podlove] [32minfo[39m: Server is running at PORT: 8000, HOST: 10.0.60.147
Sun Jul 13 2025 17:54:14 [Podlove] [32minfo[39m: Socket.IO server initialized
Sun Jul 13 2025 17:58:17 [Podlove] [32minfo[39m: Successfully Connected to MongoDB Atlas
Sun Jul 13 2025 17:58:20 [Podlove] [32minfo[39m: Privacy Policy exists!
Sun Jul 13 2025 17:58:20 [Podlove] [32minfo[39m: Consumer Policy exists!
Sun Jul 13 2025 17:58:21 [Podlove] [32minfo[39m: Media Policy exists!
Sun Jul 13 2025 17:58:21 [Podlove] [32minfo[39m: Server is running at PORT: 8000, HOST: 10.0.60.147
Sun Jul 13 2025 17:58:21 [Podlove] [32minfo[39m: Socket.IO server initialized
