Fri Jun 27 2025 17:14:43 [Podlove] [32minfo[39m: 685bf24e49787bb2bfa51b3a
Fri Jun 27 2025 17:14:43 [Podlove] [31merror[39m: Forbidden
ForbiddenError: Forbidden
    at C:\Users\bdCalling\Documents\Jahid Hasan\podlove_backend\src\middlewares\authorization.ts:55:41
    at processTicksAndRejections (node:internal/process/task_queues:95:5)
ForbiddenError
Fri Jun 27 2025 17:14:51 [Podlove] [32minfo[39m: 685bf24e49787bb2bfa51b3a
Fri Jun 27 2025 17:14:51 [Podlove] [31merror[39m: Forbidden
ForbiddenError: Forbidden
    at C:\Users\bdCalling\Documents\Jahid Hasan\podlove_backend\src\middlewares\authorization.ts:55:41
    at processTicksAndRejections (node:internal/process/task_queues:95:5)
ForbiddenError
Fri Jun 27 2025 17:15:55 [Podlove] [31merror[39m: Wrong password. Please try again
UnauthorizedError: Wrong password. Please try again
    at login (C:\Users\bdCalling\Documents\Jahid Hasan\podlove_backend\src\controllers\adminController.ts:161:28)
UnauthorizedError
Fri Jun 27 2025 17:16:6 [Podlove] [31merror[39m: Wrong password. Please try again
UnauthorizedError: Wrong password. Please try again
    at login (C:\Users\bdCalling\Documents\Jahid Hasan\podlove_backend\src\controllers\adminController.ts:161:28)
UnauthorizedError
Fri Jun 27 2025 17:16:13 [Podlove] [31merror[39m: Wrong password. Please try again
UnauthorizedError: Wrong password. Please try again
    at login (C:\Users\bdCalling\Documents\Jahid Hasan\podlove_backend\src\controllers\adminController.ts:161:28)
UnauthorizedError
Fri Jun 27 2025 17:16:41 [Podlove] [31merror[39m: Wrong password. Please try again
UnauthorizedError: Wrong password. Please try again
    at login (C:\Users\bdCalling\Documents\Jahid Hasan\podlove_backend\src\controllers\adminController.ts:161:28)
UnauthorizedError
Fri Jun 27 2025 17:20:36 [Podlove] [32minfo[39m: 685e6e80ad422af7edb9b072
Fri Jun 27 2025 17:20:36 [Podlove] [32minfo[39m: [object Object]
Fri Jun 27 2025 17:31:48 [Podlove] [32minfo[39m: Successfully Connected to MongoDB Atlas
Fri Jun 27 2025 17:31:50 [Podlove] [32minfo[39m: Privacy Policy exists!
Fri Jun 27 2025 17:31:51 [Podlove] [32minfo[39m: Consumer Policy exists!
Fri Jun 27 2025 17:31:51 [Podlove] [32minfo[39m: Media Policy exists!
Fri Jun 27 2025 17:31:51 [Podlove] [32minfo[39m: Server is running at PORT: 8000
Fri Jun 27 2025 17:34:49 [Podlove] [32minfo[39m: 685e6e80ad422af7edb9b072
Fri Jun 27 2025 17:34:50 [Podlove] [32minfo[39m: [object Object]
Fri Jun 27 2025 17:38:33 [Podlove] [32minfo[39m: 685e6e80ad422af7edb9b072
Fri Jun 27 2025 17:38:33 [Podlove] [32minfo[39m: [object Object]
Fri Jun 27 2025 17:51:53 [Podlove] [31merror[39m: Wrong OTP. Please try again
UnauthorizedError: Wrong OTP. Please try again
    at recoveryVerification (C:\Users\bdCalling\Documents\Jahid Hasan\podlove_backend\src\controllers\adminController.ts:190:22)
    at processTicksAndRejections (node:internal/process/task_queues:95:5)
UnauthorizedError
Fri Jun 27 2025 17:52:13 [Podlove] [31merror[39m: Wrong OTP. Please try again
UnauthorizedError: Wrong OTP. Please try again
    at recoveryVerification (C:\Users\bdCalling\Documents\Jahid Hasan\podlove_backend\src\controllers\adminController.ts:190:22)
    at processTicksAndRejections (node:internal/process/task_queues:95:5)
UnauthorizedError
Fri Jun 27 2025 17:54:33 [Podlove] [31merror[39m: Admin not found
NotFoundError: Admin not found
    at recoveryVerification (C:\Users\bdCalling\Documents\Jahid Hasan\podlove_backend\src\controllers\adminController.ts:187:32)
    at processTicksAndRejections (node:internal/process/task_queues:95:5)
NotFoundError
Fri Jun 27 2025 17:55:2 [Podlove] [32minfo[39m: 685e6e80ad422af7edb9b072
Fri Jun 27 2025 17:55:2 [Podlove] [32minfo[39m: [object Object]
