Fri Jul 25 2025 15:1:10 [Podlove] [32minfo[39m: 685e6e80ad422af7edb9b072
Fri Jul 25 2025 15:1:11 [Podlove] [32minfo[39m: [object Object]
Fri Jul 25 2025 15:4:27 [Podlove] [32minfo[39m: Successfully Connected to MongoDB Atlas
Fri Jul 25 2025 15:4:31 [Podlove] [32minfo[39m: Privacy Policy exists!
Fri Jul 25 2025 15:4:31 [Podlove] [32minfo[39m: Consumer Policy exists!
Fri Jul 25 2025 15:4:31 [Podlove] [32minfo[39m: Media Policy exists!
Fri Jul 25 2025 15:4:31 [Podlove] [32minfo[39m: Server is running at PORT: 8000, HOST: 10.10.10.59
Fri Jul 25 2025 15:4:31 [Podlove] [32minfo[39m: Socket.IO server initialized
Fri Jul 25 2025 15:4:47 [Podlove] [32minfo[39m: 685e6e80ad422af7edb9b072
Fri Jul 25 2025 15:4:47 [Podlove] [32minfo[39m: [object Object]
Fri Jul 25 2025 15:9:53 [Podlove] [32minfo[39m: Successfully Connected to MongoDB Atlas
Fri Jul 25 2025 15:9:55 [Podlove] [32minfo[39m: Privacy Policy exists!
Fri Jul 25 2025 15:9:56 [Podlove] [32minfo[39m: Consumer Policy exists!
Fri Jul 25 2025 15:9:56 [Podlove] [32minfo[39m: Media Policy exists!
Fri Jul 25 2025 15:9:56 [Podlove] [32minfo[39m: Server is running at PORT: 8000, HOST: 10.10.10.59
Fri Jul 25 2025 15:9:56 [Podlove] [32minfo[39m: Socket.IO server initialized
Fri Jul 25 2025 15:10:3 [Podlove] [32minfo[39m: 688302dc569f9385c1447232
Fri Jul 25 2025 15:10:4 [Podlove] [32minfo[39m: 688302dc569f9385c1447232
Fri Jul 25 2025 15:10:19 [Podlove] [32minfo[39m: 685e6e80ad422af7edb9b072
Fri Jul 25 2025 15:10:19 [Podlove] [32minfo[39m: [object Object]
Fri Jul 25 2025 15:10:59 [Podlove] [32minfo[39m: Successfully Connected to MongoDB Atlas
Fri Jul 25 2025 15:11:1 [Podlove] [32minfo[39m: Privacy Policy exists!
Fri Jul 25 2025 15:11:2 [Podlove] [32minfo[39m: Consumer Policy exists!
Fri Jul 25 2025 15:11:2 [Podlove] [32minfo[39m: Media Policy exists!
Fri Jul 25 2025 15:11:2 [Podlove] [32minfo[39m: Server is running at PORT: 8000, HOST: 10.10.10.59
Fri Jul 25 2025 15:11:2 [Podlove] [32minfo[39m: Socket.IO server initialized
Fri Jul 25 2025 15:11:2 [Podlove] [32minfo[39m: 685e6e80ad422af7edb9b072
Fri Jul 25 2025 15:11:2 [Podlove] [32minfo[39m: [object Object]
Fri Jul 25 2025 15:11:35 [Podlove] [32minfo[39m: 685e6e80ad422af7edb9b072
Fri Jul 25 2025 15:11:35 [Podlove] [32minfo[39m: [object Object]
Fri Jul 25 2025 15:12:7 [Podlove] [32minfo[39m: Successfully Connected to MongoDB Atlas
Fri Jul 25 2025 15:12:10 [Podlove] [32minfo[39m: Privacy Policy exists!
Fri Jul 25 2025 15:12:10 [Podlove] [32minfo[39m: Consumer Policy exists!
Fri Jul 25 2025 15:12:10 [Podlove] [32minfo[39m: Media Policy exists!
Fri Jul 25 2025 15:12:10 [Podlove] [32minfo[39m: Server is running at PORT: 8000, HOST: 10.10.10.59
Fri Jul 25 2025 15:12:10 [Podlove] [32minfo[39m: Socket.IO server initialized
Fri Jul 25 2025 15:12:18 [Podlove] [32minfo[39m: 685e6e80ad422af7edb9b072
Fri Jul 25 2025 15:12:18 [Podlove] [32minfo[39m: [object Object]
Fri Jul 25 2025 15:26:27 [Podlove] [32minfo[39m: Successfully Connected to MongoDB Atlas
Fri Jul 25 2025 15:26:30 [Podlove] [32minfo[39m: Privacy Policy exists!
Fri Jul 25 2025 15:26:31 [Podlove] [32minfo[39m: Consumer Policy exists!
Fri Jul 25 2025 15:26:31 [Podlove] [32minfo[39m: Media Policy exists!
Fri Jul 25 2025 15:26:31 [Podlove] [32minfo[39m: Server is running at PORT: 8000, HOST: 10.10.10.59
Fri Jul 25 2025 15:26:31 [Podlove] [32minfo[39m: Socket.IO server initialized
Fri Jul 25 2025 15:27:50 [Podlove] [32minfo[39m: Successfully Connected to MongoDB Atlas
Fri Jul 25 2025 15:27:53 [Podlove] [32minfo[39m: Privacy Policy exists!
Fri Jul 25 2025 15:27:53 [Podlove] [32minfo[39m: Consumer Policy exists!
Fri Jul 25 2025 15:27:53 [Podlove] [32minfo[39m: Media Policy exists!
Fri Jul 25 2025 15:27:53 [Podlove] [32minfo[39m: Server is running at PORT: 8000, HOST: 10.10.10.59
Fri Jul 25 2025 15:27:53 [Podlove] [32minfo[39m: Socket.IO server initialized
Fri Jul 25 2025 15:31:1 [Podlove] [32minfo[39m: 685e6e80ad422af7edb9b072
Fri Jul 25 2025 15:31:2 [Podlove] [32minfo[39m: [object Object]
Fri Jul 25 2025 15:32:50 [Podlove] [32minfo[39m: Successfully Connected to MongoDB Atlas
Fri Jul 25 2025 15:32:52 [Podlove] [32minfo[39m: Privacy Policy exists!
Fri Jul 25 2025 15:32:53 [Podlove] [32minfo[39m: Consumer Policy exists!
Fri Jul 25 2025 15:32:53 [Podlove] [32minfo[39m: Media Policy exists!
Fri Jul 25 2025 15:32:53 [Podlove] [32minfo[39m: Server is running at PORT: 8000, HOST: 10.10.10.59
Fri Jul 25 2025 15:32:53 [Podlove] [32minfo[39m: Socket.IO server initialized
Fri Jul 25 2025 15:33:8 [Podlove] [31merror[39m: Podcast validation failed: participants.0.user: Path `user` is required., participants.1.user: Path `user` is required.
ValidationError: Podcast validation failed: participants.0.user: Path `user` is required., participants.1.user: Path `user` is required.
    at model.Document.invalidate (C:\Users\jahid\Music\Jahid Hasan\podlove_backend\node_modules\mongoose\lib\document.js:3352:32)
    at EmbeddedDocument.Subdocument.invalidate (C:\Users\jahid\Music\Jahid Hasan\podlove_backend\node_modules\mongoose\lib\types\subdocument.js:229:12)
    at C:\Users\jahid\Music\Jahid Hasan\podlove_backend\node_modules\mongoose\lib\document.js:3113:17
    at C:\Users\jahid\Music\Jahid Hasan\podlove_backend\node_modules\mongoose\lib\schemaType.js:1407:9
    at processTicksAndRejections (node:internal/process/task_queues:85:11)
ValidationError
Fri Jul 25 2025 15:33:40 [Podlove] [31merror[39m: Podcast validation failed: participants.0.user: Path `user` is required., participants.1.user: Path `user` is required.
ValidationError: Podcast validation failed: participants.0.user: Path `user` is required., participants.1.user: Path `user` is required.
    at model.Document.invalidate (C:\Users\jahid\Music\Jahid Hasan\podlove_backend\node_modules\mongoose\lib\document.js:3352:32)
    at EmbeddedDocument.Subdocument.invalidate (C:\Users\jahid\Music\Jahid Hasan\podlove_backend\node_modules\mongoose\lib\types\subdocument.js:229:12)
    at C:\Users\jahid\Music\Jahid Hasan\podlove_backend\node_modules\mongoose\lib\document.js:3113:17
    at C:\Users\jahid\Music\Jahid Hasan\podlove_backend\node_modules\mongoose\lib\schemaType.js:1407:9
    at processTicksAndRejections (node:internal/process/task_queues:85:11)
ValidationError
Fri Jul 25 2025 15:35:12 [Podlove] [32minfo[39m: Successfully Connected to MongoDB Atlas
Fri Jul 25 2025 15:35:15 [Podlove] [32minfo[39m: Privacy Policy exists!
Fri Jul 25 2025 15:35:15 [Podlove] [32minfo[39m: Consumer Policy exists!
Fri Jul 25 2025 15:35:16 [Podlove] [32minfo[39m: Media Policy exists!
Fri Jul 25 2025 15:35:16 [Podlove] [32minfo[39m: Server is running at PORT: 8000, HOST: 10.10.10.59
Fri Jul 25 2025 15:35:16 [Podlove] [32minfo[39m: Socket.IO server initialized
Fri Jul 25 2025 15:37:56 [Podlove] [31merror[39m: Podcast validation failed: participants.0.user: Path `user` is required., participants.1.user: Path `user` is required.
ValidationError: Podcast validation failed: participants.0.user: Path `user` is required., participants.1.user: Path `user` is required.
    at model.Document.invalidate (C:\Users\jahid\Music\Jahid Hasan\podlove_backend\node_modules\mongoose\lib\document.js:3352:32)
    at EmbeddedDocument.Subdocument.invalidate (C:\Users\jahid\Music\Jahid Hasan\podlove_backend\node_modules\mongoose\lib\types\subdocument.js:229:12)
    at C:\Users\jahid\Music\Jahid Hasan\podlove_backend\node_modules\mongoose\lib\document.js:3113:17
    at C:\Users\jahid\Music\Jahid Hasan\podlove_backend\node_modules\mongoose\lib\schemaType.js:1407:9
    at processTicksAndRejections (node:internal/process/task_queues:85:11)
ValidationError
Fri Jul 25 2025 15:37:59 [Podlove] [31merror[39m: Podcast validation failed: participants.0.user: Path `user` is required., participants.1.user: Path `user` is required.
ValidationError: Podcast validation failed: participants.0.user: Path `user` is required., participants.1.user: Path `user` is required.
    at model.Document.invalidate (C:\Users\jahid\Music\Jahid Hasan\podlove_backend\node_modules\mongoose\lib\document.js:3352:32)
    at EmbeddedDocument.Subdocument.invalidate (C:\Users\jahid\Music\Jahid Hasan\podlove_backend\node_modules\mongoose\lib\types\subdocument.js:229:12)
    at C:\Users\jahid\Music\Jahid Hasan\podlove_backend\node_modules\mongoose\lib\document.js:3113:17
    at C:\Users\jahid\Music\Jahid Hasan\podlove_backend\node_modules\mongoose\lib\schemaType.js:1407:9
    at processTicksAndRejections (node:internal/process/task_queues:85:11)
ValidationError
Fri Jul 25 2025 15:38:26 [Podlove] [31merror[39m: Podcast validation failed: participants.0.user: Path `user` is required., participants.1.user: Path `user` is required.
ValidationError: Podcast validation failed: participants.0.user: Path `user` is required., participants.1.user: Path `user` is required.
    at model.Document.invalidate (C:\Users\jahid\Music\Jahid Hasan\podlove_backend\node_modules\mongoose\lib\document.js:3352:32)
    at EmbeddedDocument.Subdocument.invalidate (C:\Users\jahid\Music\Jahid Hasan\podlove_backend\node_modules\mongoose\lib\types\subdocument.js:229:12)
    at C:\Users\jahid\Music\Jahid Hasan\podlove_backend\node_modules\mongoose\lib\document.js:3113:17
    at C:\Users\jahid\Music\Jahid Hasan\podlove_backend\node_modules\mongoose\lib\schemaType.js:1407:9
    at processTicksAndRejections (node:internal/process/task_queues:85:11)
ValidationError
Fri Jul 25 2025 15:41:14 [Podlove] [32minfo[39m: Successfully Connected to MongoDB Atlas
Fri Jul 25 2025 15:41:17 [Podlove] [32minfo[39m: Privacy Policy exists!
Fri Jul 25 2025 15:41:17 [Podlove] [32minfo[39m: Consumer Policy exists!
Fri Jul 25 2025 15:41:17 [Podlove] [32minfo[39m: Media Policy exists!
Fri Jul 25 2025 15:41:17 [Podlove] [32minfo[39m: Server is running at PORT: 8000, HOST: 10.10.10.59
Fri Jul 25 2025 15:41:17 [Podlove] [32minfo[39m: Socket.IO server initialized
Fri Jul 25 2025 15:41:36 [Podlove] [32minfo[39m: 685e6e80ad422af7edb9b072
Fri Jul 25 2025 15:41:36 [Podlove] [32minfo[39m: [object Object]
Fri Jul 25 2025 15:42:16 [Podlove] [31merror[39m: Cannot read properties of undefined (reading 'toHexString')
TypeError: Cannot read properties of undefined (reading 'toHexString')
    at C:\Users\jahid\Music\Jahid Hasan\podlove_backend\src\services\podcastServices.ts:295:35
    at Proxy.forEach (<anonymous>)
    at selectUser (C:\Users\jahid\Music\Jahid Hasan\podlove_backend\src\services\podcastServices.ts:294:26)
    at processTicksAndRejections (node:internal/process/task_queues:105:5)
TypeError
Fri Jul 25 2025 15:42:24 [Podlove] [31merror[39m: Cannot read properties of undefined (reading 'toHexString')
TypeError: Cannot read properties of undefined (reading 'toHexString')
    at C:\Users\jahid\Music\Jahid Hasan\podlove_backend\src\services\podcastServices.ts:295:35
    at Proxy.forEach (<anonymous>)
    at selectUser (C:\Users\jahid\Music\Jahid Hasan\podlove_backend\src\services\podcastServices.ts:294:26)
    at processTicksAndRejections (node:internal/process/task_queues:105:5)
TypeError
Fri Jul 25 2025 15:43:31 [Podlove] [32minfo[39m: 688302dc569f9385c1447232
Fri Jul 25 2025 15:43:32 [Podlove] [32minfo[39m: 688302dc569f9385c1447232
Fri Jul 25 2025 15:43:44 [Podlove] [32minfo[39m: 688302dc569f9385c1447232
Fri Jul 25 2025 15:43:45 [Podlove] [32minfo[39m: 688302dc569f9385c1447232
Fri Jul 25 2025 15:44:40 [Podlove] [32minfo[39m: Successfully Connected to MongoDB Atlas
Fri Jul 25 2025 15:44:43 [Podlove] [32minfo[39m: Privacy Policy exists!
Fri Jul 25 2025 15:44:43 [Podlove] [32minfo[39m: Consumer Policy exists!
Fri Jul 25 2025 15:44:43 [Podlove] [32minfo[39m: Media Policy exists!
Fri Jul 25 2025 15:44:43 [Podlove] [32minfo[39m: Server is running at PORT: 8000, HOST: 10.10.10.59
Fri Jul 25 2025 15:44:43 [Podlove] [32minfo[39m: Socket.IO server initialized
Fri Jul 25 2025 15:47:27 [Podlove] [32minfo[39m: Successfully Connected to MongoDB Atlas
Fri Jul 25 2025 15:47:30 [Podlove] [32minfo[39m: Privacy Policy exists!
Fri Jul 25 2025 15:47:30 [Podlove] [32minfo[39m: Consumer Policy exists!
Fri Jul 25 2025 15:47:30 [Podlove] [32minfo[39m: Media Policy exists!
Fri Jul 25 2025 15:47:30 [Podlove] [32minfo[39m: Server is running at PORT: 8000, HOST: 10.10.10.59
Fri Jul 25 2025 15:47:30 [Podlove] [32minfo[39m: Socket.IO server initialized
Fri Jul 25 2025 15:48:32 [Podlove] [32minfo[39m: Successfully Connected to MongoDB Atlas
Fri Jul 25 2025 15:48:35 [Podlove] [32minfo[39m: Privacy Policy exists!
Fri Jul 25 2025 15:48:35 [Podlove] [32minfo[39m: Consumer Policy exists!
Fri Jul 25 2025 15:48:35 [Podlove] [32minfo[39m: Media Policy exists!
Fri Jul 25 2025 15:48:35 [Podlove] [32minfo[39m: Server is running at PORT: 8000, HOST: 10.10.10.59
Fri Jul 25 2025 15:48:35 [Podlove] [32minfo[39m: Socket.IO server initialized
Fri Jul 25 2025 15:49:2 [Podlove] [32minfo[39m: 685e6e80ad422af7edb9b072
Fri Jul 25 2025 15:49:3 [Podlove] [32minfo[39m: [object Object]
Fri Jul 25 2025 15:49:18 [Podlove] [31merror[39m: Podcast validation failed: participants.0: Cannot read properties of undefined (reading 'model'), participants.1: Cannot read properties of undefined (reading 'model'), participants.2: Cannot read properties of undefined (reading 'model'), participants.0.user: Path `user` is required., participants.1.user: Path `user` is required., participants.2.user: Path `user` is required.
ValidationError: Podcast validation failed: participants.0: Cannot read properties of undefined (reading 'model'), participants.1: Cannot read properties of undefined (reading 'model'), participants.2: Cannot read properties of undefined (reading 'model'), participants.0.user: Path `user` is required., participants.1.user: Path `user` is required., participants.2.user: Path `user` is required.
    at model.Document.invalidate (C:\Users\jahid\Music\Jahid Hasan\podlove_backend\node_modules\mongoose\lib\document.js:3352:32)
    at EmbeddedDocument.Subdocument.invalidate (C:\Users\jahid\Music\Jahid Hasan\podlove_backend\node_modules\mongoose\lib\types\subdocument.js:229:12)
    at init (C:\Users\jahid\Music\Jahid Hasan\podlove_backend\node_modules\mongoose\lib\document.js:797:18)
    at EmbeddedDocument.Document.$__init (C:\Users\jahid\Music\Jahid Hasan\podlove_backend\node_modules\mongoose\lib\document.js:707:3)
    at EmbeddedDocument.syncWrapper [as $__init] (C:\Users\jahid\Music\Jahid Hasan\podlove_backend\node_modules\kareem\index.js:331:25)
    at EmbeddedDocument.Document.init (C:\Users\jahid\Music\Jahid Hasan\podlove_backend\node_modules\mongoose\lib\document.js:651:8)
    at EmbeddedDocument.Document.$init (C:\Users\jahid\Music\Jahid Hasan\podlove_backend\node_modules\mongoose\lib\document.js:667:42)
    at SchemaDocumentArray.cast (C:\Users\jahid\Music\Jahid Hasan\podlove_backend\node_modules\mongoose\lib\schema\documentArray.js:482:30)
    at init (C:\Users\jahid\Music\Jahid Hasan\podlove_backend\node_modules\mongoose\lib\document.js:794:35)
    at model.Document.$__init (C:\Users\jahid\Music\Jahid Hasan\podlove_backend\node_modules\mongoose\lib\document.js:707:3)
ValidationError
Fri Jul 25 2025 15:59:0 [Podlove] [32minfo[39m: Successfully Connected to MongoDB Atlas
Fri Jul 25 2025 15:59:3 [Podlove] [32minfo[39m: Privacy Policy exists!
Fri Jul 25 2025 15:59:3 [Podlove] [32minfo[39m: Consumer Policy exists!
Fri Jul 25 2025 15:59:3 [Podlove] [32minfo[39m: Media Policy exists!
Fri Jul 25 2025 15:59:3 [Podlove] [32minfo[39m: Server is running at PORT: 8000, HOST: 10.10.10.59
Fri Jul 25 2025 15:59:3 [Podlove] [32minfo[39m: Socket.IO server initialized
