Thu Aug 28 2025 17:5:25 [Podlove] [32minfo[39m: Successfully Connected to MongoDB Atlas
Thu Aug 28 2025 17:5:28 [Podlove] [32minfo[39m: Privacy Policy exists!
Thu Aug 28 2025 17:5:28 [Podlove] [32minfo[39m: Consumer Policy exists!
Thu Aug 28 2025 17:5:29 [Podlove] [32minfo[39m: Media Policy exists!
Thu Aug 28 2025 17:5:29 [Podlove] [32minfo[39m: Server is running at PORT: 8000, HOST: 10.10.20.11
Thu Aug 28 2025 17:5:29 [Podlove] [32minfo[39m: Socket.IO server initialized
Thu Aug 28 2025 17:8:44 [Podlove] [32minfo[39m: Successfully Connected to MongoDB Atlas
Thu Aug 28 2025 17:8:47 [Podlove] [32minfo[39m: Privacy Policy exists!
Thu Aug 28 2025 17:8:47 [Podlove] [32minfo[39m: Consumer Policy exists!
Thu Aug 28 2025 17:8:48 [Podlove] [32minfo[39m: Media Policy exists!
Thu Aug 28 2025 17:8:48 [Podlove] [32minfo[39m: Server is running at PORT: 8000, HOST: 10.10.20.11
Thu Aug 28 2025 17:8:48 [Podlove] [32minfo[39m: Socket.IO server initialized
Thu Aug 28 2025 17:13:0 [Podlove] [32minfo[39m: Successfully Connected to MongoDB Atlas
Thu Aug 28 2025 17:13:3 [Podlove] [32minfo[39m: Privacy Policy exists!
Thu Aug 28 2025 17:13:3 [Podlove] [32minfo[39m: Consumer Policy exists!
Thu Aug 28 2025 17:13:4 [Podlove] [32minfo[39m: Media Policy exists!
Thu Aug 28 2025 17:13:4 [Podlove] [32minfo[39m: Server is running at PORT: 8000, HOST: 10.10.20.11
Thu Aug 28 2025 17:13:4 [Podlove] [32minfo[39m: Socket.IO server initialized
Thu Aug 28 2025 17:13:26 [Podlove] [32minfo[39m: Successfully Connected to MongoDB Atlas
Thu Aug 28 2025 17:13:29 [Podlove] [32minfo[39m: Privacy Policy exists!
Thu Aug 28 2025 17:13:29 [Podlove] [32minfo[39m: Consumer Policy exists!
Thu Aug 28 2025 17:13:29 [Podlove] [32minfo[39m: Media Policy exists!
Thu Aug 28 2025 17:13:29 [Podlove] [32minfo[39m: Server is running at PORT: 8000, HOST: 10.10.20.11
Thu Aug 28 2025 17:13:29 [Podlove] [32minfo[39m: Socket.IO server initialized
Thu Aug 28 2025 17:15:27 [Podlove] [32minfo[39m: Successfully Connected to MongoDB Atlas
Thu Aug 28 2025 17:15:30 [Podlove] [32minfo[39m: Privacy Policy exists!
Thu Aug 28 2025 17:15:31 [Podlove] [32minfo[39m: Consumer Policy exists!
Thu Aug 28 2025 17:15:31 [Podlove] [32minfo[39m: Media Policy exists!
Thu Aug 28 2025 17:15:31 [Podlove] [32minfo[39m: Server is running at PORT: 8000, HOST: 10.10.20.11
Thu Aug 28 2025 17:15:31 [Podlove] [32minfo[39m: Socket.IO server initialized
Thu Aug 28 2025 17:24:10 [Podlove] [32minfo[39m: Successfully Connected to MongoDB Atlas
Thu Aug 28 2025 17:24:14 [Podlove] [32minfo[39m: Privacy Policy exists!
Thu Aug 28 2025 17:24:14 [Podlove] [32minfo[39m: Consumer Policy exists!
Thu Aug 28 2025 17:24:14 [Podlove] [32minfo[39m: Media Policy exists!
Thu Aug 28 2025 17:24:14 [Podlove] [32minfo[39m: Server is running at PORT: 8000, HOST: 10.10.20.11
Thu Aug 28 2025 17:24:14 [Podlove] [32minfo[39m: Socket.IO server initialized
Thu Aug 28 2025 17:24:48 [Podlove] [32minfo[39m: Successfully Connected to MongoDB Atlas
Thu Aug 28 2025 17:24:51 [Podlove] [32minfo[39m: Privacy Policy exists!
Thu Aug 28 2025 17:24:52 [Podlove] [32minfo[39m: Consumer Policy exists!
Thu Aug 28 2025 17:24:52 [Podlove] [32minfo[39m: Media Policy exists!
Thu Aug 28 2025 17:24:52 [Podlove] [32minfo[39m: Server is running at PORT: 8000, HOST: 10.10.20.11
Thu Aug 28 2025 17:24:52 [Podlove] [32minfo[39m: Socket.IO server initialized
Thu Aug 28 2025 17:26:15 [Podlove] [32minfo[39m: Successfully Connected to MongoDB Atlas
Thu Aug 28 2025 17:26:19 [Podlove] [32minfo[39m: Privacy Policy exists!
Thu Aug 28 2025 17:26:19 [Podlove] [32minfo[39m: Consumer Policy exists!
Thu Aug 28 2025 17:26:19 [Podlove] [32minfo[39m: Media Policy exists!
Thu Aug 28 2025 17:26:19 [Podlove] [32minfo[39m: Server is running at PORT: 8000, HOST: 10.10.20.11
Thu Aug 28 2025 17:26:19 [Podlove] [32minfo[39m: Socket.IO server initialized
Thu Aug 28 2025 17:26:33 [Podlove] [32minfo[39m: Successfully Connected to MongoDB Atlas
Thu Aug 28 2025 17:26:36 [Podlove] [32minfo[39m: Privacy Policy exists!
Thu Aug 28 2025 17:26:37 [Podlove] [32minfo[39m: Consumer Policy exists!
Thu Aug 28 2025 17:26:37 [Podlove] [32minfo[39m: Media Policy exists!
Thu Aug 28 2025 17:26:37 [Podlove] [32minfo[39m: Server is running at PORT: 8000, HOST: 10.10.20.11
Thu Aug 28 2025 17:26:37 [Podlove] [32minfo[39m: Socket.IO server initialized
Thu Aug 28 2025 17:27:5 [Podlove] [32minfo[39m: Successfully Connected to MongoDB Atlas
Thu Aug 28 2025 17:27:8 [Podlove] [32minfo[39m: Privacy Policy exists!
Thu Aug 28 2025 17:27:8 [Podlove] [32minfo[39m: Consumer Policy exists!
Thu Aug 28 2025 17:27:8 [Podlove] [32minfo[39m: Media Policy exists!
Thu Aug 28 2025 17:27:8 [Podlove] [32minfo[39m: Server is running at PORT: 8000, HOST: 10.10.20.11
Thu Aug 28 2025 17:27:8 [Podlove] [32minfo[39m: Socket.IO server initialized
Thu Aug 28 2025 17:30:7 [Podlove] [32minfo[39m: Successfully Connected to MongoDB Atlas
Thu Aug 28 2025 17:30:10 [Podlove] [32minfo[39m: Privacy Policy exists!
Thu Aug 28 2025 17:30:11 [Podlove] [32minfo[39m: Consumer Policy exists!
Thu Aug 28 2025 17:30:11 [Podlove] [32minfo[39m: Media Policy exists!
Thu Aug 28 2025 17:30:11 [Podlove] [32minfo[39m: Server is running at PORT: 8000, HOST: 10.10.20.11
Thu Aug 28 2025 17:30:11 [Podlove] [32minfo[39m: Socket.IO server initialized
Thu Aug 28 2025 17:30:35 [Podlove] [32minfo[39m: Successfully Connected to MongoDB Atlas
Thu Aug 28 2025 17:30:38 [Podlove] [32minfo[39m: Privacy Policy exists!
Thu Aug 28 2025 17:30:38 [Podlove] [32minfo[39m: Consumer Policy exists!
Thu Aug 28 2025 17:30:39 [Podlove] [32minfo[39m: Media Policy exists!
Thu Aug 28 2025 17:30:39 [Podlove] [32minfo[39m: Server is running at PORT: 8000, HOST: 10.10.20.11
Thu Aug 28 2025 17:30:39 [Podlove] [32minfo[39m: Socket.IO server initialized
Thu Aug 28 2025 17:30:49 [Podlove] [32minfo[39m: Successfully Connected to MongoDB Atlas
Thu Aug 28 2025 17:30:57 [Podlove] [32minfo[39m: Successfully Connected to MongoDB Atlas
Thu Aug 28 2025 17:31:0 [Podlove] [32minfo[39m: Privacy Policy exists!
Thu Aug 28 2025 17:31:1 [Podlove] [32minfo[39m: Consumer Policy exists!
Thu Aug 28 2025 17:31:1 [Podlove] [32minfo[39m: Media Policy exists!
Thu Aug 28 2025 17:31:1 [Podlove] [32minfo[39m: Server is running at PORT: 8000, HOST: 10.10.20.11
Thu Aug 28 2025 17:31:1 [Podlove] [32minfo[39m: Socket.IO server initialized
Thu Aug 28 2025 17:31:28 [Podlove] [32minfo[39m: Successfully Connected to MongoDB Atlas
Thu Aug 28 2025 17:31:32 [Podlove] [32minfo[39m: Privacy Policy exists!
Thu Aug 28 2025 17:31:32 [Podlove] [32minfo[39m: Consumer Policy exists!
Thu Aug 28 2025 17:31:32 [Podlove] [32minfo[39m: Media Policy exists!
Thu Aug 28 2025 17:31:32 [Podlove] [32minfo[39m: Server is running at PORT: 8000, HOST: 10.10.20.11
Thu Aug 28 2025 17:31:32 [Podlove] [32minfo[39m: Socket.IO server initialized
Thu Aug 28 2025 17:32:45 [Podlove] [32minfo[39m: Successfully Connected to MongoDB Atlas
Thu Aug 28 2025 17:32:48 [Podlove] [32minfo[39m: Privacy Policy exists!
Thu Aug 28 2025 17:32:49 [Podlove] [32minfo[39m: Consumer Policy exists!
Thu Aug 28 2025 17:32:49 [Podlove] [32minfo[39m: Media Policy exists!
Thu Aug 28 2025 17:32:49 [Podlove] [32minfo[39m: Server is running at PORT: 8000, HOST: 10.10.20.11
Thu Aug 28 2025 17:32:49 [Podlove] [32minfo[39m: Socket.IO server initialized
Thu Aug 28 2025 17:33:7 [Podlove] [32minfo[39m: Successfully Connected to MongoDB Atlas
Thu Aug 28 2025 17:33:11 [Podlove] [32minfo[39m: Privacy Policy exists!
Thu Aug 28 2025 17:33:11 [Podlove] [32minfo[39m: Consumer Policy exists!
Thu Aug 28 2025 17:33:11 [Podlove] [32minfo[39m: Media Policy exists!
Thu Aug 28 2025 17:33:11 [Podlove] [32minfo[39m: Server is running at PORT: 8000, HOST: 10.10.20.11
Thu Aug 28 2025 17:33:11 [Podlove] [32minfo[39m: Socket.IO server initialized
Thu Aug 28 2025 17:33:42 [Podlove] [32minfo[39m: Successfully Connected to MongoDB Atlas
Thu Aug 28 2025 17:33:45 [Podlove] [32minfo[39m: Privacy Policy exists!
Thu Aug 28 2025 17:33:45 [Podlove] [32minfo[39m: Consumer Policy exists!
Thu Aug 28 2025 17:33:45 [Podlove] [32minfo[39m: Media Policy exists!
Thu Aug 28 2025 17:33:45 [Podlove] [32minfo[39m: Server is running at PORT: 8000, HOST: 10.10.20.11
Thu Aug 28 2025 17:33:45 [Podlove] [32minfo[39m: Socket.IO server initialized
Thu Aug 28 2025 17:34:14 [Podlove] [32minfo[39m: Successfully Connected to MongoDB Atlas
Thu Aug 28 2025 17:34:17 [Podlove] [32minfo[39m: Privacy Policy exists!
Thu Aug 28 2025 17:34:17 [Podlove] [32minfo[39m: Consumer Policy exists!
Thu Aug 28 2025 17:34:17 [Podlove] [32minfo[39m: Media Policy exists!
Thu Aug 28 2025 17:34:18 [Podlove] [32minfo[39m: Server is running at PORT: 8000, HOST: 10.10.20.11
Thu Aug 28 2025 17:34:18 [Podlove] [32minfo[39m: Socket.IO server initialized
