Thu Jul 31 2025 11:0:10 [Podlove] [32minfo[39m: 6889a65cc40327ca3f98ad7a
Thu Jul 31 2025 11:0:56 [Podlove] [32minfo[39m: 6889a65cc40327ca3f98ad7a
Thu Jul 31 2025 11:1:4 [Podlove] [32minfo[39m: 6889a65cc40327ca3f98ad7a
Thu Jul 31 2025 11:1:26 [Podlove] [32minfo[39m: 6889a65cc40327ca3f98ad7a
Thu Jul 31 2025 11:1:28 [Podlove] [32minfo[39m: 6889a65cc40327ca3f98ad7a
Thu Jul 31 2025 11:1:42 [Podlove] [32minfo[39m: 6889a65cc40327ca3f98ad7a
Thu Jul 31 2025 11:1:43 [Podlove] [32minfo[39m: 6889a65cc40327ca3f98ad7a
Thu Jul 31 2025 11:1:54 [Podlove] [32minfo[39m: 6889a65cc40327ca3f98ad7a
Thu Jul 31 2025 11:2:7 [Podlove] [32minfo[39m: 6889a65cc40327ca3f98ad7a
Thu Jul 31 2025 11:2:22 [Podlove] [32minfo[39m: 68870decaaa39d5c80dcca60
Thu Jul 31 2025 11:2:22 [Podlove] [32minfo[39m: [object Object]
Thu Jul 31 2025 11:6:2 [Podlove] [32minfo[39m: 6889a65cc40327ca3f98ad7a
Thu Jul 31 2025 11:6:22 [Podlove] [32minfo[39m: 6889a65cc40327ca3f98ad7a
Thu Jul 31 2025 11:13:25 [Podlove] [32minfo[39m: 685e6e80ad422af7edb9b072
Thu Jul 31 2025 11:13:25 [Podlove] [32minfo[39m: [object Object]
Thu Jul 31 2025 11:13:34 [Podlove] [31merror[39m: Not Authorized
UnauthorizedError: Not Authorized
    at C:\Users\jahid\Music\Jahid Hasan\podlove_backend\src\middlewares\authorization.ts:45:30
    at C:\Users\jahid\Music\Jahid Hasan\podlove_backend\src\shared\asyncHandler.ts:7:19
    at Layer.handle [as handle_request] (C:\Users\jahid\Music\Jahid Hasan\podlove_backend\node_modules\express\lib\router\layer.js:95:5)
    at next (C:\Users\jahid\Music\Jahid Hasan\podlove_backend\node_modules\express\lib\router\route.js:149:13)
    at Route.dispatch (C:\Users\jahid\Music\Jahid Hasan\podlove_backend\node_modules\express\lib\router\route.js:119:3)
    at Layer.handle [as handle_request] (C:\Users\jahid\Music\Jahid Hasan\podlove_backend\node_modules\express\lib\router\layer.js:95:5)
    at C:\Users\jahid\Music\Jahid Hasan\podlove_backend\node_modules\express\lib\router\index.js:284:15
    at Function.process_params (C:\Users\jahid\Music\Jahid Hasan\podlove_backend\node_modules\express\lib\router\index.js:346:12)
    at next (C:\Users\jahid\Music\Jahid Hasan\podlove_backend\node_modules\express\lib\router\index.js:280:10)
    at Function.handle (C:\Users\jahid\Music\Jahid Hasan\podlove_backend\node_modules\express\lib\router\index.js:175:3)
UnauthorizedError
Thu Jul 31 2025 11:13:49 [Podlove] [32minfo[39m: Successfully Connected to MongoDB Atlas
Thu Jul 31 2025 11:13:52 [Podlove] [32minfo[39m: Privacy Policy exists!
Thu Jul 31 2025 11:13:52 [Podlove] [32minfo[39m: Consumer Policy exists!
Thu Jul 31 2025 11:13:53 [Podlove] [32minfo[39m: Media Policy exists!
Thu Jul 31 2025 11:13:53 [Podlove] [32minfo[39m: Server is running at PORT: 8000, HOST: 10.10.10.59
Thu Jul 31 2025 11:13:53 [Podlove] [32minfo[39m: Socket.IO server initialized
Thu Jul 31 2025 11:13:53 [Podlove] [32minfo[39m: 685e6e80ad422af7edb9b072
Thu Jul 31 2025 11:13:54 [Podlove] [32minfo[39m: [object Object]
Thu Jul 31 2025 11:13:55 [Podlove] [32minfo[39m: 685e6e80ad422af7edb9b072
Thu Jul 31 2025 11:13:55 [Podlove] [32minfo[39m: [object Object]
Thu Jul 31 2025 11:14:7 [Podlove] [32minfo[39m: 685e6e80ad422af7edb9b072
Thu Jul 31 2025 11:14:7 [Podlove] [32minfo[39m: [object Object]
Thu Jul 31 2025 11:15:35 [Podlove] [32minfo[39m: 685e6e80ad422af7edb9b072
Thu Jul 31 2025 11:15:35 [Podlove] [32minfo[39m: 685e6e80ad422af7edb9b072
Thu Jul 31 2025 11:15:36 [Podlove] [32minfo[39m: [object Object]
Thu Jul 31 2025 11:15:36 [Podlove] [32minfo[39m: [object Object]
Thu Jul 31 2025 11:15:49 [Podlove] [32minfo[39m: Successfully Connected to MongoDB Atlas
Thu Jul 31 2025 11:15:53 [Podlove] [32minfo[39m: Privacy Policy exists!
Thu Jul 31 2025 11:15:53 [Podlove] [32minfo[39m: Consumer Policy exists!
Thu Jul 31 2025 11:15:54 [Podlove] [32minfo[39m: Media Policy exists!
Thu Jul 31 2025 11:15:54 [Podlove] [32minfo[39m: Server is running at PORT: 8000, HOST: 10.10.10.59
Thu Jul 31 2025 11:15:54 [Podlove] [32minfo[39m: Socket.IO server initialized
Thu Jul 31 2025 11:15:57 [Podlove] [32minfo[39m: 685e6e80ad422af7edb9b072
Thu Jul 31 2025 11:15:57 [Podlove] [32minfo[39m: [object Object]
Thu Jul 31 2025 11:17:1 [Podlove] [32minfo[39m: Successfully Connected to MongoDB Atlas
Thu Jul 31 2025 11:17:4 [Podlove] [32minfo[39m: Privacy Policy exists!
Thu Jul 31 2025 11:17:4 [Podlove] [32minfo[39m: Consumer Policy exists!
Thu Jul 31 2025 11:17:4 [Podlove] [32minfo[39m: Media Policy exists!
Thu Jul 31 2025 11:17:4 [Podlove] [32minfo[39m: Server is running at PORT: 8000, HOST: 10.10.10.59
Thu Jul 31 2025 11:17:4 [Podlove] [32minfo[39m: Socket.IO server initialized
Thu Jul 31 2025 11:17:31 [Podlove] [32minfo[39m: Successfully Connected to MongoDB Atlas
Thu Jul 31 2025 11:17:34 [Podlove] [32minfo[39m: Privacy Policy exists!
Thu Jul 31 2025 11:17:35 [Podlove] [32minfo[39m: Consumer Policy exists!
Thu Jul 31 2025 11:17:35 [Podlove] [32minfo[39m: Media Policy exists!
Thu Jul 31 2025 11:17:35 [Podlove] [32minfo[39m: Server is running at PORT: 8000, HOST: 10.10.10.59
Thu Jul 31 2025 11:17:35 [Podlove] [32minfo[39m: Socket.IO server initialized
Thu Jul 31 2025 11:20:56 [Podlove] [32minfo[39m: 6889a65cc40327ca3f98ad7a
Thu Jul 31 2025 11:21:14 [Podlove] [32minfo[39m: 6889a65cc40327ca3f98ad7a
Thu Jul 31 2025 11:22:18 [Podlove] [32minfo[39m: 6889a65cc40327ca3f98ad7a
Thu Jul 31 2025 11:22:49 [Podlove] [32minfo[39m: 6889a65cc40327ca3f98ad7a
Thu Jul 31 2025 11:24:57 [Podlove] [32minfo[39m: 685e6e80ad422af7edb9b072
Thu Jul 31 2025 11:24:57 [Podlove] [32minfo[39m: [object Object]
Thu Jul 31 2025 11:25:3 [Podlove] [32minfo[39m: 688889fa864295fddbe8d45a
Thu Jul 31 2025 11:25:4 [Podlove] [32minfo[39m: 688889fa864295fddbe8d45a
Thu Jul 31 2025 11:25:22 [Podlove] [32minfo[39m: 6889a65cc40327ca3f98ad7a
Thu Jul 31 2025 11:26:45 [Podlove] [32minfo[39m: 6889a65cc40327ca3f98ad7a
Thu Jul 31 2025 11:26:48 [Podlove] [32minfo[39m: 6889a65cc40327ca3f98ad7a
Thu Jul 31 2025 11:27:28 [Podlove] [32minfo[39m: 6889a65cc40327ca3f98ad7a
Thu Jul 31 2025 11:27:47 [Podlove] [32minfo[39m: 6889a65cc40327ca3f98ad7a
Thu Jul 31 2025 11:27:55 [Podlove] [32minfo[39m: 6889a65cc40327ca3f98ad7a
Thu Jul 31 2025 11:28:57 [Podlove] [32minfo[39m: 685e6e80ad422af7edb9b072
Thu Jul 31 2025 11:28:58 [Podlove] [31merror[39m: Account Not Found
NotFoundError: Account Not Found
    at C:\Users\jahid\Music\Jahid Hasan\podlove_backend\src\middlewares\authorization.ts:61:41
    at processTicksAndRejections (node:internal/process/task_queues:105:5)
NotFoundError
Thu Jul 31 2025 11:29:10 [Podlove] [32minfo[39m: 68870decaaa39d5c80dcca60
Thu Jul 31 2025 11:29:10 [Podlove] [32minfo[39m: [object Object]
Thu Jul 31 2025 11:45:10 [Podlove] [32minfo[39m: 688889fa864295fddbe8d45a
Thu Jul 31 2025 11:56:30 [Podlove] [32minfo[39m: Successfully Connected to MongoDB Atlas
Thu Jul 31 2025 11:56:34 [Podlove] [32minfo[39m: Privacy Policy exists!
Thu Jul 31 2025 11:56:34 [Podlove] [32minfo[39m: Consumer Policy exists!
Thu Jul 31 2025 11:56:34 [Podlove] [32minfo[39m: Media Policy exists!
Thu Jul 31 2025 11:56:34 [Podlove] [32minfo[39m: Server is running at PORT: 8000, HOST: 10.10.10.59
Thu Jul 31 2025 11:56:34 [Podlove] [32minfo[39m: Socket.IO server initialized
Thu Jul 31 2025 11:56:36 [Podlove] [32minfo[39m: 6889a65cc40327ca3f98ad7a
Thu Jul 31 2025 11:57:9 [Podlove] [32minfo[39m: Successfully Connected to MongoDB Atlas
Thu Jul 31 2025 11:57:12 [Podlove] [32minfo[39m: Privacy Policy exists!
Thu Jul 31 2025 11:57:12 [Podlove] [32minfo[39m: Consumer Policy exists!
Thu Jul 31 2025 11:57:13 [Podlove] [32minfo[39m: Media Policy exists!
Thu Jul 31 2025 11:57:13 [Podlove] [32minfo[39m: Server is running at PORT: 8000, HOST: 10.10.10.59
Thu Jul 31 2025 11:57:13 [Podlove] [32minfo[39m: Socket.IO server initialized
Thu Jul 31 2025 11:57:13 [Podlove] [32minfo[39m: 685e6e80ad422af7edb9b072
Thu Jul 31 2025 11:57:13 [Podlove] [32minfo[39m: [object Object]
Thu Jul 31 2025 11:57:45 [Podlove] [32minfo[39m: Successfully Connected to MongoDB Atlas
Thu Jul 31 2025 11:57:48 [Podlove] [32minfo[39m: Privacy Policy exists!
Thu Jul 31 2025 11:57:49 [Podlove] [32minfo[39m: Consumer Policy exists!
Thu Jul 31 2025 11:57:49 [Podlove] [32minfo[39m: Media Policy exists!
Thu Jul 31 2025 11:57:49 [Podlove] [32minfo[39m: Server is running at PORT: 8000, HOST: 10.10.10.59
Thu Jul 31 2025 11:57:49 [Podlove] [32minfo[39m: Socket.IO server initialized
