Tue Jul 29 2025 18:0:42 [Podlove] [32minfo[39m: 68888de9864295fddbe8d65e
Tue Jul 29 2025 18:0:43 [Podlove] [32minfo[39m: 68888de9864295fddbe8d65e
Tue Jul 29 2025 18:0:47 [Podlove] [32minfo[39m: 68888de9864295fddbe8d65e
Tue Jul 29 2025 18:1:32 [Podlove] [32minfo[39m: 68888de9864295fddbe8d65e
Tue Jul 29 2025 18:1:36 [Podlove] [32minfo[39m: 68888de9864295fddbe8d65e
Tue Jul 29 2025 18:1:57 [Podlove] [32minfo[39m: 68870decaaa39d5c80dcca60
Tue Jul 29 2025 18:1:57 [Podlove] [32minfo[39m: [object Object]
Tue Jul 29 2025 18:3:0 [Podlove] [32minfo[39m: 68870decaaa39d5c80dcca60
Tue Jul 29 2025 18:3:0 [Podlove] [32minfo[39m: [object Object]
Tue Jul 29 2025 18:3:21 [Podlove] [32minfo[39m: 68888de9864295fddbe8d65e
Tue Jul 29 2025 18:3:21 [Podlove] [32minfo[39m: 68888de9864295fddbe8d65e
Tue Jul 29 2025 18:3:21 [Podlove] [32minfo[39m: 68888de9864295fddbe8d65e
Tue Jul 29 2025 18:3:21 [Podlove] [32minfo[39m: 68888de9864295fddbe8d65e
Tue Jul 29 2025 18:4:35 [Podlove] [32minfo[39m: 68888de9864295fddbe8d65e
Tue Jul 29 2025 18:4:36 [Podlove] [32minfo[39m: 68888de9864295fddbe8d65e
Tue Jul 29 2025 18:4:40 [Podlove] [32minfo[39m: 68870decaaa39d5c80dcca60
Tue Jul 29 2025 18:4:40 [Podlove] [32minfo[39m: [object Object]
Tue Jul 29 2025 18:4:45 [Podlove] [32minfo[39m: 6880a9992a4d4f9f7b707c50
Tue Jul 29 2025 18:7:15 [Podlove] [32minfo[39m: 68870decaaa39d5c80dcca60
Tue Jul 29 2025 18:7:15 [Podlove] [32minfo[39m: [object Object]
Tue Jul 29 2025 18:10:20 [Podlove] [32minfo[39m: 6880a9992a4d4f9f7b707c50
Tue Jul 29 2025 18:10:34 [Podlove] [32minfo[39m: 6880a9992a4d4f9f7b707c50
Tue Jul 29 2025 18:12:5 [Podlove] [32minfo[39m: 68888de9864295fddbe8d65e
Tue Jul 29 2025 18:13:22 [Podlove] [32minfo[39m: 6880a9992a4d4f9f7b707c50
Tue Jul 29 2025 18:13:34 [Podlove] [32minfo[39m: 6880a9992a4d4f9f7b707c50
Tue Jul 29 2025 18:14:6 [Podlove] [32minfo[39m: 6880a9992a4d4f9f7b707c50
Tue Jul 29 2025 18:14:19 [Podlove] [32minfo[39m: 6880a9992a4d4f9f7b707c50
Tue Jul 29 2025 18:16:19 [Podlove] [32minfo[39m: 68888de9864295fddbe8d65e
Tue Jul 29 2025 18:18:24 [Podlove] [32minfo[39m: 6880a9992a4d4f9f7b707c50
Tue Jul 29 2025 18:18:26 [Podlove] [32minfo[39m: 6880a9992a4d4f9f7b707c50
Tue Jul 29 2025 18:19:4 [Podlove] [32minfo[39m: 6880a9992a4d4f9f7b707c50
Tue Jul 29 2025 18:19:7 [Podlove] [32minfo[39m: 6880a9992a4d4f9f7b707c50
Tue Jul 29 2025 18:21:9 [Podlove] [32minfo[39m: 6880a9992a4d4f9f7b707c50
Tue Jul 29 2025 18:21:23 [Podlove] [32minfo[39m: 6880a9992a4d4f9f7b707c50
Tue Jul 29 2025 18:22:20 [Podlove] [32minfo[39m: 6880a9992a4d4f9f7b707c50
Tue Jul 29 2025 18:22:53 [Podlove] [32minfo[39m: 6880a9992a4d4f9f7b707c50
Tue Jul 29 2025 18:23:4 [Podlove] [32minfo[39m: 6880a9992a4d4f9f7b707c50
Tue Jul 29 2025 18:23:19 [Podlove] [32minfo[39m: 68870decaaa39d5c80dcca60
Tue Jul 29 2025 18:23:19 [Podlove] [32minfo[39m: [object Object]
Tue Jul 29 2025 18:23:47 [Podlove] [32minfo[39m: Successfully Connected to MongoDB Atlas
Tue Jul 29 2025 18:23:50 [Podlove] [32minfo[39m: Privacy Policy exists!
Tue Jul 29 2025 18:23:50 [Podlove] [32minfo[39m: Consumer Policy exists!
Tue Jul 29 2025 18:23:51 [Podlove] [32minfo[39m: Media Policy exists!
Tue Jul 29 2025 18:23:51 [Podlove] [32minfo[39m: Server is running at PORT: 8000, HOST: 10.10.10.59
Tue Jul 29 2025 18:23:51 [Podlove] [32minfo[39m: Socket.IO server initialized
Tue Jul 29 2025 18:23:59 [Podlove] [32minfo[39m: 68870decaaa39d5c80dcca60
Tue Jul 29 2025 18:24:0 [Podlove] [32minfo[39m: [object Object]
Tue Jul 29 2025 18:24:59 [Podlove] [32minfo[39m: 6880a9992a4d4f9f7b707c50
Tue Jul 29 2025 18:25:29 [Podlove] [32minfo[39m: 6888b31d394fc35b5ceaa3d2
Tue Jul 29 2025 18:25:31 [Podlove] [32minfo[39m: 6880a9992a4d4f9f7b707c50
Tue Jul 29 2025 18:25:33 [Podlove] [32minfo[39m: 6880a9992a4d4f9f7b707c50
Tue Jul 29 2025 18:25:38 [Podlove] [32minfo[39m: 6888b31d394fc35b5ceaa3d2
Tue Jul 29 2025 18:25:43 [Podlove] [32minfo[39m: 6888b31d394fc35b5ceaa3d2
Tue Jul 29 2025 18:25:50 [Podlove] [32minfo[39m: 6888b31d394fc35b5ceaa3d2
Tue Jul 29 2025 18:25:54 [Podlove] [32minfo[39m: 6888b31d394fc35b5ceaa3d2
Tue Jul 29 2025 18:26:5 [Podlove] [32minfo[39m: 6880a9992a4d4f9f7b707c50
Tue Jul 29 2025 18:26:7 [Podlove] [32minfo[39m: 6880a9992a4d4f9f7b707c50
Tue Jul 29 2025 18:26:8 [Podlove] [32minfo[39m: 6888b31d394fc35b5ceaa3d2
Tue Jul 29 2025 18:26:13 [Podlove] [32minfo[39m: 6888b31d394fc35b5ceaa3d2
Tue Jul 29 2025 18:26:19 [Podlove] [32minfo[39m: 6888b31d394fc35b5ceaa3d2
Tue Jul 29 2025 18:26:23 [Podlove] [32minfo[39m: 6888b31d394fc35b5ceaa3d2
Tue Jul 29 2025 18:27:6 [Podlove] [32minfo[39m: 6888b31d394fc35b5ceaa3d2
Tue Jul 29 2025 18:27:7 [Podlove] [31merror[39m: Your bio contains content that violates our guidelines. Please ensure it does not include:
1. Profanity, hate speech, or explicit content
2. Personal information such as phone numbers, addresses, emails, or identifiable details
3. Spam, random characters, or nonsensical phrases.
BadRequestError: Your bio contains content that violates our guidelines. Please ensure it does not include:
1. Profanity, hate speech, or explicit content
2. Personal information such as phone numbers, addresses, emails, or identifiable details
3. Spam, random characters, or nonsensical phrases.
    at validateBio (C:\Users\jahid\Music\Jahid Hasan\podlove_backend\src\services\userServices.ts:91:20)
    at processTicksAndRejections (node:internal/process/task_queues:105:5)
BadRequestError
Tue Jul 29 2025 18:27:40 [Podlove] [32minfo[39m: 6888b31d394fc35b5ceaa3d2
Tue Jul 29 2025 18:28:10 [Podlove] [32minfo[39m: 6888b31d394fc35b5ceaa3d2
Tue Jul 29 2025 18:28:53 [Podlove] [32minfo[39m: 6888b31d394fc35b5ceaa3d2
Tue Jul 29 2025 18:29:3 [Podlove] [32minfo[39m: 6880a9992a4d4f9f7b707c50
Tue Jul 29 2025 18:29:3 [Podlove] [32minfo[39m: 6880a9992a4d4f9f7b707c50
Tue Jul 29 2025 18:29:19 [Podlove] [32minfo[39m: 6888b31d394fc35b5ceaa3d2
Tue Jul 29 2025 18:29:27 [Podlove] [32minfo[39m: 6888b31d394fc35b5ceaa3d2
Tue Jul 29 2025 18:29:36 [Podlove] [32minfo[39m: 6888b31d394fc35b5ceaa3d2
Tue Jul 29 2025 18:29:44 [Podlove] [32minfo[39m: 6888b31d394fc35b5ceaa3d2
Tue Jul 29 2025 18:29:49 [Podlove] [32minfo[39m: 6888b31d394fc35b5ceaa3d2
Tue Jul 29 2025 18:31:23 [Podlove] [31merror[39m: Wrong password. Please try again
UnauthorizedError: Wrong password. Please try again
    at login (C:\Users\jahid\Music\Jahid Hasan\podlove_backend\src\controllers\adminController.ts:163:30)
UnauthorizedError
Tue Jul 29 2025 18:31:24 [Podlove] [31merror[39m: Wrong password. Please try again
UnauthorizedError: Wrong password. Please try again
    at login (C:\Users\jahid\Music\Jahid Hasan\podlove_backend\src\controllers\adminController.ts:163:30)
UnauthorizedError
Tue Jul 29 2025 18:31:28 [Podlove] [32minfo[39m: 68870decaaa39d5c80dcca60
Tue Jul 29 2025 18:31:28 [Podlove] [32minfo[39m: [object Object]
Tue Jul 29 2025 18:33:27 [Podlove] [32minfo[39m: 6880a9992a4d4f9f7b707c50
Tue Jul 29 2025 18:33:34 [Podlove] [32minfo[39m: 6880a9992a4d4f9f7b707c50
Tue Jul 29 2025 18:33:50 [Podlove] [32minfo[39m: 68870decaaa39d5c80dcca60
Tue Jul 29 2025 18:33:50 [Podlove] [32minfo[39m: [object Object]
Tue Jul 29 2025 18:33:59 [Podlove] [32minfo[39m: 68870decaaa39d5c80dcca60
Tue Jul 29 2025 18:33:59 [Podlove] [32minfo[39m: [object Object]
Tue Jul 29 2025 18:34:11 [Podlove] [32minfo[39m: 68870decaaa39d5c80dcca60
Tue Jul 29 2025 18:34:11 [Podlove] [32minfo[39m: [object Object]
Tue Jul 29 2025 18:34:13 [Podlove] [32minfo[39m: 68870decaaa39d5c80dcca60
Tue Jul 29 2025 18:34:14 [Podlove] [32minfo[39m: [object Object]
Tue Jul 29 2025 18:34:15 [Podlove] [32minfo[39m: 68870decaaa39d5c80dcca60
Tue Jul 29 2025 18:34:15 [Podlove] [32minfo[39m: [object Object]
Tue Jul 29 2025 18:34:30 [Podlove] [32minfo[39m: 6880a9992a4d4f9f7b707c50
Tue Jul 29 2025 18:35:8 [Podlove] [32minfo[39m: 6880a9992a4d4f9f7b707c50
Tue Jul 29 2025 18:35:11 [Podlove] [32minfo[39m: 6880a9992a4d4f9f7b707c50
Tue Jul 29 2025 18:35:42 [Podlove] [32minfo[39m: 6880a9992a4d4f9f7b707c50
Tue Jul 29 2025 18:47:40 [Podlove] [32minfo[39m: 6880a9992a4d4f9f7b707c50
Tue Jul 29 2025 18:47:44 [Podlove] [32minfo[39m: 6880a9992a4d4f9f7b707c50
Tue Jul 29 2025 18:47:58 [Podlove] [32minfo[39m: 6880a9992a4d4f9f7b707c50
Tue Jul 29 2025 18:48:1 [Podlove] [32minfo[39m: 6880a9992a4d4f9f7b707c50
Tue Jul 29 2025 18:51:10 [Podlove] [32minfo[39m: 6888b31d394fc35b5ceaa3d2
Tue Jul 29 2025 18:51:15 [Podlove] [32minfo[39m: 6888b31d394fc35b5ceaa3d2
Tue Jul 29 2025 18:51:35 [Podlove] [32minfo[39m: 6888b31d394fc35b5ceaa3d2
Tue Jul 29 2025 18:52:44 [Podlove] [32minfo[39m: 6880a9992a4d4f9f7b707c50
Tue Jul 29 2025 18:56:23 [Podlove] [31merror[39m: Not Authorized
UnauthorizedError: Not Authorized
    at C:\Users\jahid\Music\Jahid Hasan\podlove_backend\src\middlewares\authorization.ts:45:30
    at C:\Users\jahid\Music\Jahid Hasan\podlove_backend\src\shared\asyncHandler.ts:7:19
    at Layer.handle [as handle_request] (C:\Users\jahid\Music\Jahid Hasan\podlove_backend\node_modules\express\lib\router\layer.js:95:5)
    at next (C:\Users\jahid\Music\Jahid Hasan\podlove_backend\node_modules\express\lib\router\route.js:149:13)
    at Route.dispatch (C:\Users\jahid\Music\Jahid Hasan\podlove_backend\node_modules\express\lib\router\route.js:119:3)
    at Layer.handle [as handle_request] (C:\Users\jahid\Music\Jahid Hasan\podlove_backend\node_modules\express\lib\router\layer.js:95:5)
    at C:\Users\jahid\Music\Jahid Hasan\podlove_backend\node_modules\express\lib\router\index.js:284:15
    at Function.process_params (C:\Users\jahid\Music\Jahid Hasan\podlove_backend\node_modules\express\lib\router\index.js:346:12)
    at next (C:\Users\jahid\Music\Jahid Hasan\podlove_backend\node_modules\express\lib\router\index.js:280:10)
    at Function.handle (C:\Users\jahid\Music\Jahid Hasan\podlove_backend\node_modules\express\lib\router\index.js:175:3)
UnauthorizedError
Tue Jul 29 2025 18:56:52 [Podlove] [32minfo[39m: Successfully Connected to MongoDB Atlas
Tue Jul 29 2025 18:56:55 [Podlove] [32minfo[39m: Privacy Policy exists!
Tue Jul 29 2025 18:56:55 [Podlove] [32minfo[39m: Consumer Policy exists!
Tue Jul 29 2025 18:56:55 [Podlove] [32minfo[39m: Media Policy exists!
Tue Jul 29 2025 18:56:55 [Podlove] [32minfo[39m: Server is running at PORT: 8000, HOST: 10.10.10.59
Tue Jul 29 2025 18:56:55 [Podlove] [32minfo[39m: Socket.IO server initialized
Tue Jul 29 2025 18:56:56 [Podlove] [31merror[39m: Not Authorized
UnauthorizedError: Not Authorized
    at C:\Users\jahid\Music\Jahid Hasan\podlove_backend\src\middlewares\authorization.ts:45:30
    at C:\Users\jahid\Music\Jahid Hasan\podlove_backend\src\shared\asyncHandler.ts:7:19
    at Layer.handle [as handle_request] (C:\Users\jahid\Music\Jahid Hasan\podlove_backend\node_modules\express\lib\router\layer.js:95:5)
    at next (C:\Users\jahid\Music\Jahid Hasan\podlove_backend\node_modules\express\lib\router\route.js:149:13)
    at Route.dispatch (C:\Users\jahid\Music\Jahid Hasan\podlove_backend\node_modules\express\lib\router\route.js:119:3)
    at Layer.handle [as handle_request] (C:\Users\jahid\Music\Jahid Hasan\podlove_backend\node_modules\express\lib\router\layer.js:95:5)
    at C:\Users\jahid\Music\Jahid Hasan\podlove_backend\node_modules\express\lib\router\index.js:284:15
    at Function.process_params (C:\Users\jahid\Music\Jahid Hasan\podlove_backend\node_modules\express\lib\router\index.js:346:12)
    at next (C:\Users\jahid\Music\Jahid Hasan\podlove_backend\node_modules\express\lib\router\index.js:280:10)
    at Function.handle (C:\Users\jahid\Music\Jahid Hasan\podlove_backend\node_modules\express\lib\router\index.js:175:3)
UnauthorizedError
Tue Jul 29 2025 18:57:12 [Podlove] [32minfo[39m: Successfully Connected to MongoDB Atlas
Tue Jul 29 2025 18:57:16 [Podlove] [32minfo[39m: Privacy Policy exists!
Tue Jul 29 2025 18:57:16 [Podlove] [32minfo[39m: Consumer Policy exists!
Tue Jul 29 2025 18:57:16 [Podlove] [32minfo[39m: Media Policy exists!
Tue Jul 29 2025 18:57:16 [Podlove] [32minfo[39m: Server is running at PORT: 8000, HOST: 10.10.10.59
Tue Jul 29 2025 18:57:16 [Podlove] [32minfo[39m: Socket.IO server initialized
Tue Jul 29 2025 18:57:30 [Podlove] [31merror[39m: Not Authorized
UnauthorizedError: Not Authorized
    at C:\Users\jahid\Music\Jahid Hasan\podlove_backend\src\middlewares\authorization.ts:45:30
    at C:\Users\jahid\Music\Jahid Hasan\podlove_backend\src\shared\asyncHandler.ts:7:19
    at Layer.handle [as handle_request] (C:\Users\jahid\Music\Jahid Hasan\podlove_backend\node_modules\express\lib\router\layer.js:95:5)
    at next (C:\Users\jahid\Music\Jahid Hasan\podlove_backend\node_modules\express\lib\router\route.js:149:13)
    at Route.dispatch (C:\Users\jahid\Music\Jahid Hasan\podlove_backend\node_modules\express\lib\router\route.js:119:3)
    at Layer.handle [as handle_request] (C:\Users\jahid\Music\Jahid Hasan\podlove_backend\node_modules\express\lib\router\layer.js:95:5)
    at C:\Users\jahid\Music\Jahid Hasan\podlove_backend\node_modules\express\lib\router\index.js:284:15
    at Function.process_params (C:\Users\jahid\Music\Jahid Hasan\podlove_backend\node_modules\express\lib\router\index.js:346:12)
    at next (C:\Users\jahid\Music\Jahid Hasan\podlove_backend\node_modules\express\lib\router\index.js:280:10)
    at Function.handle (C:\Users\jahid\Music\Jahid Hasan\podlove_backend\node_modules\express\lib\router\index.js:175:3)
UnauthorizedError
Tue Jul 29 2025 18:57:53 [Podlove] [32minfo[39m: Successfully Connected to MongoDB Atlas
Tue Jul 29 2025 18:57:56 [Podlove] [32minfo[39m: Privacy Policy exists!
Tue Jul 29 2025 18:57:56 [Podlove] [32minfo[39m: Consumer Policy exists!
Tue Jul 29 2025 18:57:57 [Podlove] [32minfo[39m: Media Policy exists!
Tue Jul 29 2025 18:57:57 [Podlove] [32minfo[39m: Server is running at PORT: 8000, HOST: 10.10.10.59
Tue Jul 29 2025 18:57:57 [Podlove] [32minfo[39m: Socket.IO server initialized
Tue Jul 29 2025 18:58:45 [Podlove] [31merror[39m: Wrong password. Please try again
UnauthorizedError: Wrong password. Please try again
    at login (C:\Users\jahid\Music\Jahid Hasan\podlove_backend\src\controllers\adminController.ts:163:30)
UnauthorizedError
Tue Jul 29 2025 18:59:29 [Podlove] [32minfo[39m: 68870decaaa39d5c80dcca60
Tue Jul 29 2025 18:59:30 [Podlove] [32minfo[39m: [object Object]
