Wed Jan 07 2026 13:22:38 [Podlove] [32minfo[39m: Successfully Connected to MongoDB Atlas
Wed Jan 07 2026 13:22:42 [Podlove] [32minfo[39m: Privacy Policy exists!
Wed Jan 07 2026 13:22:42 [Podlove] [32minfo[39m: Consumer Policy exists!
Wed Jan 07 2026 13:22:42 [Podlove] [32minfo[39m: Media Policy exists!
Wed Jan 07 2026 13:22:42 [Podlove] [32minfo[39m: Server is running at PORT: 8000, HOST: 0.0.0.0
Wed Jan 07 2026 13:22:42 [Podlove] [32minfo[39m: Socket.IO server initialized
Wed Jan 07 2026 13:30:5 [Podlove] [32minfo[39m: Successfully Connected to MongoDB Atlas
Wed Jan 07 2026 13:30:9 [Podlove] [32minfo[39m: Privacy Policy exists!
Wed Jan 07 2026 13:30:10 [Podlove] [32minfo[39m: Consumer Policy exists!
Wed Jan 07 2026 13:30:10 [Podlove] [32minfo[39m: Media Policy exists!
Wed Jan 07 2026 13:30:10 [Podlove] [32minfo[39m: Server is running at PORT: 8000, HOST: 0.0.0.0
Wed Jan 07 2026 13:30:10 [Podlove] [32minfo[39m: Socket.IO server initialized
Wed Jan 07 2026 13:32:8 [Podlove] [32minfo[39m: Successfully Connected to MongoDB Atlas
Wed Jan 07 2026 13:32:44 [Podlove] [32minfo[39m: Successfully Connected to MongoDB Atlas
Wed Jan 07 2026 13:32:49 [Podlove] [32minfo[39m: Privacy Policy exists!
Wed Jan 07 2026 13:32:51 [Podlove] [32minfo[39m: Consumer Policy exists!
Wed Jan 07 2026 13:32:52 [Podlove] [32minfo[39m: Media Policy exists!
Wed Jan 07 2026 13:32:52 [Podlove] [32minfo[39m: Server is running at PORT: 8000, HOST: 0.0.0.0
Wed Jan 07 2026 13:32:52 [Podlove] [32minfo[39m: Socket.IO server initialized
Wed Jan 07 2026 13:33:17 [Podlove] [32minfo[39m: Successfully Connected to MongoDB Atlas
Wed Jan 07 2026 13:33:21 [Podlove] [32minfo[39m: Privacy Policy exists!
Wed Jan 07 2026 13:33:22 [Podlove] [32minfo[39m: Consumer Policy exists!
Wed Jan 07 2026 13:33:22 [Podlove] [32minfo[39m: Media Policy exists!
Wed Jan 07 2026 13:33:22 [Podlove] [32minfo[39m: Server is running at PORT: 8000, HOST: 0.0.0.0
Wed Jan 07 2026 13:33:22 [Podlove] [32minfo[39m: Socket.IO server initialized
Wed Jan 07 2026 13:33:35 [Podlove] [32minfo[39m: Successfully Connected to MongoDB Atlas
Wed Jan 07 2026 13:34:23 [Podlove] [32minfo[39m: Successfully Connected to MongoDB Atlas
Wed Jan 07 2026 13:42:15 [Podlove] [32minfo[39m: Successfully Connected to MongoDB Atlas
Wed Jan 07 2026 13:42:19 [Podlove] [32minfo[39m: Privacy Policy exists!
Wed Jan 07 2026 13:42:20 [Podlove] [32minfo[39m: Consumer Policy exists!
Wed Jan 07 2026 13:42:20 [Podlove] [32minfo[39m: Media Policy exists!
Wed Jan 07 2026 13:42:20 [Podlove] [32minfo[39m: Server is running at PORT: 8000, HOST: 0.0.0.0
Wed Jan 07 2026 13:42:20 [Podlove] [32minfo[39m: Socket.IO server initialized
Wed Jan 07 2026 13:42:47 [Podlove] [32minfo[39m: Successfully Connected to MongoDB Atlas
Wed Jan 07 2026 13:42:52 [Podlove] [32minfo[39m: Privacy Policy exists!
Wed Jan 07 2026 13:42:52 [Podlove] [32minfo[39m: Consumer Policy exists!
Wed Jan 07 2026 13:42:52 [Podlove] [32minfo[39m: Media Policy exists!
Wed Jan 07 2026 13:42:52 [Podlove] [32minfo[39m: Server is running at PORT: 8000, HOST: 0.0.0.0
Wed Jan 07 2026 13:42:52 [Podlove] [32minfo[39m: Socket.IO server initialized
Wed Jan 07 2026 13:43:52 [Podlove] [32minfo[39m: Successfully Connected to MongoDB Atlas
Wed Jan 07 2026 13:44:5 [Podlove] [32minfo[39m: Successfully Connected to MongoDB Atlas
Wed Jan 07 2026 13:44:9 [Podlove] [32minfo[39m: Privacy Policy exists!
Wed Jan 07 2026 13:44:9 [Podlove] [32minfo[39m: Consumer Policy exists!
Wed Jan 07 2026 13:44:9 [Podlove] [32minfo[39m: Media Policy exists!
Wed Jan 07 2026 13:44:9 [Podlove] [32minfo[39m: Server is running at PORT: 8000, HOST: 0.0.0.0
Wed Jan 07 2026 13:44:9 [Podlove] [32minfo[39m: Socket.IO server initialized
Wed Jan 07 2026 13:45:7 [Podlove] [32minfo[39m: Successfully Connected to MongoDB Atlas
Wed Jan 07 2026 13:45:8 [Podlove] [32minfo[39m: Successfully Connected to MongoDB Atlas
Wed Jan 07 2026 13:45:11 [Podlove] [32minfo[39m: Privacy Policy exists!
Wed Jan 07 2026 13:45:11 [Podlove] [32minfo[39m: Consumer Policy exists!
Wed Jan 07 2026 13:45:12 [Podlove] [32minfo[39m: Media Policy exists!
Wed Jan 07 2026 13:45:12 [Podlove] [32minfo[39m: Server is running at PORT: 8000, HOST: 0.0.0.0
Wed Jan 07 2026 13:45:12 [Podlove] [32minfo[39m: Socket.IO server initialized
Wed Jan 07 2026 13:45:27 [Podlove] [32minfo[39m: Successfully Connected to MongoDB Atlas
Wed Jan 07 2026 13:45:53 [Podlove] [32minfo[39m: Successfully Connected to MongoDB Atlas
