Sat Jun 28 2025 21:11:11 [Podlove] [32minfo[39m: Successfully Connected to MongoDB Atlas
Sat Jun 28 2025 21:11:14 [Podlove] [32minfo[39m: Privacy Policy exists!
Sat Jun 28 2025 21:11:15 [Podlove] [32minfo[39m: Consumer Policy exists!
Sat Jun 28 2025 21:11:15 [Podlove] [32minfo[39m: Media Policy exists!
Sat Jun 28 2025 21:11:15 [Podlove] [32minfo[39m: Server is running at PORT: 8000, HOST: 10.0.60.168
Sat Jun 28 2025 21:24:19 [Podlove] [32minfo[39m: Successfully Connected to MongoDB Atlas
Sat Jun 28 2025 21:24:22 [Podlove] [32minfo[39m: Privacy Policy exists!
Sat Jun 28 2025 21:24:22 [Podlove] [32minfo[39m: Consumer Policy exists!
Sat Jun 28 2025 21:24:23 [Podlove] [32minfo[39m: Media Policy exists!
Sat Jun 28 2025 21:24:23 [Podlove] [32minfo[39m: Server is running at PORT: 8000, HOST: 10.0.60.168
Sat Jun 28 2025 21:32:0 [Podlove] [32minfo[39m: Successfully Connected to MongoDB Atlas
Sat Jun 28 2025 21:32:2 [Podlove] [32minfo[39m: Privacy Policy exists!
Sat Jun 28 2025 21:32:3 [Podlove] [32minfo[39m: Consumer Policy exists!
Sat Jun 28 2025 21:32:3 [Podlove] [32minfo[39m: Media Policy exists!
Sat Jun 28 2025 21:32:3 [Podlove] [32minfo[39m: Server is running at PORT: 8000, HOST: 10.0.60.168
Sat Jun 28 2025 21:34:14 [Podlove] [31merror[39m: answers must be an array of 22 strings
BadRequestError: answers must be an array of 22 strings
    at matchUser (C:\Users\bdCalling\Documents\Jahid Hasan\podlove_backend\src\services\matchesServices.ts:275:24)
    at Layer.handle [as handle_request] (C:\Users\bdCalling\Documents\Jahid Hasan\podlove_backend\node_modules\express\lib\router\layer.js:95:5)
    at next (C:\Users\bdCalling\Documents\Jahid Hasan\podlove_backend\node_modules\express\lib\router\route.js:149:13)
    at Route.dispatch (C:\Users\bdCalling\Documents\Jahid Hasan\podlove_backend\node_modules\express\lib\router\route.js:119:3)
    at Layer.handle [as handle_request] (C:\Users\bdCalling\Documents\Jahid Hasan\podlove_backend\node_modules\express\lib\router\layer.js:95:5)
    at C:\Users\bdCalling\Documents\Jahid Hasan\podlove_backend\node_modules\express\lib\router\index.js:284:15
    at param (C:\Users\bdCalling\Documents\Jahid Hasan\podlove_backend\node_modules\express\lib\router\index.js:365:14)
    at param (C:\Users\bdCalling\Documents\Jahid Hasan\podlove_backend\node_modules\express\lib\router\index.js:376:14)
    at Function.process_params (C:\Users\bdCalling\Documents\Jahid Hasan\podlove_backend\node_modules\express\lib\router\index.js:421:3)
    at next (C:\Users\bdCalling\Documents\Jahid Hasan\podlove_backend\node_modules\express\lib\router\index.js:280:10)
BadRequestError
Sat Jun 28 2025 21:38:55 [Podlove] [31merror[39m: answers must be an array of 22 strings
BadRequestError: answers must be an array of 22 strings
    at matchUser (C:\Users\bdCalling\Documents\Jahid Hasan\podlove_backend\src\services\matchesServices.ts:275:24)
    at Layer.handle [as handle_request] (C:\Users\bdCalling\Documents\Jahid Hasan\podlove_backend\node_modules\express\lib\router\layer.js:95:5)
    at next (C:\Users\bdCalling\Documents\Jahid Hasan\podlove_backend\node_modules\express\lib\router\route.js:149:13)
    at Route.dispatch (C:\Users\bdCalling\Documents\Jahid Hasan\podlove_backend\node_modules\express\lib\router\route.js:119:3)
    at Layer.handle [as handle_request] (C:\Users\bdCalling\Documents\Jahid Hasan\podlove_backend\node_modules\express\lib\router\layer.js:95:5)
    at C:\Users\bdCalling\Documents\Jahid Hasan\podlove_backend\node_modules\express\lib\router\index.js:284:15
    at param (C:\Users\bdCalling\Documents\Jahid Hasan\podlove_backend\node_modules\express\lib\router\index.js:365:14)
    at param (C:\Users\bdCalling\Documents\Jahid Hasan\podlove_backend\node_modules\express\lib\router\index.js:376:14)
    at Function.process_params (C:\Users\bdCalling\Documents\Jahid Hasan\podlove_backend\node_modules\express\lib\router\index.js:421:3)
    at next (C:\Users\bdCalling\Documents\Jahid Hasan\podlove_backend\node_modules\express\lib\router\index.js:280:10)
BadRequestError
Sat Jun 28 2025 21:38:59 [Podlove] [31merror[39m: answers must be an array of 22 strings
BadRequestError: answers must be an array of 22 strings
    at matchUser (C:\Users\bdCalling\Documents\Jahid Hasan\podlove_backend\src\services\matchesServices.ts:275:24)
    at Layer.handle [as handle_request] (C:\Users\bdCalling\Documents\Jahid Hasan\podlove_backend\node_modules\express\lib\router\layer.js:95:5)
    at next (C:\Users\bdCalling\Documents\Jahid Hasan\podlove_backend\node_modules\express\lib\router\route.js:149:13)
    at Route.dispatch (C:\Users\bdCalling\Documents\Jahid Hasan\podlove_backend\node_modules\express\lib\router\route.js:119:3)
    at Layer.handle [as handle_request] (C:\Users\bdCalling\Documents\Jahid Hasan\podlove_backend\node_modules\express\lib\router\layer.js:95:5)
    at C:\Users\bdCalling\Documents\Jahid Hasan\podlove_backend\node_modules\express\lib\router\index.js:284:15
    at param (C:\Users\bdCalling\Documents\Jahid Hasan\podlove_backend\node_modules\express\lib\router\index.js:365:14)
    at param (C:\Users\bdCalling\Documents\Jahid Hasan\podlove_backend\node_modules\express\lib\router\index.js:376:14)
    at Function.process_params (C:\Users\bdCalling\Documents\Jahid Hasan\podlove_backend\node_modules\express\lib\router\index.js:421:3)
    at next (C:\Users\bdCalling\Documents\Jahid Hasan\podlove_backend\node_modules\express\lib\router\index.js:280:10)
BadRequestError
Sat Jun 28 2025 21:40:52 [Podlove] [32minfo[39m: Successfully Connected to MongoDB Atlas
Sat Jun 28 2025 21:40:55 [Podlove] [32minfo[39m: Privacy Policy exists!
Sat Jun 28 2025 21:40:56 [Podlove] [32minfo[39m: Consumer Policy exists!
Sat Jun 28 2025 21:40:56 [Podlove] [32minfo[39m: Media Policy exists!
Sat Jun 28 2025 21:40:56 [Podlove] [32minfo[39m: Server is running at PORT: 8000, HOST: 10.0.60.168
Sat Jun 28 2025 21:42:0 [Podlove] [32minfo[39m: Successfully Connected to MongoDB Atlas
Sat Jun 28 2025 21:42:3 [Podlove] [32minfo[39m: Privacy Policy exists!
Sat Jun 28 2025 21:42:4 [Podlove] [32minfo[39m: Consumer Policy exists!
Sat Jun 28 2025 21:42:4 [Podlove] [32minfo[39m: Media Policy exists!
Sat Jun 28 2025 21:42:4 [Podlove] [32minfo[39m: Server is running at PORT: 8000, HOST: 10.0.60.168
Sat Jun 28 2025 21:48:31 [Podlove] [32minfo[39m: Successfully Connected to MongoDB Atlas
Sat Jun 28 2025 21:48:35 [Podlove] [32minfo[39m: Privacy Policy exists!
Sat Jun 28 2025 21:48:35 [Podlove] [32minfo[39m: Consumer Policy exists!
Sat Jun 28 2025 21:48:35 [Podlove] [32minfo[39m: Media Policy exists!
Sat Jun 28 2025 21:48:35 [Podlove] [32minfo[39m: Server is running at PORT: 8000, HOST: 10.0.60.168
