Wed Nov 05 2025 16:17:29 [Podlove] [32minfo[39m: Successfully Connected to MongoDB Atlas
Wed Nov 05 2025 16:17:33 [Podlove] [32minfo[39m: No administrators found. Creating one...
Wed Nov 05 2025 16:17:33 [Podlove] [32minfo[39m: Administrator created successfully. Starting server...
Wed Nov 05 2025 16:17:34 [Podlove] [32minfo[39m: Privacy Policy exists!
Wed Nov 05 2025 16:17:34 [Podlove] [32minfo[39m: Consumer Policy exists!
Wed Nov 05 2025 16:17:34 [Podlove] [32minfo[39m: Media Policy exists!
Wed Nov 05 2025 16:17:34 [Podlove] [32minfo[39m: Server is running at PORT: 8000, HOST: 10.10.20.11
Wed Nov 05 2025 16:17:34 [Podlove] [32minfo[39m: Socket.IO server initialized
Wed Nov 05 2025 16:19:22 [Podlove] [32minfo[39m: 690ad10aed56622e10b34f9d
Wed Nov 05 2025 16:19:23 [Podlove] [31merror[39m: Account Not Found
NotFoundError: Account Not Found
    at /home/tayeur/Desktop/project/podlove_backend/src/middlewares/authorization.ts:61:41
    at processTicksAndRejections (node:internal/process/task_queues:105:5)
NotFoundError
Wed Nov 05 2025 16:22:37 [Podlove] [32minfo[39m: Successfully Connected to MongoDB Atlas
Wed Nov 05 2025 16:22:43 [Podlove] [32minfo[39m: Privacy Policy exists!
Wed Nov 05 2025 16:22:43 [Podlove] [32minfo[39m: Consumer Policy exists!
Wed Nov 05 2025 16:22:44 [Podlove] [32minfo[39m: Media Policy exists!
Wed Nov 05 2025 16:22:44 [Podlove] [32minfo[39m: Server is running at PORT: 8000, HOST: 10.10.20.11
Wed Nov 05 2025 16:22:44 [Podlove] [32minfo[39m: Socket.IO server initialized
Wed Nov 05 2025 16:25:26 [Podlove] [32minfo[39m: 690ad10aed56622e10b34f9d
Wed Nov 05 2025 16:25:26 [Podlove] [31merror[39m: Account Not Found
NotFoundError: Account Not Found
    at /home/tayeur/Desktop/project/podlove_backend/src/middlewares/authorization.ts:61:41
    at processTicksAndRejections (node:internal/process/task_queues:105:5)
NotFoundError
Wed Nov 05 2025 16:25:27 [Podlove] [32minfo[39m: 690ad10aed56622e10b34f9d
Wed Nov 05 2025 16:25:27 [Podlove] [31merror[39m: Account Not Found
NotFoundError: Account Not Found
    at /home/tayeur/Desktop/project/podlove_backend/src/middlewares/authorization.ts:61:41
    at processTicksAndRejections (node:internal/process/task_queues:105:5)
NotFoundError
Wed Nov 05 2025 16:27:17 [Podlove] [32minfo[39m: 690b266957468589cd23226b
Wed Nov 05 2025 16:27:27 [Podlove] [32minfo[39m: 690b266957468589cd23226b
Wed Nov 05 2025 16:27:33 [Podlove] [32minfo[39m: 690b266957468589cd23226b
Wed Nov 05 2025 16:27:41 [Podlove] [32minfo[39m: 690b266957468589cd23226b
Wed Nov 05 2025 16:27:47 [Podlove] [32minfo[39m: 690b266957468589cd23226b
Wed Nov 05 2025 16:27:56 [Podlove] [32minfo[39m: 690b266957468589cd23226b
Wed Nov 05 2025 16:28:3 [Podlove] [32minfo[39m: 690b266957468589cd23226b
Wed Nov 05 2025 16:28:33 [Podlove] [32minfo[39m: 690b266957468589cd23226b
Wed Nov 05 2025 16:28:42 [Podlove] [32minfo[39m: 690b266957468589cd23226b
Wed Nov 05 2025 16:29:0 [Podlove] [32minfo[39m: 690b266957468589cd23226b
Wed Nov 05 2025 16:29:55 [Podlove] [32minfo[39m: 690b266957468589cd23226b
Wed Nov 05 2025 16:29:56 [Podlove] [32minfo[39m: 690b266957468589cd23226b
Wed Nov 05 2025 16:30:0 [Podlove] [32minfo[39m: 690b266957468589cd23226b
Wed Nov 05 2025 16:30:2 [Podlove] [32minfo[39m: 690b266957468589cd23226b
Wed Nov 05 2025 16:39:27 [Podlove] [32minfo[39m: Successfully Connected to MongoDB Atlas
Wed Nov 05 2025 16:39:32 [Podlove] [32minfo[39m: Privacy Policy exists!
Wed Nov 05 2025 16:39:32 [Podlove] [32minfo[39m: Consumer Policy exists!
Wed Nov 05 2025 16:39:32 [Podlove] [32minfo[39m: Media Policy exists!
Wed Nov 05 2025 16:39:32 [Podlove] [32minfo[39m: Server is running at PORT: 8000, HOST: 10.10.20.11
Wed Nov 05 2025 16:39:32 [Podlove] [32minfo[39m: Socket.IO server initialized
