Wed Jul 23 2025 18:44:45 [Podlove] [32minfo[39m: Successfully Connected to MongoDB Atlas
Wed Jul 23 2025 18:44:48 [Podlove] [32minfo[39m: Privacy Policy exists!
Wed Jul 23 2025 18:44:48 [Podlove] [32minfo[39m: Consumer Policy exists!
Wed Jul 23 2025 18:44:48 [Podlove] [32minfo[39m: Media Policy exists!
Wed Jul 23 2025 18:44:48 [Podlove] [32minfo[39m: Server is running at PORT: 8000, HOST: 10.10.10.59
Wed Jul 23 2025 18:44:48 [Podlove] [32minfo[39m: Socket.IO server initialized
Wed Jul 23 2025 18:46:13 [Podlove] [32minfo[39m: Successfully Connected to MongoDB Atlas
Wed Jul 23 2025 18:46:16 [Podlove] [32minfo[39m: Privacy Policy exists!
Wed Jul 23 2025 18:46:16 [Podlove] [32minfo[39m: Consumer Policy exists!
Wed Jul 23 2025 18:46:17 [Podlove] [32minfo[39m: Media Policy exists!
Wed Jul 23 2025 18:46:17 [Podlove] [32minfo[39m: Server is running at PORT: 8000, HOST: 10.10.10.59
Wed Jul 23 2025 18:46:17 [Podlove] [32minfo[39m: Socket.IO server initialized
Wed Jul 23 2025 18:49:17 [Podlove] [32minfo[39m: Successfully Connected to MongoDB Atlas
Wed Jul 23 2025 18:49:20 [Podlove] [32minfo[39m: Privacy Policy exists!
Wed Jul 23 2025 18:49:20 [Podlove] [32minfo[39m: Consumer Policy exists!
Wed Jul 23 2025 18:49:20 [Podlove] [32minfo[39m: Media Policy exists!
Wed Jul 23 2025 18:49:20 [Podlove] [32minfo[39m: Server is running at PORT: 8000, HOST: 10.10.10.59
Wed Jul 23 2025 18:49:20 [Podlove] [32minfo[39m: Socket.IO server initialized
Wed Jul 23 2025 18:50:28 [Podlove] [32minfo[39m: Successfully Connected to MongoDB Atlas
Wed Jul 23 2025 18:50:31 [Podlove] [32minfo[39m: Privacy Policy exists!
Wed Jul 23 2025 18:50:31 [Podlove] [32minfo[39m: Consumer Policy exists!
Wed Jul 23 2025 18:50:32 [Podlove] [32minfo[39m: Media Policy exists!
Wed Jul 23 2025 18:50:32 [Podlove] [32minfo[39m: Server is running at PORT: 8000, HOST: 10.10.10.59
Wed Jul 23 2025 18:50:32 [Podlove] [32minfo[39m: Socket.IO server initialized
Wed Jul 23 2025 18:51:19 [Podlove] [32minfo[39m: Successfully Connected to MongoDB Atlas
Wed Jul 23 2025 18:51:22 [Podlove] [32minfo[39m: Privacy Policy exists!
Wed Jul 23 2025 18:51:23 [Podlove] [32minfo[39m: Consumer Policy exists!
Wed Jul 23 2025 18:51:23 [Podlove] [32minfo[39m: Media Policy exists!
Wed Jul 23 2025 18:51:23 [Podlove] [32minfo[39m: Server is running at PORT: 8000, HOST: 10.10.10.59
Wed Jul 23 2025 18:51:23 [Podlove] [32minfo[39m: Socket.IO server initialized
Wed Jul 23 2025 18:53:14 [Podlove] [32minfo[39m: Successfully Connected to MongoDB Atlas
Wed Jul 23 2025 18:53:17 [Podlove] [32minfo[39m: Privacy Policy exists!
Wed Jul 23 2025 18:53:17 [Podlove] [32minfo[39m: Consumer Policy exists!
Wed Jul 23 2025 18:53:18 [Podlove] [32minfo[39m: Media Policy exists!
Wed Jul 23 2025 18:53:18 [Podlove] [32minfo[39m: Server is running at PORT: 8000, HOST: 10.10.10.59
Wed Jul 23 2025 18:53:18 [Podlove] [32minfo[39m: Socket.IO server initialized
