Mon Sep 15 2025 18:5:27 [Podlove] [32minfo[39m: 68a2b483e4d256e6debfad6d
Mon Sep 15 2025 18:5:29 [Podlove] [32minfo[39m: 68a2b483e4d256e6debfad6d
Mon Sep 15 2025 18:5:29 [Podlove] [32minfo[39m: 68a2b483e4d256e6debfad6d
Mon Sep 15 2025 18:35:40 [Podlove] [32minfo[39m: Successfully Connected to MongoDB Atlas
Mon Sep 15 2025 18:35:44 [Podlove] [32minfo[39m: Privacy Policy exists!
Mon Sep 15 2025 18:35:44 [Podlove] [32minfo[39m: Consumer Policy exists!
Mon Sep 15 2025 18:35:45 [Podlove] [32minfo[39m: Media Policy exists!
Mon Sep 15 2025 18:35:45 [Podlove] [32minfo[39m: Server is running at PORT: 8000, HOST: 10.10.20.11
Mon Sep 15 2025 18:35:45 [Podlove] [32minfo[39m: Socket.IO server initialized
Mon Sep 15 2025 18:36:8 [Podlove] [32minfo[39m: 68bfb2f1f3965a7de70cb13d
Mon Sep 15 2025 18:36:8 [Podlove] [32minfo[39m: 68bfb2f1f3965a7de70cb13d
Mon Sep 15 2025 18:36:25 [Podlove] [32minfo[39m: Successfully Connected to MongoDB Atlas
Mon Sep 15 2025 18:36:35 [Podlove] [32minfo[39m: Successfully Connected to MongoDB Atlas
Mon Sep 15 2025 18:36:38 [Podlove] [32minfo[39m: Privacy Policy exists!
Mon Sep 15 2025 18:36:41 [Podlove] [32minfo[39m: Consumer Policy exists!
Mon Sep 15 2025 18:36:41 [Podlove] [32minfo[39m: Media Policy exists!
Mon Sep 15 2025 18:36:41 [Podlove] [32minfo[39m: Server is running at PORT: 8000, HOST: 10.10.20.11
Mon Sep 15 2025 18:36:41 [Podlove] [32minfo[39m: Socket.IO server initialized
Mon Sep 15 2025 18:37:43 [Podlove] [32minfo[39m: 68bfb2f1f3965a7de70cb13d
Mon Sep 15 2025 18:37:43 [Podlove] [32minfo[39m: 68bfb2f1f3965a7de70cb13d
Mon Sep 15 2025 18:39:12 [Podlove] [32minfo[39m: 68bfb2f1f3965a7de70cb13d
Mon Sep 15 2025 18:39:12 [Podlove] [32minfo[39m: 68bfb2f1f3965a7de70cb13d
Mon Sep 15 2025 18:40:56 [Podlove] [32minfo[39m: 68c7d88644609f375717dee3
Mon Sep 15 2025 18:40:56 [Podlove] [32minfo[39m: 68c7d88644609f375717dee3
Mon Sep 15 2025 18:43:23 [Podlove] [31merror[39m: No account found with the given email
NotFoundError: No account found with the given email
    at login (/home/tayeur/Desktop/project/podlove_backend/src/controllers/authController.ts:75:37)
    at processTicksAndRejections (node:internal/process/task_queues:105:5)
NotFoundError
Mon Sep 15 2025 18:43:33 [Podlove] [31merror[39m: No account found with the given email
NotFoundError: No account found with the given email
    at login (/home/tayeur/Desktop/project/podlove_backend/src/controllers/authController.ts:75:37)
    at processTicksAndRejections (node:internal/process/task_queues:105:5)
NotFoundError
Mon Sep 15 2025 18:46:11 [Podlove] [31merror[39m: Wrong password. Please try again
UnauthorizedError: Wrong password. Please try again
    at login (/home/tayeur/Desktop/project/podlove_backend/src/controllers/authController.ts:78:28)
UnauthorizedError
Mon Sep 15 2025 18:46:22 [Podlove] [31merror[39m: Wrong password. Please try again
UnauthorizedError: Wrong password. Please try again
    at login (/home/tayeur/Desktop/project/podlove_backend/src/controllers/authController.ts:78:28)
UnauthorizedError
Mon Sep 15 2025 18:51:17 [Podlove] [32minfo[39m: 68c7d88644609f375717dee3
Mon Sep 15 2025 18:51:17 [Podlove] [32minfo[39m: 68c7d88644609f375717dee3
Mon Sep 15 2025 18:51:38 [Podlove] [32minfo[39m: 68bfb2f1f3965a7de70cb13d
Mon Sep 15 2025 18:51:38 [Podlove] [32minfo[39m: 68bfb2f1f3965a7de70cb13d
