Sun Jul 13 2025 18:0:38 [Podlove] [32minfo[39m: Successfully Connected to MongoDB Atlas
Sun Jul 13 2025 18:0:41 [Podlove] [32minfo[39m: Privacy Policy exists!
Sun Jul 13 2025 18:0:41 [Podlove] [32minfo[39m: Consumer Policy exists!
Sun Jul 13 2025 18:0:41 [Podlove] [32minfo[39m: Media Policy exists!
Sun Jul 13 2025 18:0:42 [Podlove] [32minfo[39m: Server is running at PORT: 8000, HOST: 10.0.60.147
Sun Jul 13 2025 18:0:42 [Podlove] [32minfo[39m: Socket.IO server initialized
Sun Jul 13 2025 18:8:30 [Podlove] [32minfo[39m: Successfully Connected to MongoDB Atlas
Sun Jul 13 2025 18:8:33 [Podlove] [32minfo[39m: Privacy Policy exists!
Sun Jul 13 2025 18:8:33 [Podlove] [32minfo[39m: Consumer Policy exists!
Sun Jul 13 2025 18:8:34 [Podlove] [32minfo[39m: Media Policy exists!
Sun Jul 13 2025 18:8:34 [Podlove] [32minfo[39m: Server is running at PORT: 8000, HOST: 10.0.60.147
Sun Jul 13 2025 18:8:34 [Podlove] [32minfo[39m: Socket.IO server initialized
Sun Jul 13 2025 18:11:8 [Podlove] [32minfo[39m: Successfully Connected to MongoDB Atlas
Sun Jul 13 2025 18:11:11 [Podlove] [32minfo[39m: Privacy Policy exists!
Sun Jul 13 2025 18:11:11 [Podlove] [32minfo[39m: Consumer Policy exists!
Sun Jul 13 2025 18:11:12 [Podlove] [32minfo[39m: Media Policy exists!
Sun Jul 13 2025 18:11:12 [Podlove] [32minfo[39m: Server is running at PORT: 8000, HOST: 10.0.60.147
Sun Jul 13 2025 18:11:12 [Podlove] [32minfo[39m: Socket.IO server initialized
Sun Jul 13 2025 18:12:45 [Podlove] [32minfo[39m: Successfully Connected to MongoDB Atlas
Sun Jul 13 2025 18:12:48 [Podlove] [32minfo[39m: Privacy Policy exists!
Sun Jul 13 2025 18:12:48 [Podlove] [32minfo[39m: Consumer Policy exists!
Sun Jul 13 2025 18:12:48 [Podlove] [32minfo[39m: Media Policy exists!
Sun Jul 13 2025 18:12:48 [Podlove] [32minfo[39m: Server is running at PORT: 8000, HOST: 10.0.60.147
Sun Jul 13 2025 18:12:48 [Podlove] [32minfo[39m: Socket.IO server initialized
Sun Jul 13 2025 18:15:1 [Podlove] [32minfo[39m: Successfully Connected to MongoDB Atlas
Sun Jul 13 2025 18:15:4 [Podlove] [32minfo[39m: Privacy Policy exists!
Sun Jul 13 2025 18:15:4 [Podlove] [32minfo[39m: Consumer Policy exists!
Sun Jul 13 2025 18:15:4 [Podlove] [32minfo[39m: Media Policy exists!
Sun Jul 13 2025 18:15:4 [Podlove] [32minfo[39m: Server is running at PORT: 8000, HOST: 10.0.60.147
Sun Jul 13 2025 18:15:4 [Podlove] [32minfo[39m: Socket.IO server initialized
Sun Jul 13 2025 18:40:59 [Podlove] [32minfo[39m: Successfully Connected to MongoDB Atlas
