Sun Jan 26 2025 19:1:20 [Podlove] [32minfo[39m: Successfully Connected to MongoDB Atlas
Sun Jan 26 2025 19:1:20 [Podlove] [32minfo[39m: Server is running at PORT: 7000
Sun Jan 26 2025 19:1:49 [Podlove] [32minfo[39m: Successfully Connected to MongoDB Atlas
Sun Jan 26 2025 19:1:50 [Podlove] [32minfo[39m: Server is running at PORT: 7000
Sun Jan 26 2025 19:1:59 [Podlove] [32minfo[39m: Successfully Connected to MongoDB Atlas
Sun Jan 26 2025 19:2:0 [Podlove] [32minfo[39m: Server is running at PORT: 7000
Sun Jan 26 2025 19:2:26 [Podlove] [32minfo[39m: Successfully Connected to MongoDB Atlas
Sun Jan 26 2025 19:2:27 [Podlove] [32minfo[39m: Server is running at PORT: 7000
Sun Jan 26 2025 19:3:8 [Podlove] [32minfo[39m: Successfully Connected to MongoDB Atlas
Sun Jan 26 2025 19:3:9 [Podlove] [32minfo[39m: Server is running at PORT: 7000
Sun Jan 26 2025 19:5:2 [Podlove] [32minfo[39m: Successfully Connected to MongoDB Atlas
Sun Jan 26 2025 19:5:2 [Podlove] [32minfo[39m: Server is running at PORT: 7000
Sun Jan 26 2025 19:5:24 [Podlove] [32minfo[39m: Successfully Connected to MongoDB Atlas
Sun Jan 26 2025 19:5:24 [Podlove] [32minfo[39m: Server is running at PORT: 7000
Sun Jan 26 2025 19:7:37 [Podlove] [32minfo[39m: Successfully Connected to MongoDB Atlas
Sun Jan 26 2025 19:7:37 [Podlove] [32minfo[39m: Server is running at PORT: 7000
Sun Jan 26 2025 19:8:6 [Podlove] [32minfo[39m: Successfully Connected to MongoDB Atlas
Sun Jan 26 2025 19:8:6 [Podlove] [32minfo[39m: Server is running at PORT: 7000
Sun Jan 26 2025 19:9:11 [Podlove] [32minfo[39m: Successfully Connected to MongoDB Atlas
Sun Jan 26 2025 19:9:11 [Podlove] [32minfo[39m: Server is running at PORT: 7000
Sun Jan 26 2025 19:9:39 [Podlove] [32minfo[39m: Successfully Connected to MongoDB Atlas
Sun Jan 26 2025 19:9:39 [Podlove] [32minfo[39m: Server is running at PORT: 7000
Sun Jan 26 2025 19:10:51 [Podlove] [32minfo[39m: Successfully Connected to MongoDB Atlas
Sun Jan 26 2025 19:10:51 [Podlove] [32minfo[39m: Server is running at PORT: 7000
Sun Jan 26 2025 19:11:57 [Podlove] [32minfo[39m: Successfully Connected to MongoDB Atlas
Sun Jan 26 2025 19:11:57 [Podlove] [32minfo[39m: Server is running at PORT: 7000
Sun Jan 26 2025 19:12:13 [Podlove] [32minfo[39m: Successfully Connected to MongoDB Atlas
Sun Jan 26 2025 19:12:14 [Podlove] [32minfo[39m: Server is running at PORT: 7000
Sun Jan 26 2025 19:12:28 [Podlove] [32minfo[39m: Successfully Connected to MongoDB Atlas
Sun Jan 26 2025 19:12:28 [Podlove] [32minfo[39m: Server is running at PORT: 7000
Sun Jan 26 2025 19:15:54 [Podlove] [32minfo[39m: Successfully Connected to MongoDB Atlas
Sun Jan 26 2025 19:15:54 [Podlove] [32minfo[39m: Server is running at PORT: 7000
Sun Jan 26 2025 19:20:24 [Podlove] [32minfo[39m: Successfully Connected to MongoDB Atlas
Sun Jan 26 2025 19:20:24 [Podlove] [32minfo[39m: Server is running at PORT: 7000
Sun Jan 26 2025 19:20:51 [Podlove] [32minfo[39m: Successfully Connected to MongoDB Atlas
Sun Jan 26 2025 19:20:51 [Podlove] [32minfo[39m: Server is running at PORT: 7000
Sun Jan 26 2025 19:21:5 [Podlove] [32minfo[39m: Successfully Connected to MongoDB Atlas
Sun Jan 26 2025 19:21:6 [Podlove] [32minfo[39m: Server is running at PORT: 7000
Sun Jan 26 2025 19:21:26 [Podlove] [32minfo[39m: Successfully Connected to MongoDB Atlas
Sun Jan 26 2025 19:21:26 [Podlove] [32minfo[39m: Server is running at PORT: 7000
Sun Jan 26 2025 19:24:50 [Podlove] [32minfo[39m: Successfully Connected to MongoDB Atlas
Sun Jan 26 2025 19:24:50 [Podlove] [32minfo[39m: Server is running at PORT: 7000
Sun Jan 26 2025 19:26:33 [Podlove] [32minfo[39m: Successfully Connected to MongoDB Atlas
Sun Jan 26 2025 19:26:33 [Podlove] [32minfo[39m: Server is running at PORT: 7000
Sun Jan 26 2025 19:26:44 [Podlove] [32minfo[39m: Successfully Connected to MongoDB Atlas
Sun Jan 26 2025 19:26:44 [Podlove] [32minfo[39m: Server is running at PORT: 7000
Sun Jan 26 2025 19:26:55 [Podlove] [32minfo[39m: Successfully Connected to MongoDB Atlas
Sun Jan 26 2025 19:26:55 [Podlove] [32minfo[39m: Server is running at PORT: 7000
Sun Jan 26 2025 19:32:13 [Podlove] [32minfo[39m: Successfully Connected to MongoDB Atlas
Sun Jan 26 2025 19:32:13 [Podlove] [32minfo[39m: Server is running at PORT: 7000
Sun Jan 26 2025 19:33:56 [Podlove] [32minfo[39m: Successfully Connected to MongoDB Atlas
Sun Jan 26 2025 19:33:57 [Podlove] [32minfo[39m: Server is running at PORT: 7000
Sun Jan 26 2025 19:37:20 [Podlove] [32minfo[39m: Successfully Connected to MongoDB Atlas
Sun Jan 26 2025 19:37:21 [Podlove] [32minfo[39m: Server is running at PORT: 7000
Sun Jan 26 2025 19:43:34 [Podlove] [32minfo[39m: Successfully Connected to MongoDB Atlas
Sun Jan 26 2025 19:43:34 [Podlove] [32minfo[39m: Server is running at PORT: 7000
Sun Jan 26 2025 19:43:47 [Podlove] [32minfo[39m: Successfully Connected to MongoDB Atlas
Sun Jan 26 2025 19:43:47 [Podlove] [32minfo[39m: Server is running at PORT: 7000
Sun Jan 26 2025 19:44:37 [Podlove] [31merror[39m: Administrator validation failed: access: Path `access` is required.
ValidationError: Administrator validation failed: access: Path `access` is required.
    at model.Document.invalidate (/home/mir/dev/projects/podlove_backend/node_modules/.pnpm/mongoose@8.8.4/node_modules/mongoose/lib/document.js:3318:32)
    at /home/mir/dev/projects/podlove_backend/node_modules/.pnpm/mongoose@8.8.4/node_modules/mongoose/lib/document.js:3079:17
    at /home/mir/dev/projects/podlove_backend/node_modules/.pnpm/mongoose@8.8.4/node_modules/mongoose/lib/schemaType.js:1388:9
    at processTicksAndRejections (node:internal/process/task_queues:85:11)
ValidationError
Sun Jan 26 2025 19:48:11 [Podlove] [32minfo[39m: Successfully Connected to MongoDB Atlas
Sun Jan 26 2025 19:48:11 [Podlove] [32minfo[39m: Server is running at PORT: 7000
Sun Jan 26 2025 19:49:9 [Podlove] [32minfo[39m: Successfully Connected to MongoDB Atlas
Sun Jan 26 2025 19:49:9 [Podlove] [32minfo[39m: Server is running at PORT: 7000
Sun Jan 26 2025 19:49:34 [Podlove] [32minfo[39m: Successfully Connected to MongoDB Atlas
Sun Jan 26 2025 19:49:35 [Podlove] [32minfo[39m: Server is running at PORT: 7000
Sun Jan 26 2025 19:51:20 [Podlove] [32minfo[39m: Successfully Connected to MongoDB Atlas
Sun Jan 26 2025 19:51:21 [Podlove] [32minfo[39m: Server is running at PORT: 7000
Sun Jan 26 2025 19:51:31 [Podlove] [32minfo[39m: Successfully Connected to MongoDB Atlas
Sun Jan 26 2025 19:51:32 [Podlove] [32minfo[39m: Server is running at PORT: 7000
Sun Jan 26 2025 19:52:12 [Podlove] [32minfo[39m: Successfully Connected to MongoDB Atlas
Sun Jan 26 2025 19:52:12 [Podlove] [32minfo[39m: Server is running at PORT: 7000
Sun Jan 26 2025 19:52:23 [Podlove] [32minfo[39m: Successfully Connected to MongoDB Atlas
Sun Jan 26 2025 19:52:23 [Podlove] [32minfo[39m: Server is running at PORT: 7000
Sun Jan 26 2025 19:52:58 [Podlove] [32minfo[39m: Successfully Connected to MongoDB Atlas
Sun Jan 26 2025 19:52:58 [Podlove] [32minfo[39m: Server is running at PORT: 7000
Sun Jan 26 2025 19:53:20 [Podlove] [32minfo[39m: Successfully Connected to MongoDB Atlas
Sun Jan 26 2025 19:53:20 [Podlove] [32minfo[39m: Server is running at PORT: 7000
Sun Jan 26 2025 19:55:25 [Podlove] [32minfo[39m: Successfully Connected to MongoDB Atlas
Sun Jan 26 2025 19:55:25 [Podlove] [32minfo[39m: Server is running at PORT: 7000
Sun Jan 26 2025 19:56:0 [Podlove] [32minfo[39m: Successfully Connected to MongoDB Atlas
Sun Jan 26 2025 19:56:0 [Podlove] [32minfo[39m: Server is running at PORT: 7000
Sun Jan 26 2025 19:56:17 [Podlove] [32minfo[39m: Successfully Connected to MongoDB Atlas
Sun Jan 26 2025 19:56:17 [Podlove] [32minfo[39m: Server is running at PORT: 7000
Sun Jan 26 2025 19:58:40 [Podlove] [32minfo[39m: Successfully Connected to MongoDB Atlas
Sun Jan 26 2025 19:58:41 [Podlove] [32minfo[39m: Server is running at PORT: 7000
Sun Jan 26 2025 19:59:5 [Podlove] [32minfo[39m: Successfully Connected to MongoDB Atlas
Sun Jan 26 2025 19:59:5 [Podlove] [32minfo[39m: Server is running at PORT: 7000
