Thu Nov 20 2025 11:8:48 [Podlove] [32minfo[39m: Successfully Connected to MongoDB Atlas
Thu Nov 20 2025 11:8:51 [Podlove] [32minfo[39m: Privacy Policy exists!
Thu Nov 20 2025 11:8:52 [Podlove] [32minfo[39m: Consumer Policy exists!
Thu Nov 20 2025 11:8:52 [Podlove] [32minfo[39m: Media Policy exists!
Thu Nov 20 2025 11:8:52 [Podlove] [32minfo[39m: Server is running at PORT: 8000, HOST: 10.10.20.11
Thu Nov 20 2025 11:8:52 [Podlove] [32minfo[39m: Socket.IO server initialized
Thu Nov 20 2025 11:21:33 [Podlove] [32minfo[39m: Successfully Connected to MongoDB Atlas
Thu Nov 20 2025 11:21:51 [Podlove] [32minfo[39m: Successfully Connected to MongoDB Atlas
Thu Nov 20 2025 11:21:55 [Podlove] [32minfo[39m: Privacy Policy exists!
Thu Nov 20 2025 11:21:55 [Podlove] [32minfo[39m: Consumer Policy exists!
Thu Nov 20 2025 11:21:55 [Podlove] [32minfo[39m: Media Policy exists!
Thu Nov 20 2025 11:21:55 [Podlove] [32minfo[39m: Server is running at PORT: 8000, HOST: 10.10.20.11
Thu Nov 20 2025 11:21:55 [Podlove] [32minfo[39m: Socket.IO server initialized
Thu Nov 20 2025 11:22:27 [Podlove] [32minfo[39m: Successfully Connected to MongoDB Atlas
Thu Nov 20 2025 11:22:30 [Podlove] [32minfo[39m: Privacy Policy exists!
Thu Nov 20 2025 11:22:30 [Podlove] [32minfo[39m: Consumer Policy exists!
Thu Nov 20 2025 11:22:30 [Podlove] [32minfo[39m: Media Policy exists!
Thu Nov 20 2025 11:22:30 [Podlove] [32minfo[39m: Server is running at PORT: 8000, HOST: 10.10.20.11
Thu Nov 20 2025 11:22:30 [Podlove] [32minfo[39m: Socket.IO server initialized
Thu Nov 20 2025 11:23:4 [Podlove] [32minfo[39m: Successfully Connected to MongoDB Atlas
