Tue Apr 22 2025 15:0:36 [Podlove] [32minfo[39m: Successfully Connected to MongoDB Atlas
Tue Apr 22 2025 15:0:37 [Podlove] [32minfo[39m: Privacy Policy exists!
Tue Apr 22 2025 15:0:37 [Podlove] [32minfo[39m: Consumer Policy exists!
Tue Apr 22 2025 15:0:37 [Podlove] [32minfo[39m: Media Policy exists!
Tue Apr 22 2025 15:0:37 [Podlove] [32minfo[39m: Server is running at PORT: 7001
Tue Apr 22 2025 15:0:45 [Podlove] [32minfo[39m: Successfully Connected to MongoDB Atlas
Tue Apr 22 2025 15:0:46 [Podlove] [32minfo[39m: Privacy Policy exists!
Tue Apr 22 2025 15:0:46 [Podlove] [32minfo[39m: Consumer Policy exists!
Tue Apr 22 2025 15:0:46 [Podlove] [32minfo[39m: Media Policy exists!
Tue Apr 22 2025 15:0:46 [Podlove] [32minfo[39m: Server is running at PORT: 7001
Tue Apr 22 2025 15:1:6 [Podlove] [32minfo[39m: 67c7eade734e6386abd7ffab
Tue Apr 22 2025 15:1:6 [Podlove] [32minfo[39m: [object Object]
Tue Apr 22 2025 15:1:9 [Podlove] [32minfo[39m: 67c7eade734e6386abd7ffab
Tue Apr 22 2025 15:1:9 [Podlove] [32minfo[39m: [object Object]
Tue Apr 22 2025 15:1:21 [Podlove] [31merror[39m: Not Authorized
UnauthorizedError: Not Authorized
    at /home/mir/dev/projects/podlove_backend/src/middlewares/authorization.ts:44:30
    at /home/mir/dev/projects/podlove_backend/src/shared/asyncHandler.ts:7:19
    at Layer.handle [as handle_request] (/home/mir/dev/projects/podlove_backend/node_modules/.pnpm/express@4.21.2/node_modules/express/lib/router/layer.js:95:5)
    at next (/home/mir/dev/projects/podlove_backend/node_modules/.pnpm/express@4.21.2/node_modules/express/lib/router/route.js:149:13)
    at Route.dispatch (/home/mir/dev/projects/podlove_backend/node_modules/.pnpm/express@4.21.2/node_modules/express/lib/router/route.js:119:3)
    at Layer.handle [as handle_request] (/home/mir/dev/projects/podlove_backend/node_modules/.pnpm/express@4.21.2/node_modules/express/lib/router/layer.js:95:5)
    at /home/mir/dev/projects/podlove_backend/node_modules/.pnpm/express@4.21.2/node_modules/express/lib/router/index.js:284:15
    at Function.process_params (/home/mir/dev/projects/podlove_backend/node_modules/.pnpm/express@4.21.2/node_modules/express/lib/router/index.js:346:12)
    at next (/home/mir/dev/projects/podlove_backend/node_modules/.pnpm/express@4.21.2/node_modules/express/lib/router/index.js:280:10)
    at Function.handle (/home/mir/dev/projects/podlove_backend/node_modules/.pnpm/express@4.21.2/node_modules/express/lib/router/index.js:175:3)
UnauthorizedError
Tue Apr 22 2025 15:1:48 [Podlove] [32minfo[39m: 67c7eade734e6386abd7ffab
Tue Apr 22 2025 15:1:48 [Podlove] [32minfo[39m: [object Object]
Tue Apr 22 2025 15:1:51 [Podlove] [32minfo[39m: 67c7eade734e6386abd7ffab
Tue Apr 22 2025 15:1:51 [Podlove] [32minfo[39m: [object Object]
Tue Apr 22 2025 15:1:55 [Podlove] [32minfo[39m: 67c7eade734e6386abd7ffab
Tue Apr 22 2025 15:1:55 [Podlove] [31merror[39m: Account Not Found
NotFoundError: Account Not Found
    at /home/mir/dev/projects/podlove_backend/src/middlewares/authorization.ts:61:41
    at processTicksAndRejections (node:internal/process/task_queues:105:5)
NotFoundError
Tue Apr 22 2025 15:1:58 [Podlove] [32minfo[39m: 67c7eade734e6386abd7ffab
Tue Apr 22 2025 15:1:58 [Podlove] [32minfo[39m: [object Object]
Tue Apr 22 2025 15:2:0 [Podlove] [32minfo[39m: 67c7eade734e6386abd7ffab
Tue Apr 22 2025 15:2:0 [Podlove] [32minfo[39m: [object Object]
Tue Apr 22 2025 15:2:1 [Podlove] [32minfo[39m: 67c7eade734e6386abd7ffab
Tue Apr 22 2025 15:2:1 [Podlove] [32minfo[39m: [object Object]
Tue Apr 22 2025 15:2:1 [Podlove] [32minfo[39m: 67c7eade734e6386abd7ffab
Tue Apr 22 2025 15:2:1 [Podlove] [31merror[39m: Account Not Found
NotFoundError: Account Not Found
    at /home/mir/dev/projects/podlove_backend/src/middlewares/authorization.ts:61:41
    at processTicksAndRejections (node:internal/process/task_queues:105:5)
NotFoundError
Tue Apr 22 2025 15:2:6 [Podlove] [32minfo[39m: 67c7eade734e6386abd7ffab
Tue Apr 22 2025 15:2:6 [Podlove] [32minfo[39m: [object Object]
Tue Apr 22 2025 15:2:6 [Podlove] [32minfo[39m: 67c7eade734e6386abd7ffab
Tue Apr 22 2025 15:2:6 [Podlove] [32minfo[39m: [object Object]
Tue Apr 22 2025 15:2:16 [Podlove] [32minfo[39m: 67a98f287809a7a156b6d1cf
