Fri Jul 04 2025 20:5:40 [Podlove] [32minfo[39m: Successfully Connected to MongoDB Atlas
Fri Jul 04 2025 20:5:43 [Podlove] [32minfo[39m: Privacy Policy exists!
Fri Jul 04 2025 20:5:43 [Podlove] [32minfo[39m: Consumer Policy exists!
Fri Jul 04 2025 20:5:43 [Podlove] [32minfo[39m: Media Policy exists!
Fri Jul 04 2025 20:5:43 [Podlove] [32minfo[39m: Server is running at PORT: 5000, HOST: 10.0.60.168
Fri Jul 04 2025 20:7:57 [Podlove] [32minfo[39m: Successfully Connected to MongoDB Atlas
Fri Jul 04 2025 20:8:0 [Podlove] [32minfo[39m: Privacy Policy exists!
Fri Jul 04 2025 20:8:1 [Podlove] [32minfo[39m: Consumer Policy exists!
Fri Jul 04 2025 20:8:1 [Podlove] [32minfo[39m: Media Policy exists!
Fri Jul 04 2025 20:8:1 [Podlove] [32minfo[39m: Server is running at PORT: 5000, HOST: 10.0.60.168
Fri Jul 04 2025 20:8:32 [Podlove] [32minfo[39m: Successfully Connected to MongoDB Atlas
Fri Jul 04 2025 20:8:35 [Podlove] [32minfo[39m: Privacy Policy exists!
Fri Jul 04 2025 20:8:35 [Podlove] [32minfo[39m: Consumer Policy exists!
Fri Jul 04 2025 20:8:35 [Podlove] [32minfo[39m: Media Policy exists!
Fri Jul 04 2025 20:8:35 [Podlove] [32minfo[39m: Server is running at PORT: 5000, HOST: 10.0.60.168
Fri Jul 04 2025 20:10:53 [Podlove] [32minfo[39m: Successfully Connected to MongoDB Atlas
Fri Jul 04 2025 20:11:1 [Podlove] [32minfo[39m: Successfully Connected to MongoDB Atlas
Fri Jul 04 2025 20:11:4 [Podlove] [32minfo[39m: Privacy Policy exists!
Fri Jul 04 2025 20:11:4 [Podlove] [32minfo[39m: Consumer Policy exists!
Fri Jul 04 2025 20:11:4 [Podlove] [32minfo[39m: Media Policy exists!
Fri Jul 04 2025 20:11:4 [Podlove] [32minfo[39m: Server is running at PORT: 5000, HOST: 10.0.60.168
Fri Jul 04 2025 20:12:7 [Podlove] [32minfo[39m: Successfully Connected to MongoDB Atlas
Fri Jul 04 2025 20:12:10 [Podlove] [32minfo[39m: Privacy Policy exists!
Fri Jul 04 2025 20:12:10 [Podlove] [32minfo[39m: Consumer Policy exists!
Fri Jul 04 2025 20:12:10 [Podlove] [32minfo[39m: Media Policy exists!
Fri Jul 04 2025 20:12:10 [Podlove] [32minfo[39m: Server is running at PORT: 5000, HOST: 10.0.60.168
Fri Jul 04 2025 20:43:5 [Podlove] [32minfo[39m: Successfully Connected to MongoDB Atlas
Fri Jul 04 2025 20:43:8 [Podlove] [32minfo[39m: Privacy Policy exists!
Fri Jul 04 2025 20:43:8 [Podlove] [32minfo[39m: Consumer Policy exists!
Fri Jul 04 2025 20:43:8 [Podlove] [32minfo[39m: Media Policy exists!
Fri Jul 04 2025 20:43:8 [Podlove] [32minfo[39m: Server is running at PORT: 5000, HOST: 10.0.60.168
Fri Jul 04 2025 20:43:53 [Podlove] [32minfo[39m: Successfully Connected to MongoDB Atlas
Fri Jul 04 2025 20:43:56 [Podlove] [32minfo[39m: Privacy Policy exists!
Fri Jul 04 2025 20:43:56 [Podlove] [32minfo[39m: Consumer Policy exists!
Fri Jul 04 2025 20:43:56 [Podlove] [32minfo[39m: Media Policy exists!
Fri Jul 04 2025 20:43:56 [Podlove] [32minfo[39m: Server is running at PORT: 5000, HOST: 10.0.60.168
Fri Jul 04 2025 20:44:29 [Podlove] [32minfo[39m: Successfully Connected to MongoDB Atlas
Fri Jul 04 2025 20:44:32 [Podlove] [32minfo[39m: Privacy Policy exists!
Fri Jul 04 2025 20:44:32 [Podlove] [32minfo[39m: Consumer Policy exists!
Fri Jul 04 2025 20:44:32 [Podlove] [32minfo[39m: Media Policy exists!
Fri Jul 04 2025 20:44:32 [Podlove] [32minfo[39m: Server is running at PORT: 5000, HOST: 10.0.60.168
Fri Jul 04 2025 20:44:44 [Podlove] [32minfo[39m: Successfully Connected to MongoDB Atlas
Fri Jul 04 2025 20:44:46 [Podlove] [32minfo[39m: Privacy Policy exists!
Fri Jul 04 2025 20:44:47 [Podlove] [32minfo[39m: Consumer Policy exists!
Fri Jul 04 2025 20:44:47 [Podlove] [32minfo[39m: Media Policy exists!
Fri Jul 04 2025 20:44:47 [Podlove] [32minfo[39m: Server is running at PORT: 5000, HOST: 10.0.60.168
Fri Jul 04 2025 20:47:41 [Podlove] [32minfo[39m: Successfully Connected to MongoDB Atlas
Fri Jul 04 2025 20:47:43 [Podlove] [32minfo[39m: Privacy Policy exists!
Fri Jul 04 2025 20:47:44 [Podlove] [32minfo[39m: Consumer Policy exists!
Fri Jul 04 2025 20:47:44 [Podlove] [32minfo[39m: Media Policy exists!
Fri Jul 04 2025 20:47:44 [Podlove] [32minfo[39m: Server is running at PORT: 5000, HOST: 10.0.60.168
Fri Jul 04 2025 20:48:17 [Podlove] [32minfo[39m: Successfully Connected to MongoDB Atlas
Fri Jul 04 2025 20:48:19 [Podlove] [32minfo[39m: Privacy Policy exists!
Fri Jul 04 2025 20:48:20 [Podlove] [32minfo[39m: Consumer Policy exists!
Fri Jul 04 2025 20:48:20 [Podlove] [32minfo[39m: Media Policy exists!
Fri Jul 04 2025 20:48:20 [Podlove] [32minfo[39m: Server is running at PORT: 5000, HOST: 10.0.60.168
