Fri Jul 11 2025 10:29:27 [Podlove] [32minfo[39m: Successfully Connected to MongoDB Atlas
Fri Jul 11 2025 10:29:31 [Podlove] [32minfo[39m: Privacy Policy exists!
Fri Jul 11 2025 10:29:31 [Podlove] [32minfo[39m: Consumer Policy exists!
Fri Jul 11 2025 10:29:31 [Podlove] [32minfo[39m: Media Policy exists!
Fri Jul 11 2025 10:29:31 [Podlove] [32minfo[39m: Server is running at PORT: 8000, HOST: 10.0.60.147
Fri Jul 11 2025 10:29:31 [Podlove] [32minfo[39m: Socket.IO server initialized
Fri Jul 11 2025 10:34:40 [Podlove] [32minfo[39m: Successfully Connected to MongoDB Atlas
Fri Jul 11 2025 10:34:43 [Podlove] [32minfo[39m: Privacy Policy exists!
Fri Jul 11 2025 10:34:44 [Podlove] [32minfo[39m: Consumer Policy exists!
Fri Jul 11 2025 10:34:44 [Podlove] [32minfo[39m: Media Policy exists!
Fri Jul 11 2025 10:34:44 [Podlove] [32minfo[39m: Server is running at PORT: 8000, HOST: 10.0.60.147
Fri Jul 11 2025 10:34:44 [Podlove] [32minfo[39m: Socket.IO server initialized
Fri Jul 11 2025 10:35:6 [Podlove] [32minfo[39m: Successfully Connected to MongoDB Atlas
Fri Jul 11 2025 10:35:9 [Podlove] [32minfo[39m: Privacy Policy exists!
Fri Jul 11 2025 10:35:9 [Podlove] [32minfo[39m: Consumer Policy exists!
Fri Jul 11 2025 10:35:10 [Podlove] [32minfo[39m: Media Policy exists!
Fri Jul 11 2025 10:35:10 [Podlove] [32minfo[39m: Server is running at PORT: 8000, HOST: 10.0.60.147
Fri Jul 11 2025 10:35:10 [Podlove] [32minfo[39m: Socket.IO server initialized
Fri Jul 11 2025 10:42:55 [Podlove] [32minfo[39m: Successfully Connected to MongoDB Atlas
Fri Jul 11 2025 10:43:4 [Podlove] [32minfo[39m: Successfully Connected to MongoDB Atlas
Fri Jul 11 2025 10:43:7 [Podlove] [32minfo[39m: Privacy Policy exists!
Fri Jul 11 2025 10:43:8 [Podlove] [32minfo[39m: Consumer Policy exists!
Fri Jul 11 2025 10:43:8 [Podlove] [32minfo[39m: Media Policy exists!
Fri Jul 11 2025 10:43:8 [Podlove] [32minfo[39m: Server is running at PORT: 8000, HOST: 10.0.60.147
Fri Jul 11 2025 10:43:8 [Podlove] [32minfo[39m: Socket.IO server initialized
Fri Jul 11 2025 10:44:16 [Podlove] [32minfo[39m: Successfully Connected to MongoDB Atlas
Fri Jul 11 2025 10:44:20 [Podlove] [32minfo[39m: Privacy Policy exists!
Fri Jul 11 2025 10:44:20 [Podlove] [32minfo[39m: Consumer Policy exists!
Fri Jul 11 2025 10:44:20 [Podlove] [32minfo[39m: Media Policy exists!
Fri Jul 11 2025 10:44:20 [Podlove] [32minfo[39m: Server is running at PORT: 8000, HOST: 10.0.60.147
Fri Jul 11 2025 10:44:20 [Podlove] [32minfo[39m: Socket.IO server initialized
