Mon Aug 25 2025 17:5:19 [Podlove] [32minfo[39m: Successfully Connected to MongoDB Atlas
Mon Aug 25 2025 17:5:22 [Podlove] [32minfo[39m: Privacy Policy exists!
Mon Aug 25 2025 17:5:22 [Podlove] [32minfo[39m: Consumer Policy exists!
Mon Aug 25 2025 17:5:23 [Podlove] [32minfo[39m: Media Policy exists!
Mon Aug 25 2025 17:5:23 [Podlove] [32minfo[39m: Server is running at PORT: 8000, HOST: 10.10.20.11
Mon Aug 25 2025 17:5:23 [Podlove] [32minfo[39m: Socket.IO server initialized
Mon Aug 25 2025 17:7:28 [Podlove] [32minfo[39m: 68ac37bd188cd94c6e332255
Mon Aug 25 2025 17:7:28 [Podlove] [32minfo[39m: 68ac37bd188cd94c6e332255
Mon Aug 25 2025 17:8:5 [Podlove] [32minfo[39m: 68ac37bd188cd94c6e332255
Mon Aug 25 2025 17:8:7 [Podlove] [31merror[39m: No such price: 'price_1RwxkCBKsxmkwp63eXNPW356'
Error: No such price: 'price_1RwxkCBKsxmkwp63eXNPW356'
    at generateV1Error (/home/tayeur/Desktop/project/podlove_backend/node_modules/stripe/cjs/Error.js:11:20)
    at res.toJSON.then.Error_js_1.StripeAPIError.message (/home/tayeur/Desktop/project/podlove_backend/node_modules/stripe/cjs/RequestSender.js:108:62)
    at processTicksAndRejections (node:internal/process/task_queues:105:5)
Error
Mon Aug 25 2025 17:10:31 [Podlove] [32minfo[39m: Successfully Connected to MongoDB Atlas
Mon Aug 25 2025 17:10:35 [Podlove] [32minfo[39m: Privacy Policy exists!
Mon Aug 25 2025 17:10:35 [Podlove] [32minfo[39m: Consumer Policy exists!
Mon Aug 25 2025 17:10:35 [Podlove] [32minfo[39m: Media Policy exists!
Mon Aug 25 2025 17:10:35 [Podlove] [32minfo[39m: Server is running at PORT: 8000, HOST: 10.10.20.11
Mon Aug 25 2025 17:10:35 [Podlove] [32minfo[39m: Socket.IO server initialized
Mon Aug 25 2025 17:10:39 [Podlove] [32minfo[39m: 68ac37bd188cd94c6e332255
Mon Aug 25 2025 17:10:41 [Podlove] [31merror[39m: No such price: 'price_1RwxkCBKsxmkwp63eXNPW356'
Error: No such price: 'price_1RwxkCBKsxmkwp63eXNPW356'
    at generateV1Error (/home/tayeur/Desktop/project/podlove_backend/node_modules/stripe/cjs/Error.js:11:20)
    at res.toJSON.then.Error_js_1.StripeAPIError.message (/home/tayeur/Desktop/project/podlove_backend/node_modules/stripe/cjs/RequestSender.js:108:62)
    at processTicksAndRejections (node:internal/process/task_queues:105:5)
Error
Mon Aug 25 2025 17:12:19 [Podlove] [32minfo[39m: Successfully Connected to MongoDB Atlas
Mon Aug 25 2025 17:12:22 [Podlove] [32minfo[39m: Privacy Policy exists!
Mon Aug 25 2025 17:12:22 [Podlove] [32minfo[39m: Consumer Policy exists!
Mon Aug 25 2025 17:12:22 [Podlove] [32minfo[39m: Media Policy exists!
Mon Aug 25 2025 17:12:22 [Podlove] [32minfo[39m: Server is running at PORT: 8000, HOST: 10.10.20.11
Mon Aug 25 2025 17:12:22 [Podlove] [32minfo[39m: Socket.IO server initialized
Mon Aug 25 2025 17:24:38 [Podlove] [32minfo[39m: Successfully Connected to MongoDB Atlas
Mon Aug 25 2025 17:24:41 [Podlove] [32minfo[39m: Privacy Policy exists!
Mon Aug 25 2025 17:24:41 [Podlove] [32minfo[39m: Consumer Policy exists!
Mon Aug 25 2025 17:24:42 [Podlove] [32minfo[39m: Media Policy exists!
Mon Aug 25 2025 17:24:42 [Podlove] [32minfo[39m: Server is running at PORT: 8000, HOST: 10.10.20.11
Mon Aug 25 2025 17:24:42 [Podlove] [32minfo[39m: Socket.IO server initialized
Mon Aug 25 2025 17:27:53 [Podlove] [31merror[39m: No account found with the given email
NotFoundError: No account found with the given email
    at login (/home/tayeur/Desktop/project/podlove_backend/src/controllers/authController.ts:75:37)
    at processTicksAndRejections (node:internal/process/task_queues:105:5)
NotFoundError
Mon Aug 25 2025 17:29:40 [Podlove] [32minfo[39m: Successfully Connected to MongoDB Atlas
Mon Aug 25 2025 17:29:44 [Podlove] [32minfo[39m: Privacy Policy exists!
Mon Aug 25 2025 17:29:44 [Podlove] [32minfo[39m: Consumer Policy exists!
Mon Aug 25 2025 17:29:44 [Podlove] [32minfo[39m: Media Policy exists!
Mon Aug 25 2025 17:29:44 [Podlove] [32minfo[39m: Server is running at PORT: 8000, HOST: 10.10.20.11
Mon Aug 25 2025 17:29:44 [Podlove] [32minfo[39m: Socket.IO server initialized
Mon Aug 25 2025 17:29:52 [Podlove] [31merror[39m: No account found with the given email
NotFoundError: No account found with the given email
    at login (/home/tayeur/Desktop/project/podlove_backend/src/controllers/authController.ts:75:37)
    at processTicksAndRejections (node:internal/process/task_queues:105:5)
NotFoundError
Mon Aug 25 2025 17:33:18 [Podlove] [31merror[39m: No account found with the given email
NotFoundError: No account found with the given email
    at login (/home/tayeur/Desktop/project/podlove_backend/src/controllers/authController.ts:75:37)
    at processTicksAndRejections (node:internal/process/task_queues:105:5)
NotFoundError
Mon Aug 25 2025 17:33:46 [Podlove] [31merror[39m: No account found with the given email
NotFoundError: No account found with the given email
    at login (/home/tayeur/Desktop/project/podlove_backend/src/controllers/authController.ts:75:37)
    at processTicksAndRejections (node:internal/process/task_queues:105:5)
NotFoundError
Mon Aug 25 2025 17:38:59 [Podlove] [32minfo[39m: 68ac37bd188cd94c6e332255
Mon Aug 25 2025 17:39:7 [Podlove] [32minfo[39m: 68ac37bd188cd94c6e332255
Mon Aug 25 2025 17:39:59 [Podlove] [32minfo[39m: Successfully Connected to MongoDB Atlas
Mon Aug 25 2025 17:40:2 [Podlove] [32minfo[39m: Privacy Policy exists!
Mon Aug 25 2025 17:40:2 [Podlove] [32minfo[39m: Consumer Policy exists!
Mon Aug 25 2025 17:40:2 [Podlove] [32minfo[39m: Media Policy exists!
Mon Aug 25 2025 17:40:2 [Podlove] [32minfo[39m: Server is running at PORT: 8000, HOST: 10.10.20.11
Mon Aug 25 2025 17:40:2 [Podlove] [32minfo[39m: Socket.IO server initialized
Mon Aug 25 2025 17:49:3 [Podlove] [32minfo[39m: Successfully Connected to MongoDB Atlas
Mon Aug 25 2025 17:49:6 [Podlove] [32minfo[39m: Privacy Policy exists!
Mon Aug 25 2025 17:49:6 [Podlove] [32minfo[39m: Consumer Policy exists!
Mon Aug 25 2025 17:49:7 [Podlove] [32minfo[39m: Media Policy exists!
Mon Aug 25 2025 17:49:7 [Podlove] [32minfo[39m: Server is running at PORT: 8000, HOST: 10.10.20.11
Mon Aug 25 2025 17:49:7 [Podlove] [32minfo[39m: Socket.IO server initialized
Mon Aug 25 2025 17:58:18 [Podlove] [32minfo[39m: Successfully Connected to MongoDB Atlas
Mon Aug 25 2025 17:58:21 [Podlove] [32minfo[39m: Privacy Policy exists!
Mon Aug 25 2025 17:58:21 [Podlove] [32minfo[39m: Consumer Policy exists!
Mon Aug 25 2025 17:58:22 [Podlove] [32minfo[39m: Media Policy exists!
Mon Aug 25 2025 17:58:22 [Podlove] [32minfo[39m: Server is running at PORT: 8000, HOST: 10.10.20.11
Mon Aug 25 2025 17:58:22 [Podlove] [32minfo[39m: Socket.IO server initialized
