Mon Nov 24 2025 12:10:56 [Podlove] [32minfo[39m: Successfully Connected to MongoDB Atlas
Mon Nov 24 2025 12:11:0 [Podlove] [32minfo[39m: Privacy Policy exists!
Mon Nov 24 2025 12:11:0 [Podlove] [32minfo[39m: Consumer Policy exists!
Mon Nov 24 2025 12:11:1 [Podlove] [32minfo[39m: Media Policy exists!
Mon Nov 24 2025 12:11:1 [Podlove] [32minfo[39m: Server is running at PORT: 8000, HOST: 10.10.20.11
Mon Nov 24 2025 12:11:1 [Podlove] [32minfo[39m: Socket.IO server initialized
Mon Nov 24 2025 12:13:6 [Podlove] [32minfo[39m: Successfully Connected to MongoDB Atlas
Mon Nov 24 2025 12:13:10 [Podlove] [32minfo[39m: Privacy Policy exists!
Mon Nov 24 2025 12:13:11 [Podlove] [32minfo[39m: Consumer Policy exists!
Mon Nov 24 2025 12:13:11 [Podlove] [32minfo[39m: Media Policy exists!
Mon Nov 24 2025 12:13:11 [Podlove] [32minfo[39m: Server is running at PORT: 8000, HOST: 10.10.20.11
Mon Nov 24 2025 12:13:11 [Podlove] [32minfo[39m: Socket.IO server initialized
Mon Nov 24 2025 12:13:40 [Podlove] [32minfo[39m: Successfully Connected to MongoDB Atlas
Mon Nov 24 2025 12:13:44 [Podlove] [32minfo[39m: Privacy Policy exists!
Mon Nov 24 2025 12:13:44 [Podlove] [32minfo[39m: Consumer Policy exists!
Mon Nov 24 2025 12:13:53 [Podlove] [32minfo[39m: Successfully Connected to MongoDB Atlas
Mon Nov 24 2025 12:13:57 [Podlove] [32minfo[39m: Privacy Policy exists!
Mon Nov 24 2025 12:13:57 [Podlove] [32minfo[39m: Consumer Policy exists!
Mon Nov 24 2025 12:13:58 [Podlove] [32minfo[39m: Media Policy exists!
Mon Nov 24 2025 12:13:58 [Podlove] [32minfo[39m: Server is running at PORT: 8000, HOST: 10.10.20.11
Mon Nov 24 2025 12:13:58 [Podlove] [32minfo[39m: Socket.IO server initialized
Mon Nov 24 2025 12:14:26 [Podlove] [32minfo[39m: Successfully Connected to MongoDB Atlas
Mon Nov 24 2025 12:14:30 [Podlove] [32minfo[39m: Privacy Policy exists!
Mon Nov 24 2025 12:14:30 [Podlove] [32minfo[39m: Consumer Policy exists!
Mon Nov 24 2025 12:14:30 [Podlove] [32minfo[39m: Media Policy exists!
Mon Nov 24 2025 12:14:30 [Podlove] [32minfo[39m: Server is running at PORT: 8000, HOST: 10.10.20.11
Mon Nov 24 2025 12:14:30 [Podlove] [32minfo[39m: Socket.IO server initialized
Mon Nov 24 2025 12:19:29 [Podlove] [32minfo[39m: Successfully Connected to MongoDB Atlas
Mon Nov 24 2025 12:19:33 [Podlove] [32minfo[39m: Privacy Policy exists!
Mon Nov 24 2025 12:19:33 [Podlove] [32minfo[39m: Consumer Policy exists!
Mon Nov 24 2025 12:19:33 [Podlove] [32minfo[39m: Media Policy exists!
Mon Nov 24 2025 12:19:33 [Podlove] [32minfo[39m: Server is running at PORT: 8000, HOST: 10.10.20.11
Mon Nov 24 2025 12:19:33 [Podlove] [32minfo[39m: Socket.IO server initialized
Mon Nov 24 2025 12:20:41 [Podlove] [32minfo[39m: Successfully Connected to MongoDB Atlas
Mon Nov 24 2025 12:20:47 [Podlove] [32minfo[39m: Privacy Policy exists!
Mon Nov 24 2025 12:20:47 [Podlove] [32minfo[39m: Consumer Policy exists!
Mon Nov 24 2025 12:20:47 [Podlove] [32minfo[39m: Media Policy exists!
Mon Nov 24 2025 12:20:47 [Podlove] [32minfo[39m: Server is running at PORT: 8000, HOST: 10.10.20.11
Mon Nov 24 2025 12:20:47 [Podlove] [32minfo[39m: Socket.IO server initialized
