Fri Jul 11 2025 17:0:50 [Podlove] [32minfo[39m: Successfully Connected to MongoDB Atlas
Fri Jul 11 2025 17:0:53 [Podlove] [32minfo[39m: Privacy Policy exists!
Fri Jul 11 2025 17:0:53 [Podlove] [32minfo[39m: Consumer Policy exists!
Fri Jul 11 2025 17:0:53 [Podlove] [32minfo[39m: Media Policy exists!
Fri Jul 11 2025 17:0:53 [Podlove] [32minfo[39m: Server is running at PORT: 8000, HOST: 10.0.60.147
Fri Jul 11 2025 17:0:53 [Podlove] [32minfo[39m: Socket.IO server initialized
Fri Jul 11 2025 17:3:28 [Podlove] [32minfo[39m: Successfully Connected to MongoDB Atlas
Fri Jul 11 2025 17:3:31 [Podlove] [32minfo[39m: Privacy Policy exists!
Fri Jul 11 2025 17:3:31 [Podlove] [32minfo[39m: Consumer Policy exists!
Fri Jul 11 2025 17:3:32 [Podlove] [32minfo[39m: Media Policy exists!
Fri Jul 11 2025 17:3:32 [Podlove] [32minfo[39m: Server is running at PORT: 8000, HOST: 10.0.60.147
Fri Jul 11 2025 17:3:32 [Podlove] [32minfo[39m: Socket.IO server initialized
Fri Jul 11 2025 17:17:19 [Podlove] [32minfo[39m: Successfully Connected to MongoDB Atlas
Fri Jul 11 2025 17:17:22 [Podlove] [32minfo[39m: Privacy Policy exists!
Fri Jul 11 2025 17:17:23 [Podlove] [32minfo[39m: Consumer Policy exists!
Fri Jul 11 2025 17:17:23 [Podlove] [32minfo[39m: Media Policy exists!
Fri Jul 11 2025 17:17:23 [Podlove] [32minfo[39m: Server is running at PORT: 8000, HOST: 10.0.60.147
Fri Jul 11 2025 17:17:23 [Podlove] [32minfo[39m: Socket.IO server initialized
Fri Jul 11 2025 17:43:11 [Podlove] [32minfo[39m: Successfully Connected to MongoDB Atlas
Fri Jul 11 2025 17:43:14 [Podlove] [32minfo[39m: Privacy Policy exists!
Fri Jul 11 2025 17:43:15 [Podlove] [32minfo[39m: Consumer Policy exists!
Fri Jul 11 2025 17:43:15 [Podlove] [32minfo[39m: Media Policy exists!
Fri Jul 11 2025 17:43:15 [Podlove] [32minfo[39m: Server is running at PORT: 8000, HOST: 10.0.60.147
Fri Jul 11 2025 17:43:15 [Podlove] [32minfo[39m: Socket.IO server initialized
