Sun Jul 06 2025 16:4:24 [Podlove] [32minfo[39m: Successfully Connected to MongoDB Atlas
Sun Jul 06 2025 16:4:27 [Podlove] [32minfo[39m: Privacy Policy exists!
Sun Jul 06 2025 16:4:27 [Podlove] [32minfo[39m: Consumer Policy exists!
Sun Jul 06 2025 16:4:27 [Podlove] [32minfo[39m: Media Policy exists!
Sun Jul 06 2025 16:4:27 [Podlove] [32minfo[39m: Server is running at PORT: 8000, HOST: 10.0.60.168
Sun Jul 06 2025 16:17:35 [Podlove] [32minfo[39m: 686a30d5590ca42548a0ea64
Sun Jul 06 2025 16:17:51 [Podlove] [32minfo[39m: 686a30d5590ca42548a0ea64
Sun Jul 06 2025 16:18:13 [Podlove] [32minfo[39m: 686a30d5590ca42548a0ea64
Sun Jul 06 2025 16:19:37 [Podlove] [32minfo[39m: Successfully Connected to MongoDB Atlas
Sun Jul 06 2025 16:19:40 [Podlove] [32minfo[39m: Privacy Policy exists!
Sun Jul 06 2025 16:19:41 [Podlove] [32minfo[39m: Consumer Policy exists!
Sun Jul 06 2025 16:19:41 [Podlove] [32minfo[39m: Media Policy exists!
Sun Jul 06 2025 16:19:41 [Podlove] [32minfo[39m: Server is running at PORT: 8000, HOST: 10.0.60.168
Sun Jul 06 2025 16:22:48 [Podlove] [32minfo[39m: Successfully Connected to MongoDB Atlas
Sun Jul 06 2025 16:22:51 [Podlove] [32minfo[39m: Privacy Policy exists!
Sun Jul 06 2025 16:22:52 [Podlove] [32minfo[39m: Consumer Policy exists!
Sun Jul 06 2025 16:22:52 [Podlove] [32minfo[39m: Media Policy exists!
Sun Jul 06 2025 16:22:52 [Podlove] [32minfo[39m: Server is running at PORT: 8000, HOST: 10.0.60.168
Sun Jul 06 2025 16:28:20 [Podlove] [32minfo[39m: Successfully Connected to MongoDB Atlas
Sun Jul 06 2025 16:28:23 [Podlove] [32minfo[39m: Privacy Policy exists!
Sun Jul 06 2025 16:28:23 [Podlove] [32minfo[39m: Consumer Policy exists!
Sun Jul 06 2025 16:28:23 [Podlove] [32minfo[39m: Media Policy exists!
Sun Jul 06 2025 16:28:23 [Podlove] [32minfo[39m: Server is running at PORT: 8000, HOST: 10.0.60.168
Sun Jul 06 2025 16:42:20 [Podlove] [32minfo[39m: Successfully Connected to MongoDB Atlas
Sun Jul 06 2025 16:42:23 [Podlove] [32minfo[39m: Privacy Policy exists!
Sun Jul 06 2025 16:42:23 [Podlove] [32minfo[39m: Consumer Policy exists!
Sun Jul 06 2025 16:42:24 [Podlove] [32minfo[39m: Media Policy exists!
Sun Jul 06 2025 16:42:24 [Podlove] [32minfo[39m: Server is running at PORT: 8000, HOST: 10.0.60.168
Sun Jul 06 2025 16:44:0 [Podlove] [32minfo[39m: Successfully Connected to MongoDB Atlas
Sun Jul 06 2025 16:44:3 [Podlove] [32minfo[39m: Privacy Policy exists!
Sun Jul 06 2025 16:44:3 [Podlove] [32minfo[39m: Consumer Policy exists!
Sun Jul 06 2025 16:44:3 [Podlove] [32minfo[39m: Media Policy exists!
Sun Jul 06 2025 16:44:3 [Podlove] [32minfo[39m: Server is running at PORT: 8000, HOST: 10.0.60.168
Sun Jul 06 2025 16:44:28 [Podlove] [32minfo[39m: Successfully Connected to MongoDB Atlas
Sun Jul 06 2025 16:44:31 [Podlove] [32minfo[39m: Privacy Policy exists!
Sun Jul 06 2025 16:44:32 [Podlove] [32minfo[39m: Consumer Policy exists!
Sun Jul 06 2025 16:44:32 [Podlove] [32minfo[39m: Media Policy exists!
Sun Jul 06 2025 16:44:32 [Podlove] [32minfo[39m: Server is running at PORT: 8000, HOST: 10.0.60.168
Sun Jul 06 2025 16:46:51 [Podlove] [32minfo[39m: Successfully Connected to MongoDB Atlas
Sun Jul 06 2025 16:46:54 [Podlove] [32minfo[39m: Privacy Policy exists!
Sun Jul 06 2025 16:46:54 [Podlove] [32minfo[39m: Consumer Policy exists!
Sun Jul 06 2025 16:46:55 [Podlove] [32minfo[39m: Media Policy exists!
Sun Jul 06 2025 16:46:55 [Podlove] [32minfo[39m: Server is running at PORT: 8000, HOST: 10.0.60.168
Sun Jul 06 2025 16:49:55 [Podlove] [32minfo[39m: Successfully Connected to MongoDB Atlas
Sun Jul 06 2025 16:49:58 [Podlove] [32minfo[39m: Privacy Policy exists!
Sun Jul 06 2025 16:49:59 [Podlove] [32minfo[39m: Consumer Policy exists!
Sun Jul 06 2025 16:49:59 [Podlove] [32minfo[39m: Media Policy exists!
Sun Jul 06 2025 16:49:59 [Podlove] [32minfo[39m: Server is running at PORT: 8000, HOST: 10.0.60.168
Sun Jul 06 2025 16:50:4 [Podlove] [32minfo[39m: 686a30d5590ca42548a0ea64
Sun Jul 06 2025 16:50:12 [Podlove] [32minfo[39m: 686a30d5590ca42548a0ea64
Sun Jul 06 2025 16:54:39 [Podlove] [32minfo[39m: 686a30d5590ca42548a0ea64
Sun Jul 06 2025 16:55:27 [Podlove] [32minfo[39m: 686a30d5590ca42548a0ea64
