Mon Oct 13 2025 14:37:12 [Podlove] [32minfo[39m: Successfully Connected to MongoDB Atlas
Mon Oct 13 2025 14:37:17 [Podlove] [32minfo[39m: Privacy Policy exists!
Mon Oct 13 2025 14:37:18 [Podlove] [32minfo[39m: Consumer Policy exists!
Mon Oct 13 2025 14:37:18 [Podlove] [32minfo[39m: Media Policy exists!
Mon Oct 13 2025 14:37:18 [Podlove] [32minfo[39m: Server is running at PORT: 8000, HOST: 10.10.20.11
Mon Oct 13 2025 14:37:18 [Podlove] [32minfo[39m: Socket.IO server initialized
Mon Oct 13 2025 14:40:5 [Podlove] [32minfo[39m: Successfully Connected to MongoDB Atlas
Mon Oct 13 2025 14:40:10 [Podlove] [32minfo[39m: Privacy Policy exists!
Mon Oct 13 2025 14:40:11 [Podlove] [32minfo[39m: Consumer Policy exists!
Mon Oct 13 2025 14:40:11 [Podlove] [32minfo[39m: Media Policy exists!
Mon Oct 13 2025 14:40:11 [Podlove] [32minfo[39m: Server is running at PORT: 8000, HOST: 10.10.20.11
Mon Oct 13 2025 14:40:11 [Podlove] [32minfo[39m: Socket.IO server initialized
Mon Oct 13 2025 14:45:5 [Podlove] [32minfo[39m: Successfully Connected to MongoDB Atlas
Mon Oct 13 2025 14:45:9 [Podlove] [32minfo[39m: Privacy Policy exists!
Mon Oct 13 2025 14:45:9 [Podlove] [32minfo[39m: Consumer Policy exists!
Mon Oct 13 2025 14:45:10 [Podlove] [32minfo[39m: Media Policy exists!
Mon Oct 13 2025 14:45:10 [Podlove] [32minfo[39m: Server is running at PORT: 8000, HOST: 10.10.20.11
Mon Oct 13 2025 14:45:10 [Podlove] [32minfo[39m: Socket.IO server initialized
Mon Oct 13 2025 14:53:11 [Podlove] [32minfo[39m: Successfully Connected to MongoDB Atlas
Mon Oct 13 2025 14:53:15 [Podlove] [32minfo[39m: Privacy Policy exists!
Mon Oct 13 2025 14:53:15 [Podlove] [32minfo[39m: Consumer Policy exists!
Mon Oct 13 2025 14:53:15 [Podlove] [32minfo[39m: Media Policy exists!
Mon Oct 13 2025 14:53:15 [Podlove] [32minfo[39m: Server is running at PORT: 8000, HOST: 10.10.20.11
Mon Oct 13 2025 14:53:15 [Podlove] [32minfo[39m: Socket.IO server initialized
Mon Oct 13 2025 14:53:29 [Podlove] [32minfo[39m: Successfully Connected to MongoDB Atlas
Mon Oct 13 2025 14:53:32 [Podlove] [32minfo[39m: Privacy Policy exists!
Mon Oct 13 2025 14:53:33 [Podlove] [32minfo[39m: Consumer Policy exists!
Mon Oct 13 2025 14:53:33 [Podlove] [32minfo[39m: Media Policy exists!
Mon Oct 13 2025 14:53:33 [Podlove] [32minfo[39m: Server is running at PORT: 8000, HOST: 10.10.20.11
Mon Oct 13 2025 14:53:33 [Podlove] [32minfo[39m: Socket.IO server initialized
