Wed Dec 31 2025 0:0:1 [Podlove] [32minfo[39m: 695401db7eb1505a2b3c12d9
Wed Dec 31 2025 0:0:22 [Podlove] [32minfo[39m: 695401db7eb1505a2b3c12d9
Wed Dec 31 2025 0:0:40 [Podlove] [32minfo[39m: 695401db7eb1505a2b3c12d9
Wed Dec 31 2025 0:0:52 [Podlove] [32minfo[39m: 695401db7eb1505a2b3c12d9
Wed Dec 31 2025 0:0:53 [Podlove] [32minfo[39m: 695401db7eb1505a2b3c12d9
Wed Dec 31 2025 0:5:7 [Podlove] [32minfo[39m: Successfully Connected to MongoDB Atlas
Wed Dec 31 2025 0:5:46 [Podlove] [32minfo[39m: Successfully Connected to MongoDB Atlas
Wed Dec 31 2025 0:5:50 [Podlove] [32minfo[39m: Privacy Policy exists!
Wed Dec 31 2025 0:5:50 [Podlove] [32minfo[39m: Consumer Policy exists!
Wed Dec 31 2025 0:5:50 [Podlove] [32minfo[39m: Media Policy exists!
Wed Dec 31 2025 0:5:50 [Podlove] [32minfo[39m: Server is running at PORT: 8000, HOST: 0.0.0.0
Wed Dec 31 2025 0:5:50 [Podlove] [32minfo[39m: Socket.IO server initialized
Wed Dec 31 2025 0:5:53 [Podlove] [32minfo[39m: 695401db7eb1505a2b3c12d9
Wed Dec 31 2025 0:5:53 [Podlove] [32minfo[39m: 695401db7eb1505a2b3c12d9
Wed Dec 31 2025 0:6:6 [Podlove] [32minfo[39m: 695401db7eb1505a2b3c12d9
Wed Dec 31 2025 0:6:22 [Podlove] [32minfo[39m: 695401db7eb1505a2b3c12d9
Wed Dec 31 2025 0:7:33 [Podlove] [32minfo[39m: 695401db7eb1505a2b3c12d9
Wed Dec 31 2025 0:10:5 [Podlove] [32minfo[39m: Successfully Connected to MongoDB Atlas
Wed Dec 31 2025 0:10:9 [Podlove] [32minfo[39m: Privacy Policy exists!
Wed Dec 31 2025 0:10:9 [Podlove] [32minfo[39m: Consumer Policy exists!
Wed Dec 31 2025 0:10:9 [Podlove] [32minfo[39m: Media Policy exists!
Wed Dec 31 2025 0:10:9 [Podlove] [32minfo[39m: Server is running at PORT: 8000, HOST: 0.0.0.0
Wed Dec 31 2025 0:10:9 [Podlove] [32minfo[39m: Socket.IO server initialized
Wed Dec 31 2025 0:10:10 [Podlove] [32minfo[39m: 695401db7eb1505a2b3c12d9
Wed Dec 31 2025 0:10:10 [Podlove] [32minfo[39m: 695401db7eb1505a2b3c12d9
Wed Dec 31 2025 0:11:1 [Podlove] [32minfo[39m: 695401db7eb1505a2b3c12d9
Wed Dec 31 2025 0:11:1 [Podlove] [32minfo[39m: 695401db7eb1505a2b3c12d9
