Sun Jul 20 2025 3:6:2 [Podlove] [32minfo[39m: Successfully Connected to MongoDB Atlas
Sun Jul 20 2025 3:6:4 [Podlove] [32minfo[39m: Privacy Policy exists!
Sun Jul 20 2025 3:6:4 [Podlove] [32minfo[39m: Consumer Policy exists!
Sun Jul 20 2025 3:6:5 [Podlove] [32minfo[39m: Media Policy exists!
Sun Jul 20 2025 3:6:5 [Podlove] [32minfo[39m: Server is running at PORT: 8000, HOST: 10.10.11.57
Sun Jul 20 2025 3:6:5 [Podlove] [32minfo[39m: Socket.IO server initialized
Sun Jul 20 2025 3:20:8 [Podlove] [32minfo[39m: Successfully Connected to MongoDB Atlas
Sun Jul 20 2025 3:20:11 [Podlove] [32minfo[39m: Privacy Policy exists!
Sun Jul 20 2025 3:20:11 [Podlove] [32minfo[39m: Consumer Policy exists!
Sun Jul 20 2025 3:20:12 [Podlove] [32minfo[39m: Media Policy exists!
Sun Jul 20 2025 3:20:12 [Podlove] [32minfo[39m: Server is running at PORT: 8000, HOST: 10.10.11.57
Sun Jul 20 2025 3:20:12 [Podlove] [32minfo[39m: Socket.IO server initialized
Sun Jul 20 2025 3:44:29 [Podlove] [32minfo[39m: Successfully Connected to MongoDB Atlas
Sun Jul 20 2025 3:44:33 [Podlove] [32minfo[39m: Privacy Policy exists!
Sun Jul 20 2025 3:44:33 [Podlove] [32minfo[39m: Consumer Policy exists!
Sun Jul 20 2025 3:44:33 [Podlove] [32minfo[39m: Media Policy exists!
Sun Jul 20 2025 3:44:33 [Podlove] [32minfo[39m: Server is running at PORT: 8000, HOST: 10.10.11.57
Sun Jul 20 2025 3:44:33 [Podlove] [32minfo[39m: Socket.IO server initialized
Sun Jul 20 2025 3:45:12 [Podlove] [32minfo[39m: Successfully Connected to MongoDB Atlas
Sun Jul 20 2025 3:45:16 [Podlove] [32minfo[39m: Privacy Policy exists!
Sun Jul 20 2025 3:45:16 [Podlove] [32minfo[39m: Consumer Policy exists!
Sun Jul 20 2025 3:45:16 [Podlove] [32minfo[39m: Media Policy exists!
Sun Jul 20 2025 3:45:16 [Podlove] [32minfo[39m: Server is running at PORT: 8000, HOST: 10.10.11.57
Sun Jul 20 2025 3:45:16 [Podlove] [32minfo[39m: Socket.IO server initialized
Sun Jul 20 2025 3:46:38 [Podlove] [32minfo[39m: Successfully Connected to MongoDB Atlas
Sun Jul 20 2025 3:46:41 [Podlove] [32minfo[39m: Privacy Policy exists!
Sun Jul 20 2025 3:46:42 [Podlove] [32minfo[39m: Consumer Policy exists!
Sun Jul 20 2025 3:46:42 [Podlove] [32minfo[39m: Media Policy exists!
Sun Jul 20 2025 3:46:42 [Podlove] [32minfo[39m: Server is running at PORT: 8000, HOST: 10.10.11.57
Sun Jul 20 2025 3:46:42 [Podlove] [32minfo[39m: Socket.IO server initialized
Sun Jul 20 2025 3:58:3 [Podlove] [32minfo[39m: Successfully Connected to MongoDB Atlas
Sun Jul 20 2025 3:58:14 [Podlove] [32minfo[39m: Successfully Connected to MongoDB Atlas
Sun Jul 20 2025 3:58:23 [Podlove] [32minfo[39m: Successfully Connected to MongoDB Atlas
Sun Jul 20 2025 3:58:26 [Podlove] [32minfo[39m: Privacy Policy exists!
Sun Jul 20 2025 3:58:27 [Podlove] [32minfo[39m: Consumer Policy exists!
Sun Jul 20 2025 3:58:27 [Podlove] [32minfo[39m: Media Policy exists!
Sun Jul 20 2025 3:58:27 [Podlove] [32minfo[39m: Server is running at PORT: 8000, HOST: 10.10.11.57
Sun Jul 20 2025 3:58:27 [Podlove] [32minfo[39m: Socket.IO server initialized
Sun Jul 20 2025 3:58:39 [Podlove] [32minfo[39m: Successfully Connected to MongoDB Atlas
Sun Jul 20 2025 3:58:42 [Podlove] [32minfo[39m: Privacy Policy exists!
Sun Jul 20 2025 3:58:42 [Podlove] [32minfo[39m: Consumer Policy exists!
Sun Jul 20 2025 3:58:43 [Podlove] [32minfo[39m: Media Policy exists!
Sun Jul 20 2025 3:58:43 [Podlove] [32minfo[39m: Server is running at PORT: 8000, HOST: 10.10.11.57
Sun Jul 20 2025 3:58:43 [Podlove] [32minfo[39m: Socket.IO server initialized
