Sun Jun 29 2025 17:34:1 [Podlove] [32minfo[39m: Successfully Connected to MongoDB Atlas
Sun Jun 29 2025 17:34:4 [Podlove] [32minfo[39m: Privacy Policy exists!
Sun Jun 29 2025 17:34:5 [Podlove] [32minfo[39m: Consumer Policy exists!
Sun Jun 29 2025 17:34:5 [Podlove] [32minfo[39m: Media Policy exists!
Sun Jun 29 2025 17:34:5 [Podlove] [32minfo[39m: Server is running at PORT: 8000, HOST: 10.0.60.168
Sun Jun 29 2025 17:35:30 [Podlove] [32minfo[39m: Successfully Connected to MongoDB Atlas
Sun Jun 29 2025 17:35:33 [Podlove] [32minfo[39m: Privacy Policy exists!
Sun Jun 29 2025 17:35:33 [Podlove] [32minfo[39m: Consumer Policy exists!
Sun Jun 29 2025 17:35:33 [Podlove] [32minfo[39m: Media Policy exists!
Sun Jun 29 2025 17:35:33 [Podlove] [32minfo[39m: Server is running at PORT: 8000, HOST: 10.0.60.168
Sun Jun 29 2025 17:42:37 [Podlove] [32minfo[39m: Successfully Connected to MongoDB Atlas
Sun Jun 29 2025 17:42:40 [Podlove] [32minfo[39m: Privacy Policy exists!
Sun Jun 29 2025 17:42:41 [Podlove] [32minfo[39m: Consumer Policy exists!
Sun Jun 29 2025 17:42:41 [Podlove] [32minfo[39m: Media Policy exists!
Sun Jun 29 2025 17:42:41 [Podlove] [32minfo[39m: Server is running at PORT: 8000, HOST: 10.0.60.168
Sun Jun 29 2025 17:48:45 [Podlove] [31merror[39m: Wrong OTP. Please enter the correct code
UnauthorizedError: Wrong OTP. Please enter the correct code
    at activate (C:\Users\bdCalling\Documents\Jahid Hasan\podlove_backend\src\controllers\authController.ts:54:22)
    at processTicksAndRejections (node:internal/process/task_queues:95:5)
UnauthorizedError
Sun Jun 29 2025 17:54:7 [Podlove] [32minfo[39m: 68600f666d611e9e83e68e1a
Sun Jun 29 2025 17:57:58 [Podlove] [32minfo[39m: 68600f666d611e9e83e68e1a
