Thu Jul 24 2025 17:7:30 [Podlove] [32minfo[39m: 685e6e80ad422af7edb9b072
Thu Jul 24 2025 17:7:30 [Podlove] [32minfo[39m: [object Object]
Thu Jul 24 2025 17:13:7 [Podlove] [32minfo[39m: 685e6e80ad422af7edb9b072
Thu Jul 24 2025 17:13:7 [Podlove] [32minfo[39m: [object Object]
Thu Jul 24 2025 17:13:39 [Podlove] [32minfo[39m: 685e6e80ad422af7edb9b072
Thu Jul 24 2025 17:13:40 [Podlove] [32minfo[39m: [object Object]
Thu Jul 24 2025 17:15:6 [Podlove] [32minfo[39m: Successfully Connected to MongoDB Atlas
Thu Jul 24 2025 17:15:9 [Podlove] [32minfo[39m: Privacy Policy exists!
Thu Jul 24 2025 17:15:9 [Podlove] [32minfo[39m: Consumer Policy exists!
Thu Jul 24 2025 17:15:10 [Podlove] [32minfo[39m: Media Policy exists!
Thu Jul 24 2025 17:15:10 [Podlove] [32minfo[39m: Server is running at PORT: 8000, HOST: 10.10.10.59
Thu Jul 24 2025 17:15:10 [Podlove] [32minfo[39m: Socket.IO server initialized
Thu Jul 24 2025 17:16:5 [Podlove] [32minfo[39m: Successfully Connected to MongoDB Atlas
Thu Jul 24 2025 17:16:8 [Podlove] [32minfo[39m: Privacy Policy exists!
Thu Jul 24 2025 17:16:9 [Podlove] [32minfo[39m: Consumer Policy exists!
Thu Jul 24 2025 17:16:9 [Podlove] [32minfo[39m: Media Policy exists!
Thu Jul 24 2025 17:16:9 [Podlove] [32minfo[39m: Server is running at PORT: 8000, HOST: 10.10.10.59
Thu Jul 24 2025 17:16:9 [Podlove] [32minfo[39m: Socket.IO server initialized
Thu Jul 24 2025 17:16:16 [Podlove] [32minfo[39m: 685e6e80ad422af7edb9b072
Thu Jul 24 2025 17:16:16 [Podlove] [32minfo[39m: [object Object]
Thu Jul 24 2025 17:20:28 [Podlove] [32minfo[39m: 685e6e80ad422af7edb9b072
Thu Jul 24 2025 17:20:28 [Podlove] [32minfo[39m: [object Object]
Thu Jul 24 2025 17:21:0 [Podlove] [32minfo[39m: Successfully Connected to MongoDB Atlas
Thu Jul 24 2025 17:21:5 [Podlove] [32minfo[39m: Privacy Policy exists!
Thu Jul 24 2025 17:21:6 [Podlove] [32minfo[39m: Consumer Policy exists!
Thu Jul 24 2025 17:21:6 [Podlove] [32minfo[39m: Media Policy exists!
Thu Jul 24 2025 17:21:6 [Podlove] [32minfo[39m: Server is running at PORT: 8000, HOST: 10.10.10.59
Thu Jul 24 2025 17:21:6 [Podlove] [32minfo[39m: Socket.IO server initialized
Thu Jul 24 2025 17:23:10 [Podlove] [32minfo[39m: 685e6e80ad422af7edb9b072
Thu Jul 24 2025 17:23:10 [Podlove] [32minfo[39m: [object Object]
Thu Jul 24 2025 17:27:29 [Podlove] [32minfo[39m: Successfully Connected to MongoDB Atlas
Thu Jul 24 2025 17:27:32 [Podlove] [32minfo[39m: Privacy Policy exists!
Thu Jul 24 2025 17:27:32 [Podlove] [32minfo[39m: Consumer Policy exists!
Thu Jul 24 2025 17:27:33 [Podlove] [32minfo[39m: Media Policy exists!
Thu Jul 24 2025 17:27:33 [Podlove] [32minfo[39m: Server is running at PORT: 8000, HOST: 10.10.10.59
Thu Jul 24 2025 17:27:33 [Podlove] [32minfo[39m: Socket.IO server initialized
Thu Jul 24 2025 17:27:34 [Podlove] [32minfo[39m: 685e6e80ad422af7edb9b072
Thu Jul 24 2025 17:27:35 [Podlove] [32minfo[39m: [object Object]
Thu Jul 24 2025 17:51:29 [Podlove] [32minfo[39m: 685e6e80ad422af7edb9b072
Thu Jul 24 2025 17:51:29 [Podlove] [32minfo[39m: [object Object]
Thu Jul 24 2025 17:51:34 [Podlove] [32minfo[39m: 685e6e80ad422af7edb9b072
Thu Jul 24 2025 17:51:34 [Podlove] [32minfo[39m: [object Object]
Thu Jul 24 2025 17:52:37 [Podlove] [32minfo[39m: 685e6e80ad422af7edb9b072
Thu Jul 24 2025 17:52:37 [Podlove] [32minfo[39m: [object Object]
Thu Jul 24 2025 17:53:28 [Podlove] [32minfo[39m: 685e6e80ad422af7edb9b072
Thu Jul 24 2025 17:53:28 [Podlove] [32minfo[39m: [object Object]
Thu Jul 24 2025 17:54:3 [Podlove] [32minfo[39m: 685e6e80ad422af7edb9b072
Thu Jul 24 2025 17:54:4 [Podlove] [32minfo[39m: [object Object]
Thu Jul 24 2025 17:57:7 [Podlove] [32minfo[39m: 685e6e80ad422af7edb9b072
Thu Jul 24 2025 17:57:7 [Podlove] [32minfo[39m: [object Object]
Thu Jul 24 2025 17:57:25 [Podlove] [32minfo[39m: 685e6e80ad422af7edb9b072
Thu Jul 24 2025 17:57:25 [Podlove] [32minfo[39m: [object Object]
Thu Jul 24 2025 17:58:37 [Podlove] [32minfo[39m: 685e6e80ad422af7edb9b072
Thu Jul 24 2025 17:58:37 [Podlove] [32minfo[39m: [object Object]
