Mon Jul 07 2025 11:30:49 [Podlove] [32minfo[39m: Successfully Connected to MongoDB Atlas
Mon Jul 07 2025 11:30:52 [Podlove] [32minfo[39m: Privacy Policy exists!
Mon Jul 07 2025 11:30:52 [Podlove] [32minfo[39m: Consumer Policy exists!
Mon Jul 07 2025 11:30:52 [Podlove] [32minfo[39m: Media Policy exists!
Mon Jul 07 2025 11:31:41 [Podlove] [32minfo[39m: Successfully Connected to MongoDB Atlas
Mon Jul 07 2025 11:31:44 [Podlove] [32minfo[39m: Privacy Policy exists!
Mon Jul 07 2025 11:31:44 [Podlove] [32minfo[39m: Consumer Policy exists!
Mon Jul 07 2025 11:31:44 [Podlove] [32minfo[39m: Media Policy exists!
Mon Jul 07 2025 11:31:44 [Podlove] [32minfo[39m: Server is running at PORT: 8000, HOST: 10.0.60.147
Mon Jul 07 2025 11:43:31 [Podlove] [31merror[39m: Token has expired
UnauthorizedError: Token has expired
    at decodeToken (C:\Users\Bd Calling\podlove_backend\src\utils\jwt.ts:27:22)
    at C:\Users\Bd Calling\podlove_backend\src\middlewares\authorization.ts:50:32
    at C:\Users\Bd Calling\podlove_backend\src\shared\asyncHandler.ts:7:19
    at Layer.handle [as handle_request] (C:\Users\Bd Calling\podlove_backend\node_modules\express\lib\router\layer.js:95:5)
    at next (C:\Users\Bd Calling\podlove_backend\node_modules\express\lib\router\route.js:149:13)
    at Route.dispatch (C:\Users\Bd Calling\podlove_backend\node_modules\express\lib\router\route.js:119:3)
    at Layer.handle [as handle_request] (C:\Users\Bd Calling\podlove_backend\node_modules\express\lib\router\layer.js:95:5)
    at C:\Users\Bd Calling\podlove_backend\node_modules\express\lib\router\index.js:284:15
    at Function.process_params (C:\Users\Bd Calling\podlove_backend\node_modules\express\lib\router\index.js:346:12)
    at next (C:\Users\Bd Calling\podlove_backend\node_modules\express\lib\router\index.js:280:10)
UnauthorizedError
Mon Jul 07 2025 11:43:58 [Podlove] [32minfo[39m: 685bf24e49787bb2bfa51b3a
Mon Jul 07 2025 11:43:59 [Podlove] [31merror[39m: Invalid upload for field avatar
Error: Invalid upload for field avatar
    at fileFilter (C:\Users\Bd Calling\podlove_backend\src\utils\multerConfig.ts:54:8)
    at wrappedFileFilter (C:\Users\Bd Calling\podlove_backend\node_modules\multer\index.js:44:7)
    at Multipart.<anonymous> (C:\Users\Bd Calling\podlove_backend\node_modules\multer\lib\make-middleware.js:123:7)
    at Multipart.emit (node:events:518:28)
    at Multipart.emit (node:domain:489:12)
    at HeaderParser.cb (C:\Users\Bd Calling\podlove_backend\node_modules\busboy\lib\types\multipart.js:358:14)
    at HeaderParser.push (C:\Users\Bd Calling\podlove_backend\node_modules\busboy\lib\types\multipart.js:162:20)
    at SBMH.ssCb [as _cb] (C:\Users\Bd Calling\podlove_backend\node_modules\busboy\lib\types\multipart.js:394:37)
    at feed (C:\Users\Bd Calling\podlove_backend\node_modules\streamsearch\lib\sbmh.js:248:10)
    at SBMH.push (C:\Users\Bd Calling\podlove_backend\node_modules\streamsearch\lib\sbmh.js:104:16)
Error
Mon Jul 07 2025 11:44:58 [Podlove] [32minfo[39m: 685bf24e49787bb2bfa51b3a
Mon Jul 07 2025 11:44:59 [Podlove] [31merror[39m: Invalid upload for field avatar
Error: Invalid upload for field avatar
    at fileFilter (C:\Users\Bd Calling\podlove_backend\src\utils\multerConfig.ts:54:8)
    at wrappedFileFilter (C:\Users\Bd Calling\podlove_backend\node_modules\multer\index.js:44:7)
    at Multipart.<anonymous> (C:\Users\Bd Calling\podlove_backend\node_modules\multer\lib\make-middleware.js:123:7)
    at Multipart.emit (node:events:518:28)
    at Multipart.emit (node:domain:489:12)
    at HeaderParser.cb (C:\Users\Bd Calling\podlove_backend\node_modules\busboy\lib\types\multipart.js:358:14)
    at HeaderParser.push (C:\Users\Bd Calling\podlove_backend\node_modules\busboy\lib\types\multipart.js:162:20)
    at SBMH.ssCb [as _cb] (C:\Users\Bd Calling\podlove_backend\node_modules\busboy\lib\types\multipart.js:394:37)
    at feed (C:\Users\Bd Calling\podlove_backend\node_modules\streamsearch\lib\sbmh.js:200:10)
    at SBMH.push (C:\Users\Bd Calling\podlove_backend\node_modules\streamsearch\lib\sbmh.js:104:16)
Error
Mon Jul 07 2025 11:45:58 [Podlove] [32minfo[39m: Successfully Connected to MongoDB Atlas
Mon Jul 07 2025 11:46:1 [Podlove] [32minfo[39m: Privacy Policy exists!
Mon Jul 07 2025 11:46:2 [Podlove] [32minfo[39m: Consumer Policy exists!
Mon Jul 07 2025 11:46:2 [Podlove] [32minfo[39m: Media Policy exists!
Mon Jul 07 2025 11:46:2 [Podlove] [32minfo[39m: Server is running at PORT: 8000, HOST: 10.0.60.147
Mon Jul 07 2025 11:46:27 [Podlove] [32minfo[39m: Successfully Connected to MongoDB Atlas
Mon Jul 07 2025 11:46:30 [Podlove] [32minfo[39m: Privacy Policy exists!
Mon Jul 07 2025 11:46:30 [Podlove] [32minfo[39m: Consumer Policy exists!
Mon Jul 07 2025 11:46:30 [Podlove] [32minfo[39m: Media Policy exists!
Mon Jul 07 2025 11:46:30 [Podlove] [32minfo[39m: Server is running at PORT: 8000, HOST: 10.0.60.147
Mon Jul 07 2025 11:46:39 [Podlove] [32minfo[39m: 685bf24e49787bb2bfa51b3a
Mon Jul 07 2025 11:46:40 [Podlove] [31merror[39m: Invalid upload for field avatar
Error: Invalid upload for field avatar
    at fileFilter (C:\Users\Bd Calling\podlove_backend\src\utils\multerConfig.ts:54:8)
    at wrappedFileFilter (C:\Users\Bd Calling\podlove_backend\node_modules\multer\index.js:44:7)
    at Multipart.<anonymous> (C:\Users\Bd Calling\podlove_backend\node_modules\multer\lib\make-middleware.js:123:7)
    at Multipart.emit (node:events:518:28)
    at Multipart.emit (node:domain:489:12)
    at HeaderParser.cb (C:\Users\Bd Calling\podlove_backend\node_modules\busboy\lib\types\multipart.js:358:14)
    at HeaderParser.push (C:\Users\Bd Calling\podlove_backend\node_modules\busboy\lib\types\multipart.js:162:20)
    at SBMH.ssCb [as _cb] (C:\Users\Bd Calling\podlove_backend\node_modules\busboy\lib\types\multipart.js:394:37)
    at feed (C:\Users\Bd Calling\podlove_backend\node_modules\streamsearch\lib\sbmh.js:248:10)
    at SBMH.push (C:\Users\Bd Calling\podlove_backend\node_modules\streamsearch\lib\sbmh.js:104:16)
Error
Mon Jul 07 2025 11:47:16 [Podlove] [32minfo[39m: Successfully Connected to MongoDB Atlas
Mon Jul 07 2025 11:47:19 [Podlove] [32minfo[39m: Privacy Policy exists!
Mon Jul 07 2025 11:47:19 [Podlove] [32minfo[39m: Consumer Policy exists!
Mon Jul 07 2025 11:47:19 [Podlove] [32minfo[39m: Media Policy exists!
Mon Jul 07 2025 11:47:19 [Podlove] [32minfo[39m: Server is running at PORT: 8000, HOST: 10.0.60.147
Mon Jul 07 2025 11:47:24 [Podlove] [32minfo[39m: 685bf24e49787bb2bfa51b3a
Mon Jul 07 2025 11:47:25 [Podlove] [31merror[39m: Invalid upload for field avatar
Error: Invalid upload for field avatar
    at fileFilter (C:\Users\Bd Calling\podlove_backend\src\utils\multerConfig.ts:54:8)
    at wrappedFileFilter (C:\Users\Bd Calling\podlove_backend\node_modules\multer\index.js:44:7)
    at Multipart.<anonymous> (C:\Users\Bd Calling\podlove_backend\node_modules\multer\lib\make-middleware.js:123:7)
    at Multipart.emit (node:events:518:28)
    at Multipart.emit (node:domain:489:12)
    at HeaderParser.cb (C:\Users\Bd Calling\podlove_backend\node_modules\busboy\lib\types\multipart.js:358:14)
    at HeaderParser.push (C:\Users\Bd Calling\podlove_backend\node_modules\busboy\lib\types\multipart.js:162:20)
    at SBMH.ssCb [as _cb] (C:\Users\Bd Calling\podlove_backend\node_modules\busboy\lib\types\multipart.js:394:37)
    at feed (C:\Users\Bd Calling\podlove_backend\node_modules\streamsearch\lib\sbmh.js:248:10)
    at SBMH.push (C:\Users\Bd Calling\podlove_backend\node_modules\streamsearch\lib\sbmh.js:104:16)
Error
Mon Jul 07 2025 11:48:31 [Podlove] [32minfo[39m: 685bf24e49787bb2bfa51b3a
Mon Jul 07 2025 11:48:32 [Podlove] [31merror[39m: Invalid upload for field avatar
Error: Invalid upload for field avatar
    at fileFilter (C:\Users\Bd Calling\podlove_backend\src\utils\multerConfig.ts:54:8)
    at wrappedFileFilter (C:\Users\Bd Calling\podlove_backend\node_modules\multer\index.js:44:7)
    at Multipart.<anonymous> (C:\Users\Bd Calling\podlove_backend\node_modules\multer\lib\make-middleware.js:123:7)
    at Multipart.emit (node:events:518:28)
    at Multipart.emit (node:domain:489:12)
    at HeaderParser.cb (C:\Users\Bd Calling\podlove_backend\node_modules\busboy\lib\types\multipart.js:358:14)
    at HeaderParser.push (C:\Users\Bd Calling\podlove_backend\node_modules\busboy\lib\types\multipart.js:162:20)
    at SBMH.ssCb [as _cb] (C:\Users\Bd Calling\podlove_backend\node_modules\busboy\lib\types\multipart.js:394:37)
    at feed (C:\Users\Bd Calling\podlove_backend\node_modules\streamsearch\lib\sbmh.js:248:10)
    at SBMH.push (C:\Users\Bd Calling\podlove_backend\node_modules\streamsearch\lib\sbmh.js:104:16)
Error
Mon Jul 07 2025 11:50:35 [Podlove] [32minfo[39m: Successfully Connected to MongoDB Atlas
Mon Jul 07 2025 11:50:39 [Podlove] [32minfo[39m: Privacy Policy exists!
Mon Jul 07 2025 11:50:39 [Podlove] [32minfo[39m: Consumer Policy exists!
Mon Jul 07 2025 11:50:39 [Podlove] [32minfo[39m: Media Policy exists!
Mon Jul 07 2025 11:50:39 [Podlove] [32minfo[39m: Server is running at PORT: 8000, HOST: 10.0.60.147
Mon Jul 07 2025 11:50:46 [Podlove] [32minfo[39m: 685bf24e49787bb2bfa51b3a
Mon Jul 07 2025 11:50:46 [Podlove] [31merror[39m: Invalid upload for field avatar
Error: Invalid upload for field avatar
    at fileFilter (C:\Users\Bd Calling\podlove_backend\src\utils\multerConfig.ts:55:8)
    at wrappedFileFilter (C:\Users\Bd Calling\podlove_backend\node_modules\multer\index.js:44:7)
    at Multipart.<anonymous> (C:\Users\Bd Calling\podlove_backend\node_modules\multer\lib\make-middleware.js:123:7)
    at Multipart.emit (node:events:518:28)
    at Multipart.emit (node:domain:489:12)
    at HeaderParser.cb (C:\Users\Bd Calling\podlove_backend\node_modules\busboy\lib\types\multipart.js:358:14)
    at HeaderParser.push (C:\Users\Bd Calling\podlove_backend\node_modules\busboy\lib\types\multipart.js:162:20)
    at SBMH.ssCb [as _cb] (C:\Users\Bd Calling\podlove_backend\node_modules\busboy\lib\types\multipart.js:394:37)
    at feed (C:\Users\Bd Calling\podlove_backend\node_modules\streamsearch\lib\sbmh.js:248:10)
    at SBMH.push (C:\Users\Bd Calling\podlove_backend\node_modules\streamsearch\lib\sbmh.js:104:16)
Error
Mon Jul 07 2025 11:56:5 [Podlove] [32minfo[39m: Successfully Connected to MongoDB Atlas
Mon Jul 07 2025 11:56:9 [Podlove] [32minfo[39m: Privacy Policy exists!
Mon Jul 07 2025 11:56:9 [Podlove] [32minfo[39m: Consumer Policy exists!
Mon Jul 07 2025 11:56:9 [Podlove] [32minfo[39m: Media Policy exists!
Mon Jul 07 2025 11:56:9 [Podlove] [32minfo[39m: Server is running at PORT: 8000, HOST: 10.0.60.147
Mon Jul 07 2025 11:56:18 [Podlove] [32minfo[39m: 685bf24e49787bb2bfa51b3a
Mon Jul 07 2025 11:59:48 [Podlove] [32minfo[39m: 685bf24e49787bb2bfa51b3a
