Sat Jan 03 2026 12:13:17 [Podlove] [32minfo[39m: Successfully Connected to MongoDB Atlas
Sat Jan 03 2026 12:13:22 [Podlove] [32minfo[39m: Privacy Policy exists!
Sat Jan 03 2026 12:13:22 [Podlove] [32minfo[39m: Consumer Policy exists!
Sat Jan 03 2026 12:13:22 [Podlove] [32minfo[39m: Media Policy exists!
Sat Jan 03 2026 12:13:22 [Podlove] [32minfo[39m: Server is running at PORT: 8000, HOST: 10.10.20.11
Sat Jan 03 2026 12:13:22 [Podlove] [32minfo[39m: Socket.IO server initialized
Sat Jan 03 2026 12:13:42 [Podlove] [32minfo[39m: Successfully Connected to MongoDB Atlas
Sat Jan 03 2026 12:13:46 [Podlove] [32minfo[39m: Privacy Policy exists!
Sat Jan 03 2026 12:13:47 [Podlove] [32minfo[39m: Consumer Policy exists!
Sat Jan 03 2026 12:13:47 [Podlove] [32minfo[39m: Media Policy exists!
Sat Jan 03 2026 12:13:47 [Podlove] [32minfo[39m: Server is running at PORT: 8000, HOST: 10.10.20.11
Sat Jan 03 2026 12:13:47 [Podlove] [32minfo[39m: Socket.IO server initialized
Sat Jan 03 2026 12:14:7 [Podlove] [32minfo[39m: Successfully Connected to MongoDB Atlas
Sat Jan 03 2026 12:14:20 [Podlove] [32minfo[39m: Successfully Connected to MongoDB Atlas
Sat Jan 03 2026 12:14:25 [Podlove] [32minfo[39m: Privacy Policy exists!
Sat Jan 03 2026 12:14:25 [Podlove] [32minfo[39m: Consumer Policy exists!
Sat Jan 03 2026 12:14:25 [Podlove] [32minfo[39m: Media Policy exists!
Sat Jan 03 2026 12:14:25 [Podlove] [32minfo[39m: Server is running at PORT: 8000, HOST: 10.10.20.11
Sat Jan 03 2026 12:14:25 [Podlove] [32minfo[39m: Socket.IO server initialized
Sat Jan 03 2026 12:16:1 [Podlove] [32minfo[39m: Successfully Connected to MongoDB Atlas
Sat Jan 03 2026 12:16:7 [Podlove] [32minfo[39m: Privacy Policy exists!
Sat Jan 03 2026 12:16:8 [Podlove] [32minfo[39m: Consumer Policy exists!
Sat Jan 03 2026 12:16:8 [Podlove] [32minfo[39m: Media Policy exists!
Sat Jan 03 2026 12:16:8 [Podlove] [32minfo[39m: Server is running at PORT: 8000, HOST: 10.10.20.11
Sat Jan 03 2026 12:16:8 [Podlove] [32minfo[39m: Socket.IO server initialized
Sat Jan 03 2026 12:17:8 [Podlove] [32minfo[39m: Successfully Connected to MongoDB Atlas
Sat Jan 03 2026 12:17:12 [Podlove] [32minfo[39m: Privacy Policy exists!
Sat Jan 03 2026 12:17:12 [Podlove] [32minfo[39m: Consumer Policy exists!
Sat Jan 03 2026 12:17:13 [Podlove] [32minfo[39m: Media Policy exists!
Sat Jan 03 2026 12:17:13 [Podlove] [32minfo[39m: Server is running at PORT: 8000, HOST: 10.10.20.11
Sat Jan 03 2026 12:17:13 [Podlove] [32minfo[39m: Socket.IO server initialized
Sat Jan 03 2026 12:17:32 [Podlove] [32minfo[39m: Successfully Connected to MongoDB Atlas
Sat Jan 03 2026 12:17:38 [Podlove] [32minfo[39m: Privacy Policy exists!
Sat Jan 03 2026 12:17:39 [Podlove] [32minfo[39m: Consumer Policy exists!
Sat Jan 03 2026 12:17:39 [Podlove] [32minfo[39m: Media Policy exists!
Sat Jan 03 2026 12:17:39 [Podlove] [32minfo[39m: Server is running at PORT: 8000, HOST: 10.10.20.11
Sat Jan 03 2026 12:17:39 [Podlove] [32minfo[39m: Socket.IO server initialized
Sat Jan 03 2026 12:18:53 [Podlove] [32minfo[39m: Successfully Connected to MongoDB Atlas
Sat Jan 03 2026 12:18:57 [Podlove] [32minfo[39m: Privacy Policy exists!
Sat Jan 03 2026 12:18:58 [Podlove] [32minfo[39m: Consumer Policy exists!
Sat Jan 03 2026 12:18:58 [Podlove] [32minfo[39m: Media Policy exists!
Sat Jan 03 2026 12:18:58 [Podlove] [32minfo[39m: Server is running at PORT: 8000, HOST: 10.10.20.11
Sat Jan 03 2026 12:18:58 [Podlove] [32minfo[39m: Socket.IO server initialized
Sat Jan 03 2026 12:20:27 [Podlove] [32minfo[39m: Successfully Connected to MongoDB Atlas
Sat Jan 03 2026 12:20:32 [Podlove] [32minfo[39m: Privacy Policy exists!
Sat Jan 03 2026 12:20:32 [Podlove] [32minfo[39m: Consumer Policy exists!
Sat Jan 03 2026 12:20:32 [Podlove] [32minfo[39m: Media Policy exists!
Sat Jan 03 2026 12:20:32 [Podlove] [32minfo[39m: Server is running at PORT: 8000, HOST: 10.10.20.11
Sat Jan 03 2026 12:20:32 [Podlove] [32minfo[39m: Socket.IO server initialized
Sat Jan 03 2026 12:21:48 [Podlove] [32minfo[39m: Successfully Connected to MongoDB Atlas
Sat Jan 03 2026 12:21:52 [Podlove] [32minfo[39m: Privacy Policy exists!
Sat Jan 03 2026 12:21:53 [Podlove] [32minfo[39m: Consumer Policy exists!
Sat Jan 03 2026 12:21:53 [Podlove] [32minfo[39m: Media Policy exists!
Sat Jan 03 2026 12:35:59 [Podlove] [32minfo[39m: Successfully Connected to MongoDB Atlas
Sat Jan 03 2026 12:36:3 [Podlove] [32minfo[39m: Privacy Policy exists!
Sat Jan 03 2026 12:36:4 [Podlove] [32minfo[39m: Consumer Policy exists!
Sat Jan 03 2026 12:36:4 [Podlove] [32minfo[39m: Media Policy exists!
Sat Jan 03 2026 12:36:4 [Podlove] [32minfo[39m: Server is running at PORT: 8000, HOST: 10.10.20.11
Sat Jan 03 2026 12:36:4 [Podlove] [32minfo[39m: Socket.IO server initialized
Sat Jan 03 2026 12:36:44 [Podlove] [31merror[39m: Invalid or malformed token
UnauthorizedError: Invalid or malformed token
    at decodeToken (/home/tayeur/Desktop/project/podlove_backend/src/utils/jwt.ts:28:22)
    at /home/tayeur/Desktop/project/podlove_backend/src/middlewares/authorization.ts:53:32
    at /home/tayeur/Desktop/project/podlove_backend/src/shared/asyncHandler.ts:7:19
    at Layer.handle [as handle_request] (/home/tayeur/Desktop/project/podlove_backend/node_modules/express/lib/router/layer.js:95:5)
    at next (/home/tayeur/Desktop/project/podlove_backend/node_modules/express/lib/router/route.js:149:13)
    at Route.dispatch (/home/tayeur/Desktop/project/podlove_backend/node_modules/express/lib/router/route.js:119:3)
    at Layer.handle [as handle_request] (/home/tayeur/Desktop/project/podlove_backend/node_modules/express/lib/router/layer.js:95:5)
    at /home/tayeur/Desktop/project/podlove_backend/node_modules/express/lib/router/index.js:284:15
    at Function.process_params (/home/tayeur/Desktop/project/podlove_backend/node_modules/express/lib/router/index.js:346:12)
    at next (/home/tayeur/Desktop/project/podlove_backend/node_modules/express/lib/router/index.js:280:10)
UnauthorizedError
