Wed Jul 09 2025 16:11:6 [Podlove] [32minfo[39m: 686e401f0564a9e33fce12d6
Wed Jul 09 2025 16:11:15 [Podlove] [32minfo[39m: 686e401f0564a9e33fce12d6
Wed Jul 09 2025 16:11:25 [Podlove] [32minfo[39m: 686e401f0564a9e33fce12d6
Wed Jul 09 2025 16:11:34 [Podlove] [32minfo[39m: 686e401f0564a9e33fce12d6
Wed Jul 09 2025 16:11:44 [Podlove] [32minfo[39m: 686e401f0564a9e33fce12d6
Wed Jul 09 2025 16:11:56 [Podlove] [32minfo[39m: 686e401f0564a9e33fce12d6
Wed Jul 09 2025 16:12:0 [Podlove] [32minfo[39m: 686e401f0564a9e33fce12d6
Wed Jul 09 2025 16:12:5 [Podlove] [32minfo[39m: 686e401f0564a9e33fce12d6
Wed Jul 09 2025 16:12:9 [Podlove] [32minfo[39m: 686e401f0564a9e33fce12d6
Wed Jul 09 2025 16:12:14 [Podlove] [32minfo[39m: 686e401f0564a9e33fce12d6
Wed Jul 09 2025 16:12:51 [Podlove] [32minfo[39m: 686e401f0564a9e33fce12d6
Wed Jul 09 2025 16:15:44 [Podlove] [32minfo[39m: 686e401f0564a9e33fce12d6
Wed Jul 09 2025 16:15:51 [Podlove] [32minfo[39m: 686e401f0564a9e33fce12d6
Wed Jul 09 2025 16:19:30 [Podlove] [32minfo[39m: 686e401f0564a9e33fce12d6
Wed Jul 09 2025 16:19:37 [Podlove] [32minfo[39m: 686e401f0564a9e33fce12d6
Wed Jul 09 2025 16:20:45 [Podlove] [32minfo[39m: 686e401f0564a9e33fce12d6
Wed Jul 09 2025 16:20:56 [Podlove] [32minfo[39m: 686e401f0564a9e33fce12d6
Wed Jul 09 2025 16:22:1 [Podlove] [32minfo[39m: 686e401f0564a9e33fce12d6
Wed Jul 09 2025 16:46:15 [Podlove] [31merror[39m: Wrong OTP. Please enter the correct code
UnauthorizedError: Wrong OTP. Please enter the correct code
    at activate (C:\Users\Bd Calling\podlove_backend\src\controllers\authController.ts:54:22)
    at processTicksAndRejections (node:internal/process/task_queues:105:5)
UnauthorizedError
