Thu Nov 20 2025 14:20:30 [Podlove] [32minfo[39m: Successfully Connected to MongoDB Atlas
Thu Nov 20 2025 14:20:35 [Podlove] [32minfo[39m: Privacy Policy exists!
Thu Nov 20 2025 14:20:35 [Podlove] [32minfo[39m: Consumer Policy exists!
Thu Nov 20 2025 14:20:36 [Podlove] [32minfo[39m: Media Policy exists!
Thu Nov 20 2025 14:20:36 [Podlove] [32minfo[39m: Server is running at PORT: 8000, HOST: 10.10.20.11
Thu Nov 20 2025 14:20:36 [Podlove] [32minfo[39m: Socket.IO server initialized
Thu Nov 20 2025 14:21:20 [Podlove] [32minfo[39m: Successfully Connected to MongoDB Atlas
Thu Nov 20 2025 14:21:25 [Podlove] [32minfo[39m: Privacy Policy exists!
Thu Nov 20 2025 14:21:25 [Podlove] [32minfo[39m: Consumer Policy exists!
Thu Nov 20 2025 14:21:25 [Podlove] [32minfo[39m: Media Policy exists!
Thu Nov 20 2025 14:21:26 [Podlove] [32minfo[39m: Server is running at PORT: 8000, HOST: 10.10.20.11
Thu Nov 20 2025 14:21:26 [Podlove] [32minfo[39m: Socket.IO server initialized
Thu Nov 20 2025 14:22:41 [Podlove] [32minfo[39m: Successfully Connected to MongoDB Atlas
Thu Nov 20 2025 14:22:46 [Podlove] [32minfo[39m: Privacy Policy exists!
Thu Nov 20 2025 14:22:46 [Podlove] [32minfo[39m: Consumer Policy exists!
Thu Nov 20 2025 14:22:46 [Podlove] [32minfo[39m: Media Policy exists!
Thu Nov 20 2025 14:22:46 [Podlove] [32minfo[39m: Server is running at PORT: 8000, HOST: 10.10.20.11
Thu Nov 20 2025 14:22:46 [Podlove] [32minfo[39m: Socket.IO server initialized
Thu Nov 20 2025 14:23:26 [Podlove] [32minfo[39m: Successfully Connected to MongoDB Atlas
Thu Nov 20 2025 14:23:29 [Podlove] [32minfo[39m: Privacy Policy exists!
Thu Nov 20 2025 14:23:30 [Podlove] [32minfo[39m: Consumer Policy exists!
Thu Nov 20 2025 14:23:30 [Podlove] [32minfo[39m: Media Policy exists!
Thu Nov 20 2025 14:23:30 [Podlove] [32minfo[39m: Server is running at PORT: 8000, HOST: 10.10.20.11
Thu Nov 20 2025 14:23:30 [Podlove] [32minfo[39m: Socket.IO server initialized
Thu Nov 20 2025 14:24:52 [Podlove] [32minfo[39m: Successfully Connected to MongoDB Atlas
Thu Nov 20 2025 14:24:58 [Podlove] [32minfo[39m: Privacy Policy exists!
Thu Nov 20 2025 14:24:58 [Podlove] [32minfo[39m: Consumer Policy exists!
Thu Nov 20 2025 14:24:58 [Podlove] [32minfo[39m: Media Policy exists!
Thu Nov 20 2025 14:24:58 [Podlove] [32minfo[39m: Server is running at PORT: 8000, HOST: 10.10.20.11
Thu Nov 20 2025 14:24:58 [Podlove] [32minfo[39m: Socket.IO server initialized
Thu Nov 20 2025 14:26:11 [Podlove] [32minfo[39m: Successfully Connected to MongoDB Atlas
Thu Nov 20 2025 14:26:16 [Podlove] [32minfo[39m: Privacy Policy exists!
Thu Nov 20 2025 14:26:17 [Podlove] [32minfo[39m: Consumer Policy exists!
Thu Nov 20 2025 14:26:17 [Podlove] [32minfo[39m: Media Policy exists!
Thu Nov 20 2025 14:26:17 [Podlove] [32minfo[39m: Server is running at PORT: 8000, HOST: 10.10.20.11
Thu Nov 20 2025 14:26:17 [Podlove] [32minfo[39m: Socket.IO server initialized
Thu Nov 20 2025 14:36:25 [Podlove] [32minfo[39m: Successfully Connected to MongoDB Atlas
Thu Nov 20 2025 14:36:30 [Podlove] [32minfo[39m: Privacy Policy exists!
Thu Nov 20 2025 14:36:30 [Podlove] [32minfo[39m: Consumer Policy exists!
Thu Nov 20 2025 14:36:30 [Podlove] [32minfo[39m: Media Policy exists!
Thu Nov 20 2025 14:36:30 [Podlove] [32minfo[39m: Server is running at PORT: 8000, HOST: 10.10.20.11
Thu Nov 20 2025 14:36:30 [Podlove] [32minfo[39m: Socket.IO server initialized
Thu Nov 20 2025 14:36:50 [Podlove] [32minfo[39m: Successfully Connected to MongoDB Atlas
Thu Nov 20 2025 14:36:55 [Podlove] [32minfo[39m: Privacy Policy exists!
Thu Nov 20 2025 14:36:56 [Podlove] [32minfo[39m: Consumer Policy exists!
Thu Nov 20 2025 14:36:56 [Podlove] [32minfo[39m: Media Policy exists!
Thu Nov 20 2025 14:36:56 [Podlove] [32minfo[39m: Server is running at PORT: 8000, HOST: 10.10.20.11
Thu Nov 20 2025 14:36:56 [Podlove] [32minfo[39m: Socket.IO server initialized
Thu Nov 20 2025 14:38:46 [Podlove] [32minfo[39m: Successfully Connected to MongoDB Atlas
Thu Nov 20 2025 14:38:50 [Podlove] [32minfo[39m: Privacy Policy exists!
Thu Nov 20 2025 14:38:50 [Podlove] [32minfo[39m: Consumer Policy exists!
Thu Nov 20 2025 14:38:51 [Podlove] [32minfo[39m: Media Policy exists!
Thu Nov 20 2025 14:38:51 [Podlove] [32minfo[39m: Server is running at PORT: 8000, HOST: 10.10.20.11
Thu Nov 20 2025 14:38:51 [Podlove] [32minfo[39m: Socket.IO server initialized
Thu Nov 20 2025 14:39:49 [Podlove] [32minfo[39m: Successfully Connected to MongoDB Atlas
Thu Nov 20 2025 14:39:54 [Podlove] [32minfo[39m: Privacy Policy exists!
Thu Nov 20 2025 14:39:54 [Podlove] [32minfo[39m: Consumer Policy exists!
Thu Nov 20 2025 14:39:55 [Podlove] [32minfo[39m: Media Policy exists!
Thu Nov 20 2025 14:39:55 [Podlove] [32minfo[39m: Server is running at PORT: 8000, HOST: 10.10.20.11
Thu Nov 20 2025 14:39:55 [Podlove] [32minfo[39m: Socket.IO server initialized
Thu Nov 20 2025 14:41:16 [Podlove] [32minfo[39m: Successfully Connected to MongoDB Atlas
Thu Nov 20 2025 14:41:21 [Podlove] [32minfo[39m: Privacy Policy exists!
Thu Nov 20 2025 14:41:21 [Podlove] [32minfo[39m: Consumer Policy exists!
Thu Nov 20 2025 14:41:21 [Podlove] [32minfo[39m: Media Policy exists!
Thu Nov 20 2025 14:41:21 [Podlove] [32minfo[39m: Server is running at PORT: 8000, HOST: 10.10.20.11
Thu Nov 20 2025 14:41:21 [Podlove] [32minfo[39m: Socket.IO server initialized
Thu Nov 20 2025 14:41:53 [Podlove] [32minfo[39m: Successfully Connected to MongoDB Atlas
Thu Nov 20 2025 14:41:59 [Podlove] [32minfo[39m: Privacy Policy exists!
Thu Nov 20 2025 14:41:59 [Podlove] [32minfo[39m: Consumer Policy exists!
Thu Nov 20 2025 14:41:59 [Podlove] [32minfo[39m: Media Policy exists!
Thu Nov 20 2025 14:41:59 [Podlove] [32minfo[39m: Server is running at PORT: 8000, HOST: 10.10.20.11
Thu Nov 20 2025 14:41:59 [Podlove] [32minfo[39m: Socket.IO server initialized
Thu Nov 20 2025 14:42:8 [Podlove] [32minfo[39m: Successfully Connected to MongoDB Atlas
Thu Nov 20 2025 14:42:15 [Podlove] [32minfo[39m: Privacy Policy exists!
Thu Nov 20 2025 14:42:15 [Podlove] [32minfo[39m: Consumer Policy exists!
Thu Nov 20 2025 14:42:15 [Podlove] [32minfo[39m: Media Policy exists!
Thu Nov 20 2025 14:42:15 [Podlove] [32minfo[39m: Server is running at PORT: 8000, HOST: 10.10.20.11
Thu Nov 20 2025 14:42:15 [Podlove] [32minfo[39m: Socket.IO server initialized
Thu Nov 20 2025 14:42:43 [Podlove] [32minfo[39m: Successfully Connected to MongoDB Atlas
Thu Nov 20 2025 14:42:48 [Podlove] [32minfo[39m: Privacy Policy exists!
Thu Nov 20 2025 14:42:48 [Podlove] [32minfo[39m: Consumer Policy exists!
Thu Nov 20 2025 14:42:49 [Podlove] [32minfo[39m: Media Policy exists!
Thu Nov 20 2025 14:42:49 [Podlove] [32minfo[39m: Server is running at PORT: 8000, HOST: 10.10.20.11
Thu Nov 20 2025 14:42:49 [Podlove] [32minfo[39m: Socket.IO server initialized
Thu Nov 20 2025 14:44:45 [Podlove] [32minfo[39m: Successfully Connected to MongoDB Atlas
Thu Nov 20 2025 14:44:50 [Podlove] [32minfo[39m: Privacy Policy exists!
Thu Nov 20 2025 14:44:51 [Podlove] [32minfo[39m: Consumer Policy exists!
Thu Nov 20 2025 14:44:51 [Podlove] [32minfo[39m: Media Policy exists!
Thu Nov 20 2025 14:44:51 [Podlove] [32minfo[39m: Server is running at PORT: 8000, HOST: 10.10.20.11
Thu Nov 20 2025 14:44:51 [Podlove] [32minfo[39m: Socket.IO server initialized
