Tue Sep 16 2025 11:41:46 [Podlove] [32minfo[39m: Successfully Connected to MongoDB Atlas
Tue Sep 16 2025 11:41:49 [Podlove] [32minfo[39m: Privacy Policy exists!
Tue Sep 16 2025 11:41:50 [Podlove] [32minfo[39m: Consumer Policy exists!
Tue Sep 16 2025 11:41:50 [Podlove] [32minfo[39m: Media Policy exists!
Tue Sep 16 2025 11:41:50 [Podlove] [32minfo[39m: Server is running at PORT: 8000, HOST: 10.10.20.11
Tue Sep 16 2025 11:41:50 [Podlove] [32minfo[39m: Socket.IO server initialized
Tue Sep 16 2025 11:43:20 [Podlove] [32minfo[39m: 68c7d88644609f375717dee3
Tue Sep 16 2025 11:43:20 [Podlove] [32minfo[39m: 68c7d88644609f375717dee3
Tue Sep 16 2025 11:43:34 [Podlove] [32minfo[39m: Successfully Connected to MongoDB Atlas
Tue Sep 16 2025 11:43:43 [Podlove] [32minfo[39m: Successfully Connected to MongoDB Atlas
Tue Sep 16 2025 11:44:5 [Podlove] [32minfo[39m: Successfully Connected to MongoDB Atlas
Tue Sep 16 2025 11:44:23 [Podlove] [32minfo[39m: Successfully Connected to MongoDB Atlas
Tue Sep 16 2025 11:44:27 [Podlove] [32minfo[39m: Privacy Policy exists!
Tue Sep 16 2025 11:44:27 [Podlove] [32minfo[39m: Consumer Policy exists!
Tue Sep 16 2025 11:44:27 [Podlove] [32minfo[39m: Media Policy exists!
Tue Sep 16 2025 11:44:27 [Podlove] [32minfo[39m: Server is running at PORT: 8000, HOST: 10.10.20.11
Tue Sep 16 2025 11:44:27 [Podlove] [32minfo[39m: Socket.IO server initialized
Tue Sep 16 2025 11:44:37 [Podlove] [32minfo[39m: Successfully Connected to MongoDB Atlas
Tue Sep 16 2025 11:44:41 [Podlove] [32minfo[39m: Privacy Policy exists!
Tue Sep 16 2025 11:44:41 [Podlove] [32minfo[39m: Consumer Policy exists!
Tue Sep 16 2025 11:44:41 [Podlove] [32minfo[39m: Media Policy exists!
Tue Sep 16 2025 11:44:41 [Podlove] [32minfo[39m: Server is running at PORT: 8000, HOST: 10.10.20.11
Tue Sep 16 2025 11:44:41 [Podlove] [32minfo[39m: Socket.IO server initialized
Tue Sep 16 2025 11:44:49 [Podlove] [32minfo[39m: Successfully Connected to MongoDB Atlas
Tue Sep 16 2025 11:44:53 [Podlove] [32minfo[39m: Privacy Policy exists!
Tue Sep 16 2025 11:44:53 [Podlove] [32minfo[39m: Consumer Policy exists!
Tue Sep 16 2025 11:44:53 [Podlove] [32minfo[39m: Media Policy exists!
Tue Sep 16 2025 11:44:53 [Podlove] [32minfo[39m: Server is running at PORT: 8000, HOST: 10.10.20.11
Tue Sep 16 2025 11:44:53 [Podlove] [32minfo[39m: Socket.IO server initialized
Tue Sep 16 2025 11:45:52 [Podlove] [32minfo[39m: Successfully Connected to MongoDB Atlas
Tue Sep 16 2025 11:45:55 [Podlove] [32minfo[39m: Privacy Policy exists!
Tue Sep 16 2025 11:45:58 [Podlove] [32minfo[39m: Consumer Policy exists!
Tue Sep 16 2025 11:45:58 [Podlove] [32minfo[39m: Media Policy exists!
Tue Sep 16 2025 11:45:58 [Podlove] [32minfo[39m: Server is running at PORT: 8000, HOST: 10.10.20.11
Tue Sep 16 2025 11:45:58 [Podlove] [32minfo[39m: Socket.IO server initialized
Tue Sep 16 2025 11:46:1 [Podlove] [32minfo[39m: 68c7d88644609f375717dee3
Tue Sep 16 2025 11:46:1 [Podlove] [32minfo[39m: 68c7d88644609f375717dee3
Tue Sep 16 2025 11:46:26 [Podlove] [32minfo[39m: Successfully Connected to MongoDB Atlas
Tue Sep 16 2025 11:46:29 [Podlove] [32minfo[39m: Privacy Policy exists!
Tue Sep 16 2025 11:46:30 [Podlove] [32minfo[39m: Consumer Policy exists!
Tue Sep 16 2025 11:46:30 [Podlove] [32minfo[39m: Media Policy exists!
Tue Sep 16 2025 11:46:30 [Podlove] [32minfo[39m: Server is running at PORT: 8000, HOST: 10.10.20.11
Tue Sep 16 2025 11:46:30 [Podlove] [32minfo[39m: Socket.IO server initialized
Tue Sep 16 2025 11:46:44 [Podlove] [32minfo[39m: Successfully Connected to MongoDB Atlas
Tue Sep 16 2025 11:46:47 [Podlove] [32minfo[39m: Privacy Policy exists!
Tue Sep 16 2025 11:46:48 [Podlove] [32minfo[39m: Consumer Policy exists!
Tue Sep 16 2025 11:46:48 [Podlove] [32minfo[39m: Media Policy exists!
Tue Sep 16 2025 11:46:48 [Podlove] [32minfo[39m: Server is running at PORT: 8000, HOST: 10.10.20.11
Tue Sep 16 2025 11:46:48 [Podlove] [32minfo[39m: Socket.IO server initialized
Tue Sep 16 2025 11:47:33 [Podlove] [32minfo[39m: Successfully Connected to MongoDB Atlas
Tue Sep 16 2025 11:47:36 [Podlove] [32minfo[39m: Privacy Policy exists!
Tue Sep 16 2025 11:47:37 [Podlove] [32minfo[39m: Consumer Policy exists!
Tue Sep 16 2025 11:47:37 [Podlove] [32minfo[39m: Media Policy exists!
Tue Sep 16 2025 11:47:37 [Podlove] [32minfo[39m: Server is running at PORT: 8000, HOST: 10.10.20.11
Tue Sep 16 2025 11:47:37 [Podlove] [32minfo[39m: Socket.IO server initialized
Tue Sep 16 2025 11:48:4 [Podlove] [32minfo[39m: Successfully Connected to MongoDB Atlas
Tue Sep 16 2025 11:48:7 [Podlove] [32minfo[39m: Privacy Policy exists!
Tue Sep 16 2025 11:48:8 [Podlove] [32minfo[39m: Consumer Policy exists!
Tue Sep 16 2025 11:48:8 [Podlove] [32minfo[39m: Media Policy exists!
Tue Sep 16 2025 11:48:8 [Podlove] [32minfo[39m: Server is running at PORT: 8000, HOST: 10.10.20.11
Tue Sep 16 2025 11:48:8 [Podlove] [32minfo[39m: Socket.IO server initialized
Tue Sep 16 2025 11:48:28 [Podlove] [32minfo[39m: Successfully Connected to MongoDB Atlas
Tue Sep 16 2025 11:48:31 [Podlove] [32minfo[39m: Privacy Policy exists!
Tue Sep 16 2025 11:48:32 [Podlove] [32minfo[39m: Consumer Policy exists!
Tue Sep 16 2025 11:48:32 [Podlove] [32minfo[39m: Media Policy exists!
Tue Sep 16 2025 11:48:32 [Podlove] [32minfo[39m: Server is running at PORT: 8000, HOST: 10.10.20.11
Tue Sep 16 2025 11:48:32 [Podlove] [32minfo[39m: Socket.IO server initialized
Tue Sep 16 2025 11:52:2 [Podlove] [31merror[39m: No account found with the given email
NotFoundError: No account found with the given email
    at login (/home/tayeur/Desktop/project/podlove_backend/src/controllers/authController.ts:75:37)
    at processTicksAndRejections (node:internal/process/task_queues:105:5)
NotFoundError
Tue Sep 16 2025 11:52:13 [Podlove] [32minfo[39m: 68bfb2f1f3965a7de70cb13d
Tue Sep 16 2025 11:52:13 [Podlove] [32minfo[39m: 68bfb2f1f3965a7de70cb13d
Tue Sep 16 2025 11:54:3 [Podlove] [32minfo[39m: 68bfb2f1f3965a7de70cb13d
Tue Sep 16 2025 11:54:3 [Podlove] [32minfo[39m: 68bfb2f1f3965a7de70cb13d
