Sun Jul 13 2025 15:1:34 [Podlove] [32minfo[39m: Successfully Connected to MongoDB Atlas
Sun Jul 13 2025 15:1:37 [Podlove] [32minfo[39m: Privacy Policy exists!
Sun Jul 13 2025 15:1:38 [Podlove] [32minfo[39m: Consumer Policy exists!
Sun Jul 13 2025 15:1:38 [Podlove] [32minfo[39m: Media Policy exists!
Sun Jul 13 2025 15:1:38 [Podlove] [32minfo[39m: Server is running at PORT: 8000, HOST: 10.0.60.147
Sun Jul 13 2025 15:1:38 [Podlove] [32minfo[39m: Socket.IO server initialized
Sun Jul 13 2025 15:1:43 [Podlove] [32minfo[39m: 68600f666d611e9e83e68e1a
Sun Jul 13 2025 15:4:52 [Podlove] [32minfo[39m: 687217cf282e0b3cdea4802d
Sun Jul 13 2025 15:11:21 [Podlove] [32minfo[39m: Successfully Connected to MongoDB Atlas
Sun Jul 13 2025 15:11:24 [Podlove] [32minfo[39m: Privacy Policy exists!
Sun Jul 13 2025 15:11:25 [Podlove] [32minfo[39m: Consumer Policy exists!
Sun Jul 13 2025 15:11:25 [Podlove] [32minfo[39m: Media Policy exists!
Sun Jul 13 2025 15:11:25 [Podlove] [32minfo[39m: Server is running at PORT: 8000, HOST: 10.0.60.147
Sun Jul 13 2025 15:11:25 [Podlove] [32minfo[39m: Socket.IO server initialized
Sun Jul 13 2025 15:11:34 [Podlove] [32minfo[39m: 68600f666d611e9e83e68e1a
Sun Jul 13 2025 15:13:45 [Podlove] [32minfo[39m: Successfully Connected to MongoDB Atlas
Sun Jul 13 2025 15:13:49 [Podlove] [32minfo[39m: Privacy Policy exists!
Sun Jul 13 2025 15:13:49 [Podlove] [32minfo[39m: Consumer Policy exists!
Sun Jul 13 2025 15:13:49 [Podlove] [32minfo[39m: Media Policy exists!
Sun Jul 13 2025 15:13:49 [Podlove] [32minfo[39m: Server is running at PORT: 8000, HOST: 10.0.60.147
Sun Jul 13 2025 15:13:49 [Podlove] [32minfo[39m: Socket.IO server initialized
Sun Jul 13 2025 15:15:10 [Podlove] [32minfo[39m: 687217cf282e0b3cdea4802d
Sun Jul 13 2025 15:15:45 [Podlove] [32minfo[39m: 68600f666d611e9e83e68e1a
Sun Jul 13 2025 15:16:31 [Podlove] [32minfo[39m: Successfully Connected to MongoDB Atlas
Sun Jul 13 2025 15:16:34 [Podlove] [32minfo[39m: Privacy Policy exists!
Sun Jul 13 2025 15:16:35 [Podlove] [32minfo[39m: Consumer Policy exists!
Sun Jul 13 2025 15:16:35 [Podlove] [32minfo[39m: Media Policy exists!
Sun Jul 13 2025 15:16:35 [Podlove] [32minfo[39m: Server is running at PORT: 8000, HOST: 10.0.60.147
Sun Jul 13 2025 15:16:35 [Podlove] [32minfo[39m: Socket.IO server initialized
Sun Jul 13 2025 15:24:54 [Podlove] [32minfo[39m: 687217cf282e0b3cdea4802d
Sun Jul 13 2025 15:53:39 [Podlove] [32minfo[39m: Successfully Connected to MongoDB Atlas
Sun Jul 13 2025 15:53:42 [Podlove] [32minfo[39m: Privacy Policy exists!
Sun Jul 13 2025 15:53:42 [Podlove] [32minfo[39m: Consumer Policy exists!
Sun Jul 13 2025 15:53:42 [Podlove] [32minfo[39m: Media Policy exists!
Sun Jul 13 2025 15:53:42 [Podlove] [32minfo[39m: Server is running at PORT: 8000, HOST: 10.0.60.147
Sun Jul 13 2025 15:53:42 [Podlove] [32minfo[39m: Socket.IO server initialized
Sun Jul 13 2025 15:56:29 [Podlove] [32minfo[39m: Successfully Connected to MongoDB Atlas
Sun Jul 13 2025 15:56:32 [Podlove] [32minfo[39m: Privacy Policy exists!
Sun Jul 13 2025 15:56:33 [Podlove] [32minfo[39m: Consumer Policy exists!
Sun Jul 13 2025 15:56:33 [Podlove] [32minfo[39m: Media Policy exists!
Sun Jul 13 2025 15:56:33 [Podlove] [32minfo[39m: Server is running at PORT: 8000, HOST: 10.0.60.147
Sun Jul 13 2025 15:56:33 [Podlove] [32minfo[39m: Socket.IO server initialized
Sun Jul 13 2025 15:57:13 [Podlove] [32minfo[39m: Successfully Connected to MongoDB Atlas
Sun Jul 13 2025 15:57:16 [Podlove] [32minfo[39m: Privacy Policy exists!
Sun Jul 13 2025 15:57:17 [Podlove] [32minfo[39m: Consumer Policy exists!
Sun Jul 13 2025 15:57:17 [Podlove] [32minfo[39m: Media Policy exists!
Sun Jul 13 2025 15:57:17 [Podlove] [32minfo[39m: Server is running at PORT: 8000, HOST: 10.0.60.147
Sun Jul 13 2025 15:57:17 [Podlove] [32minfo[39m: Socket.IO server initialized
Sun Jul 13 2025 15:58:39 [Podlove] [32minfo[39m: Successfully Connected to MongoDB Atlas
Sun Jul 13 2025 15:58:42 [Podlove] [32minfo[39m: Privacy Policy exists!
Sun Jul 13 2025 15:58:42 [Podlove] [32minfo[39m: Consumer Policy exists!
Sun Jul 13 2025 15:58:43 [Podlove] [32minfo[39m: Media Policy exists!
Sun Jul 13 2025 15:58:43 [Podlove] [32minfo[39m: Server is running at PORT: 8000, HOST: 10.0.60.147
Sun Jul 13 2025 15:58:43 [Podlove] [32minfo[39m: Socket.IO server initialized
