Sat Sep 06 2025 17:44:3 [Podlove] [32minfo[39m: Successfully Connected to MongoDB Atlas
Sat Sep 06 2025 17:44:18 [Podlove] [32minfo[39m: Successfully Connected to MongoDB Atlas
Sat Sep 06 2025 17:44:23 [Podlove] [32minfo[39m: Privacy Policy exists!
Sat Sep 06 2025 17:44:23 [Podlove] [32minfo[39m: Consumer Policy exists!
Sat Sep 06 2025 17:44:23 [Podlove] [32minfo[39m: Media Policy exists!
Sat Sep 06 2025 17:44:23 [Podlove] [32minfo[39m: Server is running at PORT: 8000, HOST: 10.10.20.11
Sat Sep 06 2025 17:44:23 [Podlove] [32minfo[39m: Socket.IO server initialized
Sat Sep 06 2025 17:45:35 [Podlove] [32minfo[39m: Successfully Connected to MongoDB Atlas
Sat Sep 06 2025 17:45:41 [Podlove] [32minfo[39m: Privacy Policy exists!
Sat Sep 06 2025 17:45:41 [Podlove] [32minfo[39m: Consumer Policy exists!
Sat Sep 06 2025 17:45:42 [Podlove] [32minfo[39m: Media Policy exists!
Sat Sep 06 2025 17:45:42 [Podlove] [32minfo[39m: Server is running at PORT: 8000, HOST: 10.10.20.11
Sat Sep 06 2025 17:45:42 [Podlove] [32minfo[39m: Socket.IO server initialized
Sat Sep 06 2025 17:47:23 [Podlove] [32minfo[39m: Successfully Connected to MongoDB Atlas
Sat Sep 06 2025 17:47:29 [Podlove] [32minfo[39m: Privacy Policy exists!
Sat Sep 06 2025 17:47:29 [Podlove] [32minfo[39m: Consumer Policy exists!
Sat Sep 06 2025 17:47:30 [Podlove] [32minfo[39m: Media Policy exists!
Sat Sep 06 2025 17:47:30 [Podlove] [32minfo[39m: Server is running at PORT: 8000, HOST: 10.10.20.11
Sat Sep 06 2025 17:47:30 [Podlove] [32minfo[39m: Socket.IO server initialized
Sat Sep 06 2025 17:47:40 [Podlove] [32minfo[39m: Successfully Connected to MongoDB Atlas
Sat Sep 06 2025 17:47:44 [Podlove] [32minfo[39m: Privacy Policy exists!
Sat Sep 06 2025 17:47:44 [Podlove] [32minfo[39m: Consumer Policy exists!
Sat Sep 06 2025 17:47:46 [Podlove] [32minfo[39m: Media Policy exists!
Sat Sep 06 2025 17:47:46 [Podlove] [32minfo[39m: Server is running at PORT: 8000, HOST: 10.10.20.11
Sat Sep 06 2025 17:47:46 [Podlove] [32minfo[39m: Socket.IO server initialized
Sat Sep 06 2025 17:48:25 [Podlove] [32minfo[39m: Successfully Connected to MongoDB Atlas
Sat Sep 06 2025 17:48:35 [Podlove] [32minfo[39m: Successfully Connected to MongoDB Atlas
Sat Sep 06 2025 17:48:41 [Podlove] [32minfo[39m: Privacy Policy exists!
Sat Sep 06 2025 17:48:42 [Podlove] [32minfo[39m: Consumer Policy exists!
Sat Sep 06 2025 17:48:42 [Podlove] [32minfo[39m: Media Policy exists!
Sat Sep 06 2025 17:48:42 [Podlove] [32minfo[39m: Server is running at PORT: 8000, HOST: 10.10.20.11
Sat Sep 06 2025 17:48:42 [Podlove] [32minfo[39m: Socket.IO server initialized
Sat Sep 06 2025 17:49:2 [Podlove] [32minfo[39m: Successfully Connected to MongoDB Atlas
Sat Sep 06 2025 17:49:8 [Podlove] [32minfo[39m: Privacy Policy exists!
Sat Sep 06 2025 17:49:8 [Podlove] [32minfo[39m: Consumer Policy exists!
Sat Sep 06 2025 17:49:9 [Podlove] [32minfo[39m: Media Policy exists!
Sat Sep 06 2025 17:49:9 [Podlove] [32minfo[39m: Server is running at PORT: 8000, HOST: 10.10.20.11
Sat Sep 06 2025 17:49:9 [Podlove] [32minfo[39m: Socket.IO server initialized
Sat Sep 06 2025 17:49:41 [Podlove] [32minfo[39m: Successfully Connected to MongoDB Atlas
Sat Sep 06 2025 17:49:50 [Podlove] [32minfo[39m: Privacy Policy exists!
Sat Sep 06 2025 17:49:50 [Podlove] [32minfo[39m: Consumer Policy exists!
Sat Sep 06 2025 17:49:51 [Podlove] [32minfo[39m: Media Policy exists!
Sat Sep 06 2025 17:49:51 [Podlove] [32minfo[39m: Server is running at PORT: 8000, HOST: 10.10.20.11
Sat Sep 06 2025 17:49:51 [Podlove] [32minfo[39m: Socket.IO server initialized
Sat Sep 06 2025 17:50:3 [Podlove] [32minfo[39m: Successfully Connected to MongoDB Atlas
Sat Sep 06 2025 17:50:21 [Podlove] [32minfo[39m: Successfully Connected to MongoDB Atlas
Sat Sep 06 2025 17:50:27 [Podlove] [32minfo[39m: Privacy Policy exists!
Sat Sep 06 2025 17:50:27 [Podlove] [32minfo[39m: Consumer Policy exists!
Sat Sep 06 2025 17:50:27 [Podlove] [32minfo[39m: Media Policy exists!
Sat Sep 06 2025 17:50:27 [Podlove] [32minfo[39m: Server is running at PORT: 8000, HOST: 10.10.20.11
Sat Sep 06 2025 17:50:27 [Podlove] [32minfo[39m: Socket.IO server initialized
Sat Sep 06 2025 17:50:47 [Podlove] [32minfo[39m: Successfully Connected to MongoDB Atlas
Sat Sep 06 2025 17:50:52 [Podlove] [32minfo[39m: Privacy Policy exists!
Sat Sep 06 2025 17:50:52 [Podlove] [32minfo[39m: Consumer Policy exists!
Sat Sep 06 2025 17:50:53 [Podlove] [32minfo[39m: Media Policy exists!
Sat Sep 06 2025 17:50:53 [Podlove] [32minfo[39m: Server is running at PORT: 8000, HOST: 10.10.20.11
Sat Sep 06 2025 17:50:53 [Podlove] [32minfo[39m: Socket.IO server initialized
Sat Sep 06 2025 17:51:24 [Podlove] [32minfo[39m: Successfully Connected to MongoDB Atlas
Sat Sep 06 2025 17:51:34 [Podlove] [32minfo[39m: Privacy Policy exists!
Sat Sep 06 2025 17:51:34 [Podlove] [32minfo[39m: Consumer Policy exists!
Sat Sep 06 2025 17:51:34 [Podlove] [32minfo[39m: Media Policy exists!
Sat Sep 06 2025 17:51:34 [Podlove] [32minfo[39m: Server is running at PORT: 8000, HOST: 10.10.20.11
Sat Sep 06 2025 17:51:34 [Podlove] [32minfo[39m: Socket.IO server initialized
Sat Sep 06 2025 17:51:59 [Podlove] [32minfo[39m: Successfully Connected to MongoDB Atlas
Sat Sep 06 2025 17:52:5 [Podlove] [32minfo[39m: Privacy Policy exists!
Sat Sep 06 2025 17:52:6 [Podlove] [32minfo[39m: Consumer Policy exists!
Sat Sep 06 2025 17:52:6 [Podlove] [32minfo[39m: Media Policy exists!
Sat Sep 06 2025 17:52:6 [Podlove] [32minfo[39m: Server is running at PORT: 8000, HOST: 10.10.20.11
Sat Sep 06 2025 17:52:6 [Podlove] [32minfo[39m: Socket.IO server initialized
Sat Sep 06 2025 17:52:36 [Podlove] [32minfo[39m: Successfully Connected to MongoDB Atlas
Sat Sep 06 2025 17:52:40 [Podlove] [32minfo[39m: Privacy Policy exists!
Sat Sep 06 2025 17:52:40 [Podlove] [32minfo[39m: Consumer Policy exists!
Sat Sep 06 2025 17:52:41 [Podlove] [32minfo[39m: Media Policy exists!
Sat Sep 06 2025 17:52:41 [Podlove] [32minfo[39m: Server is running at PORT: 8000, HOST: 10.10.20.11
Sat Sep 06 2025 17:52:41 [Podlove] [32minfo[39m: Socket.IO server initialized
Sat Sep 06 2025 17:52:52 [Podlove] [32minfo[39m: Successfully Connected to MongoDB Atlas
Sat Sep 06 2025 17:52:58 [Podlove] [32minfo[39m: Privacy Policy exists!
Sat Sep 06 2025 17:52:59 [Podlove] [32minfo[39m: Consumer Policy exists!
Sat Sep 06 2025 17:52:59 [Podlove] [32minfo[39m: Media Policy exists!
Sat Sep 06 2025 17:52:59 [Podlove] [32minfo[39m: Server is running at PORT: 8000, HOST: 10.10.20.11
Sat Sep 06 2025 17:52:59 [Podlove] [32minfo[39m: Socket.IO server initialized
Sat Sep 06 2025 17:53:42 [Podlove] [32minfo[39m: Successfully Connected to MongoDB Atlas
Sat Sep 06 2025 17:53:49 [Podlove] [32minfo[39m: Privacy Policy exists!
Sat Sep 06 2025 17:53:50 [Podlove] [32minfo[39m: Consumer Policy exists!
Sat Sep 06 2025 17:53:50 [Podlove] [32minfo[39m: Media Policy exists!
Sat Sep 06 2025 17:53:50 [Podlove] [32minfo[39m: Server is running at PORT: 8000, HOST: 10.10.20.11
Sat Sep 06 2025 17:53:50 [Podlove] [32minfo[39m: Socket.IO server initialized
Sat Sep 06 2025 17:54:37 [Podlove] [32minfo[39m: Successfully Connected to MongoDB Atlas
Sat Sep 06 2025 17:54:45 [Podlove] [32minfo[39m: Privacy Policy exists!
Sat Sep 06 2025 17:54:45 [Podlove] [32minfo[39m: Consumer Policy exists!
Sat Sep 06 2025 17:54:46 [Podlove] [32minfo[39m: Media Policy exists!
Sat Sep 06 2025 17:54:46 [Podlove] [32minfo[39m: Server is running at PORT: 8000, HOST: 10.10.20.11
Sat Sep 06 2025 17:54:46 [Podlove] [32minfo[39m: Socket.IO server initialized
Sat Sep 06 2025 17:55:16 [Podlove] [32minfo[39m: Successfully Connected to MongoDB Atlas
Sat Sep 06 2025 17:55:17 [Podlove] [32minfo[39m: Privacy Policy exists!
Sat Sep 06 2025 17:55:17 [Podlove] [32minfo[39m: Consumer Policy exists!
Sat Sep 06 2025 17:55:17 [Podlove] [32minfo[39m: Media Policy exists!
Sat Sep 06 2025 17:55:17 [Podlove] [32minfo[39m: Server is running at PORT: 8000, HOST: 10.10.20.11
Sat Sep 06 2025 17:55:17 [Podlove] [32minfo[39m: Socket.IO server initialized
Sat Sep 06 2025 17:56:9 [Podlove] [32minfo[39m: Successfully Connected to MongoDB Atlas
Sat Sep 06 2025 17:56:24 [Podlove] [32minfo[39m: Privacy Policy exists!
Sat Sep 06 2025 17:56:24 [Podlove] [32minfo[39m: Consumer Policy exists!
Sat Sep 06 2025 17:56:25 [Podlove] [32minfo[39m: Media Policy exists!
Sat Sep 06 2025 17:56:25 [Podlove] [32minfo[39m: Server is running at PORT: 8000, HOST: 10.10.20.11
Sat Sep 06 2025 17:56:25 [Podlove] [32minfo[39m: Socket.IO server initialized
Sat Sep 06 2025 17:56:44 [Podlove] [32minfo[39m: Successfully Connected to MongoDB Atlas
Sat Sep 06 2025 17:56:49 [Podlove] [32minfo[39m: Privacy Policy exists!
Sat Sep 06 2025 17:56:49 [Podlove] [32minfo[39m: Consumer Policy exists!
Sat Sep 06 2025 17:56:50 [Podlove] [32minfo[39m: Media Policy exists!
Sat Sep 06 2025 17:56:50 [Podlove] [32minfo[39m: Server is running at PORT: 8000, HOST: 10.10.20.11
Sat Sep 06 2025 17:56:50 [Podlove] [32minfo[39m: Socket.IO server initialized
Sat Sep 06 2025 17:57:14 [Podlove] [32minfo[39m: Successfully Connected to MongoDB Atlas
Sat Sep 06 2025 17:57:20 [Podlove] [32minfo[39m: Privacy Policy exists!
Sat Sep 06 2025 17:57:20 [Podlove] [32minfo[39m: Consumer Policy exists!
Sat Sep 06 2025 17:57:21 [Podlove] [32minfo[39m: Media Policy exists!
Sat Sep 06 2025 17:57:21 [Podlove] [32minfo[39m: Server is running at PORT: 8000, HOST: 10.10.20.11
Sat Sep 06 2025 17:57:21 [Podlove] [32minfo[39m: Socket.IO server initialized
Sat Sep 06 2025 17:57:36 [Podlove] [32minfo[39m: Successfully Connected to MongoDB Atlas
Sat Sep 06 2025 17:57:41 [Podlove] [32minfo[39m: Privacy Policy exists!
Sat Sep 06 2025 17:57:41 [Podlove] [32minfo[39m: Consumer Policy exists!
Sat Sep 06 2025 17:57:42 [Podlove] [32minfo[39m: Media Policy exists!
Sat Sep 06 2025 17:57:42 [Podlove] [32minfo[39m: Server is running at PORT: 8000, HOST: 10.10.20.11
Sat Sep 06 2025 17:57:42 [Podlove] [32minfo[39m: Socket.IO server initialized
Sat Sep 06 2025 17:59:16 [Podlove] [32minfo[39m: Successfully Connected to MongoDB Atlas
Sat Sep 06 2025 17:59:23 [Podlove] [32minfo[39m: Privacy Policy exists!
Sat Sep 06 2025 17:59:23 [Podlove] [32minfo[39m: Consumer Policy exists!
Sat Sep 06 2025 17:59:23 [Podlove] [32minfo[39m: Media Policy exists!
Sat Sep 06 2025 17:59:23 [Podlove] [32minfo[39m: Server is running at PORT: 8000, HOST: 10.10.20.11
Sat Sep 06 2025 17:59:23 [Podlove] [32minfo[39m: Socket.IO server initialized
Sat Sep 06 2025 17:59:52 [Podlove] [32minfo[39m: Successfully Connected to MongoDB Atlas
Sat Sep 06 2025 17:59:57 [Podlove] [32minfo[39m: Privacy Policy exists!
Sat Sep 06 2025 17:59:58 [Podlove] [32minfo[39m: Consumer Policy exists!
Sat Sep 06 2025 17:59:58 [Podlove] [32minfo[39m: Media Policy exists!
Sat Sep 06 2025 17:59:58 [Podlove] [32minfo[39m: Server is running at PORT: 8000, HOST: 10.10.20.11
Sat Sep 06 2025 17:59:58 [Podlove] [32minfo[39m: Socket.IO server initialized
