Fri Sep 26 2025 17:8:52 [Podlove] [32minfo[39m: Successfully Connected to MongoDB Atlas
Fri Sep 26 2025 17:8:56 [Podlove] [32minfo[39m: Privacy Policy exists!
Fri Sep 26 2025 17:8:57 [Podlove] [32minfo[39m: Consumer Policy exists!
Fri Sep 26 2025 17:8:57 [Podlove] [32minfo[39m: Media Policy exists!
Fri Sep 26 2025 17:8:57 [Podlove] [32minfo[39m: Server is running at PORT: 8000, HOST: 10.10.20.11
Fri Sep 26 2025 17:8:57 [Podlove] [32minfo[39m: Socket.IO server initialized
Fri Sep 26 2025 17:9:14 [Podlove] [32minfo[39m: Successfully Connected to MongoDB Atlas
Fri Sep 26 2025 17:9:19 [Podlove] [32minfo[39m: Privacy Policy exists!
Fri Sep 26 2025 17:9:20 [Podlove] [32minfo[39m: Consumer Policy exists!
Fri Sep 26 2025 17:9:20 [Podlove] [32minfo[39m: Media Policy exists!
Fri Sep 26 2025 17:9:20 [Podlove] [32minfo[39m: Server is running at PORT: 8000, HOST: 10.10.20.11
Fri Sep 26 2025 17:9:20 [Podlove] [32minfo[39m: Socket.IO server initialized
Fri Sep 26 2025 17:10:28 [Podlove] [32minfo[39m: Successfully Connected to MongoDB Atlas
Fri Sep 26 2025 17:10:44 [Podlove] [32minfo[39m: Successfully Connected to MongoDB Atlas
Fri Sep 26 2025 17:10:55 [Podlove] [32minfo[39m: Successfully Connected to MongoDB Atlas
Fri Sep 26 2025 17:11:1 [Podlove] [32minfo[39m: Privacy Policy exists!
Fri Sep 26 2025 17:11:1 [Podlove] [32minfo[39m: Consumer Policy exists!
Fri Sep 26 2025 17:11:1 [Podlove] [32minfo[39m: Media Policy exists!
Fri Sep 26 2025 17:11:1 [Podlove] [32minfo[39m: Server is running at PORT: 8000, HOST: 10.10.20.11
Fri Sep 26 2025 17:11:1 [Podlove] [32minfo[39m: Socket.IO server initialized
Fri Sep 26 2025 17:11:51 [Podlove] [32minfo[39m: Successfully Connected to MongoDB Atlas
Fri Sep 26 2025 17:11:55 [Podlove] [32minfo[39m: Privacy Policy exists!
Fri Sep 26 2025 17:11:55 [Podlove] [32minfo[39m: Consumer Policy exists!
Fri Sep 26 2025 17:11:56 [Podlove] [32minfo[39m: Media Policy exists!
Fri Sep 26 2025 17:11:56 [Podlove] [32minfo[39m: Server is running at PORT: 8000, HOST: 10.10.20.11
Fri Sep 26 2025 17:11:56 [Podlove] [32minfo[39m: Socket.IO server initialized
Fri Sep 26 2025 17:12:13 [Podlove] [32minfo[39m: Successfully Connected to MongoDB Atlas
Fri Sep 26 2025 17:12:17 [Podlove] [32minfo[39m: Privacy Policy exists!
Fri Sep 26 2025 17:12:17 [Podlove] [32minfo[39m: Consumer Policy exists!
Fri Sep 26 2025 17:12:18 [Podlove] [32minfo[39m: Media Policy exists!
Fri Sep 26 2025 17:12:18 [Podlove] [32minfo[39m: Server is running at PORT: 8000, HOST: 10.10.20.11
Fri Sep 26 2025 17:12:18 [Podlove] [32minfo[39m: Socket.IO server initialized
Fri Sep 26 2025 17:12:26 [Podlove] [32minfo[39m: Successfully Connected to MongoDB Atlas
