Sat Jul 12 2025 9:38:45 [Podlove] [32minfo[39m: Successfully Connected to MongoDB Atlas
Sat Jul 12 2025 9:38:48 [Podlove] [32minfo[39m: Privacy Policy exists!
Sat Jul 12 2025 9:38:48 [Podlove] [32minfo[39m: Consumer Policy exists!
Sat Jul 12 2025 9:38:48 [Podlove] [32minfo[39m: Media Policy exists!
Sat Jul 12 2025 9:38:48 [Podlove] [32minfo[39m: Server is running at PORT: 8000, HOST: 10.0.60.147
Sat Jul 12 2025 9:38:48 [Podlove] [32minfo[39m: Socket.IO server initialized
Sat Jul 12 2025 9:40:58 [Podlove] [32minfo[39m: 6871d92cf8bbe9e9de6cc393
Sat Jul 12 2025 9:41:10 [Podlove] [32minfo[39m: 6871d92cf8bbe9e9de6cc393
Sat Jul 12 2025 9:41:24 [Podlove] [32minfo[39m: 6871d92cf8bbe9e9de6cc393
Sat Jul 12 2025 9:41:31 [Podlove] [32minfo[39m: 6871d92cf8bbe9e9de6cc393
Sat Jul 12 2025 9:41:41 [Podlove] [32minfo[39m: 6871d92cf8bbe9e9de6cc393
Sat Jul 12 2025 9:41:49 [Podlove] [32minfo[39m: 6871d92cf8bbe9e9de6cc393
Sat Jul 12 2025 9:41:58 [Podlove] [32minfo[39m: 6871d92cf8bbe9e9de6cc393
Sat Jul 12 2025 9:42:5 [Podlove] [32minfo[39m: 6871d92cf8bbe9e9de6cc393
Sat Jul 12 2025 9:42:22 [Podlove] [32minfo[39m: 6871d92cf8bbe9e9de6cc393
Sat Jul 12 2025 9:42:32 [Podlove] [32minfo[39m: 6871d92cf8bbe9e9de6cc393
Sat Jul 12 2025 9:44:20 [Podlove] [32minfo[39m: 6871d92cf8bbe9e9de6cc393
Sat Jul 12 2025 9:44:39 [Podlove] [32minfo[39m: 6871d92cf8bbe9e9de6cc393
Sat Jul 12 2025 9:48:1 [Podlove] [32minfo[39m: 6871d92cf8bbe9e9de6cc393
Sat Jul 12 2025 9:48:9 [Podlove] [32minfo[39m: 6871d92cf8bbe9e9de6cc393
Sat Jul 12 2025 9:48:18 [Podlove] [32minfo[39m: 6871d92cf8bbe9e9de6cc393
Sat Jul 12 2025 9:48:25 [Podlove] [32minfo[39m: 6871d92cf8bbe9e9de6cc393
Sat Jul 12 2025 9:48:37 [Podlove] [32minfo[39m: 6871d92cf8bbe9e9de6cc393
Sat Jul 12 2025 9:48:39 [Podlove] [31merror[39m: Matched users not found
NotFoundError: Matched users not found
    at getMatchedUsers (C:\Users\Bd Calling\podlove_backend\src\services\matchesServices.ts:237:24)
    at processTicksAndRejections (node:internal/process/task_queues:105:5)
NotFoundError
Sat Jul 12 2025 9:53:33 [Podlove] [32minfo[39m: 6871d92cf8bbe9e9de6cc393
Sat Jul 12 2025 9:53:35 [Podlove] [31merror[39m: Parameter "obj" to Document() must be an object, got "6871d92df8bbe9e9de6cc395" (type string)
ObjectParameterError: Parameter "obj" to Document() must be an object, got "6871d92df8bbe9e9de6cc395" (type string)
    at EmbeddedDocument.Document (C:\Users\Bd Calling\podlove_backend\node_modules\mongoose\lib\document.js:123:11)
    at EmbeddedDocument.Subdocument (C:\Users\Bd Calling\podlove_backend\node_modules\mongoose\lib\types\subdocument.js:34:12)
    at EmbeddedDocument.ArraySubdocument [as constructor] (C:\Users\Bd Calling\podlove_backend\node_modules\mongoose\lib\types\arraySubdocument.js:44:15)
    at new EmbeddedDocument (C:\Users\Bd Calling\podlove_backend\node_modules\mongoose\lib\schema\documentArray.js:131:17)
    at SchemaDocumentArray.SchemaArray._castForQuery (C:\Users\Bd Calling\podlove_backend\node_modules\mongoose\lib\schema\array.js:561:11)
    at SchemaDocumentArray.SchemaArray.castForQuery (C:\Users\Bd Calling\podlove_backend\node_modules\mongoose\lib\schema\array.js:587:17)
    at cast (C:\Users\Bd Calling\podlove_backend\node_modules\mongoose\lib\cast.js:390:32)
    at cast (C:\Users\Bd Calling\podlove_backend\node_modules\mongoose\lib\cast.js:76:20)
    at model.Query.Query.cast (C:\Users\Bd Calling\podlove_backend\node_modules\mongoose\lib\query.js:5055:12)
    at model.Query.Query._castConditions (C:\Users\Bd Calling\podlove_backend\node_modules\mongoose\lib\query.js:2351:10)
ObjectParameterError
