Tue Jul 22 2025 17:1:6 [Podlove] [32minfo[39m: 687dd01b00716e1a7253010e
Tue Jul 22 2025 17:1:28 [Podlove] [32minfo[39m: 687dd01b00716e1a7253010e
Tue Jul 22 2025 17:2:23 [Podlove] [32minfo[39m: Successfully Connected to MongoDB Atlas
Tue Jul 22 2025 17:2:26 [Podlove] [32minfo[39m: Privacy Policy exists!
Tue Jul 22 2025 17:2:26 [Podlove] [32minfo[39m: Consumer Policy exists!
Tue Jul 22 2025 17:2:27 [Podlove] [32minfo[39m: Media Policy exists!
Tue Jul 22 2025 17:2:27 [Podlove] [32minfo[39m: Server is running at PORT: 8000, HOST: 10.10.10.59
Tue Jul 22 2025 17:2:27 [Podlove] [32minfo[39m: Socket.IO server initialized
Tue Jul 22 2025 17:2:37 [Podlove] [32minfo[39m: 685bf24e49787bb2bfa51b3a
Tue Jul 22 2025 17:3:21 [Podlove] [32minfo[39m: 685e6e80ad422af7edb9b072
Tue Jul 22 2025 17:3:21 [Podlove] [32minfo[39m: [object Object]
Tue Jul 22 2025 17:4:3 [Podlove] [32minfo[39m: 685e6e80ad422af7edb9b072
Tue Jul 22 2025 17:4:3 [Podlove] [32minfo[39m: [object Object]
Tue Jul 22 2025 17:4:39 [Podlove] [32minfo[39m: 687dd01b00716e1a7253010e
Tue Jul 22 2025 17:4:56 [Podlove] [32minfo[39m: 687dd01b00716e1a7253010e
Tue Jul 22 2025 17:5:12 [Podlove] [32minfo[39m: Successfully Connected to MongoDB Atlas
Tue Jul 22 2025 17:5:15 [Podlove] [32minfo[39m: Privacy Policy exists!
Tue Jul 22 2025 17:5:15 [Podlove] [32minfo[39m: Consumer Policy exists!
Tue Jul 22 2025 17:5:15 [Podlove] [32minfo[39m: Media Policy exists!
Tue Jul 22 2025 17:5:15 [Podlove] [32minfo[39m: Server is running at PORT: 8000, HOST: 10.10.10.59
Tue Jul 22 2025 17:5:15 [Podlove] [32minfo[39m: Socket.IO server initialized
Tue Jul 22 2025 17:5:27 [Podlove] [32minfo[39m: 687dd01b00716e1a7253010e
Tue Jul 22 2025 17:6:6 [Podlove] [32minfo[39m: 685e6e80ad422af7edb9b072
Tue Jul 22 2025 17:6:6 [Podlove] [32minfo[39m: [object Object]
Tue Jul 22 2025 17:8:4 [Podlove] [31merror[39m: Cannot read properties of undefined (reading 'userId')
TypeError: Cannot read properties of undefined (reading 'userId')
    at setSchedule (C:\Users\jahid\Music\Jahid Hasan\podlove_backend\src\services\podcastServices.ts:120:33)
    at Layer.handle [as handle_request] (C:\Users\jahid\Music\Jahid Hasan\podlove_backend\node_modules\express\lib\router\layer.js:95:5)
    at next (C:\Users\jahid\Music\Jahid Hasan\podlove_backend\node_modules\express\lib\router\route.js:149:13)
    at Route.dispatch (C:\Users\jahid\Music\Jahid Hasan\podlove_backend\node_modules\express\lib\router\route.js:119:3)
    at Layer.handle [as handle_request] (C:\Users\jahid\Music\Jahid Hasan\podlove_backend\node_modules\express\lib\router\layer.js:95:5)
    at C:\Users\jahid\Music\Jahid Hasan\podlove_backend\node_modules\express\lib\router\index.js:284:15
    at Function.process_params (C:\Users\jahid\Music\Jahid Hasan\podlove_backend\node_modules\express\lib\router\index.js:346:12)
    at next (C:\Users\jahid\Music\Jahid Hasan\podlove_backend\node_modules\express\lib\router\index.js:280:10)
    at Function.handle (C:\Users\jahid\Music\Jahid Hasan\podlove_backend\node_modules\express\lib\router\index.js:175:3)
    at router (C:\Users\jahid\Music\Jahid Hasan\podlove_backend\node_modules\express\lib\router\index.js:47:12)
TypeError
Tue Jul 22 2025 17:10:3 [Podlove] [32minfo[39m: Successfully Connected to MongoDB Atlas
Tue Jul 22 2025 17:10:6 [Podlove] [32minfo[39m: Privacy Policy exists!
Tue Jul 22 2025 17:10:6 [Podlove] [32minfo[39m: Consumer Policy exists!
Tue Jul 22 2025 17:10:7 [Podlove] [32minfo[39m: Media Policy exists!
Tue Jul 22 2025 17:10:7 [Podlove] [32minfo[39m: Server is running at PORT: 8000, HOST: 10.10.10.59
Tue Jul 22 2025 17:10:7 [Podlove] [32minfo[39m: Socket.IO server initialized
Tue Jul 22 2025 17:10:17 [Podlove] [32minfo[39m: 687e2153367b2584637d5f20
Tue Jul 22 2025 17:10:36 [Podlove] [32minfo[39m: 685e6e80ad422af7edb9b072
Tue Jul 22 2025 17:10:36 [Podlove] [32minfo[39m: [object Object]
Tue Jul 22 2025 17:10:42 [Podlove] [32minfo[39m: 687e2153367b2584637d5f20
Tue Jul 22 2025 17:10:55 [Podlove] [32minfo[39m: 687e2153367b2584637d5f20
Tue Jul 22 2025 17:12:5 [Podlove] [32minfo[39m: 685e6e80ad422af7edb9b072
Tue Jul 22 2025 17:12:6 [Podlove] [32minfo[39m: [object Object]
Tue Jul 22 2025 17:13:3 [Podlove] [32minfo[39m: 687dd01b00716e1a7253010e
Tue Jul 22 2025 17:13:31 [Podlove] [32minfo[39m: 687dd01b00716e1a7253010e
Tue Jul 22 2025 17:13:34 [Podlove] [32minfo[39m: 687dd01b00716e1a7253010e
Tue Jul 22 2025 17:15:9 [Podlove] [32minfo[39m: 685e6e80ad422af7edb9b072
Tue Jul 22 2025 17:15:10 [Podlove] [32minfo[39m: [object Object]
Tue Jul 22 2025 17:15:41 [Podlove] [31merror[39m: Cannot read properties of undefined (reading 'userId')
TypeError: Cannot read properties of undefined (reading 'userId')
    at setSchedule (C:\Users\jahid\Music\Jahid Hasan\podlove_backend\src\services\podcastServices.ts:120:33)
    at Layer.handle [as handle_request] (C:\Users\jahid\Music\Jahid Hasan\podlove_backend\node_modules\express\lib\router\layer.js:95:5)
    at next (C:\Users\jahid\Music\Jahid Hasan\podlove_backend\node_modules\express\lib\router\route.js:149:13)
    at Route.dispatch (C:\Users\jahid\Music\Jahid Hasan\podlove_backend\node_modules\express\lib\router\route.js:119:3)
    at Layer.handle [as handle_request] (C:\Users\jahid\Music\Jahid Hasan\podlove_backend\node_modules\express\lib\router\layer.js:95:5)
    at C:\Users\jahid\Music\Jahid Hasan\podlove_backend\node_modules\express\lib\router\index.js:284:15
    at Function.process_params (C:\Users\jahid\Music\Jahid Hasan\podlove_backend\node_modules\express\lib\router\index.js:346:12)
    at next (C:\Users\jahid\Music\Jahid Hasan\podlove_backend\node_modules\express\lib\router\index.js:280:10)
    at Function.handle (C:\Users\jahid\Music\Jahid Hasan\podlove_backend\node_modules\express\lib\router\index.js:175:3)
    at router (C:\Users\jahid\Music\Jahid Hasan\podlove_backend\node_modules\express\lib\router\index.js:47:12)
TypeError
Tue Jul 22 2025 17:18:0 [Podlove] [32minfo[39m: Successfully Connected to MongoDB Atlas
Tue Jul 22 2025 17:18:3 [Podlove] [32minfo[39m: Privacy Policy exists!
Tue Jul 22 2025 17:18:3 [Podlove] [32minfo[39m: Consumer Policy exists!
Tue Jul 22 2025 17:18:4 [Podlove] [32minfo[39m: Media Policy exists!
Tue Jul 22 2025 17:18:4 [Podlove] [32minfo[39m: Server is running at PORT: 8000, HOST: 10.10.10.59
Tue Jul 22 2025 17:18:4 [Podlove] [32minfo[39m: Socket.IO server initialized
Tue Jul 22 2025 17:19:12 [Podlove] [32minfo[39m: 687dd01b00716e1a7253010e
Tue Jul 22 2025 17:23:52 [Podlove] [32minfo[39m: Successfully Connected to MongoDB Atlas
Tue Jul 22 2025 17:23:55 [Podlove] [32minfo[39m: Privacy Policy exists!
Tue Jul 22 2025 17:23:56 [Podlove] [32minfo[39m: Consumer Policy exists!
Tue Jul 22 2025 17:23:56 [Podlove] [32minfo[39m: Media Policy exists!
Tue Jul 22 2025 17:23:56 [Podlove] [32minfo[39m: Server is running at PORT: 8000, HOST: 10.10.10.59
Tue Jul 22 2025 17:23:56 [Podlove] [32minfo[39m: Socket.IO server initialized
Tue Jul 22 2025 17:24:12 [Podlove] [32minfo[39m: 685bf24e49787bb2bfa51b3a
Tue Jul 22 2025 17:28:35 [Podlove] [32minfo[39m: 685e6e80ad422af7edb9b072
Tue Jul 22 2025 17:28:35 [Podlove] [32minfo[39m: [object Object]
Tue Jul 22 2025 17:30:19 [Podlove] [32minfo[39m: 687dd01b00716e1a7253010e
Tue Jul 22 2025 17:32:31 [Podlove] [32minfo[39m: 685e6e80ad422af7edb9b072
Tue Jul 22 2025 17:32:31 [Podlove] [32minfo[39m: [object Object]
Tue Jul 22 2025 17:34:56 [Podlove] [32minfo[39m: 687dd01b00716e1a7253010e
Tue Jul 22 2025 17:35:21 [Podlove] [32minfo[39m: 687dd01b00716e1a7253010e
Tue Jul 22 2025 17:36:26 [Podlove] [32minfo[39m: 687dd01b00716e1a7253010e
Tue Jul 22 2025 17:37:22 [Podlove] [32minfo[39m: 687dd01b00716e1a7253010e
Tue Jul 22 2025 17:38:19 [Podlove] [32minfo[39m: 687dd01b00716e1a7253010e
Tue Jul 22 2025 17:39:44 [Podlove] [32minfo[39m: 687dd01b00716e1a7253010e
Tue Jul 22 2025 17:41:8 [Podlove] [32minfo[39m: Successfully Connected to MongoDB Atlas
Tue Jul 22 2025 17:41:11 [Podlove] [32minfo[39m: Privacy Policy exists!
Tue Jul 22 2025 17:41:11 [Podlove] [32minfo[39m: Consumer Policy exists!
Tue Jul 22 2025 17:41:12 [Podlove] [32minfo[39m: Media Policy exists!
Tue Jul 22 2025 17:41:12 [Podlove] [32minfo[39m: Server is running at PORT: 8000, HOST: 10.10.10.59
Tue Jul 22 2025 17:41:12 [Podlove] [32minfo[39m: Socket.IO server initialized
Tue Jul 22 2025 17:43:23 [Podlove] [32minfo[39m: Successfully Connected to MongoDB Atlas
Tue Jul 22 2025 17:43:26 [Podlove] [32minfo[39m: Privacy Policy exists!
Tue Jul 22 2025 17:43:27 [Podlove] [32minfo[39m: Consumer Policy exists!
Tue Jul 22 2025 17:43:27 [Podlove] [32minfo[39m: Media Policy exists!
Tue Jul 22 2025 17:43:27 [Podlove] [32minfo[39m: Server is running at PORT: 8000, HOST: 10.10.10.59
Tue Jul 22 2025 17:43:27 [Podlove] [32minfo[39m: Socket.IO server initialized
Tue Jul 22 2025 17:45:17 [Podlove] [32minfo[39m: 687dd01b00716e1a7253010e
Tue Jul 22 2025 17:45:23 [Podlove] [32minfo[39m: 687dd01b00716e1a7253010e
Tue Jul 22 2025 17:45:33 [Podlove] [32minfo[39m: 687dd01b00716e1a7253010e
Tue Jul 22 2025 17:45:33 [Podlove] [32minfo[39m: 687f78c7f71a1029b22edc24
Tue Jul 22 2025 17:45:35 [Podlove] [32minfo[39m: 687dd01b00716e1a7253010e
Tue Jul 22 2025 17:45:53 [Podlove] [32minfo[39m: 687f78c7f71a1029b22edc24
Tue Jul 22 2025 17:45:56 [Podlove] [32minfo[39m: 687dd01b00716e1a7253010e
Tue Jul 22 2025 17:45:58 [Podlove] [32minfo[39m: 687dd01b00716e1a7253010e
Tue Jul 22 2025 17:46:15 [Podlove] [32minfo[39m: 687dd01b00716e1a7253010e
Tue Jul 22 2025 17:46:17 [Podlove] [32minfo[39m: 687dd01b00716e1a7253010e
Tue Jul 22 2025 17:46:26 [Podlove] [32minfo[39m: 687f78c7f71a1029b22edc24
Tue Jul 22 2025 17:46:33 [Podlove] [32minfo[39m: 687f78c7f71a1029b22edc24
Tue Jul 22 2025 17:46:33 [Podlove] [32minfo[39m: 687dd01b00716e1a7253010e
Tue Jul 22 2025 17:46:40 [Podlove] [32minfo[39m: 687f78c7f71a1029b22edc24
Tue Jul 22 2025 17:46:48 [Podlove] [32minfo[39m: 687f78c7f71a1029b22edc24
Tue Jul 22 2025 17:46:56 [Podlove] [32minfo[39m: 687f78c7f71a1029b22edc24
Tue Jul 22 2025 17:47:5 [Podlove] [32minfo[39m: 687f78c7f71a1029b22edc24
Tue Jul 22 2025 17:47:14 [Podlove] [32minfo[39m: 687f78c7f71a1029b22edc24
Tue Jul 22 2025 17:47:21 [Podlove] [32minfo[39m: 685e6e80ad422af7edb9b072
Tue Jul 22 2025 17:47:22 [Podlove] [32minfo[39m: [object Object]
Tue Jul 22 2025 17:47:40 [Podlove] [32minfo[39m: 687f78c7f71a1029b22edc24
Tue Jul 22 2025 17:47:49 [Podlove] [32minfo[39m: 687f78c7f71a1029b22edc24
Tue Jul 22 2025 17:47:56 [Podlove] [32minfo[39m: 687dd01b00716e1a7253010e
Tue Jul 22 2025 17:47:59 [Podlove] [31merror[39m: Your bio contains content that violates our guidelines. Please ensure it does not include:
1. Profanity, hate speech, or explicit content
2. Personal information such as phone numbers, addresses, emails, or identifiable details
3. Spam, random characters, or nonsensical phrases.
BadRequestError: Your bio contains content that violates our guidelines. Please ensure it does not include:
1. Profanity, hate speech, or explicit content
2. Personal information such as phone numbers, addresses, emails, or identifiable details
3. Spam, random characters, or nonsensical phrases.
    at validateBio (C:\Users\jahid\Music\Jahid Hasan\podlove_backend\src\services\userServices.ts:91:20)
    at processTicksAndRejections (node:internal/process/task_queues:105:5)
BadRequestError
Tue Jul 22 2025 17:48:40 [Podlove] [32minfo[39m: 687f78c7f71a1029b22edc24
Tue Jul 22 2025 17:48:46 [Podlove] [32minfo[39m: 687f78c7f71a1029b22edc24
Tue Jul 22 2025 17:48:49 [Podlove] [32minfo[39m: 687f78c7f71a1029b22edc24
Tue Jul 22 2025 17:48:57 [Podlove] [32minfo[39m: 687f78c7f71a1029b22edc24
Tue Jul 22 2025 17:49:6 [Podlove] [32minfo[39m: 687f78c7f71a1029b22edc24
Tue Jul 22 2025 17:49:10 [Podlove] [32minfo[39m: 687f78c7f71a1029b22edc24
Tue Jul 22 2025 17:49:18 [Podlove] [32minfo[39m: 685e6e80ad422af7edb9b072
Tue Jul 22 2025 17:49:18 [Podlove] [32minfo[39m: [object Object]
Tue Jul 22 2025 17:50:37 [Podlove] [32minfo[39m: 687dd01b00716e1a7253010e
Tue Jul 22 2025 17:51:13 [Podlove] [32minfo[39m: 687dd01b00716e1a7253010e
Tue Jul 22 2025 17:51:16 [Podlove] [32minfo[39m: 687dd01b00716e1a7253010e
Tue Jul 22 2025 17:51:22 [Podlove] [32minfo[39m: 687dd01b00716e1a7253010e
Tue Jul 22 2025 17:52:8 [Podlove] [32minfo[39m: 687dd01b00716e1a7253010e
Tue Jul 22 2025 17:52:43 [Podlove] [32minfo[39m: 687dd01b00716e1a7253010e
Tue Jul 22 2025 17:52:46 [Podlove] [32minfo[39m: 687dd01b00716e1a7253010e
Tue Jul 22 2025 17:52:46 [Podlove] [32minfo[39m: 687dd01b00716e1a7253010e
Tue Jul 22 2025 17:52:47 [Podlove] [31merror[39m: Caused by :: Write conflict during plan execution and yielding is disabled. :: Please retry your operation or multi-document transaction.
MongoServerError: Caused by :: Write conflict during plan execution and yielding is disabled. :: Please retry your operation or multi-document transaction.
    at Connection.sendCommand (C:\Users\jahid\Music\Jahid Hasan\podlove_backend\node_modules\mongodb\src\cmap\connection.ts:559:17)
    at processTicksAndRejections (node:internal/process/task_queues:105:5)
    at async Connection.command (C:\Users\jahid\Music\Jahid Hasan\podlove_backend\node_modules\mongodb\src\cmap\connection.ts:633:22)
    at async Server.command (C:\Users\jahid\Music\Jahid Hasan\podlove_backend\node_modules\mongodb\src\sdam\server.ts:342:21)
    at async FindOneAndUpdateOperation.executeCommand (C:\Users\jahid\Music\Jahid Hasan\podlove_backend\node_modules\mongodb\src\operations\command.ts:179:12)
    at async FindOneAndUpdateOperation.execute (C:\Users\jahid\Music\Jahid Hasan\podlove_backend\node_modules\mongodb\src\operations\find_and_modify.ts:216:20)
    at async tryOperation (C:\Users\jahid\Music\Jahid Hasan\podlove_backend\node_modules\mongodb\src\operations\execute_operation.ts:283:14)
    at async executeOperation (C:\Users\jahid\Music\Jahid Hasan\podlove_backend\node_modules\mongodb\src\operations\execute_operation.ts:115:12)
    at async Collection.findOneAndUpdate (C:\Users\jahid\Music\Jahid Hasan\podlove_backend\node_modules\mongodb\src\collection.ts:1006:12)
    at async model.Query._findOneAndUpdate (C:\Users\jahid\Music\Jahid Hasan\podlove_backend\node_modules\mongoose\lib\query.js:3513:13)
MongoServerError
Tue Jul 22 2025 17:57:43 [Podlove] [32minfo[39m: Successfully Connected to MongoDB Atlas
Tue Jul 22 2025 17:57:46 [Podlove] [32minfo[39m: Privacy Policy exists!
Tue Jul 22 2025 17:57:47 [Podlove] [32minfo[39m: Consumer Policy exists!
Tue Jul 22 2025 17:57:47 [Podlove] [32minfo[39m: Media Policy exists!
Tue Jul 22 2025 17:57:47 [Podlove] [32minfo[39m: Server is running at PORT: 8000, HOST: 10.10.10.59
Tue Jul 22 2025 17:57:47 [Podlove] [32minfo[39m: Socket.IO server initialized
