Mon Oct 13 2025 12:33:5 [Podlove] [32minfo[39m: Successfully Connected to MongoDB Atlas
Mon Oct 13 2025 12:33:12 [Podlove] [32minfo[39m: Privacy Policy exists!
Mon Oct 13 2025 12:33:13 [Podlove] [32minfo[39m: Consumer Policy exists!
Mon Oct 13 2025 12:33:13 [Podlove] [32minfo[39m: Media Policy exists!
Mon Oct 13 2025 12:33:13 [Podlove] [32minfo[39m: Server is running at PORT: 8000, HOST: 10.10.20.11
Mon Oct 13 2025 12:33:13 [Podlove] [32minfo[39m: Socket.IO server initialized
Mon Oct 13 2025 12:34:17 [Podlove] [32minfo[39m: Successfully Connected to MongoDB Atlas
Mon Oct 13 2025 12:34:22 [Podlove] [32minfo[39m: Privacy Policy exists!
Mon Oct 13 2025 12:34:22 [Podlove] [32minfo[39m: Consumer Policy exists!
Mon Oct 13 2025 12:34:22 [Podlove] [32minfo[39m: Media Policy exists!
Mon Oct 13 2025 12:34:22 [Podlove] [32minfo[39m: Server is running at PORT: 8000, HOST: 10.10.20.11
Mon Oct 13 2025 12:34:22 [Podlove] [32minfo[39m: Socket.IO server initialized
Mon Oct 13 2025 12:36:11 [Podlove] [32minfo[39m: Successfully Connected to MongoDB Atlas
Mon Oct 13 2025 12:36:15 [Podlove] [32minfo[39m: Privacy Policy exists!
Mon Oct 13 2025 12:36:15 [Podlove] [32minfo[39m: Consumer Policy exists!
Mon Oct 13 2025 12:36:15 [Podlove] [32minfo[39m: Media Policy exists!
Mon Oct 13 2025 12:36:16 [Podlove] [32minfo[39m: Server is running at PORT: 8000, HOST: 10.10.20.11
Mon Oct 13 2025 12:36:16 [Podlove] [32minfo[39m: Socket.IO server initialized
Mon Oct 13 2025 12:39:43 [Podlove] [32minfo[39m: Successfully Connected to MongoDB Atlas
Mon Oct 13 2025 12:39:49 [Podlove] [32minfo[39m: Privacy Policy exists!
Mon Oct 13 2025 12:39:49 [Podlove] [32minfo[39m: Consumer Policy exists!
Mon Oct 13 2025 12:39:49 [Podlove] [32minfo[39m: Media Policy exists!
Mon Oct 13 2025 12:39:49 [Podlove] [32minfo[39m: Server is running at PORT: 8000, HOST: 10.10.20.11
Mon Oct 13 2025 12:39:49 [Podlove] [32minfo[39m: Socket.IO server initialized
Mon Oct 13 2025 12:40:7 [Podlove] [32minfo[39m: Successfully Connected to MongoDB Atlas
Mon Oct 13 2025 12:40:11 [Podlove] [32minfo[39m: Privacy Policy exists!
Mon Oct 13 2025 12:40:12 [Podlove] [32minfo[39m: Consumer Policy exists!
Mon Oct 13 2025 12:40:12 [Podlove] [32minfo[39m: Media Policy exists!
Mon Oct 13 2025 12:40:12 [Podlove] [32minfo[39m: Server is running at PORT: 8000, HOST: 10.10.20.11
Mon Oct 13 2025 12:40:12 [Podlove] [32minfo[39m: Socket.IO server initialized
Mon Oct 13 2025 12:41:44 [Podlove] [32minfo[39m: Successfully Connected to MongoDB Atlas
Mon Oct 13 2025 12:41:48 [Podlove] [32minfo[39m: Privacy Policy exists!
Mon Oct 13 2025 12:41:49 [Podlove] [32minfo[39m: Consumer Policy exists!
Mon Oct 13 2025 12:41:49 [Podlove] [32minfo[39m: Media Policy exists!
Mon Oct 13 2025 12:41:49 [Podlove] [32minfo[39m: Server is running at PORT: 8000, HOST: 10.10.20.11
Mon Oct 13 2025 12:41:49 [Podlove] [32minfo[39m: Socket.IO server initialized
Mon Oct 13 2025 12:51:13 [Podlove] [32minfo[39m: Successfully Connected to MongoDB Atlas
Mon Oct 13 2025 12:51:17 [Podlove] [32minfo[39m: Privacy Policy exists!
Mon Oct 13 2025 12:51:17 [Podlove] [32minfo[39m: Consumer Policy exists!
Mon Oct 13 2025 12:51:18 [Podlove] [32minfo[39m: Media Policy exists!
Mon Oct 13 2025 12:51:18 [Podlove] [32minfo[39m: Server is running at PORT: 8000, HOST: 10.10.20.11
Mon Oct 13 2025 12:51:18 [Podlove] [32minfo[39m: Socket.IO server initialized
Mon Oct 13 2025 12:57:33 [Podlove] [32minfo[39m: Successfully Connected to MongoDB Atlas
Mon Oct 13 2025 12:57:40 [Podlove] [32minfo[39m: Privacy Policy exists!
Mon Oct 13 2025 12:57:42 [Podlove] [32minfo[39m: Consumer Policy exists!
Mon Oct 13 2025 12:57:43 [Podlove] [32minfo[39m: Media Policy exists!
Mon Oct 13 2025 12:57:43 [Podlove] [32minfo[39m: Server is running at PORT: 8000, HOST: 10.10.20.11
Mon Oct 13 2025 12:57:43 [Podlove] [32minfo[39m: Socket.IO server initialized
