Tue Apr 22 2025 14:50:16 [Podlove] [32minfo[39m: Successfully Connected to MongoDB Atlas
Tue Apr 22 2025 14:50:16 [Podlove] [32minfo[39m: Privacy Policy exists!
Tue Apr 22 2025 14:50:16 [Podlove] [32minfo[39m: Consumer Policy exists!
Tue Apr 22 2025 14:50:16 [Podlove] [32minfo[39m: Media Policy exists!
Tue Apr 22 2025 14:50:16 [Podlove] [32minfo[39m: Server is running at PORT: 7001
Tue Apr 22 2025 14:50:33 [Podlove] [32minfo[39m: 6800bc7270fbf4a455991883
Tue Apr 22 2025 14:50:33 [Podlove] [32minfo[39m: 6800bc7270fbf4a455991883
Tue Apr 22 2025 14:51:9 [Podlove] [31merror[39m: Not Authorized
UnauthorizedError: Not Authorized
    at /home/mir/dev/projects/podlove_backend/src/middlewares/authorization.ts:44:30
    at /home/mir/dev/projects/podlove_backend/src/shared/asyncHandler.ts:7:19
    at Layer.handle [as handle_request] (/home/mir/dev/projects/podlove_backend/node_modules/.pnpm/express@4.21.2/node_modules/express/lib/router/layer.js:95:5)
    at next (/home/mir/dev/projects/podlove_backend/node_modules/.pnpm/express@4.21.2/node_modules/express/lib/router/route.js:149:13)
    at Route.dispatch (/home/mir/dev/projects/podlove_backend/node_modules/.pnpm/express@4.21.2/node_modules/express/lib/router/route.js:119:3)
    at Layer.handle [as handle_request] (/home/mir/dev/projects/podlove_backend/node_modules/.pnpm/express@4.21.2/node_modules/express/lib/router/layer.js:95:5)
    at /home/mir/dev/projects/podlove_backend/node_modules/.pnpm/express@4.21.2/node_modules/express/lib/router/index.js:284:15
    at Function.process_params (/home/mir/dev/projects/podlove_backend/node_modules/.pnpm/express@4.21.2/node_modules/express/lib/router/index.js:346:12)
    at next (/home/mir/dev/projects/podlove_backend/node_modules/.pnpm/express@4.21.2/node_modules/express/lib/router/index.js:280:10)
    at Function.handle (/home/mir/dev/projects/podlove_backend/node_modules/.pnpm/express@4.21.2/node_modules/express/lib/router/index.js:175:3)
UnauthorizedError
Tue Apr 22 2025 14:51:12 [Podlove] [32minfo[39m: 67a98f287809a7a156b6d1cf
Tue Apr 22 2025 14:51:15 [Podlove] [31merror[39m: Not Authorized
UnauthorizedError: Not Authorized
    at /home/mir/dev/projects/podlove_backend/src/middlewares/authorization.ts:44:30
    at /home/mir/dev/projects/podlove_backend/src/shared/asyncHandler.ts:7:19
    at Layer.handle [as handle_request] (/home/mir/dev/projects/podlove_backend/node_modules/.pnpm/express@4.21.2/node_modules/express/lib/router/layer.js:95:5)
    at next (/home/mir/dev/projects/podlove_backend/node_modules/.pnpm/express@4.21.2/node_modules/express/lib/router/route.js:149:13)
    at Route.dispatch (/home/mir/dev/projects/podlove_backend/node_modules/.pnpm/express@4.21.2/node_modules/express/lib/router/route.js:119:3)
    at Layer.handle [as handle_request] (/home/mir/dev/projects/podlove_backend/node_modules/.pnpm/express@4.21.2/node_modules/express/lib/router/layer.js:95:5)
    at /home/mir/dev/projects/podlove_backend/node_modules/.pnpm/express@4.21.2/node_modules/express/lib/router/index.js:284:15
    at Function.process_params (/home/mir/dev/projects/podlove_backend/node_modules/.pnpm/express@4.21.2/node_modules/express/lib/router/index.js:346:12)
    at next (/home/mir/dev/projects/podlove_backend/node_modules/.pnpm/express@4.21.2/node_modules/express/lib/router/index.js:280:10)
    at Function.handle (/home/mir/dev/projects/podlove_backend/node_modules/.pnpm/express@4.21.2/node_modules/express/lib/router/index.js:175:3)
UnauthorizedError
Tue Apr 22 2025 14:51:18 [Podlove] [32minfo[39m: 67a98f287809a7a156b6d1cf
Tue Apr 22 2025 14:51:26 [Podlove] [31merror[39m: Not Authorized
UnauthorizedError: Not Authorized
    at /home/mir/dev/projects/podlove_backend/src/middlewares/authorization.ts:44:30
    at /home/mir/dev/projects/podlove_backend/src/shared/asyncHandler.ts:7:19
    at Layer.handle [as handle_request] (/home/mir/dev/projects/podlove_backend/node_modules/.pnpm/express@4.21.2/node_modules/express/lib/router/layer.js:95:5)
    at next (/home/mir/dev/projects/podlove_backend/node_modules/.pnpm/express@4.21.2/node_modules/express/lib/router/route.js:149:13)
    at Route.dispatch (/home/mir/dev/projects/podlove_backend/node_modules/.pnpm/express@4.21.2/node_modules/express/lib/router/route.js:119:3)
    at Layer.handle [as handle_request] (/home/mir/dev/projects/podlove_backend/node_modules/.pnpm/express@4.21.2/node_modules/express/lib/router/layer.js:95:5)
    at /home/mir/dev/projects/podlove_backend/node_modules/.pnpm/express@4.21.2/node_modules/express/lib/router/index.js:284:15
    at Function.process_params (/home/mir/dev/projects/podlove_backend/node_modules/.pnpm/express@4.21.2/node_modules/express/lib/router/index.js:346:12)
    at next (/home/mir/dev/projects/podlove_backend/node_modules/.pnpm/express@4.21.2/node_modules/express/lib/router/index.js:280:10)
    at Function.handle (/home/mir/dev/projects/podlove_backend/node_modules/.pnpm/express@4.21.2/node_modules/express/lib/router/index.js:175:3)
UnauthorizedError
Tue Apr 22 2025 14:51:51 [Podlove] [31merror[39m: Not Authorized
UnauthorizedError: Not Authorized
    at /home/mir/dev/projects/podlove_backend/src/middlewares/authorization.ts:44:30
    at /home/mir/dev/projects/podlove_backend/src/shared/asyncHandler.ts:7:19
    at Layer.handle [as handle_request] (/home/mir/dev/projects/podlove_backend/node_modules/.pnpm/express@4.21.2/node_modules/express/lib/router/layer.js:95:5)
    at next (/home/mir/dev/projects/podlove_backend/node_modules/.pnpm/express@4.21.2/node_modules/express/lib/router/route.js:149:13)
    at Route.dispatch (/home/mir/dev/projects/podlove_backend/node_modules/.pnpm/express@4.21.2/node_modules/express/lib/router/route.js:119:3)
    at Layer.handle [as handle_request] (/home/mir/dev/projects/podlove_backend/node_modules/.pnpm/express@4.21.2/node_modules/express/lib/router/layer.js:95:5)
    at /home/mir/dev/projects/podlove_backend/node_modules/.pnpm/express@4.21.2/node_modules/express/lib/router/index.js:284:15
    at Function.process_params (/home/mir/dev/projects/podlove_backend/node_modules/.pnpm/express@4.21.2/node_modules/express/lib/router/index.js:346:12)
    at next (/home/mir/dev/projects/podlove_backend/node_modules/.pnpm/express@4.21.2/node_modules/express/lib/router/index.js:280:10)
    at Function.handle (/home/mir/dev/projects/podlove_backend/node_modules/.pnpm/express@4.21.2/node_modules/express/lib/router/index.js:175:3)
UnauthorizedError
Tue Apr 22 2025 14:52:17 [Podlove] [31merror[39m: Not Authorized
UnauthorizedError: Not Authorized
    at /home/mir/dev/projects/podlove_backend/src/middlewares/authorization.ts:44:30
    at /home/mir/dev/projects/podlove_backend/src/shared/asyncHandler.ts:7:19
    at Layer.handle [as handle_request] (/home/mir/dev/projects/podlove_backend/node_modules/.pnpm/express@4.21.2/node_modules/express/lib/router/layer.js:95:5)
    at next (/home/mir/dev/projects/podlove_backend/node_modules/.pnpm/express@4.21.2/node_modules/express/lib/router/route.js:149:13)
    at Route.dispatch (/home/mir/dev/projects/podlove_backend/node_modules/.pnpm/express@4.21.2/node_modules/express/lib/router/route.js:119:3)
    at Layer.handle [as handle_request] (/home/mir/dev/projects/podlove_backend/node_modules/.pnpm/express@4.21.2/node_modules/express/lib/router/layer.js:95:5)
    at /home/mir/dev/projects/podlove_backend/node_modules/.pnpm/express@4.21.2/node_modules/express/lib/router/index.js:284:15
    at Function.process_params (/home/mir/dev/projects/podlove_backend/node_modules/.pnpm/express@4.21.2/node_modules/express/lib/router/index.js:346:12)
    at next (/home/mir/dev/projects/podlove_backend/node_modules/.pnpm/express@4.21.2/node_modules/express/lib/router/index.js:280:10)
    at Function.handle (/home/mir/dev/projects/podlove_backend/node_modules/.pnpm/express@4.21.2/node_modules/express/lib/router/index.js:175:3)
UnauthorizedError
Tue Apr 22 2025 14:53:49 [Podlove] [32minfo[39m: 67c7eade734e6386abd7ffab
Tue Apr 22 2025 14:53:49 [Podlove] [32minfo[39m: [object Object]
Tue Apr 22 2025 14:55:15 [Podlove] [32minfo[39m: 67c7eade734e6386abd7ffab
Tue Apr 22 2025 14:55:15 [Podlove] [31merror[39m: Account Not Found
NotFoundError: Account Not Found
    at /home/mir/dev/projects/podlove_backend/src/middlewares/authorization.ts:61:41
    at processTicksAndRejections (node:internal/process/task_queues:105:5)
NotFoundError
Tue Apr 22 2025 14:55:29 [Podlove] [32minfo[39m: 67c7eade734e6386abd7ffab
Tue Apr 22 2025 14:55:30 [Podlove] [31merror[39m: Account Not Found
NotFoundError: Account Not Found
    at /home/mir/dev/projects/podlove_backend/src/middlewares/authorization.ts:61:41
    at processTicksAndRejections (node:internal/process/task_queues:105:5)
NotFoundError
Tue Apr 22 2025 14:55:32 [Podlove] [32minfo[39m: 67c7eade734e6386abd7ffab
Tue Apr 22 2025 14:55:32 [Podlove] [31merror[39m: Account Not Found
NotFoundError: Account Not Found
    at /home/mir/dev/projects/podlove_backend/src/middlewares/authorization.ts:61:41
    at processTicksAndRejections (node:internal/process/task_queues:105:5)
NotFoundError
Tue Apr 22 2025 14:55:34 [Podlove] [32minfo[39m: 67c7eade734e6386abd7ffab
Tue Apr 22 2025 14:55:34 [Podlove] [31merror[39m: Account Not Found
NotFoundError: Account Not Found
    at /home/mir/dev/projects/podlove_backend/src/middlewares/authorization.ts:61:41
    at processTicksAndRejections (node:internal/process/task_queues:105:5)
NotFoundError
Tue Apr 22 2025 14:55:45 [Podlove] [32minfo[39m: 67c7eade734e6386abd7ffab
Tue Apr 22 2025 14:55:45 [Podlove] [31merror[39m: Account Not Found
NotFoundError: Account Not Found
    at /home/mir/dev/projects/podlove_backend/src/middlewares/authorization.ts:61:41
    at processTicksAndRejections (node:internal/process/task_queues:105:5)
NotFoundError
Tue Apr 22 2025 14:56:41 [Podlove] [31merror[39m: Not Authorized
UnauthorizedError: Not Authorized
    at /home/mir/dev/projects/podlove_backend/src/middlewares/authorization.ts:44:30
    at /home/mir/dev/projects/podlove_backend/src/shared/asyncHandler.ts:7:19
    at Layer.handle [as handle_request] (/home/mir/dev/projects/podlove_backend/node_modules/.pnpm/express@4.21.2/node_modules/express/lib/router/layer.js:95:5)
    at next (/home/mir/dev/projects/podlove_backend/node_modules/.pnpm/express@4.21.2/node_modules/express/lib/router/route.js:149:13)
    at Route.dispatch (/home/mir/dev/projects/podlove_backend/node_modules/.pnpm/express@4.21.2/node_modules/express/lib/router/route.js:119:3)
    at Layer.handle [as handle_request] (/home/mir/dev/projects/podlove_backend/node_modules/.pnpm/express@4.21.2/node_modules/express/lib/router/layer.js:95:5)
    at /home/mir/dev/projects/podlove_backend/node_modules/.pnpm/express@4.21.2/node_modules/express/lib/router/index.js:284:15
    at Function.process_params (/home/mir/dev/projects/podlove_backend/node_modules/.pnpm/express@4.21.2/node_modules/express/lib/router/index.js:346:12)
    at next (/home/mir/dev/projects/podlove_backend/node_modules/.pnpm/express@4.21.2/node_modules/express/lib/router/index.js:280:10)
    at Function.handle (/home/mir/dev/projects/podlove_backend/node_modules/.pnpm/express@4.21.2/node_modules/express/lib/router/index.js:175:3)
UnauthorizedError
Tue Apr 22 2025 14:56:58 [Podlove] [32minfo[39m: 67c7eade734e6386abd7ffab
Tue Apr 22 2025 14:56:58 [Podlove] [31merror[39m: Account Not Found
NotFoundError: Account Not Found
    at /home/mir/dev/projects/podlove_backend/src/middlewares/authorization.ts:61:41
    at processTicksAndRejections (node:internal/process/task_queues:105:5)
NotFoundError
Tue Apr 22 2025 14:57:8 [Podlove] [32minfo[39m: 67a98f287809a7a156b6d1cf
Tue Apr 22 2025 14:57:22 [Podlove] [32minfo[39m: 67c7eade734e6386abd7ffab
Tue Apr 22 2025 14:57:23 [Podlove] [32minfo[39m: [object Object]
Tue Apr 22 2025 14:57:23 [Podlove] [32minfo[39m: 67c7eade734e6386abd7ffab
Tue Apr 22 2025 14:57:23 [Podlove] [31merror[39m: Account Not Found
NotFoundError: Account Not Found
    at /home/mir/dev/projects/podlove_backend/src/middlewares/authorization.ts:61:41
    at processTicksAndRejections (node:internal/process/task_queues:105:5)
NotFoundError
Tue Apr 22 2025 14:57:30 [Podlove] [32minfo[39m: 67c7eade734e6386abd7ffab
Tue Apr 22 2025 14:57:30 [Podlove] [31merror[39m: Account Not Found
NotFoundError: Account Not Found
    at /home/mir/dev/projects/podlove_backend/src/middlewares/authorization.ts:61:41
    at processTicksAndRejections (node:internal/process/task_queues:105:5)
NotFoundError
Tue Apr 22 2025 14:58:57 [Podlove] [32minfo[39m: 67c7eade734e6386abd7ffab
Tue Apr 22 2025 14:58:57 [Podlove] [31merror[39m: Account Not Found
NotFoundError: Account Not Found
    at /home/mir/dev/projects/podlove_backend/src/middlewares/authorization.ts:61:41
    at processTicksAndRejections (node:internal/process/task_queues:105:5)
NotFoundError
Tue Apr 22 2025 14:59:38 [Podlove] [32minfo[39m: Successfully Connected to MongoDB Atlas
Tue Apr 22 2025 14:59:39 [Podlove] [32minfo[39m: Privacy Policy exists!
Tue Apr 22 2025 14:59:39 [Podlove] [32minfo[39m: Consumer Policy exists!
Tue Apr 22 2025 14:59:39 [Podlove] [32minfo[39m: Media Policy exists!
Tue Apr 22 2025 14:59:39 [Podlove] [32minfo[39m: Server is running at PORT: 7001
