Mon Dec 22 2025 12:0:59 [Podlove] [32minfo[39m: Successfully Connected to MongoDB Atlas
Mon Dec 22 2025 12:1:2 [Podlove] [32minfo[39m: Privacy Policy exists!
Mon Dec 22 2025 12:1:3 [Podlove] [32minfo[39m: Consumer Policy exists!
Mon Dec 22 2025 12:1:3 [Podlove] [32minfo[39m: Media Policy exists!
Mon Dec 22 2025 12:1:3 [Podlove] [32minfo[39m: Server is running at PORT: 8000, HOST: 10.10.20.11
Mon Dec 22 2025 12:1:3 [Podlove] [32minfo[39m: Socket.IO server initialized
Mon Dec 22 2025 12:2:50 [Podlove] [32minfo[39m: Successfully Connected to MongoDB Atlas
Mon Dec 22 2025 12:2:55 [Podlove] [32minfo[39m: Privacy Policy exists!
Mon Dec 22 2025 12:2:56 [Podlove] [32minfo[39m: Consumer Policy exists!
Mon Dec 22 2025 12:2:56 [Podlove] [32minfo[39m: Media Policy exists!
Mon Dec 22 2025 12:2:56 [Podlove] [32minfo[39m: Server is running at PORT: 8000, HOST: 10.10.20.11
Mon Dec 22 2025 12:2:56 [Podlove] [32minfo[39m: Socket.IO server initialized
Mon Dec 22 2025 12:6:17 [Podlove] [32minfo[39m: Successfully Connected to MongoDB Atlas
Mon Dec 22 2025 12:6:21 [Podlove] [32minfo[39m: Privacy Policy exists!
Mon Dec 22 2025 12:6:21 [Podlove] [32minfo[39m: Consumer Policy exists!
Mon Dec 22 2025 12:6:21 [Podlove] [32minfo[39m: Media Policy exists!
Mon Dec 22 2025 12:6:21 [Podlove] [32minfo[39m: Server is running at PORT: 8000, HOST: 10.10.20.11
Mon Dec 22 2025 12:6:21 [Podlove] [32minfo[39m: Socket.IO server initialized
Mon Dec 22 2025 12:12:19 [Podlove] [32minfo[39m: Successfully Connected to MongoDB Atlas
Mon Dec 22 2025 12:12:32 [Podlove] [32minfo[39m: Successfully Connected to MongoDB Atlas
Mon Dec 22 2025 12:12:37 [Podlove] [32minfo[39m: Privacy Policy exists!
Mon Dec 22 2025 12:12:37 [Podlove] [32minfo[39m: Consumer Policy exists!
Mon Dec 22 2025 12:12:38 [Podlove] [32minfo[39m: Media Policy exists!
Mon Dec 22 2025 12:12:38 [Podlove] [32minfo[39m: Server is running at PORT: 8000, HOST: 10.10.20.11
Mon Dec 22 2025 12:12:38 [Podlove] [32minfo[39m: Socket.IO server initialized
