Wed Nov 19 2025 9:29:37 [Podlove] [32minfo[39m: Successfully Connected to MongoDB Atlas
Wed Nov 19 2025 9:29:42 [Podlove] [32minfo[39m: Privacy Policy exists!
Wed Nov 19 2025 9:29:42 [Podlove] [32minfo[39m: Consumer Policy exists!
Wed Nov 19 2025 9:29:43 [Podlove] [32minfo[39m: Media Policy exists!
Wed Nov 19 2025 9:29:43 [Podlove] [32minfo[39m: Server is running at PORT: 8000, HOST: 0.0.0.0
Wed Nov 19 2025 9:29:43 [Podlove] [32minfo[39m: Socket.IO server initialized
Wed Nov 19 2025 9:32:49 [Podlove] [32minfo[39m: 6909c3254796b995758474eb
Wed Nov 19 2025 9:32:49 [Podlove] [31merror[39m: Account Not Found
NotFoundError: Account Not Found
    at C:\Users\devmd\Work\podlove_backend\src\middlewares\authorization.ts:61:41
    at processTicksAndRejections (node:internal/process/task_queues:105:5)
NotFoundError
Wed Nov 19 2025 9:32:55 [Podlove] [32minfo[39m: 6909c3254796b995758474eb
Wed Nov 19 2025 9:32:55 [Podlove] [31merror[39m: Account Not Found
NotFoundError: Account Not Found
    at C:\Users\devmd\Work\podlove_backend\src\middlewares\authorization.ts:61:41
    at processTicksAndRejections (node:internal/process/task_queues:105:5)
NotFoundError
Wed Nov 19 2025 9:33:6 [Podlove] [32minfo[39m: 691400add77c713f2564c521
Wed Nov 19 2025 9:33:7 [Podlove] [32minfo[39m: 691400add77c713f2564c521
Wed Nov 19 2025 9:33:8 [Podlove] [31merror[39m: podcast is null
Error: podcast is null
    at homeData (C:\Users\devmd\Work\podlove_backend\src\services\homeServices.ts:54:13)
    at processTicksAndRejections (node:internal/process/task_queues:105:5)
Error
Wed Nov 19 2025 9:33:18 [Podlove] [32minfo[39m: 691400add77c713f2564c521
Wed Nov 19 2025 9:34:21 [Podlove] [32minfo[39m: 691400add77c713f2564c521
Wed Nov 19 2025 9:34:21 [Podlove] [32minfo[39m: 691400add77c713f2564c521
Wed Nov 19 2025 9:34:23 [Podlove] [31merror[39m: podcast is null
Error: podcast is null
    at homeData (C:\Users\devmd\Work\podlove_backend\src\services\homeServices.ts:54:13)
    at processTicksAndRejections (node:internal/process/task_queues:105:5)
Error
Wed Nov 19 2025 9:36:28 [Podlove] [32minfo[39m: Successfully Connected to MongoDB Atlas
Wed Nov 19 2025 9:36:32 [Podlove] [32minfo[39m: Privacy Policy exists!
Wed Nov 19 2025 9:36:33 [Podlove] [32minfo[39m: Consumer Policy exists!
Wed Nov 19 2025 9:36:33 [Podlove] [32minfo[39m: Media Policy exists!
Wed Nov 19 2025 9:36:33 [Podlove] [32minfo[39m: Server is running at PORT: 8000, HOST: 0.0.0.0
Wed Nov 19 2025 9:36:33 [Podlove] [32minfo[39m: Socket.IO server initialized
