Wed Jul 30 2025 11:0:0 [Podlove] [32minfo[39m: 6889a65cc40327ca3f98ad7a
Wed Jul 30 2025 11:0:11 [Podlove] [32minfo[39m: 6889a65cc40327ca3f98ad7a
Wed Jul 30 2025 11:1:0 [Podlove] [32minfo[39m: 6889a65cc40327ca3f98ad7a
Wed Jul 30 2025 11:1:30 [Podlove] [31merror[39m: Cast to ObjectId failed for value "ObjectId('68888de9864295fddbe8d65e')" (type string) at path "_id" for model "Auth"
CastError: Cast to ObjectId failed for value "ObjectId('68888de9864295fddbe8d65e')" (type string) at path "_id" for model "Auth"
    at SchemaObjectId.cast (C:\Users\jahid\Music\Jahid Hasan\podlove_backend\node_modules\mongoose\lib\schema\objectId.js:251:11)
    at SchemaObjectId.SchemaType.applySetters (C:\Users\jahid\Music\Jahid Hasan\podlove_backend\node_modules\mongoose\lib\schemaType.js:1255:12)
    at SchemaObjectId.SchemaType.castForQuery (C:\Users\jahid\Music\Jahid Hasan\podlove_backend\node_modules\mongoose\lib\schemaType.js:1673:17)
    at C:\Users\jahid\Music\Jahid Hasan\podlove_backend\node_modules\mongoose\lib\schemaType.js:1634:18
    at Array.map (<anonymous>)
    at SchemaObjectId.handle$in (C:\Users\jahid\Music\Jahid Hasan\podlove_backend\node_modules\mongoose\lib\schemaType.js:1630:14)
    at SchemaObjectId.SchemaType.castForQuery (C:\Users\jahid\Music\Jahid Hasan\podlove_backend\node_modules\mongoose\lib\schemaType.js:1669:20)
    at cast (C:\Users\jahid\Music\Jahid Hasan\podlove_backend\node_modules\mongoose\lib\cast.js:367:39)
    at model.Query.Query.cast (C:\Users\jahid\Music\Jahid Hasan\podlove_backend\node_modules\mongoose\lib\query.js:5055:12)
    at model.Query.Query._castConditions (C:\Users\jahid\Music\Jahid Hasan\podlove_backend\node_modules\mongoose\lib\query.js:2351:10)
CastError
Wed Jul 30 2025 11:1:34 [Podlove] [31merror[39m: Cast to ObjectId failed for value "ObjectId('68888de9864295fddbe8d65e')" (type string) at path "_id" for model "Auth"
CastError: Cast to ObjectId failed for value "ObjectId('68888de9864295fddbe8d65e')" (type string) at path "_id" for model "Auth"
    at SchemaObjectId.cast (C:\Users\jahid\Music\Jahid Hasan\podlove_backend\node_modules\mongoose\lib\schema\objectId.js:251:11)
    at SchemaObjectId.SchemaType.applySetters (C:\Users\jahid\Music\Jahid Hasan\podlove_backend\node_modules\mongoose\lib\schemaType.js:1255:12)
    at SchemaObjectId.SchemaType.castForQuery (C:\Users\jahid\Music\Jahid Hasan\podlove_backend\node_modules\mongoose\lib\schemaType.js:1673:17)
    at C:\Users\jahid\Music\Jahid Hasan\podlove_backend\node_modules\mongoose\lib\schemaType.js:1634:18
    at Array.map (<anonymous>)
    at SchemaObjectId.handle$in (C:\Users\jahid\Music\Jahid Hasan\podlove_backend\node_modules\mongoose\lib\schemaType.js:1630:14)
    at SchemaObjectId.SchemaType.castForQuery (C:\Users\jahid\Music\Jahid Hasan\podlove_backend\node_modules\mongoose\lib\schemaType.js:1669:20)
    at cast (C:\Users\jahid\Music\Jahid Hasan\podlove_backend\node_modules\mongoose\lib\cast.js:367:39)
    at model.Query.Query.cast (C:\Users\jahid\Music\Jahid Hasan\podlove_backend\node_modules\mongoose\lib\query.js:5055:12)
    at model.Query.Query._castConditions (C:\Users\jahid\Music\Jahid Hasan\podlove_backend\node_modules\mongoose\lib\query.js:2351:10)
CastError
Wed Jul 30 2025 11:1:39 [Podlove] [31merror[39m: Cast to ObjectId failed for value "ObjectId('68888de9864295fddbe8d65e')" (type string) at path "_id" for model "Auth"
CastError: Cast to ObjectId failed for value "ObjectId('68888de9864295fddbe8d65e')" (type string) at path "_id" for model "Auth"
    at SchemaObjectId.cast (C:\Users\jahid\Music\Jahid Hasan\podlove_backend\node_modules\mongoose\lib\schema\objectId.js:251:11)
    at SchemaObjectId.SchemaType.applySetters (C:\Users\jahid\Music\Jahid Hasan\podlove_backend\node_modules\mongoose\lib\schemaType.js:1255:12)
    at SchemaObjectId.SchemaType.castForQuery (C:\Users\jahid\Music\Jahid Hasan\podlove_backend\node_modules\mongoose\lib\schemaType.js:1673:17)
    at C:\Users\jahid\Music\Jahid Hasan\podlove_backend\node_modules\mongoose\lib\schemaType.js:1634:18
    at Array.map (<anonymous>)
    at SchemaObjectId.handle$in (C:\Users\jahid\Music\Jahid Hasan\podlove_backend\node_modules\mongoose\lib\schemaType.js:1630:14)
    at SchemaObjectId.SchemaType.castForQuery (C:\Users\jahid\Music\Jahid Hasan\podlove_backend\node_modules\mongoose\lib\schemaType.js:1669:20)
    at cast (C:\Users\jahid\Music\Jahid Hasan\podlove_backend\node_modules\mongoose\lib\cast.js:367:39)
    at model.Query.Query.cast (C:\Users\jahid\Music\Jahid Hasan\podlove_backend\node_modules\mongoose\lib\query.js:5055:12)
    at model.Query.Query._castConditions (C:\Users\jahid\Music\Jahid Hasan\podlove_backend\node_modules\mongoose\lib\query.js:2351:10)
CastError
Wed Jul 30 2025 11:1:42 [Podlove] [32minfo[39m: 68870decaaa39d5c80dcca60
Wed Jul 30 2025 11:1:42 [Podlove] [32minfo[39m: [object Object]
Wed Jul 30 2025 11:2:8 [Podlove] [32minfo[39m: 688889fa864295fddbe8d45a
Wed Jul 30 2025 11:2:32 [Podlove] [32minfo[39m: 6889a65cc40327ca3f98ad7a
Wed Jul 30 2025 11:3:11 [Podlove] [32minfo[39m: 688889fa864295fddbe8d45a
Wed Jul 30 2025 11:3:51 [Podlove] [32minfo[39m: 6889a65cc40327ca3f98ad7a
Wed Jul 30 2025 11:4:8 [Podlove] [32minfo[39m: 6889a65cc40327ca3f98ad7a
Wed Jul 30 2025 11:4:16 [Podlove] [32minfo[39m: 6889a65cc40327ca3f98ad7a
Wed Jul 30 2025 11:4:36 [Podlove] [32minfo[39m: 6889a65cc40327ca3f98ad7a
Wed Jul 30 2025 11:4:57 [Podlove] [32minfo[39m: 6889a65cc40327ca3f98ad7a
Wed Jul 30 2025 11:5:21 [Podlove] [32minfo[39m: 6889a65cc40327ca3f98ad7a
Wed Jul 30 2025 11:5:35 [Podlove] [32minfo[39m: 6889a65cc40327ca3f98ad7a
Wed Jul 30 2025 11:8:25 [Podlove] [32minfo[39m: 688889fa864295fddbe8d45a
Wed Jul 30 2025 11:8:25 [Podlove] [32minfo[39m: 6889a65cc40327ca3f98ad7a
Wed Jul 30 2025 11:8:31 [Podlove] [32minfo[39m: 6889a65cc40327ca3f98ad7a
Wed Jul 30 2025 11:8:37 [Podlove] [32minfo[39m: 6889a65cc40327ca3f98ad7a
Wed Jul 30 2025 11:8:46 [Podlove] [32minfo[39m: 6889a65cc40327ca3f98ad7a
Wed Jul 30 2025 11:8:52 [Podlove] [32minfo[39m: 6889a65cc40327ca3f98ad7a
Wed Jul 30 2025 11:9:9 [Podlove] [32minfo[39m: 6889a65cc40327ca3f98ad7a
Wed Jul 30 2025 11:9:17 [Podlove] [32minfo[39m: 6889a65cc40327ca3f98ad7a
Wed Jul 30 2025 11:9:36 [Podlove] [32minfo[39m: 6889a65cc40327ca3f98ad7a
Wed Jul 30 2025 11:10:52 [Podlove] [32minfo[39m: 688889fa864295fddbe8d45a
Wed Jul 30 2025 11:10:59 [Podlove] [32minfo[39m: 688889fa864295fddbe8d45a
Wed Jul 30 2025 11:11:4 [Podlove] [31merror[39m: Cast to ObjectId failed for value "ObjectId('68888de9864295fddbe8d65e')" (type string) at path "_id" for model "Auth"
CastError: Cast to ObjectId failed for value "ObjectId('68888de9864295fddbe8d65e')" (type string) at path "_id" for model "Auth"
    at SchemaObjectId.cast (C:\Users\jahid\Music\Jahid Hasan\podlove_backend\node_modules\mongoose\lib\schema\objectId.js:251:11)
    at SchemaObjectId.SchemaType.applySetters (C:\Users\jahid\Music\Jahid Hasan\podlove_backend\node_modules\mongoose\lib\schemaType.js:1255:12)
    at SchemaObjectId.SchemaType.castForQuery (C:\Users\jahid\Music\Jahid Hasan\podlove_backend\node_modules\mongoose\lib\schemaType.js:1673:17)
    at C:\Users\jahid\Music\Jahid Hasan\podlove_backend\node_modules\mongoose\lib\schemaType.js:1634:18
    at Array.map (<anonymous>)
    at SchemaObjectId.handle$in (C:\Users\jahid\Music\Jahid Hasan\podlove_backend\node_modules\mongoose\lib\schemaType.js:1630:14)
    at SchemaObjectId.SchemaType.castForQuery (C:\Users\jahid\Music\Jahid Hasan\podlove_backend\node_modules\mongoose\lib\schemaType.js:1669:20)
    at cast (C:\Users\jahid\Music\Jahid Hasan\podlove_backend\node_modules\mongoose\lib\cast.js:367:39)
    at model.Query.Query.cast (C:\Users\jahid\Music\Jahid Hasan\podlove_backend\node_modules\mongoose\lib\query.js:5055:12)
    at model.Query.Query._castConditions (C:\Users\jahid\Music\Jahid Hasan\podlove_backend\node_modules\mongoose\lib\query.js:2351:10)
CastError
Wed Jul 30 2025 11:12:29 [Podlove] [32minfo[39m: 6889a65cc40327ca3f98ad7a
Wed Jul 30 2025 11:15:38 [Podlove] [32minfo[39m: 6889a65cc40327ca3f98ad7a
Wed Jul 30 2025 11:15:50 [Podlove] [32minfo[39m: 6889a65cc40327ca3f98ad7a
Wed Jul 30 2025 11:16:34 [Podlove] [32minfo[39m: 6889a65cc40327ca3f98ad7a
Wed Jul 30 2025 11:16:53 [Podlove] [32minfo[39m: 6889a65cc40327ca3f98ad7a
Wed Jul 30 2025 11:17:3 [Podlove] [32minfo[39m: 6889a65cc40327ca3f98ad7a
Wed Jul 30 2025 11:17:11 [Podlove] [32minfo[39m: 6889a65cc40327ca3f98ad7a
Wed Jul 30 2025 11:17:22 [Podlove] [32minfo[39m: 6889a65cc40327ca3f98ad7a
Wed Jul 30 2025 11:17:28 [Podlove] [32minfo[39m: 6889a65cc40327ca3f98ad7a
Wed Jul 30 2025 11:17:33 [Podlove] [32minfo[39m: 6889a65cc40327ca3f98ad7a
Wed Jul 30 2025 11:18:8 [Podlove] [32minfo[39m: 6889a65cc40327ca3f98ad7a
Wed Jul 30 2025 11:18:15 [Podlove] [32minfo[39m: 6889a65cc40327ca3f98ad7a
Wed Jul 30 2025 11:18:20 [Podlove] [32minfo[39m: 6889a65cc40327ca3f98ad7a
Wed Jul 30 2025 11:18:30 [Podlove] [32minfo[39m: 6889a65cc40327ca3f98ad7a
Wed Jul 30 2025 11:20:3 [Podlove] [32minfo[39m: 6889a65cc40327ca3f98ad7a
Wed Jul 30 2025 11:22:15 [Podlove] [32minfo[39m: 6889a65cc40327ca3f98ad7a
Wed Jul 30 2025 11:22:17 [Podlove] [31merror[39m: Your bio contains content that violates our guidelines. Please ensure it does not include:
1. Profanity, hate speech, or explicit content
2. Personal information such as phone numbers, addresses, emails, or identifiable details
3. Spam, random characters, or nonsensical phrases.
BadRequestError: Your bio contains content that violates our guidelines. Please ensure it does not include:
1. Profanity, hate speech, or explicit content
2. Personal information such as phone numbers, addresses, emails, or identifiable details
3. Spam, random characters, or nonsensical phrases.
    at validateBio (C:\Users\jahid\Music\Jahid Hasan\podlove_backend\src\services\userServices.ts:91:20)
    at processTicksAndRejections (node:internal/process/task_queues:105:5)
BadRequestError
Wed Jul 30 2025 11:22:42 [Podlove] [32minfo[39m: 6889a65cc40327ca3f98ad7a
Wed Jul 30 2025 11:22:53 [Podlove] [32minfo[39m: 6889a65cc40327ca3f98ad7a
Wed Jul 30 2025 11:26:9 [Podlove] [32minfo[39m: 6889a65cc40327ca3f98ad7a
Wed Jul 30 2025 11:26:14 [Podlove] [32minfo[39m: 6889a65cc40327ca3f98ad7a
Wed Jul 30 2025 11:26:29 [Podlove] [32minfo[39m: 6889a65cc40327ca3f98ad7a
Wed Jul 30 2025 11:27:13 [Podlove] [32minfo[39m: 6889a65cc40327ca3f98ad7a
Wed Jul 30 2025 11:28:10 [Podlove] [32minfo[39m: 6889a65cc40327ca3f98ad7a
Wed Jul 30 2025 11:28:42 [Podlove] [32minfo[39m: 6889a65cc40327ca3f98ad7a
Wed Jul 30 2025 11:29:2 [Podlove] [32minfo[39m: 6889a65cc40327ca3f98ad7a
Wed Jul 30 2025 11:29:7 [Podlove] [32minfo[39m: 6889a65cc40327ca3f98ad7a
Wed Jul 30 2025 11:29:17 [Podlove] [32minfo[39m: 68870decaaa39d5c80dcca60
Wed Jul 30 2025 11:29:18 [Podlove] [32minfo[39m: [object Object]
Wed Jul 30 2025 11:29:23 [Podlove] [31merror[39m: Cast to ObjectId failed for value "ObjectId('68888de9864295fddbe8d65e')" (type string) at path "_id" for model "Auth"
CastError: Cast to ObjectId failed for value "ObjectId('68888de9864295fddbe8d65e')" (type string) at path "_id" for model "Auth"
    at SchemaObjectId.cast (C:\Users\jahid\Music\Jahid Hasan\podlove_backend\node_modules\mongoose\lib\schema\objectId.js:251:11)
    at SchemaObjectId.SchemaType.applySetters (C:\Users\jahid\Music\Jahid Hasan\podlove_backend\node_modules\mongoose\lib\schemaType.js:1255:12)
    at SchemaObjectId.SchemaType.castForQuery (C:\Users\jahid\Music\Jahid Hasan\podlove_backend\node_modules\mongoose\lib\schemaType.js:1673:17)
    at C:\Users\jahid\Music\Jahid Hasan\podlove_backend\node_modules\mongoose\lib\schemaType.js:1634:18
    at Array.map (<anonymous>)
    at SchemaObjectId.handle$in (C:\Users\jahid\Music\Jahid Hasan\podlove_backend\node_modules\mongoose\lib\schemaType.js:1630:14)
    at SchemaObjectId.SchemaType.castForQuery (C:\Users\jahid\Music\Jahid Hasan\podlove_backend\node_modules\mongoose\lib\schemaType.js:1669:20)
    at cast (C:\Users\jahid\Music\Jahid Hasan\podlove_backend\node_modules\mongoose\lib\cast.js:367:39)
    at model.Query.Query.cast (C:\Users\jahid\Music\Jahid Hasan\podlove_backend\node_modules\mongoose\lib\query.js:5055:12)
    at model.Query.Query._castConditions (C:\Users\jahid\Music\Jahid Hasan\podlove_backend\node_modules\mongoose\lib\query.js:2351:10)
CastError
Wed Jul 30 2025 11:29:46 [Podlove] [32minfo[39m: 68870decaaa39d5c80dcca60
Wed Jul 30 2025 11:29:46 [Podlove] [32minfo[39m: [object Object]
Wed Jul 30 2025 11:29:58 [Podlove] [31merror[39m: Cast to ObjectId failed for value "ObjectId('68888de9864295fddbe8d65e')" (type string) at path "_id" for model "Auth"
CastError: Cast to ObjectId failed for value "ObjectId('68888de9864295fddbe8d65e')" (type string) at path "_id" for model "Auth"
    at SchemaObjectId.cast (C:\Users\jahid\Music\Jahid Hasan\podlove_backend\node_modules\mongoose\lib\schema\objectId.js:251:11)
    at SchemaObjectId.SchemaType.applySetters (C:\Users\jahid\Music\Jahid Hasan\podlove_backend\node_modules\mongoose\lib\schemaType.js:1255:12)
    at SchemaObjectId.SchemaType.castForQuery (C:\Users\jahid\Music\Jahid Hasan\podlove_backend\node_modules\mongoose\lib\schemaType.js:1673:17)
    at C:\Users\jahid\Music\Jahid Hasan\podlove_backend\node_modules\mongoose\lib\schemaType.js:1634:18
    at Array.map (<anonymous>)
    at SchemaObjectId.handle$in (C:\Users\jahid\Music\Jahid Hasan\podlove_backend\node_modules\mongoose\lib\schemaType.js:1630:14)
    at SchemaObjectId.SchemaType.castForQuery (C:\Users\jahid\Music\Jahid Hasan\podlove_backend\node_modules\mongoose\lib\schemaType.js:1669:20)
    at cast (C:\Users\jahid\Music\Jahid Hasan\podlove_backend\node_modules\mongoose\lib\cast.js:367:39)
    at model.Query.Query.cast (C:\Users\jahid\Music\Jahid Hasan\podlove_backend\node_modules\mongoose\lib\query.js:5055:12)
    at model.Query.Query._castConditions (C:\Users\jahid\Music\Jahid Hasan\podlove_backend\node_modules\mongoose\lib\query.js:2351:10)
CastError
Wed Jul 30 2025 11:30:7 [Podlove] [32minfo[39m: 6889a65cc40327ca3f98ad7a
Wed Jul 30 2025 11:30:9 [Podlove] [32minfo[39m: 6889a65cc40327ca3f98ad7a
Wed Jul 30 2025 11:30:59 [Podlove] [31merror[39m: Cast to ObjectId failed for value "ObjectId('68888de9864295fddbe8d65e')" (type string) at path "_id" for model "Auth"
CastError: Cast to ObjectId failed for value "ObjectId('68888de9864295fddbe8d65e')" (type string) at path "_id" for model "Auth"
    at SchemaObjectId.cast (C:\Users\jahid\Music\Jahid Hasan\podlove_backend\node_modules\mongoose\lib\schema\objectId.js:251:11)
    at SchemaObjectId.SchemaType.applySetters (C:\Users\jahid\Music\Jahid Hasan\podlove_backend\node_modules\mongoose\lib\schemaType.js:1255:12)
    at SchemaObjectId.SchemaType.castForQuery (C:\Users\jahid\Music\Jahid Hasan\podlove_backend\node_modules\mongoose\lib\schemaType.js:1673:17)
    at C:\Users\jahid\Music\Jahid Hasan\podlove_backend\node_modules\mongoose\lib\schemaType.js:1634:18
    at Array.map (<anonymous>)
    at SchemaObjectId.handle$in (C:\Users\jahid\Music\Jahid Hasan\podlove_backend\node_modules\mongoose\lib\schemaType.js:1630:14)
    at SchemaObjectId.SchemaType.castForQuery (C:\Users\jahid\Music\Jahid Hasan\podlove_backend\node_modules\mongoose\lib\schemaType.js:1669:20)
    at cast (C:\Users\jahid\Music\Jahid Hasan\podlove_backend\node_modules\mongoose\lib\cast.js:367:39)
    at model.Query.Query.cast (C:\Users\jahid\Music\Jahid Hasan\podlove_backend\node_modules\mongoose\lib\query.js:5055:12)
    at model.Query.Query._castConditions (C:\Users\jahid\Music\Jahid Hasan\podlove_backend\node_modules\mongoose\lib\query.js:2351:10)
CastError
Wed Jul 30 2025 11:31:6 [Podlove] [32minfo[39m: 68870decaaa39d5c80dcca60
Wed Jul 30 2025 11:31:6 [Podlove] [32minfo[39m: [object Object]
Wed Jul 30 2025 11:31:13 [Podlove] [31merror[39m: Cast to ObjectId failed for value "ObjectId('68888de9864295fddbe8d65e')" (type string) at path "_id" for model "Auth"
CastError: Cast to ObjectId failed for value "ObjectId('68888de9864295fddbe8d65e')" (type string) at path "_id" for model "Auth"
    at SchemaObjectId.cast (C:\Users\jahid\Music\Jahid Hasan\podlove_backend\node_modules\mongoose\lib\schema\objectId.js:251:11)
    at SchemaObjectId.SchemaType.applySetters (C:\Users\jahid\Music\Jahid Hasan\podlove_backend\node_modules\mongoose\lib\schemaType.js:1255:12)
    at SchemaObjectId.SchemaType.castForQuery (C:\Users\jahid\Music\Jahid Hasan\podlove_backend\node_modules\mongoose\lib\schemaType.js:1673:17)
    at C:\Users\jahid\Music\Jahid Hasan\podlove_backend\node_modules\mongoose\lib\schemaType.js:1634:18
    at Array.map (<anonymous>)
    at SchemaObjectId.handle$in (C:\Users\jahid\Music\Jahid Hasan\podlove_backend\node_modules\mongoose\lib\schemaType.js:1630:14)
    at SchemaObjectId.SchemaType.castForQuery (C:\Users\jahid\Music\Jahid Hasan\podlove_backend\node_modules\mongoose\lib\schemaType.js:1669:20)
    at cast (C:\Users\jahid\Music\Jahid Hasan\podlove_backend\node_modules\mongoose\lib\cast.js:367:39)
    at model.Query.Query.cast (C:\Users\jahid\Music\Jahid Hasan\podlove_backend\node_modules\mongoose\lib\query.js:5055:12)
    at model.Query.Query._castConditions (C:\Users\jahid\Music\Jahid Hasan\podlove_backend\node_modules\mongoose\lib\query.js:2351:10)
CastError
Wed Jul 30 2025 11:31:45 [Podlove] [32minfo[39m: 68870decaaa39d5c80dcca60
Wed Jul 30 2025 11:31:45 [Podlove] [32minfo[39m: [object Object]
Wed Jul 30 2025 11:31:51 [Podlove] [31merror[39m: Cast to ObjectId failed for value "ObjectId('68888de9864295fddbe8d65e')" (type string) at path "_id" for model "Auth"
CastError: Cast to ObjectId failed for value "ObjectId('68888de9864295fddbe8d65e')" (type string) at path "_id" for model "Auth"
    at SchemaObjectId.cast (C:\Users\jahid\Music\Jahid Hasan\podlove_backend\node_modules\mongoose\lib\schema\objectId.js:251:11)
    at SchemaObjectId.SchemaType.applySetters (C:\Users\jahid\Music\Jahid Hasan\podlove_backend\node_modules\mongoose\lib\schemaType.js:1255:12)
    at SchemaObjectId.SchemaType.castForQuery (C:\Users\jahid\Music\Jahid Hasan\podlove_backend\node_modules\mongoose\lib\schemaType.js:1673:17)
    at C:\Users\jahid\Music\Jahid Hasan\podlove_backend\node_modules\mongoose\lib\schemaType.js:1634:18
    at Array.map (<anonymous>)
    at SchemaObjectId.handle$in (C:\Users\jahid\Music\Jahid Hasan\podlove_backend\node_modules\mongoose\lib\schemaType.js:1630:14)
    at SchemaObjectId.SchemaType.castForQuery (C:\Users\jahid\Music\Jahid Hasan\podlove_backend\node_modules\mongoose\lib\schemaType.js:1669:20)
    at cast (C:\Users\jahid\Music\Jahid Hasan\podlove_backend\node_modules\mongoose\lib\cast.js:367:39)
    at model.Query.Query.cast (C:\Users\jahid\Music\Jahid Hasan\podlove_backend\node_modules\mongoose\lib\query.js:5055:12)
    at model.Query.Query._castConditions (C:\Users\jahid\Music\Jahid Hasan\podlove_backend\node_modules\mongoose\lib\query.js:2351:10)
CastError
Wed Jul 30 2025 11:32:59 [Podlove] [32minfo[39m: 6880a9992a4d4f9f7b707c50
Wed Jul 30 2025 11:34:37 [Podlove] [32minfo[39m: 6889a65cc40327ca3f98ad7a
Wed Jul 30 2025 11:34:39 [Podlove] [32minfo[39m: 6889a65cc40327ca3f98ad7a
Wed Jul 30 2025 11:35:57 [Podlove] [32minfo[39m: 68870decaaa39d5c80dcca60
Wed Jul 30 2025 11:35:57 [Podlove] [32minfo[39m: [object Object]
Wed Jul 30 2025 11:36:13 [Podlove] [32minfo[39m: 68870decaaa39d5c80dcca60
Wed Jul 30 2025 11:36:13 [Podlove] [32minfo[39m: [object Object]
Wed Jul 30 2025 11:38:4 [Podlove] [32minfo[39m: 68870decaaa39d5c80dcca60
Wed Jul 30 2025 11:38:5 [Podlove] [32minfo[39m: [object Object]
Wed Jul 30 2025 11:38:12 [Podlove] [32minfo[39m: 68870decaaa39d5c80dcca60
Wed Jul 30 2025 11:38:13 [Podlove] [32minfo[39m: [object Object]
Wed Jul 30 2025 11:38:16 [Podlove] [32minfo[39m: 68870decaaa39d5c80dcca60
Wed Jul 30 2025 11:38:16 [Podlove] [32minfo[39m: [object Object]
Wed Jul 30 2025 11:38:37 [Podlove] [32minfo[39m: 68870decaaa39d5c80dcca60
Wed Jul 30 2025 11:38:37 [Podlove] [32minfo[39m: [object Object]
Wed Jul 30 2025 11:39:1 [Podlove] [32minfo[39m: 68870decaaa39d5c80dcca60
Wed Jul 30 2025 11:39:2 [Podlove] [32minfo[39m: [object Object]
Wed Jul 30 2025 11:39:23 [Podlove] [32minfo[39m: 6889a65cc40327ca3f98ad7a
Wed Jul 30 2025 11:39:24 [Podlove] [32minfo[39m: 6889a65cc40327ca3f98ad7a
Wed Jul 30 2025 11:40:37 [Podlove] [32minfo[39m: 6880a9992a4d4f9f7b707c50
Wed Jul 30 2025 11:41:13 [Podlove] [32minfo[39m: 6889a65cc40327ca3f98ad7a
Wed Jul 30 2025 11:44:0 [Podlove] [32minfo[39m: 6889a65cc40327ca3f98ad7a
Wed Jul 30 2025 11:45:30 [Podlove] [32minfo[39m: 6889a65cc40327ca3f98ad7a
Wed Jul 30 2025 11:45:42 [Podlove] [32minfo[39m: Successfully Connected to MongoDB Atlas
Wed Jul 30 2025 11:45:46 [Podlove] [32minfo[39m: Privacy Policy exists!
Wed Jul 30 2025 11:45:46 [Podlove] [32minfo[39m: Consumer Policy exists!
Wed Jul 30 2025 11:45:46 [Podlove] [32minfo[39m: Media Policy exists!
Wed Jul 30 2025 11:45:46 [Podlove] [32minfo[39m: Server is running at PORT: 8000, HOST: 10.10.10.59
Wed Jul 30 2025 11:45:46 [Podlove] [32minfo[39m: Socket.IO server initialized
Wed Jul 30 2025 11:45:48 [Podlove] [32minfo[39m: 68870decaaa39d5c80dcca60
Wed Jul 30 2025 11:45:48 [Podlove] [32minfo[39m: [object Object]
Wed Jul 30 2025 11:46:16 [Podlove] [31merror[39m: Cast to ObjectId failed for value "ObjectId('68888de9864295fddbe8d65e')" (type string) at path "_id" for model "Auth"
CastError: Cast to ObjectId failed for value "ObjectId('68888de9864295fddbe8d65e')" (type string) at path "_id" for model "Auth"
    at SchemaObjectId.cast (C:\Users\jahid\Music\Jahid Hasan\podlove_backend\node_modules\mongoose\lib\schema\objectId.js:251:11)
    at SchemaObjectId.SchemaType.applySetters (C:\Users\jahid\Music\Jahid Hasan\podlove_backend\node_modules\mongoose\lib\schemaType.js:1255:12)
    at SchemaObjectId.SchemaType.castForQuery (C:\Users\jahid\Music\Jahid Hasan\podlove_backend\node_modules\mongoose\lib\schemaType.js:1673:17)
    at C:\Users\jahid\Music\Jahid Hasan\podlove_backend\node_modules\mongoose\lib\schemaType.js:1634:18
    at Array.map (<anonymous>)
    at SchemaObjectId.handle$in (C:\Users\jahid\Music\Jahid Hasan\podlove_backend\node_modules\mongoose\lib\schemaType.js:1630:14)
    at SchemaObjectId.SchemaType.castForQuery (C:\Users\jahid\Music\Jahid Hasan\podlove_backend\node_modules\mongoose\lib\schemaType.js:1669:20)
    at cast (C:\Users\jahid\Music\Jahid Hasan\podlove_backend\node_modules\mongoose\lib\cast.js:367:39)
    at model.Query.Query.cast (C:\Users\jahid\Music\Jahid Hasan\podlove_backend\node_modules\mongoose\lib\query.js:5055:12)
    at model.Query.Query._castConditions (C:\Users\jahid\Music\Jahid Hasan\podlove_backend\node_modules\mongoose\lib\query.js:2351:10)
CastError
Wed Jul 30 2025 11:46:56 [Podlove] [32minfo[39m: 6889a65cc40327ca3f98ad7a
Wed Jul 30 2025 11:47:59 [Podlove] [31merror[39m: Not Authorized
UnauthorizedError: Not Authorized
    at C:\Users\jahid\Music\Jahid Hasan\podlove_backend\src\middlewares\authorization.ts:45:30
    at C:\Users\jahid\Music\Jahid Hasan\podlove_backend\src\shared\asyncHandler.ts:7:19
    at Layer.handle [as handle_request] (C:\Users\jahid\Music\Jahid Hasan\podlove_backend\node_modules\express\lib\router\layer.js:95:5)
    at next (C:\Users\jahid\Music\Jahid Hasan\podlove_backend\node_modules\express\lib\router\route.js:149:13)
    at Route.dispatch (C:\Users\jahid\Music\Jahid Hasan\podlove_backend\node_modules\express\lib\router\route.js:119:3)
    at Layer.handle [as handle_request] (C:\Users\jahid\Music\Jahid Hasan\podlove_backend\node_modules\express\lib\router\layer.js:95:5)
    at C:\Users\jahid\Music\Jahid Hasan\podlove_backend\node_modules\express\lib\router\index.js:284:15
    at Function.process_params (C:\Users\jahid\Music\Jahid Hasan\podlove_backend\node_modules\express\lib\router\index.js:346:12)
    at next (C:\Users\jahid\Music\Jahid Hasan\podlove_backend\node_modules\express\lib\router\index.js:280:10)
    at Function.handle (C:\Users\jahid\Music\Jahid Hasan\podlove_backend\node_modules\express\lib\router\index.js:175:3)
UnauthorizedError
Wed Jul 30 2025 11:50:10 [Podlove] [32minfo[39m: 68884075fc84ceb7cc974a2e
Wed Jul 30 2025 11:50:30 [Podlove] [32minfo[39m: Successfully Connected to MongoDB Atlas
Wed Jul 30 2025 11:50:34 [Podlove] [32minfo[39m: Privacy Policy exists!
Wed Jul 30 2025 11:50:34 [Podlove] [32minfo[39m: Consumer Policy exists!
Wed Jul 30 2025 11:50:35 [Podlove] [32minfo[39m: Media Policy exists!
Wed Jul 30 2025 11:50:35 [Podlove] [32minfo[39m: Server is running at PORT: 8000, HOST: 10.10.10.59
Wed Jul 30 2025 11:50:35 [Podlove] [32minfo[39m: Socket.IO server initialized
Wed Jul 30 2025 11:51:21 [Podlove] [31merror[39m: Cast to ObjectId failed for value "ObjectId('68888de9864295fddbe8d65e')" (type string) at path "_id" for model "Auth"
CastError: Cast to ObjectId failed for value "ObjectId('68888de9864295fddbe8d65e')" (type string) at path "_id" for model "Auth"
    at SchemaObjectId.cast (C:\Users\jahid\Music\Jahid Hasan\podlove_backend\node_modules\mongoose\lib\schema\objectId.js:251:11)
    at SchemaObjectId.SchemaType.applySetters (C:\Users\jahid\Music\Jahid Hasan\podlove_backend\node_modules\mongoose\lib\schemaType.js:1255:12)
    at SchemaObjectId.SchemaType.castForQuery (C:\Users\jahid\Music\Jahid Hasan\podlove_backend\node_modules\mongoose\lib\schemaType.js:1673:17)
    at C:\Users\jahid\Music\Jahid Hasan\podlove_backend\node_modules\mongoose\lib\schemaType.js:1634:18
    at Array.map (<anonymous>)
    at SchemaObjectId.handle$in (C:\Users\jahid\Music\Jahid Hasan\podlove_backend\node_modules\mongoose\lib\schemaType.js:1630:14)
    at SchemaObjectId.SchemaType.castForQuery (C:\Users\jahid\Music\Jahid Hasan\podlove_backend\node_modules\mongoose\lib\schemaType.js:1669:20)
    at cast (C:\Users\jahid\Music\Jahid Hasan\podlove_backend\node_modules\mongoose\lib\cast.js:367:39)
    at model.Query.Query.cast (C:\Users\jahid\Music\Jahid Hasan\podlove_backend\node_modules\mongoose\lib\query.js:5055:12)
    at model.Query.Query._castConditions (C:\Users\jahid\Music\Jahid Hasan\podlove_backend\node_modules\mongoose\lib\query.js:2351:10)
CastError
Wed Jul 30 2025 11:51:45 [Podlove] [31merror[39m: Verify your email first
UnauthorizedError: Verify your email first
    at login (C:\Users\jahid\Music\Jahid Hasan\podlove_backend\src\controllers\authController.ts:79:48)
UnauthorizedError
Wed Jul 30 2025 11:51:46 [Podlove] [31merror[39m: a group specification must include an _id
MongoServerError: a group specification must include an _id
    at Connection.sendCommand (C:\Users\jahid\Music\Jahid Hasan\podlove_backend\node_modules\mongodb\src\cmap\connection.ts:559:17)
    at processTicksAndRejections (node:internal/process/task_queues:105:5)
    at async Connection.command (C:\Users\jahid\Music\Jahid Hasan\podlove_backend\node_modules\mongodb\src\cmap\connection.ts:633:22)
    at async Server.command (C:\Users\jahid\Music\Jahid Hasan\podlove_backend\node_modules\mongodb\src\sdam\server.ts:342:21)
    at async AggregateOperation.executeCommand (C:\Users\jahid\Music\Jahid Hasan\podlove_backend\node_modules\mongodb\src\operations\command.ts:179:12)
    at async AggregateOperation.execute (C:\Users\jahid\Music\Jahid Hasan\podlove_backend\node_modules\mongodb\src\operations\aggregate.ts:155:12)
    at async tryOperation (C:\Users\jahid\Music\Jahid Hasan\podlove_backend\node_modules\mongodb\src\operations\execute_operation.ts:283:14)
    at async executeOperation (C:\Users\jahid\Music\Jahid Hasan\podlove_backend\node_modules\mongodb\src\operations\execute_operation.ts:115:12)
    at async AggregationCursor._initialize (C:\Users\jahid\Music\Jahid Hasan\podlove_backend\node_modules\mongodb\src\cursor\aggregation_cursor.ts:92:22)
    at async AggregationCursor.cursorInit (C:\Users\jahid\Music\Jahid Hasan\podlove_backend\node_modules\mongodb\src\cursor\abstract_cursor.ts:944:21)
MongoServerError
Wed Jul 30 2025 11:51:49 [Podlove] [31merror[39m: Verify your email first
UnauthorizedError: Verify your email first
    at login (C:\Users\jahid\Music\Jahid Hasan\podlove_backend\src\controllers\authController.ts:79:48)
UnauthorizedError
Wed Jul 30 2025 11:51:50 [Podlove] [31merror[39m: Verify your email first
UnauthorizedError: Verify your email first
    at login (C:\Users\jahid\Music\Jahid Hasan\podlove_backend\src\controllers\authController.ts:79:48)
UnauthorizedError
Wed Jul 30 2025 11:51:51 [Podlove] [31merror[39m: Verify your email first
UnauthorizedError: Verify your email first
    at login (C:\Users\jahid\Music\Jahid Hasan\podlove_backend\src\controllers\authController.ts:79:48)
UnauthorizedError
Wed Jul 30 2025 11:51:55 [Podlove] [31merror[39m: Verify your email first
UnauthorizedError: Verify your email first
    at login (C:\Users\jahid\Music\Jahid Hasan\podlove_backend\src\controllers\authController.ts:79:48)
UnauthorizedError
Wed Jul 30 2025 11:52:3 [Podlove] [31merror[39m: a group specification must include an _id
MongoServerError: a group specification must include an _id
    at Connection.sendCommand (C:\Users\jahid\Music\Jahid Hasan\podlove_backend\node_modules\mongodb\src\cmap\connection.ts:559:17)
    at processTicksAndRejections (node:internal/process/task_queues:105:5)
    at async Connection.command (C:\Users\jahid\Music\Jahid Hasan\podlove_backend\node_modules\mongodb\src\cmap\connection.ts:633:22)
    at async Server.command (C:\Users\jahid\Music\Jahid Hasan\podlove_backend\node_modules\mongodb\src\sdam\server.ts:342:21)
    at async AggregateOperation.executeCommand (C:\Users\jahid\Music\Jahid Hasan\podlove_backend\node_modules\mongodb\src\operations\command.ts:179:12)
    at async AggregateOperation.execute (C:\Users\jahid\Music\Jahid Hasan\podlove_backend\node_modules\mongodb\src\operations\aggregate.ts:155:12)
    at async tryOperation (C:\Users\jahid\Music\Jahid Hasan\podlove_backend\node_modules\mongodb\src\operations\execute_operation.ts:283:14)
    at async executeOperation (C:\Users\jahid\Music\Jahid Hasan\podlove_backend\node_modules\mongodb\src\operations\execute_operation.ts:115:12)
    at async AggregationCursor._initialize (C:\Users\jahid\Music\Jahid Hasan\podlove_backend\node_modules\mongodb\src\cursor\aggregation_cursor.ts:92:22)
    at async AggregationCursor.cursorInit (C:\Users\jahid\Music\Jahid Hasan\podlove_backend\node_modules\mongodb\src\cursor\abstract_cursor.ts:944:21)
MongoServerError
Wed Jul 30 2025 11:52:8 [Podlove] [32minfo[39m: 68870decaaa39d5c80dcca60
Wed Jul 30 2025 11:52:9 [Podlove] [32minfo[39m: [object Object]
Wed Jul 30 2025 11:52:10 [Podlove] [31merror[39m: a group specification must include an _id
MongoServerError: a group specification must include an _id
    at Connection.sendCommand (C:\Users\jahid\Music\Jahid Hasan\podlove_backend\node_modules\mongodb\src\cmap\connection.ts:559:17)
    at processTicksAndRejections (node:internal/process/task_queues:105:5)
    at async Connection.command (C:\Users\jahid\Music\Jahid Hasan\podlove_backend\node_modules\mongodb\src\cmap\connection.ts:633:22)
    at async Server.command (C:\Users\jahid\Music\Jahid Hasan\podlove_backend\node_modules\mongodb\src\sdam\server.ts:342:21)
    at async AggregateOperation.executeCommand (C:\Users\jahid\Music\Jahid Hasan\podlove_backend\node_modules\mongodb\src\operations\command.ts:179:12)
    at async AggregateOperation.execute (C:\Users\jahid\Music\Jahid Hasan\podlove_backend\node_modules\mongodb\src\operations\aggregate.ts:155:12)
    at async tryOperation (C:\Users\jahid\Music\Jahid Hasan\podlove_backend\node_modules\mongodb\src\operations\execute_operation.ts:283:14)
    at async executeOperation (C:\Users\jahid\Music\Jahid Hasan\podlove_backend\node_modules\mongodb\src\operations\execute_operation.ts:115:12)
    at async AggregationCursor._initialize (C:\Users\jahid\Music\Jahid Hasan\podlove_backend\node_modules\mongodb\src\cursor\aggregation_cursor.ts:92:22)
    at async AggregationCursor.cursorInit (C:\Users\jahid\Music\Jahid Hasan\podlove_backend\node_modules\mongodb\src\cursor\abstract_cursor.ts:944:21)
MongoServerError
Wed Jul 30 2025 11:52:18 [Podlove] [31merror[39m: a group specification must include an _id
MongoServerError: a group specification must include an _id
    at Connection.sendCommand (C:\Users\jahid\Music\Jahid Hasan\podlove_backend\node_modules\mongodb\src\cmap\connection.ts:559:17)
    at processTicksAndRejections (node:internal/process/task_queues:105:5)
    at async Connection.command (C:\Users\jahid\Music\Jahid Hasan\podlove_backend\node_modules\mongodb\src\cmap\connection.ts:633:22)
    at async Server.command (C:\Users\jahid\Music\Jahid Hasan\podlove_backend\node_modules\mongodb\src\sdam\server.ts:342:21)
    at async AggregateOperation.executeCommand (C:\Users\jahid\Music\Jahid Hasan\podlove_backend\node_modules\mongodb\src\operations\command.ts:179:12)
    at async AggregateOperation.execute (C:\Users\jahid\Music\Jahid Hasan\podlove_backend\node_modules\mongodb\src\operations\aggregate.ts:155:12)
    at async tryOperation (C:\Users\jahid\Music\Jahid Hasan\podlove_backend\node_modules\mongodb\src\operations\execute_operation.ts:283:14)
    at async executeOperation (C:\Users\jahid\Music\Jahid Hasan\podlove_backend\node_modules\mongodb\src\operations\execute_operation.ts:115:12)
    at async AggregationCursor._initialize (C:\Users\jahid\Music\Jahid Hasan\podlove_backend\node_modules\mongodb\src\cursor\aggregation_cursor.ts:92:22)
    at async AggregationCursor.cursorInit (C:\Users\jahid\Music\Jahid Hasan\podlove_backend\node_modules\mongodb\src\cursor\abstract_cursor.ts:944:21)
MongoServerError
Wed Jul 30 2025 11:52:24 [Podlove] [31merror[39m: Verify your email first
UnauthorizedError: Verify your email first
    at login (C:\Users\jahid\Music\Jahid Hasan\podlove_backend\src\controllers\authController.ts:79:48)
UnauthorizedError
Wed Jul 30 2025 11:52:25 [Podlove] [31merror[39m: Cast to ObjectId failed for value "ObjectId('68888de9864295fddbe8d65e')" (type string) at path "_id" for model "Auth"
CastError: Cast to ObjectId failed for value "ObjectId('68888de9864295fddbe8d65e')" (type string) at path "_id" for model "Auth"
    at SchemaObjectId.cast (C:\Users\jahid\Music\Jahid Hasan\podlove_backend\node_modules\mongoose\lib\schema\objectId.js:251:11)
    at SchemaObjectId.SchemaType.applySetters (C:\Users\jahid\Music\Jahid Hasan\podlove_backend\node_modules\mongoose\lib\schemaType.js:1255:12)
    at SchemaObjectId.SchemaType.castForQuery (C:\Users\jahid\Music\Jahid Hasan\podlove_backend\node_modules\mongoose\lib\schemaType.js:1673:17)
    at C:\Users\jahid\Music\Jahid Hasan\podlove_backend\node_modules\mongoose\lib\schemaType.js:1634:18
    at Array.map (<anonymous>)
    at SchemaObjectId.handle$in (C:\Users\jahid\Music\Jahid Hasan\podlove_backend\node_modules\mongoose\lib\schemaType.js:1630:14)
    at SchemaObjectId.SchemaType.castForQuery (C:\Users\jahid\Music\Jahid Hasan\podlove_backend\node_modules\mongoose\lib\schemaType.js:1669:20)
    at cast (C:\Users\jahid\Music\Jahid Hasan\podlove_backend\node_modules\mongoose\lib\cast.js:367:39)
    at model.Query.Query.cast (C:\Users\jahid\Music\Jahid Hasan\podlove_backend\node_modules\mongoose\lib\query.js:5055:12)
    at model.Query.Query._castConditions (C:\Users\jahid\Music\Jahid Hasan\podlove_backend\node_modules\mongoose\lib\query.js:2351:10)
CastError
Wed Jul 30 2025 11:52:33 [Podlove] [31merror[39m: a group specification must include an _id
MongoServerError: a group specification must include an _id
    at Connection.sendCommand (C:\Users\jahid\Music\Jahid Hasan\podlove_backend\node_modules\mongodb\src\cmap\connection.ts:559:17)
    at processTicksAndRejections (node:internal/process/task_queues:105:5)
    at async Connection.command (C:\Users\jahid\Music\Jahid Hasan\podlove_backend\node_modules\mongodb\src\cmap\connection.ts:633:22)
    at async Server.command (C:\Users\jahid\Music\Jahid Hasan\podlove_backend\node_modules\mongodb\src\sdam\server.ts:342:21)
    at async AggregateOperation.executeCommand (C:\Users\jahid\Music\Jahid Hasan\podlove_backend\node_modules\mongodb\src\operations\command.ts:179:12)
    at async AggregateOperation.execute (C:\Users\jahid\Music\Jahid Hasan\podlove_backend\node_modules\mongodb\src\operations\aggregate.ts:155:12)
    at async tryOperation (C:\Users\jahid\Music\Jahid Hasan\podlove_backend\node_modules\mongodb\src\operations\execute_operation.ts:283:14)
    at async executeOperation (C:\Users\jahid\Music\Jahid Hasan\podlove_backend\node_modules\mongodb\src\operations\execute_operation.ts:115:12)
    at async AggregationCursor._initialize (C:\Users\jahid\Music\Jahid Hasan\podlove_backend\node_modules\mongodb\src\cursor\aggregation_cursor.ts:92:22)
    at async AggregationCursor.cursorInit (C:\Users\jahid\Music\Jahid Hasan\podlove_backend\node_modules\mongodb\src\cursor\abstract_cursor.ts:944:21)
MongoServerError
Wed Jul 30 2025 11:52:47 [Podlove] [31merror[39m: Verify your email first
UnauthorizedError: Verify your email first
    at login (C:\Users\jahid\Music\Jahid Hasan\podlove_backend\src\controllers\authController.ts:79:48)
UnauthorizedError
Wed Jul 30 2025 11:53:42 [Podlove] [32minfo[39m: 6888b31d394fc35b5ceaa3d2
Wed Jul 30 2025 11:53:52 [Podlove] [32minfo[39m: 688889fa864295fddbe8d45a
Wed Jul 30 2025 11:53:55 [Podlove] [32minfo[39m: 688889fa864295fddbe8d45a
Wed Jul 30 2025 11:54:0 [Podlove] [32minfo[39m: 6889a65cc40327ca3f98ad7a
Wed Jul 30 2025 11:54:1 [Podlove] [32minfo[39m: 6889a65cc40327ca3f98ad7a
Wed Jul 30 2025 11:54:25 [Podlove] [32minfo[39m: 6888b31d394fc35b5ceaa3d2
Wed Jul 30 2025 11:54:25 [Podlove] [32minfo[39m: 6888b31d394fc35b5ceaa3d2
Wed Jul 30 2025 11:54:28 [Podlove] [32minfo[39m: 6888b31d394fc35b5ceaa3d2
Wed Jul 30 2025 11:55:25 [Podlove] [32minfo[39m: 6888b31d394fc35b5ceaa3d2
Wed Jul 30 2025 11:57:11 [Podlove] [32minfo[39m: Successfully Connected to MongoDB Atlas
Wed Jul 30 2025 11:57:15 [Podlove] [32minfo[39m: Privacy Policy exists!
Wed Jul 30 2025 11:57:15 [Podlove] [32minfo[39m: Consumer Policy exists!
Wed Jul 30 2025 11:57:15 [Podlove] [32minfo[39m: Media Policy exists!
Wed Jul 30 2025 11:57:15 [Podlove] [32minfo[39m: Server is running at PORT: 8000, HOST: 10.10.10.59
Wed Jul 30 2025 11:57:15 [Podlove] [32minfo[39m: Socket.IO server initialized
Wed Jul 30 2025 11:57:16 [Podlove] [32minfo[39m: 688889fa864295fddbe8d45a
Wed Jul 30 2025 11:57:18 [Podlove] [32minfo[39m: 688889fa864295fddbe8d45a
Wed Jul 30 2025 11:58:3 [Podlove] [31merror[39m: Not Authorized
UnauthorizedError: Not Authorized
    at C:\Users\jahid\Music\Jahid Hasan\podlove_backend\src\middlewares\authorization.ts:45:30
    at C:\Users\jahid\Music\Jahid Hasan\podlove_backend\src\shared\asyncHandler.ts:7:19
    at Layer.handle [as handle_request] (C:\Users\jahid\Music\Jahid Hasan\podlove_backend\node_modules\express\lib\router\layer.js:95:5)
    at next (C:\Users\jahid\Music\Jahid Hasan\podlove_backend\node_modules\express\lib\router\route.js:149:13)
    at Route.dispatch (C:\Users\jahid\Music\Jahid Hasan\podlove_backend\node_modules\express\lib\router\route.js:119:3)
    at Layer.handle [as handle_request] (C:\Users\jahid\Music\Jahid Hasan\podlove_backend\node_modules\express\lib\router\layer.js:95:5)
    at C:\Users\jahid\Music\Jahid Hasan\podlove_backend\node_modules\express\lib\router\index.js:284:15
    at Function.process_params (C:\Users\jahid\Music\Jahid Hasan\podlove_backend\node_modules\express\lib\router\index.js:346:12)
    at next (C:\Users\jahid\Music\Jahid Hasan\podlove_backend\node_modules\express\lib\router\index.js:280:10)
    at Function.handle (C:\Users\jahid\Music\Jahid Hasan\podlove_backend\node_modules\express\lib\router\index.js:175:3)
UnauthorizedError
Wed Jul 30 2025 11:58:48 [Podlove] [31merror[39m: Wrong password. Please try again
UnauthorizedError: Wrong password. Please try again
    at login (C:\Users\jahid\Music\Jahid Hasan\podlove_backend\src\controllers\adminController.ts:163:30)
UnauthorizedError
Wed Jul 30 2025 11:58:53 [Podlove] [32minfo[39m: 68870decaaa39d5c80dcca60
Wed Jul 30 2025 11:58:53 [Podlove] [32minfo[39m: [object Object]
Wed Jul 30 2025 11:59:15 [Podlove] [32minfo[39m: 6888b31d394fc35b5ceaa3d2
