Sat Jan 03 2026 22:12:58 [Podlove] [31merror[39m: Not Authorized
UnauthorizedError: Not Authorized
    at C:\20300\github\pl\podlove_backend\src\middlewares\authorization.ts:47:30
    at C:\20300\github\pl\podlove_backend\src\shared\asyncHandler.ts:7:19
    at Layer.handle [as handle_request] (C:\20300\github\pl\podlove_backend\node_modules\express\lib\router\layer.js:95:5)
    at next (C:\20300\github\pl\podlove_backend\node_modules\express\lib\router\route.js:149:13)
    at Route.dispatch (C:\20300\github\pl\podlove_backend\node_modules\express\lib\router\route.js:119:3)
    at Layer.handle [as handle_request] (C:\20300\github\pl\podlove_backend\node_modules\express\lib\router\layer.js:95:5)
    at C:\20300\github\pl\podlove_backend\node_modules\express\lib\router\index.js:284:15
    at router.process_params (C:\20300\github\pl\podlove_backend\node_modules\express\lib\router\index.js:346:12)
    at next (C:\20300\github\pl\podlove_backend\node_modules\express\lib\router\index.js:280:10)
    at router.handle (C:\20300\github\pl\podlove_backend\node_modules\express\lib\router\index.js:175:3)
UnauthorizedError
Sat Jan 03 2026 22:13:1 [Podlove] [31merror[39m: Failed to fetch videos
Error: Failed to fetch videos
    at Object.getExistingVideos (C:\20300\github\pl\podlove_backend\src\podcast\podcast.service.ts:409:15)
    at processTicksAndRejections (node:internal/process/task_queues:105:5)
    at async getExistingVideos (C:\20300\github\pl\podlove_backend\src\podcast\podcast.controller.ts:71:20)
Error
Sat Jan 03 2026 22:13:20 [Podlove] [31merror[39m: Not Authorized
UnauthorizedError: Not Authorized
    at C:\20300\github\pl\podlove_backend\src\middlewares\authorization.ts:47:30
    at C:\20300\github\pl\podlove_backend\src\shared\asyncHandler.ts:7:19
    at Layer.handle [as handle_request] (C:\20300\github\pl\podlove_backend\node_modules\express\lib\router\layer.js:95:5)
    at next (C:\20300\github\pl\podlove_backend\node_modules\express\lib\router\route.js:149:13)
    at Route.dispatch (C:\20300\github\pl\podlove_backend\node_modules\express\lib\router\route.js:119:3)
    at Layer.handle [as handle_request] (C:\20300\github\pl\podlove_backend\node_modules\express\lib\router\layer.js:95:5)
    at C:\20300\github\pl\podlove_backend\node_modules\express\lib\router\index.js:284:15
    at router.process_params (C:\20300\github\pl\podlove_backend\node_modules\express\lib\router\index.js:346:12)
    at next (C:\20300\github\pl\podlove_backend\node_modules\express\lib\router\index.js:280:10)
    at router.handle (C:\20300\github\pl\podlove_backend\node_modules\express\lib\router\index.js:175:3)
UnauthorizedError
Sat Jan 03 2026 22:13:22 [Podlove] [31merror[39m: Failed to fetch videos
Error: Failed to fetch videos
    at Object.getExistingVideos (C:\20300\github\pl\podlove_backend\src\podcast\podcast.service.ts:409:15)
    at processTicksAndRejections (node:internal/process/task_queues:105:5)
    at async getExistingVideos (C:\20300\github\pl\podlove_backend\src\podcast\podcast.controller.ts:71:20)
Error
