Wed Jul 30 2025 12:0:33 [Podlove] [32minfo[39m: Successfully Connected to MongoDB Atlas
Wed Jul 30 2025 12:0:37 [Podlove] [32minfo[39m: Privacy Policy exists!
Wed Jul 30 2025 12:0:37 [Podlove] [32minfo[39m: Consumer Policy exists!
Wed Jul 30 2025 12:0:37 [Podlove] [32minfo[39m: Media Policy exists!
Wed Jul 30 2025 12:0:37 [Podlove] [32minfo[39m: Server is running at PORT: 8000, HOST: 10.10.10.59
Wed Jul 30 2025 12:0:37 [Podlove] [32minfo[39m: Socket.IO server initialized
Wed Jul 30 2025 12:0:47 [Podlove] [32minfo[39m: 68870decaaa39d5c80dcca60
Wed Jul 30 2025 12:0:47 [Podlove] [32minfo[39m: [object Object]
Wed Jul 30 2025 12:1:13 [Podlove] [32minfo[39m: Successfully Connected to MongoDB Atlas
Wed Jul 30 2025 12:1:17 [Podlove] [32minfo[39m: Privacy Policy exists!
Wed Jul 30 2025 12:1:17 [Podlove] [32minfo[39m: Consumer Policy exists!
Wed Jul 30 2025 12:1:17 [Podlove] [32minfo[39m: Media Policy exists!
Wed Jul 30 2025 12:1:17 [Podlove] [32minfo[39m: Server is running at PORT: 8000, HOST: 10.10.10.59
Wed Jul 30 2025 12:1:17 [Podlove] [32minfo[39m: Socket.IO server initialized
Wed Jul 30 2025 12:1:48 [Podlove] [32minfo[39m: 68870decaaa39d5c80dcca60
Wed Jul 30 2025 12:1:48 [Podlove] [32minfo[39m: [object Object]
Wed Jul 30 2025 12:3:57 [Podlove] [32minfo[39m: 6888b31d394fc35b5ceaa3d2
Wed Jul 30 2025 12:3:59 [Podlove] [32minfo[39m: 6888b31d394fc35b5ceaa3d2
Wed Jul 30 2025 12:4:55 [Podlove] [32minfo[39m: Successfully Connected to MongoDB Atlas
Wed Jul 30 2025 12:4:59 [Podlove] [32minfo[39m: Privacy Policy exists!
Wed Jul 30 2025 12:4:59 [Podlove] [32minfo[39m: Consumer Policy exists!
Wed Jul 30 2025 12:4:59 [Podlove] [32minfo[39m: Media Policy exists!
Wed Jul 30 2025 12:4:59 [Podlove] [32minfo[39m: Server is running at PORT: 8000, HOST: 10.10.10.59
Wed Jul 30 2025 12:4:59 [Podlove] [32minfo[39m: Socket.IO server initialized
Wed Jul 30 2025 12:5:0 [Podlove] [32minfo[39m: 68870decaaa39d5c80dcca60
Wed Jul 30 2025 12:5:0 [Podlove] [32minfo[39m: [object Object]
Wed Jul 30 2025 12:5:44 [Podlove] [32minfo[39m: Successfully Connected to MongoDB Atlas
Wed Jul 30 2025 12:5:47 [Podlove] [32minfo[39m: Privacy Policy exists!
Wed Jul 30 2025 12:5:48 [Podlove] [32minfo[39m: Consumer Policy exists!
Wed Jul 30 2025 12:5:48 [Podlove] [32minfo[39m: Media Policy exists!
Wed Jul 30 2025 12:5:48 [Podlove] [32minfo[39m: Server is running at PORT: 8000, HOST: 10.10.10.59
Wed Jul 30 2025 12:5:48 [Podlove] [32minfo[39m: Socket.IO server initialized
Wed Jul 30 2025 12:5:52 [Podlove] [32minfo[39m: 68870decaaa39d5c80dcca60
Wed Jul 30 2025 12:5:52 [Podlove] [32minfo[39m: [object Object]
Wed Jul 30 2025 12:9:11 [Podlove] [32minfo[39m: 6888b31d394fc35b5ceaa3d2
Wed Jul 30 2025 12:9:36 [Podlove] [32minfo[39m: Successfully Connected to MongoDB Atlas
Wed Jul 30 2025 12:9:39 [Podlove] [32minfo[39m: Privacy Policy exists!
Wed Jul 30 2025 12:9:40 [Podlove] [32minfo[39m: Consumer Policy exists!
Wed Jul 30 2025 12:9:40 [Podlove] [32minfo[39m: Media Policy exists!
Wed Jul 30 2025 12:9:40 [Podlove] [32minfo[39m: Server is running at PORT: 8000, HOST: 10.10.10.59
Wed Jul 30 2025 12:9:40 [Podlove] [32minfo[39m: Socket.IO server initialized
Wed Jul 30 2025 12:9:53 [Podlove] [32minfo[39m: 68870decaaa39d5c80dcca60
Wed Jul 30 2025 12:9:54 [Podlove] [32minfo[39m: [object Object]
Wed Jul 30 2025 12:11:10 [Podlove] [32minfo[39m: Successfully Connected to MongoDB Atlas
Wed Jul 30 2025 12:11:13 [Podlove] [32minfo[39m: Privacy Policy exists!
Wed Jul 30 2025 12:11:13 [Podlove] [32minfo[39m: Consumer Policy exists!
Wed Jul 30 2025 12:11:14 [Podlove] [32minfo[39m: Media Policy exists!
Wed Jul 30 2025 12:11:14 [Podlove] [32minfo[39m: Server is running at PORT: 8000, HOST: 10.10.10.59
Wed Jul 30 2025 12:11:14 [Podlove] [32minfo[39m: Socket.IO server initialized
Wed Jul 30 2025 12:11:20 [Podlove] [32minfo[39m: 68870decaaa39d5c80dcca60
Wed Jul 30 2025 12:11:21 [Podlove] [32minfo[39m: [object Object]
Wed Jul 30 2025 12:16:39 [Podlove] [32minfo[39m: Successfully Connected to MongoDB Atlas
Wed Jul 30 2025 12:16:42 [Podlove] [32minfo[39m: Privacy Policy exists!
Wed Jul 30 2025 12:16:42 [Podlove] [32minfo[39m: Consumer Policy exists!
Wed Jul 30 2025 12:16:43 [Podlove] [32minfo[39m: Media Policy exists!
Wed Jul 30 2025 12:16:43 [Podlove] [32minfo[39m: Server is running at PORT: 8000, HOST: 10.10.10.59
Wed Jul 30 2025 12:16:43 [Podlove] [32minfo[39m: Socket.IO server initialized
Wed Jul 30 2025 12:16:54 [Podlove] [32minfo[39m: Successfully Connected to MongoDB Atlas
Wed Jul 30 2025 12:17:0 [Podlove] [32minfo[39m: Privacy Policy exists!
Wed Jul 30 2025 12:17:0 [Podlove] [32minfo[39m: Consumer Policy exists!
Wed Jul 30 2025 12:17:0 [Podlove] [32minfo[39m: Media Policy exists!
Wed Jul 30 2025 12:17:0 [Podlove] [32minfo[39m: Server is running at PORT: 8000, HOST: 10.10.10.59
Wed Jul 30 2025 12:17:0 [Podlove] [32minfo[39m: Socket.IO server initialized
Wed Jul 30 2025 12:17:0 [Podlove] [32minfo[39m: 68870decaaa39d5c80dcca60
Wed Jul 30 2025 12:17:1 [Podlove] [32minfo[39m: [object Object]
Wed Jul 30 2025 12:18:16 [Podlove] [32minfo[39m: Successfully Connected to MongoDB Atlas
Wed Jul 30 2025 12:18:19 [Podlove] [32minfo[39m: Privacy Policy exists!
Wed Jul 30 2025 12:18:19 [Podlove] [32minfo[39m: Consumer Policy exists!
Wed Jul 30 2025 12:18:20 [Podlove] [32minfo[39m: Media Policy exists!
Wed Jul 30 2025 12:18:20 [Podlove] [32minfo[39m: Server is running at PORT: 8000, HOST: 10.10.10.59
Wed Jul 30 2025 12:18:20 [Podlove] [32minfo[39m: Socket.IO server initialized
Wed Jul 30 2025 12:18:33 [Podlove] [32minfo[39m: 68870decaaa39d5c80dcca60
Wed Jul 30 2025 12:18:33 [Podlove] [32minfo[39m: [object Object]
Wed Jul 30 2025 12:19:33 [Podlove] [32minfo[39m: Successfully Connected to MongoDB Atlas
Wed Jul 30 2025 12:19:42 [Podlove] [32minfo[39m: Successfully Connected to MongoDB Atlas
Wed Jul 30 2025 12:19:45 [Podlove] [32minfo[39m: Privacy Policy exists!
Wed Jul 30 2025 12:19:45 [Podlove] [32minfo[39m: Consumer Policy exists!
Wed Jul 30 2025 12:19:46 [Podlove] [32minfo[39m: Media Policy exists!
Wed Jul 30 2025 12:19:46 [Podlove] [32minfo[39m: Server is running at PORT: 8000, HOST: 10.10.10.59
Wed Jul 30 2025 12:19:46 [Podlove] [32minfo[39m: Socket.IO server initialized
Wed Jul 30 2025 12:21:45 [Podlove] [32minfo[39m: 688889fa864295fddbe8d45a
Wed Jul 30 2025 12:21:46 [Podlove] [32minfo[39m: 688889fa864295fddbe8d45a
Wed Jul 30 2025 12:29:11 [Podlove] [32minfo[39m: 68870decaaa39d5c80dcca60
Wed Jul 30 2025 12:29:11 [Podlove] [32minfo[39m: [object Object]
Wed Jul 30 2025 12:29:22 [Podlove] [32minfo[39m: 68870decaaa39d5c80dcca60
Wed Jul 30 2025 12:29:23 [Podlove] [32minfo[39m: [object Object]
Wed Jul 30 2025 12:32:29 [Podlove] [31merror[39m: Cast to ObjectId failed for value "ObjectId('68888de9864295fddbe8d65e')" (type string) at path "_id" for model "Auth"
CastError: Cast to ObjectId failed for value "ObjectId('68888de9864295fddbe8d65e')" (type string) at path "_id" for model "Auth"
    at SchemaObjectId.cast (C:\Users\jahid\Music\Jahid Hasan\podlove_backend\node_modules\mongoose\lib\schema\objectId.js:251:11)
    at SchemaObjectId.SchemaType.applySetters (C:\Users\jahid\Music\Jahid Hasan\podlove_backend\node_modules\mongoose\lib\schemaType.js:1255:12)
    at SchemaObjectId.SchemaType.castForQuery (C:\Users\jahid\Music\Jahid Hasan\podlove_backend\node_modules\mongoose\lib\schemaType.js:1673:17)
    at C:\Users\jahid\Music\Jahid Hasan\podlove_backend\node_modules\mongoose\lib\schemaType.js:1634:18
    at Array.map (<anonymous>)
    at SchemaObjectId.handle$in (C:\Users\jahid\Music\Jahid Hasan\podlove_backend\node_modules\mongoose\lib\schemaType.js:1630:14)
    at SchemaObjectId.SchemaType.castForQuery (C:\Users\jahid\Music\Jahid Hasan\podlove_backend\node_modules\mongoose\lib\schemaType.js:1669:20)
    at cast (C:\Users\jahid\Music\Jahid Hasan\podlove_backend\node_modules\mongoose\lib\cast.js:367:39)
    at model.Query.Query.cast (C:\Users\jahid\Music\Jahid Hasan\podlove_backend\node_modules\mongoose\lib\query.js:5055:12)
    at model.Query.Query._castConditions (C:\Users\jahid\Music\Jahid Hasan\podlove_backend\node_modules\mongoose\lib\query.js:2351:10)
CastError
Wed Jul 30 2025 12:33:29 [Podlove] [31merror[39m: Cast to ObjectId failed for value "ObjectId('68888de9864295fddbe8d65e')" (type string) at path "_id" for model "Auth"
CastError: Cast to ObjectId failed for value "ObjectId('68888de9864295fddbe8d65e')" (type string) at path "_id" for model "Auth"
    at SchemaObjectId.cast (C:\Users\jahid\Music\Jahid Hasan\podlove_backend\node_modules\mongoose\lib\schema\objectId.js:251:11)
    at SchemaObjectId.SchemaType.applySetters (C:\Users\jahid\Music\Jahid Hasan\podlove_backend\node_modules\mongoose\lib\schemaType.js:1255:12)
    at SchemaObjectId.SchemaType.castForQuery (C:\Users\jahid\Music\Jahid Hasan\podlove_backend\node_modules\mongoose\lib\schemaType.js:1673:17)
    at C:\Users\jahid\Music\Jahid Hasan\podlove_backend\node_modules\mongoose\lib\schemaType.js:1634:18
    at Array.map (<anonymous>)
    at SchemaObjectId.handle$in (C:\Users\jahid\Music\Jahid Hasan\podlove_backend\node_modules\mongoose\lib\schemaType.js:1630:14)
    at SchemaObjectId.SchemaType.castForQuery (C:\Users\jahid\Music\Jahid Hasan\podlove_backend\node_modules\mongoose\lib\schemaType.js:1669:20)
    at cast (C:\Users\jahid\Music\Jahid Hasan\podlove_backend\node_modules\mongoose\lib\cast.js:367:39)
    at model.Query.Query.cast (C:\Users\jahid\Music\Jahid Hasan\podlove_backend\node_modules\mongoose\lib\query.js:5055:12)
    at model.Query.Query._castConditions (C:\Users\jahid\Music\Jahid Hasan\podlove_backend\node_modules\mongoose\lib\query.js:2351:10)
CastError
Wed Jul 30 2025 12:35:48 [Podlove] [32minfo[39m: 68870decaaa39d5c80dcca60
Wed Jul 30 2025 12:35:48 [Podlove] [32minfo[39m: [object Object]
Wed Jul 30 2025 12:36:10 [Podlove] [32minfo[39m: 68870decaaa39d5c80dcca60
Wed Jul 30 2025 12:36:11 [Podlove] [32minfo[39m: [object Object]
Wed Jul 30 2025 12:38:9 [Podlove] [31merror[39m: Cast to ObjectId failed for value "ObjectId('68888de9864295fddbe8d65e')" (type string) at path "_id" for model "Auth"
CastError: Cast to ObjectId failed for value "ObjectId('68888de9864295fddbe8d65e')" (type string) at path "_id" for model "Auth"
    at SchemaObjectId.cast (C:\Users\jahid\Music\Jahid Hasan\podlove_backend\node_modules\mongoose\lib\schema\objectId.js:251:11)
    at SchemaObjectId.SchemaType.applySetters (C:\Users\jahid\Music\Jahid Hasan\podlove_backend\node_modules\mongoose\lib\schemaType.js:1255:12)
    at SchemaObjectId.SchemaType.castForQuery (C:\Users\jahid\Music\Jahid Hasan\podlove_backend\node_modules\mongoose\lib\schemaType.js:1673:17)
    at C:\Users\jahid\Music\Jahid Hasan\podlove_backend\node_modules\mongoose\lib\schemaType.js:1634:18
    at Array.map (<anonymous>)
    at SchemaObjectId.handle$in (C:\Users\jahid\Music\Jahid Hasan\podlove_backend\node_modules\mongoose\lib\schemaType.js:1630:14)
    at SchemaObjectId.SchemaType.castForQuery (C:\Users\jahid\Music\Jahid Hasan\podlove_backend\node_modules\mongoose\lib\schemaType.js:1669:20)
    at cast (C:\Users\jahid\Music\Jahid Hasan\podlove_backend\node_modules\mongoose\lib\cast.js:367:39)
    at model.Query.Query.cast (C:\Users\jahid\Music\Jahid Hasan\podlove_backend\node_modules\mongoose\lib\query.js:5055:12)
    at model.Query.Query._castConditions (C:\Users\jahid\Music\Jahid Hasan\podlove_backend\node_modules\mongoose\lib\query.js:2351:10)
CastError
Wed Jul 30 2025 12:38:16 [Podlove] [31merror[39m: Cast to ObjectId failed for value "ObjectId('68888de9864295fddbe8d65e')" (type string) at path "_id" for model "Auth"
CastError: Cast to ObjectId failed for value "ObjectId('68888de9864295fddbe8d65e')" (type string) at path "_id" for model "Auth"
    at SchemaObjectId.cast (C:\Users\jahid\Music\Jahid Hasan\podlove_backend\node_modules\mongoose\lib\schema\objectId.js:251:11)
    at SchemaObjectId.SchemaType.applySetters (C:\Users\jahid\Music\Jahid Hasan\podlove_backend\node_modules\mongoose\lib\schemaType.js:1255:12)
    at SchemaObjectId.SchemaType.castForQuery (C:\Users\jahid\Music\Jahid Hasan\podlove_backend\node_modules\mongoose\lib\schemaType.js:1673:17)
    at C:\Users\jahid\Music\Jahid Hasan\podlove_backend\node_modules\mongoose\lib\schemaType.js:1634:18
    at Array.map (<anonymous>)
    at SchemaObjectId.handle$in (C:\Users\jahid\Music\Jahid Hasan\podlove_backend\node_modules\mongoose\lib\schemaType.js:1630:14)
    at SchemaObjectId.SchemaType.castForQuery (C:\Users\jahid\Music\Jahid Hasan\podlove_backend\node_modules\mongoose\lib\schemaType.js:1669:20)
    at cast (C:\Users\jahid\Music\Jahid Hasan\podlove_backend\node_modules\mongoose\lib\cast.js:367:39)
    at model.Query.Query.cast (C:\Users\jahid\Music\Jahid Hasan\podlove_backend\node_modules\mongoose\lib\query.js:5055:12)
    at model.Query.Query._castConditions (C:\Users\jahid\Music\Jahid Hasan\podlove_backend\node_modules\mongoose\lib\query.js:2351:10)
CastError
Wed Jul 30 2025 12:38:44 [Podlove] [32minfo[39m: 68870decaaa39d5c80dcca60
Wed Jul 30 2025 12:38:44 [Podlove] [32minfo[39m: [object Object]
Wed Jul 30 2025 12:40:24 [Podlove] [32minfo[39m: 68870decaaa39d5c80dcca60
Wed Jul 30 2025 12:40:24 [Podlove] [32minfo[39m: [object Object]
Wed Jul 30 2025 12:40:56 [Podlove] [32minfo[39m: 68870decaaa39d5c80dcca60
Wed Jul 30 2025 12:40:57 [Podlove] [32minfo[39m: [object Object]
Wed Jul 30 2025 12:43:45 [Podlove] [32minfo[39m: 68870decaaa39d5c80dcca60
Wed Jul 30 2025 12:43:46 [Podlove] [32minfo[39m: [object Object]
Wed Jul 30 2025 12:44:14 [Podlove] [31merror[39m: Cast to ObjectId failed for value "ObjectId('68888de9864295fddbe8d65e')" (type string) at path "_id" for model "Auth"
CastError: Cast to ObjectId failed for value "ObjectId('68888de9864295fddbe8d65e')" (type string) at path "_id" for model "Auth"
    at SchemaObjectId.cast (C:\Users\jahid\Music\Jahid Hasan\podlove_backend\node_modules\mongoose\lib\schema\objectId.js:251:11)
    at SchemaObjectId.SchemaType.applySetters (C:\Users\jahid\Music\Jahid Hasan\podlove_backend\node_modules\mongoose\lib\schemaType.js:1255:12)
    at SchemaObjectId.SchemaType.castForQuery (C:\Users\jahid\Music\Jahid Hasan\podlove_backend\node_modules\mongoose\lib\schemaType.js:1673:17)
    at C:\Users\jahid\Music\Jahid Hasan\podlove_backend\node_modules\mongoose\lib\schemaType.js:1634:18
    at Array.map (<anonymous>)
    at SchemaObjectId.handle$in (C:\Users\jahid\Music\Jahid Hasan\podlove_backend\node_modules\mongoose\lib\schemaType.js:1630:14)
    at SchemaObjectId.SchemaType.castForQuery (C:\Users\jahid\Music\Jahid Hasan\podlove_backend\node_modules\mongoose\lib\schemaType.js:1669:20)
    at cast (C:\Users\jahid\Music\Jahid Hasan\podlove_backend\node_modules\mongoose\lib\cast.js:367:39)
    at model.Query.Query.cast (C:\Users\jahid\Music\Jahid Hasan\podlove_backend\node_modules\mongoose\lib\query.js:5055:12)
    at model.Query.Query._castConditions (C:\Users\jahid\Music\Jahid Hasan\podlove_backend\node_modules\mongoose\lib\query.js:2351:10)
CastError
Wed Jul 30 2025 12:44:29 [Podlove] [31merror[39m: Cast to ObjectId failed for value "ObjectId('68888de9864295fddbe8d65e')" (type string) at path "_id" for model "Auth"
CastError: Cast to ObjectId failed for value "ObjectId('68888de9864295fddbe8d65e')" (type string) at path "_id" for model "Auth"
    at SchemaObjectId.cast (C:\Users\jahid\Music\Jahid Hasan\podlove_backend\node_modules\mongoose\lib\schema\objectId.js:251:11)
    at SchemaObjectId.SchemaType.applySetters (C:\Users\jahid\Music\Jahid Hasan\podlove_backend\node_modules\mongoose\lib\schemaType.js:1255:12)
    at SchemaObjectId.SchemaType.castForQuery (C:\Users\jahid\Music\Jahid Hasan\podlove_backend\node_modules\mongoose\lib\schemaType.js:1673:17)
    at C:\Users\jahid\Music\Jahid Hasan\podlove_backend\node_modules\mongoose\lib\schemaType.js:1634:18
    at Array.map (<anonymous>)
    at SchemaObjectId.handle$in (C:\Users\jahid\Music\Jahid Hasan\podlove_backend\node_modules\mongoose\lib\schemaType.js:1630:14)
    at SchemaObjectId.SchemaType.castForQuery (C:\Users\jahid\Music\Jahid Hasan\podlove_backend\node_modules\mongoose\lib\schemaType.js:1669:20)
    at cast (C:\Users\jahid\Music\Jahid Hasan\podlove_backend\node_modules\mongoose\lib\cast.js:367:39)
    at model.Query.Query.cast (C:\Users\jahid\Music\Jahid Hasan\podlove_backend\node_modules\mongoose\lib\query.js:5055:12)
    at model.Query.Query._castConditions (C:\Users\jahid\Music\Jahid Hasan\podlove_backend\node_modules\mongoose\lib\query.js:2351:10)
CastError
Wed Jul 30 2025 12:44:41 [Podlove] [32minfo[39m: 688889fa864295fddbe8d45a
Wed Jul 30 2025 12:44:42 [Podlove] [32minfo[39m: 688889fa864295fddbe8d45a
Wed Jul 30 2025 12:48:29 [Podlove] [32minfo[39m: Successfully Connected to MongoDB Atlas
Wed Jul 30 2025 12:48:32 [Podlove] [32minfo[39m: Privacy Policy exists!
Wed Jul 30 2025 12:48:33 [Podlove] [32minfo[39m: Consumer Policy exists!
Wed Jul 30 2025 12:48:33 [Podlove] [32minfo[39m: Media Policy exists!
Wed Jul 30 2025 12:48:33 [Podlove] [32minfo[39m: Server is running at PORT: 8000, HOST: 10.10.10.59
Wed Jul 30 2025 12:48:33 [Podlove] [32minfo[39m: Socket.IO server initialized
Wed Jul 30 2025 12:49:0 [Podlove] [32minfo[39m: 68870decaaa39d5c80dcca60
Wed Jul 30 2025 12:49:0 [Podlove] [32minfo[39m: [object Object]
Wed Jul 30 2025 12:49:4 [Podlove] [31merror[39m: Cast to ObjectId failed for value "ObjectId('68888de9864295fddbe8d65e')" (type string) at path "_id" for model "Auth"
CastError: Cast to ObjectId failed for value "ObjectId('68888de9864295fddbe8d65e')" (type string) at path "_id" for model "Auth"
    at SchemaObjectId.cast (C:\Users\jahid\Music\Jahid Hasan\podlove_backend\node_modules\mongoose\lib\schema\objectId.js:251:11)
    at SchemaObjectId.SchemaType.applySetters (C:\Users\jahid\Music\Jahid Hasan\podlove_backend\node_modules\mongoose\lib\schemaType.js:1255:12)
    at SchemaObjectId.SchemaType.castForQuery (C:\Users\jahid\Music\Jahid Hasan\podlove_backend\node_modules\mongoose\lib\schemaType.js:1673:17)
    at C:\Users\jahid\Music\Jahid Hasan\podlove_backend\node_modules\mongoose\lib\schemaType.js:1634:18
    at Array.map (<anonymous>)
    at SchemaObjectId.handle$in (C:\Users\jahid\Music\Jahid Hasan\podlove_backend\node_modules\mongoose\lib\schemaType.js:1630:14)
    at SchemaObjectId.SchemaType.castForQuery (C:\Users\jahid\Music\Jahid Hasan\podlove_backend\node_modules\mongoose\lib\schemaType.js:1669:20)
    at cast (C:\Users\jahid\Music\Jahid Hasan\podlove_backend\node_modules\mongoose\lib\cast.js:367:39)
    at model.Query.Query.cast (C:\Users\jahid\Music\Jahid Hasan\podlove_backend\node_modules\mongoose\lib\query.js:5055:12)
    at model.Query.Query._castConditions (C:\Users\jahid\Music\Jahid Hasan\podlove_backend\node_modules\mongoose\lib\query.js:2351:10)
CastError
Wed Jul 30 2025 12:50:52 [Podlove] [32minfo[39m: Successfully Connected to MongoDB Atlas
Wed Jul 30 2025 12:50:55 [Podlove] [32minfo[39m: Privacy Policy exists!
Wed Jul 30 2025 12:50:55 [Podlove] [32minfo[39m: Consumer Policy exists!
Wed Jul 30 2025 12:50:56 [Podlove] [32minfo[39m: Media Policy exists!
Wed Jul 30 2025 12:50:56 [Podlove] [32minfo[39m: Server is running at PORT: 8000, HOST: 10.10.10.59
Wed Jul 30 2025 12:50:56 [Podlove] [32minfo[39m: Socket.IO server initialized
Wed Jul 30 2025 12:53:20 [Podlove] [32minfo[39m: 688889fa864295fddbe8d45a
Wed Jul 30 2025 12:53:20 [Podlove] [32minfo[39m: 688889fa864295fddbe8d45a
Wed Jul 30 2025 12:55:24 [Podlove] [32minfo[39m: Successfully Connected to MongoDB Atlas
Wed Jul 30 2025 12:55:28 [Podlove] [32minfo[39m: Privacy Policy exists!
Wed Jul 30 2025 12:55:28 [Podlove] [32minfo[39m: Consumer Policy exists!
Wed Jul 30 2025 12:55:28 [Podlove] [32minfo[39m: Media Policy exists!
Wed Jul 30 2025 12:55:28 [Podlove] [32minfo[39m: Server is running at PORT: 8000, HOST: 10.10.10.59
Wed Jul 30 2025 12:55:28 [Podlove] [32minfo[39m: Socket.IO server initialized
Wed Jul 30 2025 12:55:48 [Podlove] [32minfo[39m: Successfully Connected to MongoDB Atlas
Wed Jul 30 2025 12:55:51 [Podlove] [32minfo[39m: Privacy Policy exists!
Wed Jul 30 2025 12:55:51 [Podlove] [32minfo[39m: Consumer Policy exists!
Wed Jul 30 2025 12:55:52 [Podlove] [32minfo[39m: Media Policy exists!
Wed Jul 30 2025 12:55:52 [Podlove] [32minfo[39m: Server is running at PORT: 8000, HOST: 10.10.10.59
Wed Jul 30 2025 12:55:52 [Podlove] [32minfo[39m: Socket.IO server initialized
Wed Jul 30 2025 12:55:53 [Podlove] [32minfo[39m: 68870decaaa39d5c80dcca60
Wed Jul 30 2025 12:55:53 [Podlove] [32minfo[39m: [object Object]
Wed Jul 30 2025 12:57:35 [Podlove] [32minfo[39m: 688889fa864295fddbe8d45a
Wed Jul 30 2025 12:57:36 [Podlove] [32minfo[39m: 688889fa864295fddbe8d45a
Wed Jul 30 2025 12:57:41 [Podlove] [32minfo[39m: 688889fa864295fddbe8d45a
Wed Jul 30 2025 12:57:42 [Podlove] [31merror[39m: Schedule must include date, day, and time strings
BadRequestError: Schedule must include date, day, and time strings
    at sendPodcastRequest (C:\Users\jahid\Music\Jahid Hasan\podlove_backend\src\controllers\podcastController.ts:60:24)
    at processTicksAndRejections (node:internal/process/task_queues:105:5)
BadRequestError
Wed Jul 30 2025 12:58:39 [Podlove] [32minfo[39m: Successfully Connected to MongoDB Atlas
Wed Jul 30 2025 12:58:42 [Podlove] [32minfo[39m: Privacy Policy exists!
Wed Jul 30 2025 12:58:42 [Podlove] [32minfo[39m: Consumer Policy exists!
Wed Jul 30 2025 12:58:43 [Podlove] [32minfo[39m: Media Policy exists!
Wed Jul 30 2025 12:58:43 [Podlove] [32minfo[39m: Server is running at PORT: 8000, HOST: 10.10.10.59
Wed Jul 30 2025 12:58:43 [Podlove] [32minfo[39m: Socket.IO server initialized
Wed Jul 30 2025 12:58:48 [Podlove] [32minfo[39m: 68870decaaa39d5c80dcca60
Wed Jul 30 2025 12:58:48 [Podlove] [32minfo[39m: [object Object]
