Tue Jul 08 2025 21:28:56 [Podlove] [32minfo[39m: Successfully Connected to MongoDB Atlas
Tue Jul 08 2025 21:29:1 [Podlove] [32minfo[39m: Privacy Policy exists!
Tue Jul 08 2025 21:29:1 [Podlove] [32minfo[39m: Consumer Policy exists!
Tue Jul 08 2025 21:29:2 [Podlove] [32minfo[39m: Media Policy exists!
Tue Jul 08 2025 21:31:31 [Podlove] [32minfo[39m: Successfully Connected to MongoDB Atlas
Tue Jul 08 2025 21:31:37 [Podlove] [32minfo[39m: Privacy Policy exists!
Tue Jul 08 2025 21:31:38 [Podlove] [32minfo[39m: Consumer Policy exists!
Tue Jul 08 2025 21:31:38 [Podlove] [32minfo[39m: Media Policy exists!
Tue Jul 08 2025 21:31:38 [Podlove] [32minfo[39m: Server is running at PORT: 8000, HOST: 192.168.0.105
Tue Jul 08 2025 21:50:54 [Podlove] [32minfo[39m: Successfully Connected to MongoDB Atlas
Tue Jul 08 2025 21:50:59 [Podlove] [32minfo[39m: Privacy Policy exists!
Tue Jul 08 2025 21:50:59 [Podlove] [32minfo[39m: Consumer Policy exists!
Tue Jul 08 2025 21:51:0 [Podlove] [32minfo[39m: Media Policy exists!
Tue Jul 08 2025 21:52:1 [Podlove] [32minfo[39m: Successfully Connected to MongoDB Atlas
Tue Jul 08 2025 21:52:10 [Podlove] [32minfo[39m: Privacy Policy exists!
Tue Jul 08 2025 21:52:10 [Podlove] [32minfo[39m: Consumer Policy exists!
Tue Jul 08 2025 21:52:10 [Podlove] [32minfo[39m: Media Policy exists!
Tue Jul 08 2025 21:53:25 [Podlove] [32minfo[39m: Successfully Connected to MongoDB Atlas
Tue Jul 08 2025 21:53:31 [Podlove] [32minfo[39m: Privacy Policy exists!
Tue Jul 08 2025 21:53:31 [Podlove] [32minfo[39m: Consumer Policy exists!
Tue Jul 08 2025 21:53:31 [Podlove] [32minfo[39m: Media Policy exists!
Tue Jul 08 2025 21:53:31 [Podlove] [32minfo[39m: Server is running at PORT: 8000, HOST: 0.0.0.0
Tue Jul 08 2025 21:57:7 [Podlove] [32minfo[39m: Successfully Connected to MongoDB Atlas
Tue Jul 08 2025 21:57:14 [Podlove] [32minfo[39m: Privacy Policy exists!
Tue Jul 08 2025 21:57:14 [Podlove] [32minfo[39m: Consumer Policy exists!
Tue Jul 08 2025 21:57:16 [Podlove] [32minfo[39m: Media Policy exists!
Tue Jul 08 2025 21:57:16 [Podlove] [32minfo[39m: Server is running at PORT: 8000, HOST: 0.0.0.0
