Wed Sep 17 2025 12:2:25 [Podlove] [32minfo[39m: Successfully Connected to MongoDB Atlas
Wed Sep 17 2025 12:2:37 [Podlove] [32minfo[39m: Successfully Connected to MongoDB Atlas
Wed Sep 17 2025 12:2:46 [Podlove] [32minfo[39m: Privacy Policy exists!
Wed Sep 17 2025 12:2:46 [Podlove] [32minfo[39m: Consumer Policy exists!
Wed Sep 17 2025 12:2:47 [Podlove] [32minfo[39m: Media Policy exists!
Wed Sep 17 2025 12:2:47 [Podlove] [32minfo[39m: Server is running at PORT: 8000, HOST: 10.10.20.11
Wed Sep 17 2025 12:2:47 [Podlove] [32minfo[39m: Socket.IO server initialized
Wed Sep 17 2025 12:3:16 [Podlove] [32minfo[39m: Successfully Connected to MongoDB Atlas
Wed Sep 17 2025 12:3:25 [Podlove] [32minfo[39m: Successfully Connected to MongoDB Atlas
Wed Sep 17 2025 12:3:47 [Podlove] [32minfo[39m: Successfully Connected to MongoDB Atlas
Wed Sep 17 2025 12:3:54 [Podlove] [32minfo[39m: Privacy Policy exists!
Wed Sep 17 2025 12:3:55 [Podlove] [32minfo[39m: Consumer Policy exists!
Wed Sep 17 2025 12:3:55 [Podlove] [32minfo[39m: Media Policy exists!
Wed Sep 17 2025 12:3:55 [Podlove] [32minfo[39m: Server is running at PORT: 8000, HOST: 10.10.20.11
Wed Sep 17 2025 12:3:55 [Podlove] [32minfo[39m: Socket.IO server initialized
Wed Sep 17 2025 12:4:15 [Podlove] [32minfo[39m: Successfully Connected to MongoDB Atlas
Wed Sep 17 2025 12:4:24 [Podlove] [32minfo[39m: Privacy Policy exists!
Wed Sep 17 2025 12:4:24 [Podlove] [32minfo[39m: Consumer Policy exists!
Wed Sep 17 2025 12:4:25 [Podlove] [32minfo[39m: Media Policy exists!
Wed Sep 17 2025 12:4:25 [Podlove] [32minfo[39m: Server is running at PORT: 8000, HOST: 10.10.20.11
Wed Sep 17 2025 12:4:25 [Podlove] [32minfo[39m: Socket.IO server initialized
Wed Sep 17 2025 12:6:7 [Podlove] [32minfo[39m: Successfully Connected to MongoDB Atlas
Wed Sep 17 2025 12:6:34 [Podlove] [32minfo[39m: Successfully Connected to MongoDB Atlas
Wed Sep 17 2025 12:6:47 [Podlove] [32minfo[39m: Successfully Connected to MongoDB Atlas
Wed Sep 17 2025 12:6:52 [Podlove] [32minfo[39m: Privacy Policy exists!
Wed Sep 17 2025 12:6:52 [Podlove] [32minfo[39m: Consumer Policy exists!
Wed Sep 17 2025 12:6:52 [Podlove] [32minfo[39m: Media Policy exists!
Wed Sep 17 2025 12:6:52 [Podlove] [32minfo[39m: Server is running at PORT: 8000, HOST: 10.10.20.11
Wed Sep 17 2025 12:6:52 [Podlove] [32minfo[39m: Socket.IO server initialized
Wed Sep 17 2025 12:7:14 [Podlove] [32minfo[39m: Successfully Connected to MongoDB Atlas
Wed Sep 17 2025 12:7:18 [Podlove] [32minfo[39m: Privacy Policy exists!
Wed Sep 17 2025 12:7:18 [Podlove] [32minfo[39m: Consumer Policy exists!
Wed Sep 17 2025 12:7:19 [Podlove] [32minfo[39m: Media Policy exists!
Wed Sep 17 2025 12:7:19 [Podlove] [32minfo[39m: Server is running at PORT: 8000, HOST: 10.10.20.11
Wed Sep 17 2025 12:7:19 [Podlove] [32minfo[39m: Socket.IO server initialized
Wed Sep 17 2025 12:10:34 [Podlove] [32minfo[39m: Successfully Connected to MongoDB Atlas
Wed Sep 17 2025 12:10:39 [Podlove] [32minfo[39m: Privacy Policy exists!
Wed Sep 17 2025 12:10:39 [Podlove] [32minfo[39m: Consumer Policy exists!
Wed Sep 17 2025 12:10:39 [Podlove] [32minfo[39m: Media Policy exists!
Wed Sep 17 2025 12:10:39 [Podlove] [32minfo[39m: Server is running at PORT: 8000, HOST: 10.10.20.11
Wed Sep 17 2025 12:10:39 [Podlove] [32minfo[39m: Socket.IO server initialized
Wed Sep 17 2025 12:15:18 [Podlove] [32minfo[39m: Successfully Connected to MongoDB Atlas
Wed Sep 17 2025 12:15:22 [Podlove] [32minfo[39m: Privacy Policy exists!
Wed Sep 17 2025 12:15:38 [Podlove] [32minfo[39m: Successfully Connected to MongoDB Atlas
Wed Sep 17 2025 12:15:42 [Podlove] [32minfo[39m: Privacy Policy exists!
Wed Sep 17 2025 12:15:42 [Podlove] [32minfo[39m: Consumer Policy exists!
Wed Sep 17 2025 12:15:42 [Podlove] [32minfo[39m: Media Policy exists!
Wed Sep 17 2025 12:15:42 [Podlove] [32minfo[39m: Server is running at PORT: 8000, HOST: 10.10.20.11
Wed Sep 17 2025 12:15:42 [Podlove] [32minfo[39m: Socket.IO server initialized
Wed Sep 17 2025 12:16:7 [Podlove] [32minfo[39m: Successfully Connected to MongoDB Atlas
Wed Sep 17 2025 12:16:11 [Podlove] [32minfo[39m: Privacy Policy exists!
Wed Sep 17 2025 12:16:12 [Podlove] [32minfo[39m: Consumer Policy exists!
Wed Sep 17 2025 12:16:12 [Podlove] [32minfo[39m: Media Policy exists!
Wed Sep 17 2025 12:16:12 [Podlove] [32minfo[39m: Server is running at PORT: 8000, HOST: 10.10.20.11
Wed Sep 17 2025 12:16:12 [Podlove] [32minfo[39m: Socket.IO server initialized
