Wed Jul 02 2025 15:19:25 [Podlove] [32minfo[39m: Successfully Connected to MongoDB Atlas
Wed Jul 02 2025 15:19:28 [Podlove] [32minfo[39m: Privacy Policy exists!
Wed Jul 02 2025 15:19:28 [Podlove] [32minfo[39m: Consumer Policy exists!
Wed Jul 02 2025 15:19:29 [Podlove] [32minfo[39m: Media Policy exists!
Wed Jul 02 2025 15:19:29 [Podlove] [32minfo[39m: Server is running at PORT: 5000, HOST: 10.0.60.168
Wed Jul 02 2025 15:22:32 [Podlove] [32minfo[39m: Successfully Connected to MongoDB Atlas
Wed Jul 02 2025 15:22:35 [Podlove] [32minfo[39m: Privacy Policy exists!
Wed Jul 02 2025 15:22:36 [Podlove] [32minfo[39m: Consumer Policy exists!
Wed Jul 02 2025 15:22:36 [Podlove] [32minfo[39m: Media Policy exists!
Wed Jul 02 2025 15:22:36 [Podlove] [32minfo[39m: Server is running at PORT: 5000, HOST: 10.0.60.168
Wed Jul 02 2025 15:26:57 [Podlove] [32minfo[39m: Successfully Connected to MongoDB Atlas
Wed Jul 02 2025 15:27:0 [Podlove] [32minfo[39m: Privacy Policy exists!
Wed Jul 02 2025 15:27:0 [Podlove] [32minfo[39m: Consumer Policy exists!
Wed Jul 02 2025 15:27:0 [Podlove] [32minfo[39m: Media Policy exists!
Wed Jul 02 2025 15:27:0 [Podlove] [32minfo[39m: Server is running at PORT: 5000, HOST: 10.0.60.168
Wed Jul 02 2025 15:42:58 [Podlove] [32minfo[39m: Successfully Connected to MongoDB Atlas
Wed Jul 02 2025 15:43:1 [Podlove] [32minfo[39m: Privacy Policy exists!
Wed Jul 02 2025 15:43:1 [Podlove] [32minfo[39m: Consumer Policy exists!
Wed Jul 02 2025 15:43:2 [Podlove] [32minfo[39m: Media Policy exists!
Wed Jul 02 2025 15:43:2 [Podlove] [32minfo[39m: Server is running at PORT: 5000, HOST: 10.0.60.168
Wed Jul 02 2025 15:45:38 [Podlove] [32minfo[39m: Successfully Connected to MongoDB Atlas
Wed Jul 02 2025 15:45:41 [Podlove] [32minfo[39m: Privacy Policy exists!
Wed Jul 02 2025 15:45:41 [Podlove] [32minfo[39m: Consumer Policy exists!
Wed Jul 02 2025 15:45:41 [Podlove] [32minfo[39m: Media Policy exists!
Wed Jul 02 2025 15:45:41 [Podlove] [32minfo[39m: Server is running at PORT: 5000, HOST: 10.0.60.168
Wed Jul 02 2025 15:49:49 [Podlove] [32minfo[39m: Successfully Connected to MongoDB Atlas
Wed Jul 02 2025 15:49:52 [Podlove] [32minfo[39m: Privacy Policy exists!
Wed Jul 02 2025 15:49:53 [Podlove] [32minfo[39m: Consumer Policy exists!
Wed Jul 02 2025 15:49:54 [Podlove] [32minfo[39m: Media Policy exists!
Wed Jul 02 2025 15:49:54 [Podlove] [32minfo[39m: Server is running at PORT: 5000, HOST: 10.0.60.168
Wed Jul 02 2025 15:51:20 [Podlove] [32minfo[39m: 68600f666d611e9e83e68e1a
Wed Jul 02 2025 15:52:2 [Podlove] [32minfo[39m: Successfully Connected to MongoDB Atlas
Wed Jul 02 2025 15:52:6 [Podlove] [32minfo[39m: Privacy Policy exists!
Wed Jul 02 2025 15:52:6 [Podlove] [32minfo[39m: Consumer Policy exists!
Wed Jul 02 2025 15:52:6 [Podlove] [32minfo[39m: Media Policy exists!
Wed Jul 02 2025 15:52:6 [Podlove] [32minfo[39m: Server is running at PORT: 5000, HOST: 10.0.60.168
