Thu Jul 17 2025 18:16:7 [Podlove] [32minfo[39m: Successfully Connected to MongoDB Atlas
Thu Jul 17 2025 18:16:24 [Podlove] [32minfo[39m: Privacy Policy exists!
Thu Jul 17 2025 18:16:25 [Podlove] [32minfo[39m: Consumer Policy exists!
Thu Jul 17 2025 18:16:25 [Podlove] [32minfo[39m: Media Policy exists!
Thu Jul 17 2025 18:16:28 [Podlove] [32minfo[39m: Server is running at PORT: 8000, HOST: 0.0.0.0
Thu Jul 17 2025 18:16:28 [Podlove] [32minfo[39m: Socket.IO server initialized
Thu Jul 17 2025 18:50:59 [Podlove] [32minfo[39m: Successfully Connected to MongoDB Atlas
Thu Jul 17 2025 18:51:3 [Podlove] [32minfo[39m: Privacy Policy exists!
Thu Jul 17 2025 18:51:3 [Podlove] [32minfo[39m: Consumer Policy exists!
Thu Jul 17 2025 18:51:3 [Podlove] [32minfo[39m: Media Policy exists!
Thu Jul 17 2025 18:51:4 [Podlove] [32minfo[39m: Server is running at PORT: 8000, HOST: 0.0.0.0
Thu Jul 17 2025 18:51:4 [Podlove] [32minfo[39m: Socket.IO server initialized
Thu Jul 17 2025 18:57:0 [Podlove] [31merror[39m: Subscription Plan not found!
NotFoundError: Subscription Plan not found!
    at get (F:\podlove\podlove_backend\src\controllers\subscriptionPlanController.ts:63:49)
    at processTicksAndRejections (node:internal/process/task_queues:95:5)
NotFoundError
Thu Jul 17 2025 18:58:28 [Podlove] [32minfo[39m: Successfully Connected to MongoDB Atlas
Thu Jul 17 2025 18:58:31 [Podlove] [32minfo[39m: Privacy Policy exists!
Thu Jul 17 2025 18:58:31 [Podlove] [32minfo[39m: Consumer Policy exists!
Thu Jul 17 2025 18:58:32 [Podlove] [32minfo[39m: Media Policy exists!
Thu Jul 17 2025 18:58:32 [Podlove] [32minfo[39m: Server is running at PORT: 8000, HOST: 0.0.0.0
Thu Jul 17 2025 18:58:32 [Podlove] [32minfo[39m: Socket.IO server initialized
Thu Jul 17 2025 18:59:36 [Podlove] [32minfo[39m: Successfully Connected to MongoDB Atlas
Thu Jul 17 2025 18:59:44 [Podlove] [32minfo[39m: Privacy Policy exists!
Thu Jul 17 2025 18:59:45 [Podlove] [32minfo[39m: Consumer Policy exists!
Thu Jul 17 2025 18:59:45 [Podlove] [32minfo[39m: Media Policy exists!
Thu Jul 17 2025 18:59:45 [Podlove] [32minfo[39m: Server is running at PORT: 8000, HOST: 0.0.0.0
Thu Jul 17 2025 18:59:45 [Podlove] [32minfo[39m: Socket.IO server initialized
Thu Jul 17 2025 18:59:51 [Podlove] [31merror[39m: Subscription Plan not found!
NotFoundError: Subscription Plan not found!
    at get (F:\podlove\podlove_backend\src\controllers\subscriptionPlanController.ts:63:49)
    at processTicksAndRejections (node:internal/process/task_queues:95:5)
NotFoundError
