Sat Sep 06 2025 18:0:28 [Podlove] [32minfo[39m: Successfully Connected to MongoDB Atlas
Sat Sep 06 2025 18:0:35 [Podlove] [32minfo[39m: Privacy Policy exists!
Sat Sep 06 2025 18:0:40 [Podlove] [32minfo[39m: Consumer Policy exists!
Sat Sep 06 2025 18:0:40 [Podlove] [32minfo[39m: Media Policy exists!
Sat Sep 06 2025 18:0:40 [Podlove] [32minfo[39m: Server is running at PORT: 8000, HOST: 10.10.20.11
Sat Sep 06 2025 18:0:40 [Podlove] [32minfo[39m: Socket.IO server initialized
Sat Sep 06 2025 18:2:18 [Podlove] [32minfo[39m: Successfully Connected to MongoDB Atlas
Sat Sep 06 2025 18:2:24 [Podlove] [32minfo[39m: Privacy Policy exists!
Sat Sep 06 2025 18:2:26 [Podlove] [32minfo[39m: Consumer Policy exists!
Sat Sep 06 2025 18:2:28 [Podlove] [32minfo[39m: Media Policy exists!
Sat Sep 06 2025 18:2:28 [Podlove] [32minfo[39m: Server is running at PORT: 8000, HOST: 10.10.20.11
Sat Sep 06 2025 18:2:28 [Podlove] [32minfo[39m: Socket.IO server initialized
Sat Sep 06 2025 18:7:33 [Podlove] [32minfo[39m: Successfully Connected to MongoDB Atlas
Sat Sep 06 2025 18:7:41 [Podlove] [32minfo[39m: Privacy Policy exists!
Sat Sep 06 2025 18:7:41 [Podlove] [32minfo[39m: Consumer Policy exists!
Sat Sep 06 2025 18:7:42 [Podlove] [32minfo[39m: Media Policy exists!
Sat Sep 06 2025 18:7:42 [Podlove] [32minfo[39m: Server is running at PORT: 8000, HOST: 10.10.20.11
Sat Sep 06 2025 18:7:42 [Podlove] [32minfo[39m: Socket.IO server initialized
Sat Sep 06 2025 18:7:45 [Podlove] [31merror[39m: HMS access key or secret is missing in config
Error: HMS access key or secret is missing in config
    at getMgmToken (/home/tayeur/Desktop/project/podlove_backend/src/utils/getMgmToken.ts:8:15)
    at Object.createStreamingRoom (/home/tayeur/Desktop/project/podlove_backend/src/podcast/podcast.service.ts:28:49)
    at processTicksAndRejections (node:internal/process/task_queues:105:5)
    at async createStreamingRoom (/home/tayeur/Desktop/project/podlove_backend/src/podcast/podcast.controller.ts:9:21)
Error
Sat Sep 06 2025 18:9:21 [Podlove] [32minfo[39m: Successfully Connected to MongoDB Atlas
Sat Sep 06 2025 18:9:26 [Podlove] [32minfo[39m: Privacy Policy exists!
Sat Sep 06 2025 18:9:27 [Podlove] [32minfo[39m: Consumer Policy exists!
Sat Sep 06 2025 18:9:27 [Podlove] [32minfo[39m: Media Policy exists!
Sat Sep 06 2025 18:9:27 [Podlove] [32minfo[39m: Server is running at PORT: 8000, HOST: 10.10.20.11
Sat Sep 06 2025 18:9:27 [Podlove] [32minfo[39m: Socket.IO server initialized
Sat Sep 06 2025 18:10:2 [Podlove] [32minfo[39m: Successfully Connected to MongoDB Atlas
Sat Sep 06 2025 18:10:10 [Podlove] [32minfo[39m: Privacy Policy exists!
Sat Sep 06 2025 18:10:10 [Podlove] [32minfo[39m: Consumer Policy exists!
Sat Sep 06 2025 18:10:10 [Podlove] [32minfo[39m: Media Policy exists!
Sat Sep 06 2025 18:10:10 [Podlove] [32minfo[39m: Server is running at PORT: 8000, HOST: 10.10.20.11
Sat Sep 06 2025 18:10:10 [Podlove] [32minfo[39m: Socket.IO server initialized
Sat Sep 06 2025 18:10:50 [Podlove] [32minfo[39m: Successfully Connected to MongoDB Atlas
Sat Sep 06 2025 18:10:57 [Podlove] [32minfo[39m: Privacy Policy exists!
Sat Sep 06 2025 18:10:58 [Podlove] [32minfo[39m: Consumer Policy exists!
Sat Sep 06 2025 18:10:59 [Podlove] [32minfo[39m: Media Policy exists!
Sat Sep 06 2025 18:10:59 [Podlove] [32minfo[39m: Server is running at PORT: 8000, HOST: 10.10.20.11
Sat Sep 06 2025 18:10:59 [Podlove] [32minfo[39m: Socket.IO server initialized
Sat Sep 06 2025 18:11:3 [Podlove] [31merror[39m: StreamRoom validation failed: host: Path `host` is required.
ValidationError: StreamRoom validation failed: host: Path `host` is required.
    at model.Document.invalidate (/home/tayeur/Desktop/project/podlove_backend/node_modules/mongoose/lib/document.js:3352:32)
    at /home/tayeur/Desktop/project/podlove_backend/node_modules/mongoose/lib/document.js:3113:17
    at /home/tayeur/Desktop/project/podlove_backend/node_modules/mongoose/lib/schemaType.js:1407:9
    at processTicksAndRejections (node:internal/process/task_queues:85:11)
ValidationError
Sat Sep 06 2025 18:12:3 [Podlove] [32minfo[39m: Successfully Connected to MongoDB Atlas
Sat Sep 06 2025 18:12:9 [Podlove] [32minfo[39m: Privacy Policy exists!
Sat Sep 06 2025 18:12:9 [Podlove] [32minfo[39m: Consumer Policy exists!
Sat Sep 06 2025 18:12:10 [Podlove] [32minfo[39m: Media Policy exists!
Sat Sep 06 2025 18:12:10 [Podlove] [32minfo[39m: Server is running at PORT: 8000, HOST: 10.10.20.11
Sat Sep 06 2025 18:12:10 [Podlove] [32minfo[39m: Socket.IO server initialized
Sat Sep 06 2025 18:12:11 [Podlove] [31merror[39m: Cast to ObjectId failed for value "873589436543546" (type string) at path "host" for model "StreamRoom"
CastError: Cast to ObjectId failed for value "873589436543546" (type string) at path "host" for model "StreamRoom"
    at SchemaObjectId.cast (/home/tayeur/Desktop/project/podlove_backend/node_modules/mongoose/lib/schema/objectId.js:251:11)
    at SchemaObjectId.SchemaType.applySetters (/home/tayeur/Desktop/project/podlove_backend/node_modules/mongoose/lib/schemaType.js:1255:12)
    at SchemaObjectId.SchemaType.castForQuery (/home/tayeur/Desktop/project/podlove_backend/node_modules/mongoose/lib/schemaType.js:1673:17)
    at cast (/home/tayeur/Desktop/project/podlove_backend/node_modules/mongoose/lib/cast.js:390:32)
    at model.Query.Query.cast (/home/tayeur/Desktop/project/podlove_backend/node_modules/mongoose/lib/query.js:5055:12)
    at model.Query.Query._castConditions (/home/tayeur/Desktop/project/podlove_backend/node_modules/mongoose/lib/query.js:2351:10)
    at model.Query._findOne (/home/tayeur/Desktop/project/podlove_backend/node_modules/mongoose/lib/query.js:2674:8)
    at model.Query.exec (/home/tayeur/Desktop/project/podlove_backend/node_modules/mongoose/lib/query.js:4604:80)
    at processTicksAndRejections (node:internal/process/task_queues:105:5)
    at async Object.createStreamingRoom (/home/tayeur/Desktop/project/podlove_backend/src/podcast/podcast.service.ts:11:22)
CastError
Sat Sep 06 2025 18:12:30 [Podlove] [32minfo[39m: Successfully Connected to MongoDB Atlas
Sat Sep 06 2025 18:12:36 [Podlove] [32minfo[39m: Privacy Policy exists!
Sat Sep 06 2025 18:12:36 [Podlove] [32minfo[39m: Consumer Policy exists!
Sat Sep 06 2025 18:12:37 [Podlove] [32minfo[39m: Media Policy exists!
Sat Sep 06 2025 18:12:37 [Podlove] [32minfo[39m: Server is running at PORT: 8000, HOST: 10.10.20.11
Sat Sep 06 2025 18:12:37 [Podlove] [32minfo[39m: Socket.IO server initialized
