Sun Jul 27 2025 16:8:27 [Podlove] [32minfo[39m: 6880a9992a4d4f9f7b707c50
Sun Jul 27 2025 16:10:51 [Podlove] [31merror[39m: Wrong password. Please try again
UnauthorizedError: Wrong password. Please try again
    at login (C:\Users\jahid\Music\Jahid Hasan\podlove_backend\src\controllers\authController.ts:77:28)
UnauthorizedError
Sun Jul 27 2025 16:10:54 [Podlove] [31merror[39m: Wrong password. Please try again
UnauthorizedError: Wrong password. Please try again
    at login (C:\Users\jahid\Music\Jahid Hasan\podlove_backend\src\controllers\authController.ts:77:28)
UnauthorizedError
Sun Jul 27 2025 16:11:6 [Podlove] [31merror[39m: Wrong password. Please try again
UnauthorizedError: Wrong password. Please try again
    at login (C:\Users\jahid\Music\Jahid Hasan\podlove_backend\src\controllers\authController.ts:77:28)
UnauthorizedError
Sun Jul 27 2025 16:11:30 [Podlove] [31merror[39m: No account found with the given email
NotFoundError: No account found with the given email
    at recovery (C:\Users\jahid\Music\Jahid Hasan\podlove_backend\src\controllers\authController.ts:111:37)
    at processTicksAndRejections (node:internal/process/task_queues:105:5)
NotFoundError
Sun Jul 27 2025 16:13:4 [Podlove] [32minfo[39m: 6885bc11293c2e0fb82f4d3c
Sun Jul 27 2025 16:13:4 [Podlove] [32minfo[39m: 6885bc11293c2e0fb82f4d3c
Sun Jul 27 2025 16:13:25 [Podlove] [32minfo[39m: 6885bc11293c2e0fb82f4d3c
Sun Jul 27 2025 16:13:33 [Podlove] [32minfo[39m: 6885bc11293c2e0fb82f4d3c
Sun Jul 27 2025 16:13:39 [Podlove] [32minfo[39m: 6885bc11293c2e0fb82f4d3c
Sun Jul 27 2025 16:15:10 [Podlove] [32minfo[39m: Successfully Connected to MongoDB Atlas
Sun Jul 27 2025 16:15:13 [Podlove] [32minfo[39m: Privacy Policy exists!
Sun Jul 27 2025 16:15:13 [Podlove] [32minfo[39m: Consumer Policy exists!
Sun Jul 27 2025 16:15:14 [Podlove] [32minfo[39m: Media Policy exists!
Sun Jul 27 2025 16:15:14 [Podlove] [32minfo[39m: Server is running at PORT: 8000, HOST: 10.10.10.59
Sun Jul 27 2025 16:15:14 [Podlove] [32minfo[39m: Socket.IO server initialized
Sun Jul 27 2025 16:17:59 [Podlove] [32minfo[39m: 6880a9992a4d4f9f7b707c50
Sun Jul 27 2025 16:18:42 [Podlove] [32minfo[39m: Successfully Connected to MongoDB Atlas
Sun Jul 27 2025 16:18:46 [Podlove] [32minfo[39m: Privacy Policy exists!
Sun Jul 27 2025 16:18:46 [Podlove] [32minfo[39m: Consumer Policy exists!
Sun Jul 27 2025 16:18:46 [Podlove] [32minfo[39m: Media Policy exists!
Sun Jul 27 2025 16:18:46 [Podlove] [32minfo[39m: Server is running at PORT: 8000, HOST: 10.10.10.59
Sun Jul 27 2025 16:18:46 [Podlove] [32minfo[39m: Socket.IO server initialized
Sun Jul 27 2025 16:20:13 [Podlove] [32minfo[39m: 6880a9992a4d4f9f7b707c50
Sun Jul 27 2025 16:29:50 [Podlove] [32minfo[39m: Successfully Connected to MongoDB Atlas
Sun Jul 27 2025 16:29:53 [Podlove] [32minfo[39m: Privacy Policy exists!
Sun Jul 27 2025 16:29:53 [Podlove] [32minfo[39m: Consumer Policy exists!
Sun Jul 27 2025 16:29:54 [Podlove] [32minfo[39m: Media Policy exists!
Sun Jul 27 2025 16:29:54 [Podlove] [32minfo[39m: Server is running at PORT: 8000, HOST: 10.10.10.59
Sun Jul 27 2025 16:29:54 [Podlove] [32minfo[39m: Socket.IO server initialized
Sun Jul 27 2025 16:30:8 [Podlove] [32minfo[39m: 6880a9992a4d4f9f7b707c50
Sun Jul 27 2025 16:30:25 [Podlove] [32minfo[39m: 6880a9992a4d4f9f7b707c50
Sun Jul 27 2025 16:31:7 [Podlove] [32minfo[39m: Successfully Connected to MongoDB Atlas
Sun Jul 27 2025 16:31:10 [Podlove] [32minfo[39m: Privacy Policy exists!
Sun Jul 27 2025 16:31:10 [Podlove] [32minfo[39m: Consumer Policy exists!
Sun Jul 27 2025 16:31:11 [Podlove] [32minfo[39m: Media Policy exists!
Sun Jul 27 2025 16:31:11 [Podlove] [32minfo[39m: Server is running at PORT: 8000, HOST: 10.10.10.59
Sun Jul 27 2025 16:31:11 [Podlove] [32minfo[39m: Socket.IO server initialized
Sun Jul 27 2025 16:31:21 [Podlove] [32minfo[39m: 6880a9992a4d4f9f7b707c50
Sun Jul 27 2025 16:31:30 [Podlove] [32minfo[39m: 6880a9992a4d4f9f7b707c50
Sun Jul 27 2025 16:31:47 [Podlove] [32minfo[39m: 6880a9992a4d4f9f7b707c50
Sun Jul 27 2025 16:31:50 [Podlove] [32minfo[39m: 6880a9992a4d4f9f7b707c50
Sun Jul 27 2025 16:32:20 [Podlove] [32minfo[39m: 6880a9992a4d4f9f7b707c50
Sun Jul 27 2025 16:32:23 [Podlove] [32minfo[39m: 6880a9992a4d4f9f7b707c50
Sun Jul 27 2025 16:34:9 [Podlove] [32minfo[39m: 6880a9992a4d4f9f7b707c50
Sun Jul 27 2025 16:39:21 [Podlove] [32minfo[39m: 6884684dabb0d6d93441a044
Sun Jul 27 2025 16:40:7 [Podlove] [32minfo[39m: 6880a9992a4d4f9f7b707c50
Sun Jul 27 2025 16:44:47 [Podlove] [32minfo[39m: 6880a9992a4d4f9f7b707c50
Sun Jul 27 2025 16:45:41 [Podlove] [32minfo[39m: 6884684dabb0d6d93441a044
Sun Jul 27 2025 16:45:48 [Podlove] [32minfo[39m: 6884684dabb0d6d93441a044
Sun Jul 27 2025 16:46:48 [Podlove] [32minfo[39m: 6884684dabb0d6d93441a044
Sun Jul 27 2025 16:46:49 [Podlove] [32minfo[39m: 6884684dabb0d6d93441a044
Sun Jul 27 2025 16:46:58 [Podlove] [32minfo[39m: 6880a9992a4d4f9f7b707c50
Sun Jul 27 2025 16:48:13 [Podlove] [32minfo[39m: 6880a9992a4d4f9f7b707c50
Sun Jul 27 2025 16:49:11 [Podlove] [32minfo[39m: Successfully Connected to MongoDB Atlas
Sun Jul 27 2025 16:49:14 [Podlove] [32minfo[39m: Privacy Policy exists!
Sun Jul 27 2025 16:49:15 [Podlove] [32minfo[39m: Consumer Policy exists!
Sun Jul 27 2025 16:49:15 [Podlove] [32minfo[39m: Media Policy exists!
Sun Jul 27 2025 16:49:15 [Podlove] [32minfo[39m: Server is running at PORT: 8000, HOST: 10.10.10.59
Sun Jul 27 2025 16:49:15 [Podlove] [32minfo[39m: Socket.IO server initialized
Sun Jul 27 2025 16:49:32 [Podlove] [32minfo[39m: Successfully Connected to MongoDB Atlas
Sun Jul 27 2025 16:49:35 [Podlove] [32minfo[39m: Privacy Policy exists!
Sun Jul 27 2025 16:49:36 [Podlove] [32minfo[39m: Consumer Policy exists!
Sun Jul 27 2025 16:49:36 [Podlove] [32minfo[39m: Media Policy exists!
Sun Jul 27 2025 16:49:36 [Podlove] [32minfo[39m: Server is running at PORT: 8000, HOST: 10.10.10.59
Sun Jul 27 2025 16:49:36 [Podlove] [32minfo[39m: Socket.IO server initialized
Sun Jul 27 2025 16:56:46 [Podlove] [32minfo[39m: Successfully Connected to MongoDB Atlas
Sun Jul 27 2025 16:56:49 [Podlove] [32minfo[39m: Privacy Policy exists!
Sun Jul 27 2025 16:56:50 [Podlove] [32minfo[39m: Consumer Policy exists!
Sun Jul 27 2025 16:56:50 [Podlove] [32minfo[39m: Media Policy exists!
Sun Jul 27 2025 16:56:50 [Podlove] [32minfo[39m: Server is running at PORT: 8000, HOST: 10.10.10.59
Sun Jul 27 2025 16:56:50 [Podlove] [32minfo[39m: Socket.IO server initialized
Sun Jul 27 2025 16:57:45 [Podlove] [32minfo[39m: 6880a9992a4d4f9f7b707c50
Sun Jul 27 2025 16:57:47 [Podlove] [32minfo[39m: 6880a9992a4d4f9f7b707c50
