Mon Jul 21 2025 12:2:16 [Podlove] [32minfo[39m: 687dd01b00716e1a7253010e
Mon Jul 21 2025 12:3:50 [Podlove] [32minfo[39m: 687dd01b00716e1a7253010e
Mon Jul 21 2025 12:4:33 [Podlove] [32minfo[39m: 687dd01b00716e1a7253010e
Mon Jul 21 2025 12:4:50 [Podlove] [32minfo[39m: 687dd01b00716e1a7253010e
Mon Jul 21 2025 12:5:41 [Podlove] [32minfo[39m: 687dd01b00716e1a7253010e
Mon Jul 21 2025 12:6:42 [Podlove] [32minfo[39m: Successfully Connected to MongoDB Atlas
Mon Jul 21 2025 12:6:45 [Podlove] [32minfo[39m: Privacy Policy exists!
Mon Jul 21 2025 12:6:45 [Podlove] [32minfo[39m: Consumer Policy exists!
Mon Jul 21 2025 12:6:46 [Podlove] [32minfo[39m: Media Policy exists!
Mon Jul 21 2025 12:6:46 [Podlove] [32minfo[39m: Server is running at PORT: 8001, HOST: 10.10.11.57
Mon Jul 21 2025 12:6:46 [Podlove] [32minfo[39m: Socket.IO server initialized
Mon Jul 21 2025 12:9:0 [Podlove] [32minfo[39m: 687dd01b00716e1a7253010e
Mon Jul 21 2025 12:10:38 [Podlove] [32minfo[39m: 687dd01b00716e1a7253010e
Mon Jul 21 2025 12:11:1 [Podlove] [32minfo[39m: 687dd01b00716e1a7253010e
Mon Jul 21 2025 12:11:53 [Podlove] [32minfo[39m: 687dd01b00716e1a7253010e
Mon Jul 21 2025 12:12:40 [Podlove] [32minfo[39m: 687dd01b00716e1a7253010e
Mon Jul 21 2025 12:13:13 [Podlove] [32minfo[39m: 687dd01b00716e1a7253010e
Mon Jul 21 2025 12:13:25 [Podlove] [32minfo[39m: Successfully Connected to MongoDB Atlas
Mon Jul 21 2025 12:13:29 [Podlove] [32minfo[39m: Privacy Policy exists!
Mon Jul 21 2025 12:13:29 [Podlove] [32minfo[39m: Consumer Policy exists!
Mon Jul 21 2025 12:13:29 [Podlove] [32minfo[39m: Media Policy exists!
Mon Jul 21 2025 12:13:29 [Podlove] [32minfo[39m: Server is running at PORT: 8001, HOST: 10.10.11.57
Mon Jul 21 2025 12:13:29 [Podlove] [32minfo[39m: Socket.IO server initialized
Mon Jul 21 2025 12:15:29 [Podlove] [32minfo[39m: Successfully Connected to MongoDB Atlas
Mon Jul 21 2025 12:15:32 [Podlove] [32minfo[39m: Privacy Policy exists!
Mon Jul 21 2025 12:15:32 [Podlove] [32minfo[39m: Consumer Policy exists!
Mon Jul 21 2025 12:15:33 [Podlove] [32minfo[39m: Media Policy exists!
Mon Jul 21 2025 12:15:33 [Podlove] [32minfo[39m: Server is running at PORT: 8001, HOST: 10.10.11.57
Mon Jul 21 2025 12:15:33 [Podlove] [32minfo[39m: Socket.IO server initialized
Mon Jul 21 2025 12:15:33 [Podlove] [32minfo[39m: 687dd01b00716e1a7253010e
Mon Jul 21 2025 12:16:38 [Podlove] [32minfo[39m: 687dd01b00716e1a7253010e
Mon Jul 21 2025 12:19:21 [Podlove] [32minfo[39m: Successfully Connected to MongoDB Atlas
Mon Jul 21 2025 12:19:24 [Podlove] [32minfo[39m: Privacy Policy exists!
Mon Jul 21 2025 12:19:25 [Podlove] [32minfo[39m: Consumer Policy exists!
Mon Jul 21 2025 12:19:25 [Podlove] [32minfo[39m: Media Policy exists!
Mon Jul 21 2025 12:19:25 [Podlove] [32minfo[39m: Server is running at PORT: 8001, HOST: 10.10.11.57
Mon Jul 21 2025 12:19:25 [Podlove] [32minfo[39m: Socket.IO server initialized
Mon Jul 21 2025 12:19:36 [Podlove] [32minfo[39m: Successfully Connected to MongoDB Atlas
Mon Jul 21 2025 12:19:39 [Podlove] [32minfo[39m: Privacy Policy exists!
Mon Jul 21 2025 12:19:39 [Podlove] [32minfo[39m: Consumer Policy exists!
Mon Jul 21 2025 12:19:40 [Podlove] [32minfo[39m: Media Policy exists!
Mon Jul 21 2025 12:19:40 [Podlove] [32minfo[39m: Server is running at PORT: 8001, HOST: 10.10.11.57
Mon Jul 21 2025 12:19:40 [Podlove] [32minfo[39m: Socket.IO server initialized
Mon Jul 21 2025 12:19:51 [Podlove] [32minfo[39m: Successfully Connected to MongoDB Atlas
Mon Jul 21 2025 12:19:54 [Podlove] [32minfo[39m: Privacy Policy exists!
Mon Jul 21 2025 12:19:55 [Podlove] [32minfo[39m: Consumer Policy exists!
Mon Jul 21 2025 12:19:55 [Podlove] [32minfo[39m: Media Policy exists!
Mon Jul 21 2025 12:19:55 [Podlove] [32minfo[39m: Server is running at PORT: 8001, HOST: 10.10.11.57
Mon Jul 21 2025 12:19:55 [Podlove] [32minfo[39m: Socket.IO server initialized
Mon Jul 21 2025 12:21:0 [Podlove] [32minfo[39m: Successfully Connected to MongoDB Atlas
Mon Jul 21 2025 12:21:3 [Podlove] [32minfo[39m: Privacy Policy exists!
Mon Jul 21 2025 12:21:3 [Podlove] [32minfo[39m: Consumer Policy exists!
Mon Jul 21 2025 12:21:4 [Podlove] [32minfo[39m: Media Policy exists!
Mon Jul 21 2025 12:21:4 [Podlove] [32minfo[39m: Server is running at PORT: 8001, HOST: 10.10.11.57
Mon Jul 21 2025 12:21:4 [Podlove] [32minfo[39m: Socket.IO server initialized
Mon Jul 21 2025 12:26:38 [Podlove] [32minfo[39m: Successfully Connected to MongoDB Atlas
Mon Jul 21 2025 12:26:41 [Podlove] [32minfo[39m: Privacy Policy exists!
Mon Jul 21 2025 12:26:41 [Podlove] [32minfo[39m: Consumer Policy exists!
Mon Jul 21 2025 12:26:42 [Podlove] [32minfo[39m: Media Policy exists!
Mon Jul 21 2025 12:26:42 [Podlove] [32minfo[39m: Server is running at PORT: 8001, HOST: 10.10.11.57
Mon Jul 21 2025 12:26:42 [Podlove] [32minfo[39m: Socket.IO server initialized
Mon Jul 21 2025 12:30:43 [Podlove] [32minfo[39m: Successfully Connected to MongoDB Atlas
Mon Jul 21 2025 12:30:46 [Podlove] [32minfo[39m: Privacy Policy exists!
Mon Jul 21 2025 12:30:47 [Podlove] [32minfo[39m: Consumer Policy exists!
Mon Jul 21 2025 12:30:47 [Podlove] [32minfo[39m: Media Policy exists!
Mon Jul 21 2025 12:31:40 [Podlove] [32minfo[39m: Successfully Connected to MongoDB Atlas
Mon Jul 21 2025 12:31:43 [Podlove] [32minfo[39m: Privacy Policy exists!
Mon Jul 21 2025 12:31:43 [Podlove] [32minfo[39m: Consumer Policy exists!
Mon Jul 21 2025 12:31:43 [Podlove] [32minfo[39m: Media Policy exists!
Mon Jul 21 2025 12:31:43 [Podlove] [32minfo[39m: Server is running at PORT: 8001, HOST: 10.10.11.57
Mon Jul 21 2025 12:31:43 [Podlove] [32minfo[39m: Socket.IO server initialized
Mon Jul 21 2025 12:37:0 [Podlove] [32minfo[39m: 687dd01b00716e1a7253010e
Mon Jul 21 2025 12:37:50 [Podlove] [32minfo[39m: 687dd01b00716e1a7253010e
Mon Jul 21 2025 12:56:31 [Podlove] [32minfo[39m: Successfully Connected to MongoDB Atlas
Mon Jul 21 2025 12:56:35 [Podlove] [32minfo[39m: Privacy Policy exists!
Mon Jul 21 2025 12:56:35 [Podlove] [32minfo[39m: Consumer Policy exists!
Mon Jul 21 2025 12:56:35 [Podlove] [32minfo[39m: Media Policy exists!
