Tue Jan 06 2026 17:12:9 [Podlove] [32minfo[39m: Successfully Connected to MongoDB Atlas
Tue Jan 06 2026 17:12:13 [Podlove] [32minfo[39m: Privacy Policy exists!
Tue Jan 06 2026 17:12:13 [Podlove] [32minfo[39m: Consumer Policy exists!
Tue Jan 06 2026 17:12:14 [Podlove] [32minfo[39m: Media Policy exists!
Tue Jan 06 2026 17:12:14 [Podlove] [32minfo[39m: Server is running at PORT: 8000, HOST: 10.10.20.11
Tue Jan 06 2026 17:12:14 [Podlove] [32minfo[39m: Socket.IO server initialized
Tue Jan 06 2026 17:25:48 [Podlove] [32minfo[39m: Successfully Connected to MongoDB Atlas
Tue Jan 06 2026 17:25:53 [Podlove] [32minfo[39m: Privacy Policy exists!
Tue Jan 06 2026 17:25:53 [Podlove] [32minfo[39m: Consumer Policy exists!
Tue Jan 06 2026 17:25:53 [Podlove] [32minfo[39m: Media Policy exists!
Tue Jan 06 2026 17:25:53 [Podlove] [32minfo[39m: Server is running at PORT: 8000, HOST: 10.10.20.11
Tue Jan 06 2026 17:25:53 [Podlove] [32minfo[39m: Socket.IO server initialized
Tue Jan 06 2026 17:27:2 [Podlove] [32minfo[39m: Successfully Connected to MongoDB Atlas
Tue Jan 06 2026 17:27:6 [Podlove] [32minfo[39m: Privacy Policy exists!
Tue Jan 06 2026 17:27:6 [Podlove] [32minfo[39m: Consumer Policy exists!
Tue Jan 06 2026 17:27:7 [Podlove] [32minfo[39m: Media Policy exists!
Tue Jan 06 2026 17:27:7 [Podlove] [32minfo[39m: Server is running at PORT: 8000, HOST: 10.10.20.11
Tue Jan 06 2026 17:27:7 [Podlove] [32minfo[39m: Socket.IO server initialized
Tue Jan 06 2026 17:27:19 [Podlove] [32minfo[39m: Successfully Connected to MongoDB Atlas
Tue Jan 06 2026 17:27:24 [Podlove] [32minfo[39m: Privacy Policy exists!
Tue Jan 06 2026 17:27:24 [Podlove] [32minfo[39m: Consumer Policy exists!
Tue Jan 06 2026 17:27:24 [Podlove] [32minfo[39m: Media Policy exists!
Tue Jan 06 2026 17:27:24 [Podlove] [32minfo[39m: Server is running at PORT: 8000, HOST: 10.10.20.11
Tue Jan 06 2026 17:27:24 [Podlove] [32minfo[39m: Socket.IO server initialized
Tue Jan 06 2026 17:28:14 [Podlove] [32minfo[39m: Successfully Connected to MongoDB Atlas
Tue Jan 06 2026 17:28:18 [Podlove] [32minfo[39m: Privacy Policy exists!
Tue Jan 06 2026 17:28:19 [Podlove] [32minfo[39m: Consumer Policy exists!
Tue Jan 06 2026 17:28:19 [Podlove] [32minfo[39m: Media Policy exists!
Tue Jan 06 2026 17:28:19 [Podlove] [32minfo[39m: Server is running at PORT: 8000, HOST: 10.10.20.11
Tue Jan 06 2026 17:28:19 [Podlove] [32minfo[39m: Socket.IO server initialized
Tue Jan 06 2026 17:40:3 [Podlove] [32minfo[39m: Successfully Connected to MongoDB Atlas
Tue Jan 06 2026 17:40:7 [Podlove] [32minfo[39m: Privacy Policy exists!
Tue Jan 06 2026 17:40:7 [Podlove] [32minfo[39m: Consumer Policy exists!
Tue Jan 06 2026 17:40:7 [Podlove] [32minfo[39m: Media Policy exists!
Tue Jan 06 2026 17:40:7 [Podlove] [32minfo[39m: Server is running at PORT: 8000, HOST: 10.10.20.11
Tue Jan 06 2026 17:40:7 [Podlove] [32minfo[39m: Socket.IO server initialized
Tue Jan 06 2026 17:42:0 [Podlove] [32minfo[39m: Successfully Connected to MongoDB Atlas
Tue Jan 06 2026 17:42:5 [Podlove] [32minfo[39m: Privacy Policy exists!
Tue Jan 06 2026 17:42:6 [Podlove] [32minfo[39m: Consumer Policy exists!
Tue Jan 06 2026 17:42:6 [Podlove] [32minfo[39m: Media Policy exists!
Tue Jan 06 2026 17:42:6 [Podlove] [32minfo[39m: Server is running at PORT: 8000, HOST: 10.10.20.11
Tue Jan 06 2026 17:42:6 [Podlove] [32minfo[39m: Socket.IO server initialized
Tue Jan 06 2026 17:42:37 [Podlove] [32minfo[39m: Successfully Connected to MongoDB Atlas
Tue Jan 06 2026 17:42:40 [Podlove] [32minfo[39m: Privacy Policy exists!
Tue Jan 06 2026 17:42:41 [Podlove] [32minfo[39m: Consumer Policy exists!
Tue Jan 06 2026 17:42:41 [Podlove] [32minfo[39m: Media Policy exists!
Tue Jan 06 2026 17:42:41 [Podlove] [32minfo[39m: Server is running at PORT: 8000, HOST: 10.10.20.11
Tue Jan 06 2026 17:42:41 [Podlove] [32minfo[39m: Socket.IO server initialized
Tue Jan 06 2026 17:48:52 [Podlove] [32minfo[39m: Successfully Connected to MongoDB Atlas
Tue Jan 06 2026 17:48:56 [Podlove] [32minfo[39m: Privacy Policy exists!
Tue Jan 06 2026 17:48:56 [Podlove] [32minfo[39m: Consumer Policy exists!
Tue Jan 06 2026 17:48:57 [Podlove] [32minfo[39m: Media Policy exists!
Tue Jan 06 2026 17:48:57 [Podlove] [32minfo[39m: Server is running at PORT: 8000, HOST: 10.10.20.11
Tue Jan 06 2026 17:48:57 [Podlove] [32minfo[39m: Socket.IO server initialized
Tue Jan 06 2026 17:49:12 [Podlove] [32minfo[39m: Successfully Connected to MongoDB Atlas
Tue Jan 06 2026 17:49:16 [Podlove] [32minfo[39m: Privacy Policy exists!
Tue Jan 06 2026 17:49:16 [Podlove] [32minfo[39m: Consumer Policy exists!
Tue Jan 06 2026 17:49:16 [Podlove] [32minfo[39m: Media Policy exists!
Tue Jan 06 2026 17:49:16 [Podlove] [32minfo[39m: Server is running at PORT: 8000, HOST: 10.10.20.11
Tue Jan 06 2026 17:49:16 [Podlove] [32minfo[39m: Socket.IO server initialized
Tue Jan 06 2026 17:50:16 [Podlove] [32minfo[39m: Successfully Connected to MongoDB Atlas
Tue Jan 06 2026 17:50:20 [Podlove] [32minfo[39m: Privacy Policy exists!
Tue Jan 06 2026 17:50:20 [Podlove] [32minfo[39m: Consumer Policy exists!
Tue Jan 06 2026 17:50:21 [Podlove] [32minfo[39m: Media Policy exists!
Tue Jan 06 2026 17:50:21 [Podlove] [32minfo[39m: Server is running at PORT: 8000, HOST: 10.10.20.11
Tue Jan 06 2026 17:50:21 [Podlove] [32minfo[39m: Socket.IO server initialized
Tue Jan 06 2026 17:58:5 [Podlove] [32minfo[39m: Successfully Connected to MongoDB Atlas
Tue Jan 06 2026 17:58:19 [Podlove] [32minfo[39m: Successfully Connected to MongoDB Atlas
Tue Jan 06 2026 17:58:23 [Podlove] [32minfo[39m: Privacy Policy exists!
Tue Jan 06 2026 17:58:23 [Podlove] [32minfo[39m: Consumer Policy exists!
Tue Jan 06 2026 17:58:24 [Podlove] [32minfo[39m: Media Policy exists!
Tue Jan 06 2026 17:58:24 [Podlove] [32minfo[39m: Server is running at PORT: 8000, HOST: 10.10.20.11
Tue Jan 06 2026 17:58:24 [Podlove] [32minfo[39m: Socket.IO server initialized
