Sun Jul 27 2025 17:2:39 [Podlove] [32minfo[39m: Successfully Connected to MongoDB Atlas
Sun Jul 27 2025 17:2:42 [Podlove] [32minfo[39m: Privacy Policy exists!
Sun Jul 27 2025 17:2:43 [Podlove] [32minfo[39m: Consumer Policy exists!
Sun Jul 27 2025 17:2:43 [Podlove] [32minfo[39m: Media Policy exists!
Sun Jul 27 2025 17:2:43 [Podlove] [32minfo[39m: Server is running at PORT: 8000, HOST: 10.10.10.59
Sun Jul 27 2025 17:2:43 [Podlove] [32minfo[39m: Socket.IO server initialized
Sun Jul 27 2025 17:3:58 [Podlove] [32minfo[39m: Successfully Connected to MongoDB Atlas
Sun Jul 27 2025 17:4:3 [Podlove] [32minfo[39m: Privacy Policy exists!
Sun Jul 27 2025 17:4:4 [Podlove] [32minfo[39m: Consumer Policy exists!
Sun Jul 27 2025 17:4:4 [Podlove] [32minfo[39m: Media Policy exists!
Sun Jul 27 2025 17:4:4 [Podlove] [32minfo[39m: Server is running at PORT: 8000, HOST: 10.10.10.59
Sun Jul 27 2025 17:4:4 [Podlove] [32minfo[39m: Socket.IO server initialized
Sun Jul 27 2025 17:5:39 [Podlove] [32minfo[39m: 6880a9992a4d4f9f7b707c50
Sun Jul 27 2025 17:5:42 [Podlove] [32minfo[39m: 6880a9992a4d4f9f7b707c50
Sun Jul 27 2025 17:6:8 [Podlove] [32minfo[39m: 6880a9992a4d4f9f7b707c50
Sun Jul 27 2025 17:6:10 [Podlove] [32minfo[39m: 6880a9992a4d4f9f7b707c50
Sun Jul 27 2025 17:6:25 [Podlove] [32minfo[39m: 6880a9992a4d4f9f7b707c50
Sun Jul 27 2025 17:6:50 [Podlove] [32minfo[39m: 6880a9992a4d4f9f7b707c50
Sun Jul 27 2025 17:6:52 [Podlove] [32minfo[39m: 6880a9992a4d4f9f7b707c50
Sun Jul 27 2025 17:12:8 [Podlove] [32minfo[39m: 6880a9992a4d4f9f7b707c50
Sun Jul 27 2025 17:12:9 [Podlove] [32minfo[39m: 6880a9992a4d4f9f7b707c50
Sun Jul 27 2025 17:12:33 [Podlove] [32minfo[39m: 6880a9992a4d4f9f7b707c50
Sun Jul 27 2025 17:12:33 [Podlove] [32minfo[39m: 6880a9992a4d4f9f7b707c50
Sun Jul 27 2025 17:13:31 [Podlove] [32minfo[39m: Successfully Connected to MongoDB Atlas
Sun Jul 27 2025 17:13:34 [Podlove] [32minfo[39m: Privacy Policy exists!
Sun Jul 27 2025 17:13:35 [Podlove] [32minfo[39m: Consumer Policy exists!
Sun Jul 27 2025 17:13:35 [Podlove] [32minfo[39m: Media Policy exists!
Sun Jul 27 2025 17:13:35 [Podlove] [32minfo[39m: Server is running at PORT: 8000, HOST: 10.10.10.59
Sun Jul 27 2025 17:13:35 [Podlove] [32minfo[39m: Socket.IO server initialized
Sun Jul 27 2025 17:15:18 [Podlove] [32minfo[39m: 6880a9992a4d4f9f7b707c50
Sun Jul 27 2025 17:15:19 [Podlove] [32minfo[39m: 6880a9992a4d4f9f7b707c50
Sun Jul 27 2025 17:30:30 [Podlove] [32minfo[39m: 6880a9992a4d4f9f7b707c50
Sun Jul 27 2025 17:30:31 [Podlove] [32minfo[39m: 6880a9992a4d4f9f7b707c50
Sun Jul 27 2025 17:52:26 [Podlove] [32minfo[39m: 6880a9992a4d4f9f7b707c50
Sun Jul 27 2025 17:52:28 [Podlove] [32minfo[39m: 6880a9992a4d4f9f7b707c50
Sun Jul 27 2025 17:52:31 [Podlove] [32minfo[39m: 6880a9992a4d4f9f7b707c50
