Tue Nov 25 2025 11:33:43 [Podlove] [32minfo[39m: Successfully Connected to MongoDB Atlas
Tue Nov 25 2025 11:33:48 [Podlove] [32minfo[39m: Privacy Policy exists!
Tue Nov 25 2025 11:33:48 [Podlove] [32minfo[39m: Consumer Policy exists!
Tue Nov 25 2025 11:33:48 [Podlove] [32minfo[39m: Media Policy exists!
Tue Nov 25 2025 11:33:48 [Podlove] [32minfo[39m: Server is running at PORT: 8000, HOST: 10.10.20.11
Tue Nov 25 2025 11:33:48 [Podlove] [32minfo[39m: Socket.IO server initialized
Tue Nov 25 2025 11:34:36 [Podlove] [32minfo[39m: Successfully Connected to MongoDB Atlas
Tue Nov 25 2025 11:34:41 [Podlove] [32minfo[39m: Privacy Policy exists!
Tue Nov 25 2025 11:34:42 [Podlove] [32minfo[39m: Consumer Policy exists!
Tue Nov 25 2025 11:34:42 [Podlove] [32minfo[39m: Media Policy exists!
Tue Nov 25 2025 11:34:42 [Podlove] [32minfo[39m: Server is running at PORT: 8000, HOST: 10.10.20.11
Tue Nov 25 2025 11:34:42 [Podlove] [32minfo[39m: Socket.IO server initialized
Tue Nov 25 2025 11:43:24 [Podlove] [32minfo[39m: Successfully Connected to MongoDB Atlas
Tue Nov 25 2025 11:43:30 [Podlove] [32minfo[39m: Privacy Policy exists!
Tue Nov 25 2025 11:43:30 [Podlove] [32minfo[39m: Consumer Policy exists!
Tue Nov 25 2025 11:43:30 [Podlove] [32minfo[39m: Media Policy exists!
Tue Nov 25 2025 11:43:30 [Podlove] [32minfo[39m: Server is running at PORT: 8000, HOST: 10.10.20.11
Tue Nov 25 2025 11:43:30 [Podlove] [32minfo[39m: Socket.IO server initialized
Tue Nov 25 2025 11:45:26 [Podlove] [32minfo[39m: Successfully Connected to MongoDB Atlas
Tue Nov 25 2025 11:45:31 [Podlove] [32minfo[39m: Privacy Policy exists!
Tue Nov 25 2025 11:45:31 [Podlove] [32minfo[39m: Consumer Policy exists!
Tue Nov 25 2025 11:45:32 [Podlove] [32minfo[39m: Media Policy exists!
Tue Nov 25 2025 11:45:32 [Podlove] [32minfo[39m: Server is running at PORT: 8000, HOST: 10.10.20.11
Tue Nov 25 2025 11:45:32 [Podlove] [32minfo[39m: Socket.IO server initialized
