Sun Sep 07 2025 13:7:0 [Podlove] [32minfo[39m: Successfully Connected to MongoDB Atlas
Sun Sep 07 2025 13:7:4 [Podlove] [32minfo[39m: Privacy Policy exists!
Sun Sep 07 2025 13:7:4 [Podlove] [32minfo[39m: Consumer Policy exists!
Sun Sep 07 2025 13:7:5 [Podlove] [32minfo[39m: Media Policy exists!
Sun Sep 07 2025 13:7:5 [Podlove] [32minfo[39m: Server is running at PORT: 8000, HOST: 10.10.20.11
Sun Sep 07 2025 13:7:5 [Podlove] [32minfo[39m: Socket.IO server initialized
Sun Sep 07 2025 13:8:2 [Podlove] [32minfo[39m: Successfully Connected to MongoDB Atlas
Sun Sep 07 2025 13:8:6 [Podlove] [32minfo[39m: Privacy Policy exists!
Sun Sep 07 2025 13:8:6 [Podlove] [32minfo[39m: Consumer Policy exists!
Sun Sep 07 2025 13:8:6 [Podlove] [32minfo[39m: Media Policy exists!
Sun Sep 07 2025 13:8:6 [Podlove] [32minfo[39m: Server is running at PORT: 8000, HOST: 10.10.20.11
Sun Sep 07 2025 13:8:6 [Podlove] [32minfo[39m: Socket.IO server initialized
Sun Sep 07 2025 13:8:22 [Podlove] [32minfo[39m: Successfully Connected to MongoDB Atlas
Sun Sep 07 2025 13:8:25 [Podlove] [32minfo[39m: Privacy Policy exists!
Sun Sep 07 2025 13:8:26 [Podlove] [32minfo[39m: Consumer Policy exists!
Sun Sep 07 2025 13:8:26 [Podlove] [32minfo[39m: Media Policy exists!
Sun Sep 07 2025 13:8:26 [Podlove] [32minfo[39m: Server is running at PORT: 8000, HOST: 10.10.20.11
Sun Sep 07 2025 13:8:26 [Podlove] [32minfo[39m: Socket.IO server initialized
Sun Sep 07 2025 13:9:43 [Podlove] [32minfo[39m: Successfully Connected to MongoDB Atlas
Sun Sep 07 2025 13:9:46 [Podlove] [32minfo[39m: Privacy Policy exists!
Sun Sep 07 2025 13:9:47 [Podlove] [32minfo[39m: Consumer Policy exists!
Sun Sep 07 2025 13:10:0 [Podlove] [32minfo[39m: Successfully Connected to MongoDB Atlas
Sun Sep 07 2025 13:10:3 [Podlove] [32minfo[39m: Privacy Policy exists!
Sun Sep 07 2025 13:10:4 [Podlove] [32minfo[39m: Consumer Policy exists!
Sun Sep 07 2025 13:10:4 [Podlove] [32minfo[39m: Media Policy exists!
Sun Sep 07 2025 13:10:4 [Podlove] [32minfo[39m: Server is running at PORT: 8000, HOST: 10.10.20.11
Sun Sep 07 2025 13:10:4 [Podlove] [32minfo[39m: Socket.IO server initialized
Sun Sep 07 2025 13:10:27 [Podlove] [32minfo[39m: Successfully Connected to MongoDB Atlas
Sun Sep 07 2025 13:10:30 [Podlove] [32minfo[39m: Privacy Policy exists!
Sun Sep 07 2025 13:10:30 [Podlove] [32minfo[39m: Consumer Policy exists!
Sun Sep 07 2025 13:10:31 [Podlove] [32minfo[39m: Media Policy exists!
Sun Sep 07 2025 13:10:31 [Podlove] [32minfo[39m: Server is running at PORT: 8000, HOST: 10.10.20.11
Sun Sep 07 2025 13:10:31 [Podlove] [32minfo[39m: Socket.IO server initialized
Sun Sep 07 2025 13:17:26 [Podlove] [32minfo[39m: Successfully Connected to MongoDB Atlas
Sun Sep 07 2025 13:17:29 [Podlove] [32minfo[39m: Privacy Policy exists!
Sun Sep 07 2025 13:17:30 [Podlove] [32minfo[39m: Consumer Policy exists!
Sun Sep 07 2025 13:17:30 [Podlove] [32minfo[39m: Media Policy exists!
Sun Sep 07 2025 13:17:30 [Podlove] [32minfo[39m: Server is running at PORT: 8000, HOST: 10.10.20.11
Sun Sep 07 2025 13:17:30 [Podlove] [32minfo[39m: Socket.IO server initialized
Sun Sep 07 2025 13:17:35 [Podlove] [31merror[39m: Cast to ObjectId failed for value "64fdfc9f2e2b7a4c88d45a2r" (type string) at path "host" for model "StreamRoom"
CastError: Cast to ObjectId failed for value "64fdfc9f2e2b7a4c88d45a2r" (type string) at path "host" for model "StreamRoom"
    at SchemaObjectId.cast (/home/tayeur/Desktop/project/podlove_backend/node_modules/mongoose/lib/schema/objectId.js:251:11)
    at SchemaObjectId.SchemaType.applySetters (/home/tayeur/Desktop/project/podlove_backend/node_modules/mongoose/lib/schemaType.js:1255:12)
    at SchemaObjectId.SchemaType.castForQuery (/home/tayeur/Desktop/project/podlove_backend/node_modules/mongoose/lib/schemaType.js:1673:17)
    at cast (/home/tayeur/Desktop/project/podlove_backend/node_modules/mongoose/lib/cast.js:390:32)
    at model.Query.Query.cast (/home/tayeur/Desktop/project/podlove_backend/node_modules/mongoose/lib/query.js:5055:12)
    at model.Query.Query._castConditions (/home/tayeur/Desktop/project/podlove_backend/node_modules/mongoose/lib/query.js:2351:10)
    at model.Query._findOne (/home/tayeur/Desktop/project/podlove_backend/node_modules/mongoose/lib/query.js:2674:8)
    at model.Query.exec (/home/tayeur/Desktop/project/podlove_backend/node_modules/mongoose/lib/query.js:4604:80)
    at processTicksAndRejections (node:internal/process/task_queues:105:5)
    at async Object.createStreamingRoom (/home/tayeur/Desktop/project/podlove_backend/src/podcast/podcast.service.ts:11:22)
CastError
Sun Sep 07 2025 13:17:46 [Podlove] [32minfo[39m: Successfully Connected to MongoDB Atlas
Sun Sep 07 2025 13:17:49 [Podlove] [32minfo[39m: Privacy Policy exists!
Sun Sep 07 2025 13:17:50 [Podlove] [32minfo[39m: Consumer Policy exists!
Sun Sep 07 2025 13:17:50 [Podlove] [32minfo[39m: Media Policy exists!
Sun Sep 07 2025 13:17:50 [Podlove] [32minfo[39m: Server is running at PORT: 8000, HOST: 10.10.20.11
Sun Sep 07 2025 13:17:50 [Podlove] [32minfo[39m: Socket.IO server initialized
Sun Sep 07 2025 13:18:50 [Podlove] [32minfo[39m: Successfully Connected to MongoDB Atlas
Sun Sep 07 2025 13:18:53 [Podlove] [32minfo[39m: Privacy Policy exists!
Sun Sep 07 2025 13:18:54 [Podlove] [32minfo[39m: Consumer Policy exists!
Sun Sep 07 2025 13:18:54 [Podlove] [32minfo[39m: Media Policy exists!
Sun Sep 07 2025 13:18:54 [Podlove] [32minfo[39m: Server is running at PORT: 8000, HOST: 10.10.20.11
Sun Sep 07 2025 13:18:54 [Podlove] [32minfo[39m: Socket.IO server initialized
Sun Sep 07 2025 13:21:12 [Podlove] [32minfo[39m: Successfully Connected to MongoDB Atlas
Sun Sep 07 2025 13:21:15 [Podlove] [32minfo[39m: Privacy Policy exists!
Sun Sep 07 2025 13:21:16 [Podlove] [32minfo[39m: Consumer Policy exists!
Sun Sep 07 2025 13:21:16 [Podlove] [32minfo[39m: Media Policy exists!
Sun Sep 07 2025 13:21:16 [Podlove] [32minfo[39m: Server is running at PORT: 8000, HOST: 10.10.20.11
Sun Sep 07 2025 13:21:16 [Podlove] [32minfo[39m: Socket.IO server initialized
Sun Sep 07 2025 13:33:12 [Podlove] [32minfo[39m: Successfully Connected to MongoDB Atlas
Sun Sep 07 2025 13:33:15 [Podlove] [32minfo[39m: Privacy Policy exists!
Sun Sep 07 2025 13:33:16 [Podlove] [32minfo[39m: Consumer Policy exists!
Sun Sep 07 2025 13:33:16 [Podlove] [32minfo[39m: Media Policy exists!
Sun Sep 07 2025 13:33:16 [Podlove] [32minfo[39m: Server is running at PORT: 8000, HOST: 10.10.20.11
Sun Sep 07 2025 13:33:16 [Podlove] [32minfo[39m: Socket.IO server initialized
Sun Sep 07 2025 13:33:30 [Podlove] [31merror[39m: You can't able to start another live , because you already created a room for live , please join with that
Error: You can't able to start another live , because you already created a room for live , please join with that
    at Object.createStreamingRoom (/home/tayeur/Desktop/project/podlove_backend/src/podcast/podcast.service.ts:20:15)
    at processTicksAndRejections (node:internal/process/task_queues:105:5)
    at async createStreamingRoom (/home/tayeur/Desktop/project/podlove_backend/src/podcast/podcast.controller.ts:8:21)
Error
