Sun Jan 26 2025 3:4:25 [Podlove] [32minfo[39m: Successfully Connected to MongoDB Atlas
Sun Jan 26 2025 3:4:25 [Podlove] [32minfo[39m: Server is running at PORT: 7000
Sun Jan 26 2025 3:6:24 [Podlove] [32minfo[39m: Successfully Connected to MongoDB Atlas
Sun Jan 26 2025 3:6:24 [Podlove] [32minfo[39m: Server is running at PORT: 7000
Sun Jan 26 2025 3:8:6 [Podlove] [32minfo[39m: Successfully Connected to MongoDB Atlas
Sun Jan 26 2025 3:8:6 [Podlove] [32minfo[39m: Server is running at PORT: 7000
Sun Jan 26 2025 3:8:10 [Podlove] [31merror[39m: Cannot populate path `isBlocked` because it is not in your schema. Set the `strictPopulate` option to false to override.
StrictPopulateError: Cannot populate path `isBlocked` because it is not in your schema. Set the `strictPopulate` option to false to override.
    at getModelsMapForPopulate (/home/mir/dev/projects/podlove_backend/node_modules/.pnpm/mongoose@8.8.4/node_modules/mongoose/lib/helpers/populate/getModelsMapForPopulate.js:50:12)
    at populate (/home/mir/dev/projects/podlove_backend/node_modules/.pnpm/mongoose@8.8.4/node_modules/mongoose/lib/model.js:4323:21)
    at _populate (/home/mir/dev/projects/podlove_backend/node_modules/.pnpm/mongoose@8.8.4/node_modules/mongoose/lib/model.js:4283:5)
    at /home/mir/dev/projects/podlove_backend/node_modules/.pnpm/mongoose@8.8.4/node_modules/mongoose/lib/model.js:4255:5
    at new Promise (<anonymous>)
    at Function.populate (/home/mir/dev/projects/podlove_backend/node_modules/.pnpm/mongoose@8.8.4/node_modules/mongoose/lib/model.js:4254:10)
    at model.Query._find (/home/mir/dev/projects/podlove_backend/node_modules/.pnpm/mongoose@8.8.4/node_modules/mongoose/lib/query.js:2387:24)
    at processTicksAndRejections (node:internal/process/task_queues:105:5)
    at async model.Query.exec (/home/mir/dev/projects/podlove_backend/node_modules/.pnpm/mongoose@8.8.4/node_modules/mongoose/lib/query.js:4458:63)
    at async getAllUsers (/home/mir/dev/projects/podlove_backend/src/services/userServices.ts:21:26)
StrictPopulateError
Sun Jan 26 2025 3:9:39 [Podlove] [32minfo[39m: Successfully Connected to MongoDB Atlas
Sun Jan 26 2025 3:9:39 [Podlove] [32minfo[39m: Server is running at PORT: 7000
Sun Jan 26 2025 3:11:14 [Podlove] [32minfo[39m: Successfully Connected to MongoDB Atlas
Sun Jan 26 2025 3:11:14 [Podlove] [32minfo[39m: Server is running at PORT: 7000
Sun Jan 26 2025 3:12:7 [Podlove] [32minfo[39m: Successfully Connected to MongoDB Atlas
Sun Jan 26 2025 3:12:7 [Podlove] [32minfo[39m: Server is running at PORT: 7000
Sun Jan 26 2025 3:14:27 [Podlove] [32minfo[39m: Successfully Connected to MongoDB Atlas
Sun Jan 26 2025 3:14:27 [Podlove] [32minfo[39m: Server is running at PORT: 7000
Sun Jan 26 2025 3:18:28 [Podlove] [32minfo[39m: Successfully Connected to MongoDB Atlas
Sun Jan 26 2025 3:18:28 [Podlove] [32minfo[39m: Server is running at PORT: 7000
Sun Jan 26 2025 3:19:13 [Podlove] [32minfo[39m: Successfully Connected to MongoDB Atlas
Sun Jan 26 2025 3:19:13 [Podlove] [32minfo[39m: Server is running at PORT: 7000
Sun Jan 26 2025 3:23:33 [Podlove] [32minfo[39m: Successfully Connected to MongoDB Atlas
Sun Jan 26 2025 3:23:33 [Podlove] [32minfo[39m: Server is running at PORT: 7000
Sun Jan 26 2025 3:24:1 [Podlove] [32minfo[39m: Successfully Connected to MongoDB Atlas
Sun Jan 26 2025 3:24:1 [Podlove] [32minfo[39m: Server is running at PORT: 7000
Sun Jan 26 2025 3:27:1 [Podlove] [32minfo[39m: Successfully Connected to MongoDB Atlas
Sun Jan 26 2025 3:27:1 [Podlove] [32minfo[39m: Server is running at PORT: 7000
Sun Jan 26 2025 3:40:37 [Podlove] [32minfo[39m: Successfully Connected to MongoDB Atlas
Sun Jan 26 2025 3:40:37 [Podlove] [32minfo[39m: Server is running at PORT: 7000
Sun Jan 26 2025 3:40:51 [Podlove] [32minfo[39m: Successfully Connected to MongoDB Atlas
Sun Jan 26 2025 3:40:51 [Podlove] [32minfo[39m: Server is running at PORT: 7000
Sun Jan 26 2025 3:41:1 [Podlove] [32minfo[39m: Successfully Connected to MongoDB Atlas
Sun Jan 26 2025 3:41:1 [Podlove] [32minfo[39m: Server is running at PORT: 7000
Sun Jan 26 2025 3:41:26 [Podlove] [32minfo[39m: Successfully Connected to MongoDB Atlas
Sun Jan 26 2025 3:41:26 [Podlove] [32minfo[39m: Server is running at PORT: 7000
Sun Jan 26 2025 3:42:9 [Podlove] [32minfo[39m: Successfully Connected to MongoDB Atlas
Sun Jan 26 2025 3:42:9 [Podlove] [32minfo[39m: Server is running at PORT: 7000
Sun Jan 26 2025 3:42:18 [Podlove] [32minfo[39m: Successfully Connected to MongoDB Atlas
Sun Jan 26 2025 3:42:18 [Podlove] [32minfo[39m: Server is running at PORT: 7000
Sun Jan 26 2025 3:43:25 [Podlove] [32minfo[39m: Successfully Connected to MongoDB Atlas
Sun Jan 26 2025 3:43:25 [Podlove] [32minfo[39m: Server is running at PORT: 7000
Sun Jan 26 2025 3:43:34 [Podlove] [32minfo[39m: Successfully Connected to MongoDB Atlas
Sun Jan 26 2025 3:43:34 [Podlove] [32minfo[39m: Server is running at PORT: 7000
Sun Jan 26 2025 3:46:47 [Podlove] [32minfo[39m: Successfully Connected to MongoDB Atlas
Sun Jan 26 2025 3:46:47 [Podlove] [32minfo[39m: Server is running at PORT: 7000
Sun Jan 26 2025 3:52:8 [Podlove] [32minfo[39m: Successfully Connected to MongoDB Atlas
Sun Jan 26 2025 3:52:9 [Podlove] [32minfo[39m: Server is running at PORT: 7000
Sun Jan 26 2025 3:53:56 [Podlove] [32minfo[39m: Successfully Connected to MongoDB Atlas
Sun Jan 26 2025 3:53:56 [Podlove] [32minfo[39m: Server is running at PORT: 7000
Sun Jan 26 2025 3:54:4 [Podlove] [32minfo[39m: Successfully Connected to MongoDB Atlas
Sun Jan 26 2025 3:54:4 [Podlove] [32minfo[39m: Server is running at PORT: 7000
