Fri Jul 18 2025 15:0:53 [Podlove] [32minfo[39m: Successfully Connected to MongoDB Atlas
Fri Jul 18 2025 15:0:56 [Podlove] [32minfo[39m: Privacy Policy exists!
Fri Jul 18 2025 15:0:57 [Podlove] [32minfo[39m: Consumer Policy exists!
Fri Jul 18 2025 15:0:57 [Podlove] [32minfo[39m: Media Policy exists!
Fri Jul 18 2025 15:0:57 [Podlove] [32minfo[39m: Server is running at PORT: 8000, HOST: 10.0.60.210
Fri Jul 18 2025 15:0:57 [Podlove] [32minfo[39m: Socket.IO server initialized
Fri Jul 18 2025 15:1:6 [Podlove] [31merror[39m: Invalid string: {:"3"=>{:key=>"Exclusive Content", :details=>"Access to curated dating tips, insights, and advice not available to free-tier users."}, :"0"=>{:key=>"More Matches", :details=>"Meet three matches instead of two."}, :"1"=>{:key=>"Extended Chat", :details=>"Access chat with your match for up to one week."}, :"2"=>{:key=>"Second Chance", :details=>"Users can be matched again if their first match doesn't work out, providing another chance at connection."}}
Error: Invalid string: {:"3"=>{:key=>"Exclusive Content", :details=>"Access to curated dating tips, insights, and advice not available to free-tier users."}, :"0"=>{:key=>"More Matches", :details=>"Meet three matches instead of two."}, :"1"=>{:key=>"Extended Chat", :details=>"Access chat with your match for up to one week."}, :"2"=>{:key=>"Second Chance", :details=>"Users can be matched again if their first match doesn't work out, providing another chance at connection."}}
    at generateV1Error (C:\Users\bdcalling\Documents\Jahid Hasan\podlove_backend\node_modules\stripe\cjs\Error.js:11:20)
    at res.toJSON.then.Error_js_1.StripeAPIError.message (C:\Users\bdcalling\Documents\Jahid Hasan\podlove_backend\node_modules\stripe\cjs\RequestSender.js:108:62)
    at processTicksAndRejections (node:internal/process/task_queues:105:5)
Error
Fri Jul 18 2025 15:1:48 [Podlove] [32minfo[39m: Successfully Connected to MongoDB Atlas
Fri Jul 18 2025 15:1:51 [Podlove] [32minfo[39m: Privacy Policy exists!
Fri Jul 18 2025 15:1:51 [Podlove] [32minfo[39m: Consumer Policy exists!
Fri Jul 18 2025 15:1:52 [Podlove] [32minfo[39m: Media Policy exists!
Fri Jul 18 2025 15:1:52 [Podlove] [32minfo[39m: Server is running at PORT: 8000, HOST: 10.0.60.210
Fri Jul 18 2025 15:1:52 [Podlove] [32minfo[39m: Socket.IO server initialized
Fri Jul 18 2025 15:2:35 [Podlove] [32minfo[39m: Successfully Connected to MongoDB Atlas
Fri Jul 18 2025 15:2:38 [Podlove] [32minfo[39m: Privacy Policy exists!
Fri Jul 18 2025 15:2:38 [Podlove] [32minfo[39m: Consumer Policy exists!
Fri Jul 18 2025 15:2:38 [Podlove] [32minfo[39m: Media Policy exists!
Fri Jul 18 2025 15:2:38 [Podlove] [32minfo[39m: Server is running at PORT: 8000, HOST: 10.0.60.210
Fri Jul 18 2025 15:2:38 [Podlove] [32minfo[39m: Socket.IO server initialized
Fri Jul 18 2025 15:2:45 [Podlove] [31merror[39m: Invalid string: {:"3"=>{:key=>"Exclusive Content", :details=>"Access to curated dating tips, insights, and advice not available to free-tier users."}, :"0"=>{:key=>"More Matches", :details=>"Meet three matches instead of two."}, :"1"=>{:key=>"Extended Chat", :details=>"Access chat with your match for up to one week."}, :"2"=>{:key=>"Second Chance", :details=>"Users can be matched again if their first match doesn't work out, providing another chance at connection."}}
Error: Invalid string: {:"3"=>{:key=>"Exclusive Content", :details=>"Access to curated dating tips, insights, and advice not available to free-tier users."}, :"0"=>{:key=>"More Matches", :details=>"Meet three matches instead of two."}, :"1"=>{:key=>"Extended Chat", :details=>"Access chat with your match for up to one week."}, :"2"=>{:key=>"Second Chance", :details=>"Users can be matched again if their first match doesn't work out, providing another chance at connection."}}
    at generateV1Error (C:\Users\bdcalling\Documents\Jahid Hasan\podlove_backend\node_modules\stripe\cjs\Error.js:11:20)
    at res.toJSON.then.Error_js_1.StripeAPIError.message (C:\Users\bdcalling\Documents\Jahid Hasan\podlove_backend\node_modules\stripe\cjs\RequestSender.js:108:62)
    at processTicksAndRejections (node:internal/process/task_queues:105:5)
Error
Fri Jul 18 2025 15:7:25 [Podlove] [32minfo[39m: Successfully Connected to MongoDB Atlas
Fri Jul 18 2025 15:7:29 [Podlove] [32minfo[39m: Privacy Policy exists!
Fri Jul 18 2025 15:7:29 [Podlove] [32minfo[39m: Consumer Policy exists!
Fri Jul 18 2025 15:7:29 [Podlove] [32minfo[39m: Media Policy exists!
Fri Jul 18 2025 15:7:29 [Podlove] [32minfo[39m: Server is running at PORT: 8000, HOST: 10.0.60.210
Fri Jul 18 2025 15:7:29 [Podlove] [32minfo[39m: Socket.IO server initialized
Fri Jul 18 2025 15:7:49 [Podlove] [31merror[39m: Invalid string: {:"0"=>{:key=>"More Matches", :details=>"Meet three matches instead of two."}, :"3"=>{:key=>"Exclusive Content", :details=>"Access to curated dating tips, insights, and advice not available to free-tier users."}, :"1"=>{:key=>"Extended Chat", :details=>"Access chat with your match for up to one week."}, :"2"=>{:key=>"Second Chance", :details=>"Users can be matched again if their first match doesn't work out, providing another chance at connection."}}
Error: Invalid string: {:"0"=>{:key=>"More Matches", :details=>"Meet three matches instead of two."}, :"3"=>{:key=>"Exclusive Content", :details=>"Access to curated dating tips, insights, and advice not available to free-tier users."}, :"1"=>{:key=>"Extended Chat", :details=>"Access chat with your match for up to one week."}, :"2"=>{:key=>"Second Chance", :details=>"Users can be matched again if their first match doesn't work out, providing another chance at connection."}}
    at generateV1Error (C:\Users\bdcalling\Documents\Jahid Hasan\podlove_backend\node_modules\stripe\cjs\Error.js:11:20)
    at res.toJSON.then.Error_js_1.StripeAPIError.message (C:\Users\bdcalling\Documents\Jahid Hasan\podlove_backend\node_modules\stripe\cjs\RequestSender.js:108:62)
    at processTicksAndRejections (node:internal/process/task_queues:105:5)
Error
Fri Jul 18 2025 15:9:24 [Podlove] [31merror[39m: Invalid string: {:"0"=>{:key=>"More Matches", :details=>"Meet three matches instead of two."}, :"3"=>{:key=>"Exclusive Content", :details=>"Access to curated dating tips, insights, and advice not available to free-tier users."}, :"1"=>{:key=>"Extended Chat", :details=>"Access chat with your match for up to one week."}, :"2"=>{:key=>"Second Chance", :details=>"Users can be matched again if their first match doesn't work out, providing another chance at connection."}}
Error: Invalid string: {:"0"=>{:key=>"More Matches", :details=>"Meet three matches instead of two."}, :"3"=>{:key=>"Exclusive Content", :details=>"Access to curated dating tips, insights, and advice not available to free-tier users."}, :"1"=>{:key=>"Extended Chat", :details=>"Access chat with your match for up to one week."}, :"2"=>{:key=>"Second Chance", :details=>"Users can be matched again if their first match doesn't work out, providing another chance at connection."}}
    at generateV1Error (C:\Users\bdcalling\Documents\Jahid Hasan\podlove_backend\node_modules\stripe\cjs\Error.js:11:20)
    at res.toJSON.then.Error_js_1.StripeAPIError.message (C:\Users\bdcalling\Documents\Jahid Hasan\podlove_backend\node_modules\stripe\cjs\RequestSender.js:108:62)
    at processTicksAndRejections (node:internal/process/task_queues:105:5)
Error
Fri Jul 18 2025 15:14:26 [Podlove] [32minfo[39m: Successfully Connected to MongoDB Atlas
Fri Jul 18 2025 15:14:29 [Podlove] [32minfo[39m: Privacy Policy exists!
Fri Jul 18 2025 15:14:30 [Podlove] [32minfo[39m: Consumer Policy exists!
Fri Jul 18 2025 15:14:30 [Podlove] [32minfo[39m: Media Policy exists!
Fri Jul 18 2025 15:14:30 [Podlove] [32minfo[39m: Server is running at PORT: 8000, HOST: 10.0.60.210
Fri Jul 18 2025 15:14:30 [Podlove] [32minfo[39m: Socket.IO server initialized
Fri Jul 18 2025 15:14:51 [Podlove] [32minfo[39m: Successfully Connected to MongoDB Atlas
Fri Jul 18 2025 15:14:55 [Podlove] [32minfo[39m: Privacy Policy exists!
Fri Jul 18 2025 15:14:55 [Podlove] [32minfo[39m: Consumer Policy exists!
Fri Jul 18 2025 15:14:56 [Podlove] [32minfo[39m: Media Policy exists!
Fri Jul 18 2025 15:14:56 [Podlove] [32minfo[39m: Server is running at PORT: 8000, HOST: 10.0.60.210
Fri Jul 18 2025 15:14:56 [Podlove] [32minfo[39m: Socket.IO server initialized
Fri Jul 18 2025 15:15:15 [Podlove] [31merror[39m: Invalid string: {:"3"=>{:key=>"Exclusive Content", :details=>"Access to curated dating tips, insights, and advice not available to free-tier users."}, :"0"=>{:key=>"More Matches", :details=>"Meet three matches instead of two."}, :"1"=>{:key=>"Extended Chat", :details=>"Access chat with your match for up to one week."}, :"2"=>{:key=>"Second Chance", :details=>"Users can be matched again if their first match doesn't work out, providing another chance at connection."}}
Error: Invalid string: {:"3"=>{:key=>"Exclusive Content", :details=>"Access to curated dating tips, insights, and advice not available to free-tier users."}, :"0"=>{:key=>"More Matches", :details=>"Meet three matches instead of two."}, :"1"=>{:key=>"Extended Chat", :details=>"Access chat with your match for up to one week."}, :"2"=>{:key=>"Second Chance", :details=>"Users can be matched again if their first match doesn't work out, providing another chance at connection."}}
    at generateV1Error (C:\Users\bdcalling\Documents\Jahid Hasan\podlove_backend\node_modules\stripe\cjs\Error.js:11:20)
    at res.toJSON.then.Error_js_1.StripeAPIError.message (C:\Users\bdcalling\Documents\Jahid Hasan\podlove_backend\node_modules\stripe\cjs\RequestSender.js:108:62)
    at processTicksAndRejections (node:internal/process/task_queues:105:5)
Error
Fri Jul 18 2025 15:15:18 [Podlove] [31merror[39m: Invalid string: {:"0"=>{:key=>"More Matches", :details=>"Meet three matches instead of two."}, :"3"=>{:key=>"Exclusive Content", :details=>"Access to curated dating tips, insights, and advice not available to free-tier users."}, :"1"=>{:key=>"Extended Chat", :details=>"Access chat with your match for up to one week."}, :"2"=>{:key=>"Second Chance", :details=>"Users can be matched again if their first match doesn't work out, providing another chance at connection."}}
Error: Invalid string: {:"0"=>{:key=>"More Matches", :details=>"Meet three matches instead of two."}, :"3"=>{:key=>"Exclusive Content", :details=>"Access to curated dating tips, insights, and advice not available to free-tier users."}, :"1"=>{:key=>"Extended Chat", :details=>"Access chat with your match for up to one week."}, :"2"=>{:key=>"Second Chance", :details=>"Users can be matched again if their first match doesn't work out, providing another chance at connection."}}
    at generateV1Error (C:\Users\bdcalling\Documents\Jahid Hasan\podlove_backend\node_modules\stripe\cjs\Error.js:11:20)
    at res.toJSON.then.Error_js_1.StripeAPIError.message (C:\Users\bdcalling\Documents\Jahid Hasan\podlove_backend\node_modules\stripe\cjs\RequestSender.js:108:62)
    at processTicksAndRejections (node:internal/process/task_queues:105:5)
Error
Fri Jul 18 2025 15:15:20 [Podlove] [31merror[39m: Invalid string: {:"3"=>{:key=>"Exclusive Content", :details=>"Access to curated dating tips, insights, and advice not available to free-tier users."}, :"0"=>{:key=>"More Matches", :details=>"Meet three matches instead of two."}, :"1"=>{:key=>"Extended Chat", :details=>"Access chat with your match for up to one week."}, :"2"=>{:key=>"Second Chance", :details=>"Users can be matched again if their first match doesn't work out, providing another chance at connection."}}
Error: Invalid string: {:"3"=>{:key=>"Exclusive Content", :details=>"Access to curated dating tips, insights, and advice not available to free-tier users."}, :"0"=>{:key=>"More Matches", :details=>"Meet three matches instead of two."}, :"1"=>{:key=>"Extended Chat", :details=>"Access chat with your match for up to one week."}, :"2"=>{:key=>"Second Chance", :details=>"Users can be matched again if their first match doesn't work out, providing another chance at connection."}}
    at generateV1Error (C:\Users\bdcalling\Documents\Jahid Hasan\podlove_backend\node_modules\stripe\cjs\Error.js:11:20)
    at res.toJSON.then.Error_js_1.StripeAPIError.message (C:\Users\bdcalling\Documents\Jahid Hasan\podlove_backend\node_modules\stripe\cjs\RequestSender.js:108:62)
    at processTicksAndRejections (node:internal/process/task_queues:105:5)
Error
Fri Jul 18 2025 15:15:21 [Podlove] [31merror[39m: Invalid string: {:"0"=>{:key=>"More Matches", :details=>"Meet three matches instead of two."}, :"3"=>{:key=>"Exclusive Content", :details=>"Access to curated dating tips, insights, and advice not available to free-tier users."}, :"1"=>{:key=>"Extended Chat", :details=>"Access chat with your match for up to one week."}, :"2"=>{:key=>"Second Chance", :details=>"Users can be matched again if their first match doesn't work out, providing another chance at connection."}}
Error: Invalid string: {:"0"=>{:key=>"More Matches", :details=>"Meet three matches instead of two."}, :"3"=>{:key=>"Exclusive Content", :details=>"Access to curated dating tips, insights, and advice not available to free-tier users."}, :"1"=>{:key=>"Extended Chat", :details=>"Access chat with your match for up to one week."}, :"2"=>{:key=>"Second Chance", :details=>"Users can be matched again if their first match doesn't work out, providing another chance at connection."}}
    at generateV1Error (C:\Users\bdcalling\Documents\Jahid Hasan\podlove_backend\node_modules\stripe\cjs\Error.js:11:20)
    at res.toJSON.then.Error_js_1.StripeAPIError.message (C:\Users\bdcalling\Documents\Jahid Hasan\podlove_backend\node_modules\stripe\cjs\RequestSender.js:108:62)
    at processTicksAndRejections (node:internal/process/task_queues:105:5)
Error
Fri Jul 18 2025 15:20:53 [Podlove] [32minfo[39m: Successfully Connected to MongoDB Atlas
Fri Jul 18 2025 15:20:56 [Podlove] [32minfo[39m: Privacy Policy exists!
Fri Jul 18 2025 15:20:57 [Podlove] [32minfo[39m: Consumer Policy exists!
Fri Jul 18 2025 15:20:57 [Podlove] [32minfo[39m: Media Policy exists!
Fri Jul 18 2025 15:20:57 [Podlove] [32minfo[39m: Server is running at PORT: 8000, HOST: 10.0.60.210
Fri Jul 18 2025 15:20:57 [Podlove] [32minfo[39m: Socket.IO server initialized
Fri Jul 18 2025 15:21:2 [Podlove] [31merror[39m: Invalid string: {:"0"=>{:key=>"More Matches", :details=>"Meet three matches instead of two."}, :"3"=>{:key=>"Exclusive Content", :details=>"Access to curated dating tips, insights, and advice not available to free-tier users."}, :"1"=>{:key=>"Extended Chat", :details=>"Access chat with your match for up to one week."}, :"2"=>{:key=>"Second Chance", :details=>"Users can be matched again if their first match doesn't work out, providing another chance at connection."}}
Error: Invalid string: {:"0"=>{:key=>"More Matches", :details=>"Meet three matches instead of two."}, :"3"=>{:key=>"Exclusive Content", :details=>"Access to curated dating tips, insights, and advice not available to free-tier users."}, :"1"=>{:key=>"Extended Chat", :details=>"Access chat with your match for up to one week."}, :"2"=>{:key=>"Second Chance", :details=>"Users can be matched again if their first match doesn't work out, providing another chance at connection."}}
    at generateV1Error (C:\Users\bdcalling\Documents\Jahid Hasan\podlove_backend\node_modules\stripe\cjs\Error.js:11:20)
    at res.toJSON.then.Error_js_1.StripeAPIError.message (C:\Users\bdcalling\Documents\Jahid Hasan\podlove_backend\node_modules\stripe\cjs\RequestSender.js:108:62)
    at processTicksAndRejections (node:internal/process/task_queues:105:5)
Error
Fri Jul 18 2025 15:21:55 [Podlove] [31merror[39m: Invalid string: {:"0"=>{:key=>"More Matches", :details=>"Meet three matches instead of two."}, :"3"=>{:key=>"Exclusive Content", :details=>"Access to curated dating tips, insights, and advice not available to free-tier users."}, :"1"=>{:key=>"Extended Chat", :details=>"Access chat with your match for up to one week."}, :"2"=>{:key=>"Second Chance", :details=>"Users can be matched again if their first match doesn't work out, providing another chance at connection."}}
Error: Invalid string: {:"0"=>{:key=>"More Matches", :details=>"Meet three matches instead of two."}, :"3"=>{:key=>"Exclusive Content", :details=>"Access to curated dating tips, insights, and advice not available to free-tier users."}, :"1"=>{:key=>"Extended Chat", :details=>"Access chat with your match for up to one week."}, :"2"=>{:key=>"Second Chance", :details=>"Users can be matched again if their first match doesn't work out, providing another chance at connection."}}
    at generateV1Error (C:\Users\bdcalling\Documents\Jahid Hasan\podlove_backend\node_modules\stripe\cjs\Error.js:11:20)
    at res.toJSON.then.Error_js_1.StripeAPIError.message (C:\Users\bdcalling\Documents\Jahid Hasan\podlove_backend\node_modules\stripe\cjs\RequestSender.js:108:62)
    at processTicksAndRejections (node:internal/process/task_queues:105:5)
Error
Fri Jul 18 2025 15:22:21 [Podlove] [31merror[39m: Invalid string: {:"0"=>{:key=>"More Matches", :details=>"Meet three matches instead of two."}, :"3"=>{:key=>"Exclusive Content", :details=>"Access to curated dating tips…"}, :"1"=>{:key=>"Extended Chat", :details=>"Access chat for up to one week."}, :"2"=>{:key=>"Second Chance", :details=>"Users can be matched again if their first match doesn't work out…"}}
Error: Invalid string: {:"0"=>{:key=>"More Matches", :details=>"Meet three matches instead of two."}, :"3"=>{:key=>"Exclusive Content", :details=>"Access to curated dating tips…"}, :"1"=>{:key=>"Extended Chat", :details=>"Access chat for up to one week."}, :"2"=>{:key=>"Second Chance", :details=>"Users can be matched again if their first match doesn't work out…"}}
    at generateV1Error (C:\Users\bdcalling\Documents\Jahid Hasan\podlove_backend\node_modules\stripe\cjs\Error.js:11:20)
    at res.toJSON.then.Error_js_1.StripeAPIError.message (C:\Users\bdcalling\Documents\Jahid Hasan\podlove_backend\node_modules\stripe\cjs\RequestSender.js:108:62)
    at processTicksAndRejections (node:internal/process/task_queues:105:5)
Error
Fri Jul 18 2025 15:23:53 [Podlove] [32minfo[39m: Successfully Connected to MongoDB Atlas
Fri Jul 18 2025 15:23:56 [Podlove] [32minfo[39m: Privacy Policy exists!
Fri Jul 18 2025 15:23:56 [Podlove] [32minfo[39m: Consumer Policy exists!
Fri Jul 18 2025 15:23:57 [Podlove] [32minfo[39m: Media Policy exists!
Fri Jul 18 2025 15:23:57 [Podlove] [32minfo[39m: Server is running at PORT: 8000, HOST: 10.0.60.210
Fri Jul 18 2025 15:23:57 [Podlove] [32minfo[39m: Socket.IO server initialized
Fri Jul 18 2025 15:24:12 [Podlove] [31merror[39m: Invalid string: {:"3"=>{:key=>"Exclusive Content", :details=>"Access to curated dating tips…"}, :"0"=>{:key=>"More Matches", :details=>"Meet three matches instead of two."}, :"1"=>{:key=>"Extended Chat", :details=>"Access chat for up to one week."}, :"2"=>{:key=>"Second Chance", :details=>"Users can be matched again if their first match doesn't work out…"}}
Error: Invalid string: {:"3"=>{:key=>"Exclusive Content", :details=>"Access to curated dating tips…"}, :"0"=>{:key=>"More Matches", :details=>"Meet three matches instead of two."}, :"1"=>{:key=>"Extended Chat", :details=>"Access chat for up to one week."}, :"2"=>{:key=>"Second Chance", :details=>"Users can be matched again if their first match doesn't work out…"}}
    at generateV1Error (C:\Users\bdcalling\Documents\Jahid Hasan\podlove_backend\node_modules\stripe\cjs\Error.js:11:20)
    at res.toJSON.then.Error_js_1.StripeAPIError.message (C:\Users\bdcalling\Documents\Jahid Hasan\podlove_backend\node_modules\stripe\cjs\RequestSender.js:108:62)
    at processTicksAndRejections (node:internal/process/task_queues:105:5)
Error
Fri Jul 18 2025 15:27:36 [Podlove] [31merror[39m: Invalid string: {:"3"=>{:key=>"Exclusive Content", :details=>"Access to curated dating tips…"}, :"0"=>{:key=>"More Matches", :details=>"Meet three matches instead of two."}, :"1"=>{:key=>"Extended Chat", :details=>"Access chat for up to one week."}, :"2"=>{:key=>"Second Chance", :details=>"Users can be matched again if their first match doesn't work out…"}}
Error: Invalid string: {:"3"=>{:key=>"Exclusive Content", :details=>"Access to curated dating tips…"}, :"0"=>{:key=>"More Matches", :details=>"Meet three matches instead of two."}, :"1"=>{:key=>"Extended Chat", :details=>"Access chat for up to one week."}, :"2"=>{:key=>"Second Chance", :details=>"Users can be matched again if their first match doesn't work out…"}}
    at generateV1Error (C:\Users\bdcalling\Documents\Jahid Hasan\podlove_backend\node_modules\stripe\cjs\Error.js:11:20)
    at res.toJSON.then.Error_js_1.StripeAPIError.message (C:\Users\bdcalling\Documents\Jahid Hasan\podlove_backend\node_modules\stripe\cjs\RequestSender.js:108:62)
    at processTicksAndRejections (node:internal/process/task_queues:105:5)
Error
Fri Jul 18 2025 15:32:50 [Podlove] [31merror[39m: Invalid string: {:"0"=>{:key=>"More Matches", :details=>"Meet three matches instead of two."}, :"3"=>{:key=>"Exclusive Content", :details=>"Access to curated dating tips…"}, :"1"=>{:key=>"Extended Chat", :details=>"Access chat for up to one week."}, :"2"=>{:key=>"Second Chance", :details=>"Users can be matched again if their first match doesn't work out…"}}
Error: Invalid string: {:"0"=>{:key=>"More Matches", :details=>"Meet three matches instead of two."}, :"3"=>{:key=>"Exclusive Content", :details=>"Access to curated dating tips…"}, :"1"=>{:key=>"Extended Chat", :details=>"Access chat for up to one week."}, :"2"=>{:key=>"Second Chance", :details=>"Users can be matched again if their first match doesn't work out…"}}
    at generateV1Error (C:\Users\bdcalling\Documents\Jahid Hasan\podlove_backend\node_modules\stripe\cjs\Error.js:11:20)
    at res.toJSON.then.Error_js_1.StripeAPIError.message (C:\Users\bdcalling\Documents\Jahid Hasan\podlove_backend\node_modules\stripe\cjs\RequestSender.js:108:62)
    at processTicksAndRejections (node:internal/process/task_queues:105:5)
Error
Fri Jul 18 2025 15:33:37 [Podlove] [32minfo[39m: Successfully Connected to MongoDB Atlas
Fri Jul 18 2025 15:33:41 [Podlove] [32minfo[39m: Privacy Policy exists!
Fri Jul 18 2025 15:33:41 [Podlove] [32minfo[39m: Consumer Policy exists!
Fri Jul 18 2025 15:33:41 [Podlove] [32minfo[39m: Media Policy exists!
Fri Jul 18 2025 15:33:41 [Podlove] [32minfo[39m: Server is running at PORT: 8000, HOST: 10.0.60.210
Fri Jul 18 2025 15:33:41 [Podlove] [32minfo[39m: Socket.IO server initialized
Fri Jul 18 2025 15:36:1 [Podlove] [32minfo[39m: Successfully Connected to MongoDB Atlas
Fri Jul 18 2025 15:36:4 [Podlove] [32minfo[39m: Privacy Policy exists!
Fri Jul 18 2025 15:36:4 [Podlove] [32minfo[39m: Consumer Policy exists!
Fri Jul 18 2025 15:36:4 [Podlove] [32minfo[39m: Media Policy exists!
Fri Jul 18 2025 15:36:4 [Podlove] [32minfo[39m: Server is running at PORT: 8000, HOST: 10.0.60.210
Fri Jul 18 2025 15:36:4 [Podlove] [32minfo[39m: Socket.IO server initialized
Fri Jul 18 2025 15:37:34 [Podlove] [31merror[39m: Invalid string: {:"3"=>{:key=>"Exclusive Content", :details=>"Access to curated dating tips…"}, :"0"=>{:key=>"More Matches", :details=>"Meet three matches instead of two."}, :"1"=>{:key=>"Extended Chat", :details=>"Access chat for up to one week."}, :"2"=>{:key=>"Second Chance", :details=>"Users can be matched again if their first match doesn't work out…"}}
Error: Invalid string: {:"3"=>{:key=>"Exclusive Content", :details=>"Access to curated dating tips…"}, :"0"=>{:key=>"More Matches", :details=>"Meet three matches instead of two."}, :"1"=>{:key=>"Extended Chat", :details=>"Access chat for up to one week."}, :"2"=>{:key=>"Second Chance", :details=>"Users can be matched again if their first match doesn't work out…"}}
    at generateV1Error (C:\Users\bdcalling\Documents\Jahid Hasan\podlove_backend\node_modules\stripe\cjs\Error.js:11:20)
    at res.toJSON.then.Error_js_1.StripeAPIError.message (C:\Users\bdcalling\Documents\Jahid Hasan\podlove_backend\node_modules\stripe\cjs\RequestSender.js:108:62)
    at processTicksAndRejections (node:internal/process/task_queues:105:5)
Error
Fri Jul 18 2025 15:42:11 [Podlove] [32minfo[39m: Successfully Connected to MongoDB Atlas
Fri Jul 18 2025 15:42:14 [Podlove] [32minfo[39m: Privacy Policy exists!
Fri Jul 18 2025 15:42:15 [Podlove] [32minfo[39m: Consumer Policy exists!
Fri Jul 18 2025 15:42:15 [Podlove] [32minfo[39m: Media Policy exists!
Fri Jul 18 2025 15:42:15 [Podlove] [32minfo[39m: Server is running at PORT: 8000, HOST: 10.0.60.210
Fri Jul 18 2025 15:42:15 [Podlove] [32minfo[39m: Socket.IO server initialized
Fri Jul 18 2025 15:44:4 [Podlove] [32minfo[39m: Successfully Connected to MongoDB Atlas
Fri Jul 18 2025 15:44:8 [Podlove] [32minfo[39m: Privacy Policy exists!
Fri Jul 18 2025 15:44:8 [Podlove] [32minfo[39m: Consumer Policy exists!
Fri Jul 18 2025 15:44:8 [Podlove] [32minfo[39m: Media Policy exists!
Fri Jul 18 2025 15:44:8 [Podlove] [32minfo[39m: Server is running at PORT: 8000, HOST: 10.0.60.210
Fri Jul 18 2025 15:44:8 [Podlove] [32minfo[39m: Socket.IO server initialized
Fri Jul 18 2025 15:44:37 [Podlove] [31merror[39m: Plan not found!
NotFoundError: Plan not found!
    at get (C:\Users\bdcalling\Documents\Jahid Hasan\podlove_backend\src\controllers\subscriptionPlanController.ts:83:28)
    at processTicksAndRejections (node:internal/process/task_queues:105:5)
NotFoundError
Fri Jul 18 2025 15:48:51 [Podlove] [32minfo[39m: Successfully Connected to MongoDB Atlas
Fri Jul 18 2025 15:48:55 [Podlove] [32minfo[39m: Privacy Policy exists!
Fri Jul 18 2025 15:48:55 [Podlove] [32minfo[39m: Consumer Policy exists!
Fri Jul 18 2025 15:48:55 [Podlove] [32minfo[39m: Media Policy exists!
Fri Jul 18 2025 15:48:55 [Podlove] [32minfo[39m: Server is running at PORT: 8000, HOST: 10.0.60.210
Fri Jul 18 2025 15:48:55 [Podlove] [32minfo[39m: Socket.IO server initialized
Fri Jul 18 2025 15:49:47 [Podlove] [32minfo[39m: Successfully Connected to MongoDB Atlas
Fri Jul 18 2025 15:49:50 [Podlove] [32minfo[39m: Privacy Policy exists!
Fri Jul 18 2025 15:49:50 [Podlove] [32minfo[39m: Consumer Policy exists!
Fri Jul 18 2025 15:49:50 [Podlove] [32minfo[39m: Media Policy exists!
Fri Jul 18 2025 15:49:50 [Podlove] [32minfo[39m: Server is running at PORT: 8000, HOST: 10.0.60.210
Fri Jul 18 2025 15:49:50 [Podlove] [32minfo[39m: Socket.IO server initialized
Fri Jul 18 2025 15:55:30 [Podlove] [32minfo[39m: 685bf24e49787bb2bfa51b3a
