Sat Jul 12 2025 14:3:35 [Podlove] [32minfo[39m: 6871f792960e1939aa126ec3
Sat Jul 12 2025 14:3:36 [Podlove] [31merror[39m: Parameter "obj" to Document() must be an object, got "6871f793960e1939aa126ec5" (type string)
ObjectParameterError: Parameter "obj" to Document() must be an object, got "6871f793960e1939aa126ec5" (type string)
    at EmbeddedDocument.Document (C:\Users\Bd Calling\podlove_backend\node_modules\mongoose\lib\document.js:123:11)
    at EmbeddedDocument.Subdocument (C:\Users\Bd Calling\podlove_backend\node_modules\mongoose\lib\types\subdocument.js:34:12)
    at EmbeddedDocument.ArraySubdocument [as constructor] (C:\Users\Bd Calling\podlove_backend\node_modules\mongoose\lib\types\arraySubdocument.js:44:15)
    at new EmbeddedDocument (C:\Users\Bd Calling\podlove_backend\node_modules\mongoose\lib\schema\documentArray.js:131:17)
    at SchemaDocumentArray.SchemaArray._castForQuery (C:\Users\Bd Calling\podlove_backend\node_modules\mongoose\lib\schema\array.js:561:11)
    at SchemaDocumentArray.SchemaArray.castForQuery (C:\Users\Bd Calling\podlove_backend\node_modules\mongoose\lib\schema\array.js:587:17)
    at cast (C:\Users\Bd Calling\podlove_backend\node_modules\mongoose\lib\cast.js:390:32)
    at cast (C:\Users\Bd Calling\podlove_backend\node_modules\mongoose\lib\cast.js:76:20)
    at model.Query.Query.cast (C:\Users\Bd Calling\podlove_backend\node_modules\mongoose\lib\query.js:5055:12)
    at model.Query.Query._castConditions (C:\Users\Bd Calling\podlove_backend\node_modules\mongoose\lib\query.js:2351:10)
ObjectParameterError
Sat Jul 12 2025 14:8:11 [Podlove] [32minfo[39m: 687217cf282e0b3cdea4802d
Sat Jul 12 2025 14:8:31 [Podlove] [32minfo[39m: 687217cf282e0b3cdea4802d
Sat Jul 12 2025 14:8:46 [Podlove] [32minfo[39m: 687217cf282e0b3cdea4802d
Sat Jul 12 2025 14:9:3 [Podlove] [32minfo[39m: 687217cf282e0b3cdea4802d
Sat Jul 12 2025 14:9:32 [Podlove] [32minfo[39m: 687217cf282e0b3cdea4802d
Sat Jul 12 2025 14:9:42 [Podlove] [32minfo[39m: 687217cf282e0b3cdea4802d
Sat Jul 12 2025 14:9:47 [Podlove] [32minfo[39m: 687217cf282e0b3cdea4802d
Sat Jul 12 2025 14:9:53 [Podlove] [32minfo[39m: 687217cf282e0b3cdea4802d
Sat Jul 12 2025 14:10:9 [Podlove] [32minfo[39m: 687217cf282e0b3cdea4802d
Sat Jul 12 2025 14:10:9 [Podlove] [32minfo[39m: 687217cf282e0b3cdea4802d
Sat Jul 12 2025 14:10:10 [Podlove] [31merror[39m: Caused by :: Write conflict during plan execution and yielding is disabled. :: Please retry your operation or multi-document transaction.
MongoServerError: Caused by :: Write conflict during plan execution and yielding is disabled. :: Please retry your operation or multi-document transaction.
    at Connection.sendCommand (C:\Users\Bd Calling\podlove_backend\node_modules\mongodb\src\cmap\connection.ts:559:17)
    at processTicksAndRejections (node:internal/process/task_queues:105:5)
    at async Connection.command (C:\Users\Bd Calling\podlove_backend\node_modules\mongodb\src\cmap\connection.ts:633:22)
    at async Server.command (C:\Users\Bd Calling\podlove_backend\node_modules\mongodb\src\sdam\server.ts:342:21)
    at async FindOneAndUpdateOperation.executeCommand (C:\Users\Bd Calling\podlove_backend\node_modules\mongodb\src\operations\command.ts:179:12)
    at async FindOneAndUpdateOperation.execute (C:\Users\Bd Calling\podlove_backend\node_modules\mongodb\src\operations\find_and_modify.ts:216:20)
    at async tryOperation (C:\Users\Bd Calling\podlove_backend\node_modules\mongodb\src\operations\execute_operation.ts:283:14)
    at async executeOperation (C:\Users\Bd Calling\podlove_backend\node_modules\mongodb\src\operations\execute_operation.ts:115:12)
    at async Collection.findOneAndUpdate (C:\Users\Bd Calling\podlove_backend\node_modules\mongodb\src\collection.ts:1006:12)
    at async model.Query._findOneAndUpdate (C:\Users\Bd Calling\podlove_backend\node_modules\mongoose\lib\query.js:3513:13)
MongoServerError
Sat Jul 12 2025 14:10:26 [Podlove] [32minfo[39m: 687217cf282e0b3cdea4802d
Sat Jul 12 2025 14:11:20 [Podlove] [32minfo[39m: 687217cf282e0b3cdea4802d
Sat Jul 12 2025 14:11:36 [Podlove] [32minfo[39m: 687217cf282e0b3cdea4802d
Sat Jul 12 2025 14:12:59 [Podlove] [32minfo[39m: 687217cf282e0b3cdea4802d
Sat Jul 12 2025 14:13:5 [Podlove] [32minfo[39m: 687217cf282e0b3cdea4802d
Sat Jul 12 2025 14:13:14 [Podlove] [32minfo[39m: 687217cf282e0b3cdea4802d
Sat Jul 12 2025 14:13:20 [Podlove] [32minfo[39m: 687217cf282e0b3cdea4802d
Sat Jul 12 2025 14:13:36 [Podlove] [32minfo[39m: 687217cf282e0b3cdea4802d
Sat Jul 12 2025 14:13:53 [Podlove] [32minfo[39m: 687217cf282e0b3cdea4802d
Sat Jul 12 2025 14:13:54 [Podlove] [31merror[39m: Parameter "obj" to Document() must be an object, got "687217cf282e0b3cdea4802f" (type string)
ObjectParameterError: Parameter "obj" to Document() must be an object, got "687217cf282e0b3cdea4802f" (type string)
    at EmbeddedDocument.Document (C:\Users\Bd Calling\podlove_backend\node_modules\mongoose\lib\document.js:123:11)
    at EmbeddedDocument.Subdocument (C:\Users\Bd Calling\podlove_backend\node_modules\mongoose\lib\types\subdocument.js:34:12)
    at EmbeddedDocument.ArraySubdocument [as constructor] (C:\Users\Bd Calling\podlove_backend\node_modules\mongoose\lib\types\arraySubdocument.js:44:15)
    at new EmbeddedDocument (C:\Users\Bd Calling\podlove_backend\node_modules\mongoose\lib\schema\documentArray.js:131:17)
    at SchemaDocumentArray.SchemaArray._castForQuery (C:\Users\Bd Calling\podlove_backend\node_modules\mongoose\lib\schema\array.js:561:11)
    at SchemaDocumentArray.SchemaArray.castForQuery (C:\Users\Bd Calling\podlove_backend\node_modules\mongoose\lib\schema\array.js:587:17)
    at cast (C:\Users\Bd Calling\podlove_backend\node_modules\mongoose\lib\cast.js:390:32)
    at cast (C:\Users\Bd Calling\podlove_backend\node_modules\mongoose\lib\cast.js:76:20)
    at model.Query.Query.cast (C:\Users\Bd Calling\podlove_backend\node_modules\mongoose\lib\query.js:5055:12)
    at model.Query.Query._castConditions (C:\Users\Bd Calling\podlove_backend\node_modules\mongoose\lib\query.js:2351:10)
ObjectParameterError
Sat Jul 12 2025 14:15:8 [Podlove] [32minfo[39m: 687217cf282e0b3cdea4802d
Sat Jul 12 2025 14:15:13 [Podlove] [32minfo[39m: 687217cf282e0b3cdea4802d
Sat Jul 12 2025 14:16:9 [Podlove] [32minfo[39m: 687217cf282e0b3cdea4802d
Sat Jul 12 2025 14:16:28 [Podlove] [32minfo[39m: 687217cf282e0b3cdea4802d
Sat Jul 12 2025 14:16:29 [Podlove] [31merror[39m: Parameter "obj" to Document() must be an object, got "687217cf282e0b3cdea4802f" (type string)
ObjectParameterError: Parameter "obj" to Document() must be an object, got "687217cf282e0b3cdea4802f" (type string)
    at EmbeddedDocument.Document (C:\Users\Bd Calling\podlove_backend\node_modules\mongoose\lib\document.js:123:11)
    at EmbeddedDocument.Subdocument (C:\Users\Bd Calling\podlove_backend\node_modules\mongoose\lib\types\subdocument.js:34:12)
    at EmbeddedDocument.ArraySubdocument [as constructor] (C:\Users\Bd Calling\podlove_backend\node_modules\mongoose\lib\types\arraySubdocument.js:44:15)
    at new EmbeddedDocument (C:\Users\Bd Calling\podlove_backend\node_modules\mongoose\lib\schema\documentArray.js:131:17)
    at SchemaDocumentArray.SchemaArray._castForQuery (C:\Users\Bd Calling\podlove_backend\node_modules\mongoose\lib\schema\array.js:561:11)
    at SchemaDocumentArray.SchemaArray.castForQuery (C:\Users\Bd Calling\podlove_backend\node_modules\mongoose\lib\schema\array.js:587:17)
    at cast (C:\Users\Bd Calling\podlove_backend\node_modules\mongoose\lib\cast.js:390:32)
    at cast (C:\Users\Bd Calling\podlove_backend\node_modules\mongoose\lib\cast.js:76:20)
    at model.Query.Query.cast (C:\Users\Bd Calling\podlove_backend\node_modules\mongoose\lib\query.js:5055:12)
    at model.Query.Query._castConditions (C:\Users\Bd Calling\podlove_backend\node_modules\mongoose\lib\query.js:2351:10)
ObjectParameterError
Sat Jul 12 2025 14:17:43 [Podlove] [32minfo[39m: 687217cf282e0b3cdea4802d
Sat Jul 12 2025 14:17:44 [Podlove] [31merror[39m: Parameter "obj" to Document() must be an object, got "687217cf282e0b3cdea4802f" (type string)
ObjectParameterError: Parameter "obj" to Document() must be an object, got "687217cf282e0b3cdea4802f" (type string)
    at EmbeddedDocument.Document (C:\Users\Bd Calling\podlove_backend\node_modules\mongoose\lib\document.js:123:11)
    at EmbeddedDocument.Subdocument (C:\Users\Bd Calling\podlove_backend\node_modules\mongoose\lib\types\subdocument.js:34:12)
    at EmbeddedDocument.ArraySubdocument [as constructor] (C:\Users\Bd Calling\podlove_backend\node_modules\mongoose\lib\types\arraySubdocument.js:44:15)
    at new EmbeddedDocument (C:\Users\Bd Calling\podlove_backend\node_modules\mongoose\lib\schema\documentArray.js:131:17)
    at SchemaDocumentArray.SchemaArray._castForQuery (C:\Users\Bd Calling\podlove_backend\node_modules\mongoose\lib\schema\array.js:561:11)
    at SchemaDocumentArray.SchemaArray.castForQuery (C:\Users\Bd Calling\podlove_backend\node_modules\mongoose\lib\schema\array.js:587:17)
    at cast (C:\Users\Bd Calling\podlove_backend\node_modules\mongoose\lib\cast.js:390:32)
    at cast (C:\Users\Bd Calling\podlove_backend\node_modules\mongoose\lib\cast.js:76:20)
    at model.Query.Query.cast (C:\Users\Bd Calling\podlove_backend\node_modules\mongoose\lib\query.js:5055:12)
    at model.Query.Query._castConditions (C:\Users\Bd Calling\podlove_backend\node_modules\mongoose\lib\query.js:2351:10)
ObjectParameterError
Sat Jul 12 2025 14:20:0 [Podlove] [32minfo[39m: Successfully Connected to MongoDB Atlas
Sat Jul 12 2025 14:20:3 [Podlove] [32minfo[39m: Privacy Policy exists!
Sat Jul 12 2025 14:20:4 [Podlove] [32minfo[39m: Consumer Policy exists!
Sat Jul 12 2025 14:20:4 [Podlove] [32minfo[39m: Media Policy exists!
Sat Jul 12 2025 14:20:4 [Podlove] [32minfo[39m: Server is running at PORT: 8000, HOST: 10.0.60.147
Sat Jul 12 2025 14:20:4 [Podlove] [32minfo[39m: Socket.IO server initialized
Sat Jul 12 2025 14:25:44 [Podlove] [32minfo[39m: Successfully Connected to MongoDB Atlas
Sat Jul 12 2025 14:25:47 [Podlove] [32minfo[39m: Privacy Policy exists!
Sat Jul 12 2025 14:25:47 [Podlove] [32minfo[39m: Consumer Policy exists!
Sat Jul 12 2025 14:25:47 [Podlove] [32minfo[39m: Media Policy exists!
Sat Jul 12 2025 14:25:47 [Podlove] [32minfo[39m: Server is running at PORT: 8000, HOST: 10.0.60.147
Sat Jul 12 2025 14:25:47 [Podlove] [32minfo[39m: Socket.IO server initialized
Sat Jul 12 2025 14:26:39 [Podlove] [32minfo[39m: Successfully Connected to MongoDB Atlas
Sat Jul 12 2025 14:26:43 [Podlove] [32minfo[39m: Privacy Policy exists!
Sat Jul 12 2025 14:26:43 [Podlove] [32minfo[39m: Consumer Policy exists!
Sat Jul 12 2025 14:26:43 [Podlove] [32minfo[39m: Media Policy exists!
Sat Jul 12 2025 14:26:43 [Podlove] [32minfo[39m: Server is running at PORT: 8000, HOST: 10.0.60.147
Sat Jul 12 2025 14:26:43 [Podlove] [32minfo[39m: Socket.IO server initialized
Sat Jul 12 2025 14:30:16 [Podlove] [32minfo[39m: 687217cf282e0b3cdea4802d
Sat Jul 12 2025 14:32:55 [Podlove] [32minfo[39m: 6871d92cf8bbe9e9de6cc393
Sat Jul 12 2025 14:32:57 [Podlove] [31merror[39m: Parameter "obj" to Document() must be an object, got "6871d92df8bbe9e9de6cc395" (type string)
ObjectParameterError: Parameter "obj" to Document() must be an object, got "6871d92df8bbe9e9de6cc395" (type string)
    at EmbeddedDocument.Document (C:\Users\Bd Calling\podlove_backend\node_modules\mongoose\lib\document.js:123:11)
    at EmbeddedDocument.Subdocument (C:\Users\Bd Calling\podlove_backend\node_modules\mongoose\lib\types\subdocument.js:34:12)
    at EmbeddedDocument.ArraySubdocument [as constructor] (C:\Users\Bd Calling\podlove_backend\node_modules\mongoose\lib\types\arraySubdocument.js:44:15)
    at new EmbeddedDocument (C:\Users\Bd Calling\podlove_backend\node_modules\mongoose\lib\schema\documentArray.js:131:17)
    at SchemaDocumentArray.SchemaArray._castForQuery (C:\Users\Bd Calling\podlove_backend\node_modules\mongoose\lib\schema\array.js:561:11)
    at SchemaDocumentArray.SchemaArray.castForQuery (C:\Users\Bd Calling\podlove_backend\node_modules\mongoose\lib\schema\array.js:587:17)
    at cast (C:\Users\Bd Calling\podlove_backend\node_modules\mongoose\lib\cast.js:390:32)
    at cast (C:\Users\Bd Calling\podlove_backend\node_modules\mongoose\lib\cast.js:76:20)
    at model.Query.Query.cast (C:\Users\Bd Calling\podlove_backend\node_modules\mongoose\lib\query.js:5055:12)
    at model.Query.Query._castConditions (C:\Users\Bd Calling\podlove_backend\node_modules\mongoose\lib\query.js:2351:10)
ObjectParameterError
Sat Jul 12 2025 14:49:16 [Podlove] [32minfo[39m: Successfully Connected to MongoDB Atlas
Sat Jul 12 2025 14:49:19 [Podlove] [32minfo[39m: Privacy Policy exists!
Sat Jul 12 2025 14:49:20 [Podlove] [32minfo[39m: Consumer Policy exists!
Sat Jul 12 2025 14:49:20 [Podlove] [32minfo[39m: Media Policy exists!
Sat Jul 12 2025 14:49:20 [Podlove] [32minfo[39m: Server is running at PORT: 8000, HOST: 10.0.60.147
Sat Jul 12 2025 14:49:20 [Podlove] [32minfo[39m: Socket.IO server initialized
Sat Jul 12 2025 14:50:53 [Podlove] [32minfo[39m: Successfully Connected to MongoDB Atlas
Sat Jul 12 2025 14:50:56 [Podlove] [32minfo[39m: Privacy Policy exists!
Sat Jul 12 2025 14:50:56 [Podlove] [32minfo[39m: Consumer Policy exists!
Sat Jul 12 2025 14:50:56 [Podlove] [32minfo[39m: Media Policy exists!
Sat Jul 12 2025 14:50:56 [Podlove] [32minfo[39m: Server is running at PORT: 8000, HOST: 10.0.60.147
Sat Jul 12 2025 14:50:56 [Podlove] [32minfo[39m: Socket.IO server initialized
Sat Jul 12 2025 14:51:7 [Podlove] [32minfo[39m: Successfully Connected to MongoDB Atlas
Sat Jul 12 2025 14:51:10 [Podlove] [32minfo[39m: Privacy Policy exists!
Sat Jul 12 2025 14:51:10 [Podlove] [32minfo[39m: Consumer Policy exists!
Sat Jul 12 2025 14:51:11 [Podlove] [32minfo[39m: Media Policy exists!
Sat Jul 12 2025 14:51:11 [Podlove] [32minfo[39m: Server is running at PORT: 8000, HOST: 10.0.60.147
Sat Jul 12 2025 14:51:11 [Podlove] [32minfo[39m: Socket.IO server initialized
Sat Jul 12 2025 14:51:22 [Podlove] [32minfo[39m: Successfully Connected to MongoDB Atlas
Sat Jul 12 2025 14:51:25 [Podlove] [32minfo[39m: Privacy Policy exists!
Sat Jul 12 2025 14:51:26 [Podlove] [32minfo[39m: Consumer Policy exists!
Sat Jul 12 2025 14:51:26 [Podlove] [32minfo[39m: Media Policy exists!
Sat Jul 12 2025 14:51:26 [Podlove] [32minfo[39m: Server is running at PORT: 8000, HOST: 10.0.60.147
Sat Jul 12 2025 14:51:26 [Podlove] [32minfo[39m: Socket.IO server initialized
Sat Jul 12 2025 14:51:39 [Podlove] [32minfo[39m: 687217cf282e0b3cdea4802d
