Fri Jul 25 2025 16:5:55 [Podlove] [32minfo[39m: Successfully Connected to MongoDB Atlas
Fri Jul 25 2025 16:5:58 [Podlove] [32minfo[39m: Privacy Policy exists!
Fri Jul 25 2025 16:5:58 [Podlove] [32minfo[39m: Consumer Policy exists!
Fri Jul 25 2025 16:5:59 [Podlove] [32minfo[39m: Media Policy exists!
Fri Jul 25 2025 16:5:59 [Podlove] [32minfo[39m: Server is running at PORT: 8000, HOST: 10.10.10.59
Fri Jul 25 2025 16:5:59 [Podlove] [32minfo[39m: Socket.IO server initialized
Fri Jul 25 2025 16:6:20 [Podlove] [32minfo[39m: 685e6e80ad422af7edb9b072
Fri Jul 25 2025 16:6:21 [Podlove] [32minfo[39m: [object Object]
Fri Jul 25 2025 16:9:29 [Podlove] [32minfo[39m: Successfully Connected to MongoDB Atlas
Fri Jul 25 2025 16:9:32 [Podlove] [32minfo[39m: Privacy Policy exists!
Fri Jul 25 2025 16:9:32 [Podlove] [32minfo[39m: Consumer Policy exists!
Fri Jul 25 2025 16:9:33 [Podlove] [32minfo[39m: Media Policy exists!
Fri Jul 25 2025 16:9:33 [Podlove] [32minfo[39m: Server is running at PORT: 8000, HOST: 10.10.10.59
Fri Jul 25 2025 16:9:33 [Podlove] [32minfo[39m: Socket.IO server initialized
Fri Jul 25 2025 16:16:24 [Podlove] [32minfo[39m: Successfully Connected to MongoDB Atlas
Fri Jul 25 2025 16:16:27 [Podlove] [32minfo[39m: Privacy Policy exists!
Fri Jul 25 2025 16:16:28 [Podlove] [32minfo[39m: Consumer Policy exists!
Fri Jul 25 2025 16:16:28 [Podlove] [32minfo[39m: Media Policy exists!
Fri Jul 25 2025 16:16:28 [Podlove] [32minfo[39m: Server is running at PORT: 8000, HOST: 10.10.10.59
Fri Jul 25 2025 16:16:28 [Podlove] [32minfo[39m: Socket.IO server initialized
Fri Jul 25 2025 16:17:41 [Podlove] [32minfo[39m: Successfully Connected to MongoDB Atlas
Fri Jul 25 2025 16:17:44 [Podlove] [32minfo[39m: Privacy Policy exists!
Fri Jul 25 2025 16:17:44 [Podlove] [32minfo[39m: Consumer Policy exists!
Fri Jul 25 2025 16:17:45 [Podlove] [32minfo[39m: Media Policy exists!
Fri Jul 25 2025 16:17:45 [Podlove] [32minfo[39m: Server is running at PORT: 8000, HOST: 10.10.10.59
Fri Jul 25 2025 16:17:45 [Podlove] [32minfo[39m: Socket.IO server initialized
Fri Jul 25 2025 16:21:24 [Podlove] [32minfo[39m: Successfully Connected to MongoDB Atlas
Fri Jul 25 2025 16:21:27 [Podlove] [32minfo[39m: Privacy Policy exists!
Fri Jul 25 2025 16:21:27 [Podlove] [32minfo[39m: Consumer Policy exists!
Fri Jul 25 2025 16:21:27 [Podlove] [32minfo[39m: Media Policy exists!
Fri Jul 25 2025 16:21:27 [Podlove] [32minfo[39m: Server is running at PORT: 8000, HOST: 10.10.10.59
Fri Jul 25 2025 16:21:27 [Podlove] [32minfo[39m: Socket.IO server initialized
Fri Jul 25 2025 16:25:3 [Podlove] [32minfo[39m: Successfully Connected to MongoDB Atlas
Fri Jul 25 2025 16:25:6 [Podlove] [32minfo[39m: Privacy Policy exists!
Fri Jul 25 2025 16:25:6 [Podlove] [32minfo[39m: Consumer Policy exists!
Fri Jul 25 2025 16:25:6 [Podlove] [32minfo[39m: Media Policy exists!
Fri Jul 25 2025 16:25:6 [Podlove] [32minfo[39m: Server is running at PORT: 8000, HOST: 10.10.10.59
Fri Jul 25 2025 16:25:6 [Podlove] [32minfo[39m: Socket.IO server initialized
Fri Jul 25 2025 16:33:57 [Podlove] [32minfo[39m: Successfully Connected to MongoDB Atlas
Fri Jul 25 2025 16:34:0 [Podlove] [32minfo[39m: Privacy Policy exists!
Fri Jul 25 2025 16:34:0 [Podlove] [32minfo[39m: Consumer Policy exists!
Fri Jul 25 2025 16:34:0 [Podlove] [32minfo[39m: Media Policy exists!
Fri Jul 25 2025 16:34:0 [Podlove] [32minfo[39m: Server is running at PORT: 8000, HOST: 10.10.10.59
Fri Jul 25 2025 16:34:0 [Podlove] [32minfo[39m: Socket.IO server initialized
Fri Jul 25 2025 16:36:57 [Podlove] [32minfo[39m: Successfully Connected to MongoDB Atlas
Fri Jul 25 2025 16:37:0 [Podlove] [32minfo[39m: Privacy Policy exists!
Fri Jul 25 2025 16:37:0 [Podlove] [32minfo[39m: Consumer Policy exists!
Fri Jul 25 2025 16:37:0 [Podlove] [32minfo[39m: Media Policy exists!
Fri Jul 25 2025 16:37:0 [Podlove] [32minfo[39m: Server is running at PORT: 8000, HOST: 10.10.10.59
Fri Jul 25 2025 16:37:0 [Podlove] [32minfo[39m: Socket.IO server initialized
Fri Jul 25 2025 16:44:14 [Podlove] [32minfo[39m: Successfully Connected to MongoDB Atlas
Fri Jul 25 2025 16:44:17 [Podlove] [32minfo[39m: Privacy Policy exists!
Fri Jul 25 2025 16:44:17 [Podlove] [32minfo[39m: Consumer Policy exists!
Fri Jul 25 2025 16:44:17 [Podlove] [32minfo[39m: Media Policy exists!
Fri Jul 25 2025 16:44:17 [Podlove] [32minfo[39m: Server is running at PORT: 8000, HOST: 10.10.10.59
Fri Jul 25 2025 16:44:17 [Podlove] [32minfo[39m: Socket.IO server initialized
Fri Jul 25 2025 16:55:23 [Podlove] [32minfo[39m: Successfully Connected to MongoDB Atlas
Fri Jul 25 2025 16:55:26 [Podlove] [32minfo[39m: Privacy Policy exists!
Fri Jul 25 2025 16:55:26 [Podlove] [32minfo[39m: Consumer Policy exists!
Fri Jul 25 2025 16:55:26 [Podlove] [32minfo[39m: Media Policy exists!
Fri Jul 25 2025 16:55:26 [Podlove] [32minfo[39m: Server is running at PORT: 8000, HOST: 10.10.10.59
Fri Jul 25 2025 16:55:26 [Podlove] [32minfo[39m: Socket.IO server initialized
Fri Jul 25 2025 16:56:24 [Podlove] [32minfo[39m: Successfully Connected to MongoDB Atlas
Fri Jul 25 2025 16:56:27 [Podlove] [32minfo[39m: Privacy Policy exists!
Fri Jul 25 2025 16:56:27 [Podlove] [32minfo[39m: Consumer Policy exists!
Fri Jul 25 2025 16:56:28 [Podlove] [32minfo[39m: Media Policy exists!
Fri Jul 25 2025 16:56:28 [Podlove] [32minfo[39m: Server is running at PORT: 8000, HOST: 10.10.10.59
Fri Jul 25 2025 16:56:28 [Podlove] [32minfo[39m: Socket.IO server initialized
Fri Jul 25 2025 16:57:53 [Podlove] [32minfo[39m: Successfully Connected to MongoDB Atlas
Fri Jul 25 2025 16:57:56 [Podlove] [32minfo[39m: Privacy Policy exists!
Fri Jul 25 2025 16:57:56 [Podlove] [32minfo[39m: Consumer Policy exists!
Fri Jul 25 2025 16:57:56 [Podlove] [32minfo[39m: Media Policy exists!
Fri Jul 25 2025 16:57:56 [Podlove] [32minfo[39m: Server is running at PORT: 8000, HOST: 10.10.10.59
Fri Jul 25 2025 16:57:56 [Podlove] [32minfo[39m: Socket.IO server initialized
