Mon Jul 28 2025 17:0:33 [Podlove] [32minfo[39m: Successfully Connected to MongoDB Atlas
Mon Jul 28 2025 17:0:36 [Podlove] [32minfo[39m: Privacy Policy exists!
Mon Jul 28 2025 17:0:36 [Podlove] [32minfo[39m: Consumer Policy exists!
Mon Jul 28 2025 17:0:37 [Podlove] [32minfo[39m: Media Policy exists!
Mon Jul 28 2025 17:0:37 [Podlove] [32minfo[39m: Server is running at PORT: 8000, HOST: 10.10.10.59
Mon Jul 28 2025 17:0:37 [Podlove] [32minfo[39m: Socket.IO server initialized
Mon Jul 28 2025 17:0:38 [Podlove] [32minfo[39m: 6887532e6e78840d002e0f03
Mon Jul 28 2025 17:0:44 [Podlove] [32minfo[39m: 6887532e6e78840d002e0f03
Mon Jul 28 2025 17:0:48 [Podlove] [32minfo[39m: 685e6e80ad422af7edb9b072
Mon Jul 28 2025 17:0:48 [Podlove] [32minfo[39m: [object Object]
Mon Jul 28 2025 17:0:53 [Podlove] [32minfo[39m: 6887532e6e78840d002e0f03
Mon Jul 28 2025 17:1:1 [Podlove] [32minfo[39m: 68870decaaa39d5c80dcca60
Mon Jul 28 2025 17:1:1 [Podlove] [32minfo[39m: [object Object]
Mon Jul 28 2025 17:1:3 [Podlove] [32minfo[39m: 6887532e6e78840d002e0f03
Mon Jul 28 2025 17:1:4 [Podlove] [31merror[39m: Cast to Number failed for value "NaN" (type number) at path "preferences.distance"
CastError: Cast to Number failed for value "NaN" (type number) at path "preferences.distance"
    at SchemaNumber.cast (C:\Users\jahid\Music\Jahid Hasan\podlove_backend\node_modules\mongoose\lib\schema\number.js:381:11)
    at SchemaNumber.SchemaType.applySetters (C:\Users\jahid\Music\Jahid Hasan\podlove_backend\node_modules\mongoose\lib\schemaType.js:1255:12)
    at SchemaNumber.castForQuery (C:\Users\jahid\Music\Jahid Hasan\podlove_backend\node_modules\mongoose\lib\schema\number.js:435:16)
    at castUpdateVal (C:\Users\jahid\Music\Jahid Hasan\podlove_backend\node_modules\mongoose\lib\helpers\query\castUpdate.js:628:19)
    at walkUpdatePath (C:\Users\jahid\Music\Jahid Hasan\podlove_backend\node_modules\mongoose\lib\helpers\query\castUpdate.js:433:24)
    at walkUpdatePath (C:\Users\jahid\Music\Jahid Hasan\podlove_backend\node_modules\mongoose\lib\helpers\query\castUpdate.js:378:20)
    at castUpdate (C:\Users\jahid\Music\Jahid Hasan\podlove_backend\node_modules\mongoose\lib\helpers\query\castUpdate.js:144:7)
    at model.Query._castUpdate (C:\Users\jahid\Music\Jahid Hasan\podlove_backend\node_modules\mongoose\lib\query.js:4851:10)
    at model.Query._findOneAndUpdate (C:\Users\jahid\Music\Jahid Hasan\podlove_backend\node_modules\mongoose\lib\query.js:3474:23)
    at model.Query.exec (C:\Users\jahid\Music\Jahid Hasan\podlove_backend\node_modules\mongoose\lib\query.js:4604:80)
CastError
Mon Jul 28 2025 17:1:39 [Podlove] [32minfo[39m: 68870decaaa39d5c80dcca60
Mon Jul 28 2025 17:1:39 [Podlove] [32minfo[39m: [object Object]
Mon Jul 28 2025 17:7:31 [Podlove] [32minfo[39m: 68870decaaa39d5c80dcca60
Mon Jul 28 2025 17:7:31 [Podlove] [32minfo[39m: [object Object]
Mon Jul 28 2025 17:7:51 [Podlove] [32minfo[39m: Successfully Connected to MongoDB Atlas
Mon Jul 28 2025 17:7:54 [Podlove] [32minfo[39m: Privacy Policy exists!
Mon Jul 28 2025 17:7:54 [Podlove] [32minfo[39m: Consumer Policy exists!
Mon Jul 28 2025 17:7:55 [Podlove] [32minfo[39m: Media Policy exists!
Mon Jul 28 2025 17:7:55 [Podlove] [32minfo[39m: Server is running at PORT: 8000, HOST: 10.10.10.59
Mon Jul 28 2025 17:7:55 [Podlove] [32minfo[39m: Socket.IO server initialized
Mon Jul 28 2025 17:7:57 [Podlove] [32minfo[39m: 68870decaaa39d5c80dcca60
Mon Jul 28 2025 17:7:57 [Podlove] [32minfo[39m: [object Object]
Mon Jul 28 2025 17:8:7 [Podlove] [32minfo[39m: 68870decaaa39d5c80dcca60
Mon Jul 28 2025 17:8:7 [Podlove] [32minfo[39m: [object Object]
Mon Jul 28 2025 17:8:8 [Podlove] [32minfo[39m: 6887532e6e78840d002e0f03
Mon Jul 28 2025 17:8:17 [Podlove] [32minfo[39m: 6887532e6e78840d002e0f03
Mon Jul 28 2025 17:8:23 [Podlove] [32minfo[39m: 6887532e6e78840d002e0f03
Mon Jul 28 2025 17:8:55 [Podlove] [32minfo[39m: 6887532e6e78840d002e0f03
Mon Jul 28 2025 17:9:0 [Podlove] [32minfo[39m: 6887532e6e78840d002e0f03
Mon Jul 28 2025 17:9:42 [Podlove] [32minfo[39m: 68870decaaa39d5c80dcca60
Mon Jul 28 2025 17:9:43 [Podlove] [32minfo[39m: [object Object]
Mon Jul 28 2025 17:9:49 [Podlove] [32minfo[39m: 6887532e6e78840d002e0f03
Mon Jul 28 2025 17:9:50 [Podlove] [32minfo[39m: 68870decaaa39d5c80dcca60
Mon Jul 28 2025 17:9:50 [Podlove] [32minfo[39m: [object Object]
Mon Jul 28 2025 17:10:2 [Podlove] [32minfo[39m: 6887532e6e78840d002e0f03
Mon Jul 28 2025 17:11:27 [Podlove] [32minfo[39m: Successfully Connected to MongoDB Atlas
Mon Jul 28 2025 17:11:30 [Podlove] [32minfo[39m: Privacy Policy exists!
Mon Jul 28 2025 17:11:30 [Podlove] [32minfo[39m: Consumer Policy exists!
Mon Jul 28 2025 17:11:31 [Podlove] [32minfo[39m: Media Policy exists!
Mon Jul 28 2025 17:11:31 [Podlove] [32minfo[39m: Server is running at PORT: 8000, HOST: 10.10.10.59
Mon Jul 28 2025 17:11:31 [Podlove] [32minfo[39m: Socket.IO server initialized
Mon Jul 28 2025 17:11:31 [Podlove] [32minfo[39m: 6887532e6e78840d002e0f03
Mon Jul 28 2025 17:11:35 [Podlove] [32minfo[39m: 68870decaaa39d5c80dcca60
Mon Jul 28 2025 17:11:35 [Podlove] [32minfo[39m: 68870decaaa39d5c80dcca60
Mon Jul 28 2025 17:11:35 [Podlove] [32minfo[39m: [object Object]
Mon Jul 28 2025 17:11:35 [Podlove] [32minfo[39m: [object Object]
Mon Jul 28 2025 17:11:37 [Podlove] [32minfo[39m: 6887532e6e78840d002e0f03
Mon Jul 28 2025 17:13:44 [Podlove] [32minfo[39m: 6886f96c772e2f817a135f6f
Mon Jul 28 2025 17:13:45 [Podlove] [32minfo[39m: 6886f96c772e2f817a135f6f
Mon Jul 28 2025 17:14:6 [Podlove] [32minfo[39m: 6886f96c772e2f817a135f6f
Mon Jul 28 2025 17:14:6 [Podlove] [32minfo[39m: 6886f96c772e2f817a135f6f
Mon Jul 28 2025 17:15:29 [Podlove] [32minfo[39m: 6887532e6e78840d002e0f03
Mon Jul 28 2025 17:15:33 [Podlove] [32minfo[39m: 6887532e6e78840d002e0f03
Mon Jul 28 2025 17:15:37 [Podlove] [32minfo[39m: 6887532e6e78840d002e0f03
Mon Jul 28 2025 17:15:44 [Podlove] [32minfo[39m: 6887532e6e78840d002e0f03
Mon Jul 28 2025 17:17:23 [Podlove] [32minfo[39m: 68870decaaa39d5c80dcca60
Mon Jul 28 2025 17:17:23 [Podlove] [32minfo[39m: [object Object]
Mon Jul 28 2025 17:20:10 [Podlove] [32minfo[39m: Successfully Connected to MongoDB Atlas
Mon Jul 28 2025 17:20:14 [Podlove] [32minfo[39m: Privacy Policy exists!
Mon Jul 28 2025 17:20:14 [Podlove] [32minfo[39m: Consumer Policy exists!
Mon Jul 28 2025 17:20:14 [Podlove] [32minfo[39m: Media Policy exists!
Mon Jul 28 2025 17:20:14 [Podlove] [32minfo[39m: Server is running at PORT: 8000, HOST: 10.10.10.59
Mon Jul 28 2025 17:20:14 [Podlove] [32minfo[39m: Socket.IO server initialized
Mon Jul 28 2025 17:20:21 [Podlove] [32minfo[39m: 6887532e6e78840d002e0f03
Mon Jul 28 2025 17:21:1 [Podlove] [32minfo[39m: Successfully Connected to MongoDB Atlas
Mon Jul 28 2025 17:21:5 [Podlove] [32minfo[39m: Privacy Policy exists!
Mon Jul 28 2025 17:21:5 [Podlove] [32minfo[39m: Consumer Policy exists!
Mon Jul 28 2025 17:21:5 [Podlove] [32minfo[39m: Media Policy exists!
Mon Jul 28 2025 17:21:5 [Podlove] [32minfo[39m: Server is running at PORT: 8000, HOST: 10.10.10.59
Mon Jul 28 2025 17:21:5 [Podlove] [32minfo[39m: Socket.IO server initialized
Mon Jul 28 2025 17:21:26 [Podlove] [32minfo[39m: 6887532e6e78840d002e0f03
Mon Jul 28 2025 17:22:54 [Podlove] [31merror[39m: Token has expired
UnauthorizedError: Token has expired
    at decodeToken (C:\Users\jahid\Music\Jahid Hasan\podlove_backend\src\utils\jwt.ts:28:22)
    at C:\Users\jahid\Music\Jahid Hasan\podlove_backend\src\middlewares\authorization.ts:51:32
    at C:\Users\jahid\Music\Jahid Hasan\podlove_backend\src\shared\asyncHandler.ts:7:19
    at Layer.handle [as handle_request] (C:\Users\jahid\Music\Jahid Hasan\podlove_backend\node_modules\express\lib\router\layer.js:95:5)
    at next (C:\Users\jahid\Music\Jahid Hasan\podlove_backend\node_modules\express\lib\router\route.js:149:13)
    at Route.dispatch (C:\Users\jahid\Music\Jahid Hasan\podlove_backend\node_modules\express\lib\router\route.js:119:3)
    at Layer.handle [as handle_request] (C:\Users\jahid\Music\Jahid Hasan\podlove_backend\node_modules\express\lib\router\layer.js:95:5)
    at C:\Users\jahid\Music\Jahid Hasan\podlove_backend\node_modules\express\lib\router\index.js:284:15
    at Function.process_params (C:\Users\jahid\Music\Jahid Hasan\podlove_backend\node_modules\express\lib\router\index.js:346:12)
    at next (C:\Users\jahid\Music\Jahid Hasan\podlove_backend\node_modules\express\lib\router\index.js:280:10)
UnauthorizedError
Mon Jul 28 2025 17:22:54 [Podlove] [31merror[39m: Token has expired
UnauthorizedError: Token has expired
    at decodeToken (C:\Users\jahid\Music\Jahid Hasan\podlove_backend\src\utils\jwt.ts:28:22)
    at C:\Users\jahid\Music\Jahid Hasan\podlove_backend\src\middlewares\authorization.ts:51:32
    at C:\Users\jahid\Music\Jahid Hasan\podlove_backend\src\shared\asyncHandler.ts:7:19
    at Layer.handle [as handle_request] (C:\Users\jahid\Music\Jahid Hasan\podlove_backend\node_modules\express\lib\router\layer.js:95:5)
    at next (C:\Users\jahid\Music\Jahid Hasan\podlove_backend\node_modules\express\lib\router\route.js:149:13)
    at Route.dispatch (C:\Users\jahid\Music\Jahid Hasan\podlove_backend\node_modules\express\lib\router\route.js:119:3)
    at Layer.handle [as handle_request] (C:\Users\jahid\Music\Jahid Hasan\podlove_backend\node_modules\express\lib\router\layer.js:95:5)
    at C:\Users\jahid\Music\Jahid Hasan\podlove_backend\node_modules\express\lib\router\index.js:284:15
    at Function.process_params (C:\Users\jahid\Music\Jahid Hasan\podlove_backend\node_modules\express\lib\router\index.js:346:12)
    at next (C:\Users\jahid\Music\Jahid Hasan\podlove_backend\node_modules\express\lib\router\index.js:280:10)
UnauthorizedError
Mon Jul 28 2025 17:23:1 [Podlove] [31merror[39m: Token has expired
UnauthorizedError: Token has expired
    at decodeToken (C:\Users\jahid\Music\Jahid Hasan\podlove_backend\src\utils\jwt.ts:28:22)
    at C:\Users\jahid\Music\Jahid Hasan\podlove_backend\src\middlewares\authorization.ts:51:32
    at C:\Users\jahid\Music\Jahid Hasan\podlove_backend\src\shared\asyncHandler.ts:7:19
    at Layer.handle [as handle_request] (C:\Users\jahid\Music\Jahid Hasan\podlove_backend\node_modules\express\lib\router\layer.js:95:5)
    at next (C:\Users\jahid\Music\Jahid Hasan\podlove_backend\node_modules\express\lib\router\route.js:149:13)
    at Route.dispatch (C:\Users\jahid\Music\Jahid Hasan\podlove_backend\node_modules\express\lib\router\route.js:119:3)
    at Layer.handle [as handle_request] (C:\Users\jahid\Music\Jahid Hasan\podlove_backend\node_modules\express\lib\router\layer.js:95:5)
    at C:\Users\jahid\Music\Jahid Hasan\podlove_backend\node_modules\express\lib\router\index.js:284:15
    at Function.process_params (C:\Users\jahid\Music\Jahid Hasan\podlove_backend\node_modules\express\lib\router\index.js:346:12)
    at next (C:\Users\jahid\Music\Jahid Hasan\podlove_backend\node_modules\express\lib\router\index.js:280:10)
UnauthorizedError
Mon Jul 28 2025 17:24:17 [Podlove] [32minfo[39m: Successfully Connected to MongoDB Atlas
Mon Jul 28 2025 17:24:20 [Podlove] [32minfo[39m: Privacy Policy exists!
Mon Jul 28 2025 17:24:21 [Podlove] [32minfo[39m: Consumer Policy exists!
Mon Jul 28 2025 17:24:21 [Podlove] [32minfo[39m: Media Policy exists!
Mon Jul 28 2025 17:24:21 [Podlove] [32minfo[39m: Server is running at PORT: 8000, HOST: 10.10.10.59
Mon Jul 28 2025 17:24:21 [Podlove] [32minfo[39m: Socket.IO server initialized
Mon Jul 28 2025 17:27:49 [Podlove] [32minfo[39m: Successfully Connected to MongoDB Atlas
Mon Jul 28 2025 17:27:53 [Podlove] [32minfo[39m: Privacy Policy exists!
Mon Jul 28 2025 17:27:53 [Podlove] [32minfo[39m: Consumer Policy exists!
Mon Jul 28 2025 17:27:54 [Podlove] [32minfo[39m: Media Policy exists!
Mon Jul 28 2025 17:27:54 [Podlove] [32minfo[39m: Server is running at PORT: 8000, HOST: 10.10.10.59
Mon Jul 28 2025 17:27:54 [Podlove] [32minfo[39m: Socket.IO server initialized
Mon Jul 28 2025 17:27:58 [Podlove] [32minfo[39m: 6887532e6e78840d002e0f03
Mon Jul 28 2025 17:28:24 [Podlove] [32minfo[39m: 6887532e6e78840d002e0f03
Mon Jul 28 2025 17:28:57 [Podlove] [32minfo[39m: 68873bd4e3968ce64e6cc258
Mon Jul 28 2025 17:28:57 [Podlove] [32minfo[39m: 68873bd4e3968ce64e6cc258
Mon Jul 28 2025 17:29:0 [Podlove] [32minfo[39m: 68873bd4e3968ce64e6cc258
Mon Jul 28 2025 17:29:14 [Podlove] [32minfo[39m: 6887532e6e78840d002e0f03
Mon Jul 28 2025 17:29:19 [Podlove] [32minfo[39m: 6887532e6e78840d002e0f03
Mon Jul 28 2025 17:29:45 [Podlove] [32minfo[39m: Successfully Connected to MongoDB Atlas
Mon Jul 28 2025 17:29:48 [Podlove] [32minfo[39m: Privacy Policy exists!
Mon Jul 28 2025 17:29:49 [Podlove] [32minfo[39m: Consumer Policy exists!
Mon Jul 28 2025 17:29:49 [Podlove] [32minfo[39m: Media Policy exists!
Mon Jul 28 2025 17:29:49 [Podlove] [32minfo[39m: Server is running at PORT: 8000, HOST: 10.10.10.59
Mon Jul 28 2025 17:29:49 [Podlove] [32minfo[39m: Socket.IO server initialized
Mon Jul 28 2025 17:29:51 [Podlove] [32minfo[39m: 6887532e6e78840d002e0f03
Mon Jul 28 2025 17:30:15 [Podlove] [32minfo[39m: 6887532e6e78840d002e0f03
Mon Jul 28 2025 17:30:22 [Podlove] [32minfo[39m: 6887532e6e78840d002e0f03
Mon Jul 28 2025 17:31:55 [Podlove] [32minfo[39m: Successfully Connected to MongoDB Atlas
Mon Jul 28 2025 17:31:58 [Podlove] [32minfo[39m: Privacy Policy exists!
Mon Jul 28 2025 17:31:58 [Podlove] [32minfo[39m: Consumer Policy exists!
Mon Jul 28 2025 17:31:58 [Podlove] [32minfo[39m: Media Policy exists!
Mon Jul 28 2025 17:31:58 [Podlove] [32minfo[39m: Server is running at PORT: 8000, HOST: 10.10.10.59
Mon Jul 28 2025 17:31:58 [Podlove] [32minfo[39m: Socket.IO server initialized
Mon Jul 28 2025 17:32:8 [Podlove] [32minfo[39m: 6887532e6e78840d002e0f03
Mon Jul 28 2025 17:32:15 [Podlove] [32minfo[39m: 6887532e6e78840d002e0f03
Mon Jul 28 2025 17:32:55 [Podlove] [32minfo[39m: Successfully Connected to MongoDB Atlas
Mon Jul 28 2025 17:32:58 [Podlove] [32minfo[39m: Privacy Policy exists!
Mon Jul 28 2025 17:32:59 [Podlove] [32minfo[39m: Consumer Policy exists!
Mon Jul 28 2025 17:32:59 [Podlove] [32minfo[39m: Media Policy exists!
Mon Jul 28 2025 17:32:59 [Podlove] [32minfo[39m: Server is running at PORT: 8000, HOST: 10.10.10.59
Mon Jul 28 2025 17:32:59 [Podlove] [32minfo[39m: Socket.IO server initialized
Mon Jul 28 2025 17:33:13 [Podlove] [32minfo[39m: 6887532e6e78840d002e0f03
Mon Jul 28 2025 17:34:22 [Podlove] [32minfo[39m: Successfully Connected to MongoDB Atlas
Mon Jul 28 2025 17:34:27 [Podlove] [32minfo[39m: Privacy Policy exists!
Mon Jul 28 2025 17:34:27 [Podlove] [32minfo[39m: Consumer Policy exists!
Mon Jul 28 2025 17:34:27 [Podlove] [32minfo[39m: Media Policy exists!
Mon Jul 28 2025 17:34:27 [Podlove] [32minfo[39m: Server is running at PORT: 8000, HOST: 10.10.10.59
Mon Jul 28 2025 17:34:27 [Podlove] [32minfo[39m: Socket.IO server initialized
Mon Jul 28 2025 17:34:29 [Podlove] [32minfo[39m: 68870decaaa39d5c80dcca60
Mon Jul 28 2025 17:34:29 [Podlove] [32minfo[39m: [object Object]
Mon Jul 28 2025 17:34:30 [Podlove] [31merror[39m: Podcast validation failed: participants.0: Cannot read properties of undefined (reading 'model'), selectedUser.0.user: Cast to ObjectId failed for value "" (type string) at path "user" because of "BSONError", participants.0.user: Path `user` is required.
ValidationError: Podcast validation failed: participants.0: Cannot read properties of undefined (reading 'model'), selectedUser.0.user: Cast to ObjectId failed for value "" (type string) at path "user" because of "BSONError", participants.0.user: Path `user` is required.
    at model.Document.invalidate (C:\Users\jahid\Music\Jahid Hasan\podlove_backend\node_modules\mongoose\lib\document.js:3352:32)
    at EmbeddedDocument.Subdocument.invalidate (C:\Users\jahid\Music\Jahid Hasan\podlove_backend\node_modules\mongoose\lib\types\subdocument.js:229:12)
    at init (C:\Users\jahid\Music\Jahid Hasan\podlove_backend\node_modules\mongoose\lib\document.js:797:18)
    at EmbeddedDocument.Document.$__init (C:\Users\jahid\Music\Jahid Hasan\podlove_backend\node_modules\mongoose\lib\document.js:707:3)
    at EmbeddedDocument.syncWrapper [as $__init] (C:\Users\jahid\Music\Jahid Hasan\podlove_backend\node_modules\kareem\index.js:331:25)
    at EmbeddedDocument.Document.init (C:\Users\jahid\Music\Jahid Hasan\podlove_backend\node_modules\mongoose\lib\document.js:651:8)
    at EmbeddedDocument.Document.$init (C:\Users\jahid\Music\Jahid Hasan\podlove_backend\node_modules\mongoose\lib\document.js:667:42)
    at SchemaDocumentArray.cast (C:\Users\jahid\Music\Jahid Hasan\podlove_backend\node_modules\mongoose\lib\schema\documentArray.js:482:30)
    at init (C:\Users\jahid\Music\Jahid Hasan\podlove_backend\node_modules\mongoose\lib\document.js:794:35)
    at model.Document.$__init (C:\Users\jahid\Music\Jahid Hasan\podlove_backend\node_modules\mongoose\lib\document.js:707:3)
ValidationError
Mon Jul 28 2025 17:35:18 [Podlove] [32minfo[39m: 68870decaaa39d5c80dcca60
Mon Jul 28 2025 17:35:18 [Podlove] [32minfo[39m: [object Object]
Mon Jul 28 2025 17:35:45 [Podlove] [32minfo[39m: 68870decaaa39d5c80dcca60
Mon Jul 28 2025 17:35:46 [Podlove] [32minfo[39m: [object Object]
Mon Jul 28 2025 17:36:25 [Podlove] [32minfo[39m: 68870decaaa39d5c80dcca60
Mon Jul 28 2025 17:36:25 [Podlove] [32minfo[39m: [object Object]
Mon Jul 28 2025 17:36:25 [Podlove] [31merror[39m: Podcast validation failed: participants.0: Cannot read properties of undefined (reading 'model'), selectedUser.0.user: Cast to ObjectId failed for value "" (type string) at path "user" because of "BSONError", participants.0.user: Path `user` is required.
ValidationError: Podcast validation failed: participants.0: Cannot read properties of undefined (reading 'model'), selectedUser.0.user: Cast to ObjectId failed for value "" (type string) at path "user" because of "BSONError", participants.0.user: Path `user` is required.
    at model.Document.invalidate (C:\Users\jahid\Music\Jahid Hasan\podlove_backend\node_modules\mongoose\lib\document.js:3352:32)
    at EmbeddedDocument.Subdocument.invalidate (C:\Users\jahid\Music\Jahid Hasan\podlove_backend\node_modules\mongoose\lib\types\subdocument.js:229:12)
    at init (C:\Users\jahid\Music\Jahid Hasan\podlove_backend\node_modules\mongoose\lib\document.js:797:18)
    at EmbeddedDocument.Document.$__init (C:\Users\jahid\Music\Jahid Hasan\podlove_backend\node_modules\mongoose\lib\document.js:707:3)
    at EmbeddedDocument.syncWrapper [as $__init] (C:\Users\jahid\Music\Jahid Hasan\podlove_backend\node_modules\kareem\index.js:331:25)
    at EmbeddedDocument.Document.init (C:\Users\jahid\Music\Jahid Hasan\podlove_backend\node_modules\mongoose\lib\document.js:651:8)
    at EmbeddedDocument.Document.$init (C:\Users\jahid\Music\Jahid Hasan\podlove_backend\node_modules\mongoose\lib\document.js:667:42)
    at SchemaDocumentArray.cast (C:\Users\jahid\Music\Jahid Hasan\podlove_backend\node_modules\mongoose\lib\schema\documentArray.js:482:30)
    at init (C:\Users\jahid\Music\Jahid Hasan\podlove_backend\node_modules\mongoose\lib\document.js:794:35)
    at model.Document.$__init (C:\Users\jahid\Music\Jahid Hasan\podlove_backend\node_modules\mongoose\lib\document.js:707:3)
ValidationError
Mon Jul 28 2025 17:36:28 [Podlove] [32minfo[39m: 68870decaaa39d5c80dcca60
Mon Jul 28 2025 17:36:28 [Podlove] [32minfo[39m: [object Object]
Mon Jul 28 2025 17:36:29 [Podlove] [31merror[39m: Podcast validation failed: participants.0: Cannot read properties of undefined (reading 'model'), selectedUser.0.user: Cast to ObjectId failed for value "" (type string) at path "user" because of "BSONError", participants.0.user: Path `user` is required.
ValidationError: Podcast validation failed: participants.0: Cannot read properties of undefined (reading 'model'), selectedUser.0.user: Cast to ObjectId failed for value "" (type string) at path "user" because of "BSONError", participants.0.user: Path `user` is required.
    at model.Document.invalidate (C:\Users\jahid\Music\Jahid Hasan\podlove_backend\node_modules\mongoose\lib\document.js:3352:32)
    at EmbeddedDocument.Subdocument.invalidate (C:\Users\jahid\Music\Jahid Hasan\podlove_backend\node_modules\mongoose\lib\types\subdocument.js:229:12)
    at init (C:\Users\jahid\Music\Jahid Hasan\podlove_backend\node_modules\mongoose\lib\document.js:797:18)
    at EmbeddedDocument.Document.$__init (C:\Users\jahid\Music\Jahid Hasan\podlove_backend\node_modules\mongoose\lib\document.js:707:3)
    at EmbeddedDocument.syncWrapper [as $__init] (C:\Users\jahid\Music\Jahid Hasan\podlove_backend\node_modules\kareem\index.js:331:25)
    at EmbeddedDocument.Document.init (C:\Users\jahid\Music\Jahid Hasan\podlove_backend\node_modules\mongoose\lib\document.js:651:8)
    at EmbeddedDocument.Document.$init (C:\Users\jahid\Music\Jahid Hasan\podlove_backend\node_modules\mongoose\lib\document.js:667:42)
    at SchemaDocumentArray.cast (C:\Users\jahid\Music\Jahid Hasan\podlove_backend\node_modules\mongoose\lib\schema\documentArray.js:482:30)
    at init (C:\Users\jahid\Music\Jahid Hasan\podlove_backend\node_modules\mongoose\lib\document.js:794:35)
    at model.Document.$__init (C:\Users\jahid\Music\Jahid Hasan\podlove_backend\node_modules\mongoose\lib\document.js:707:3)
ValidationError
Mon Jul 28 2025 17:36:31 [Podlove] [32minfo[39m: 68870decaaa39d5c80dcca60
Mon Jul 28 2025 17:36:31 [Podlove] [32minfo[39m: [object Object]
Mon Jul 28 2025 17:36:32 [Podlove] [31merror[39m: Podcast validation failed: participants.0: Cannot read properties of undefined (reading 'model'), selectedUser.0.user: Cast to ObjectId failed for value "" (type string) at path "user" because of "BSONError", participants.0.user: Path `user` is required.
ValidationError: Podcast validation failed: participants.0: Cannot read properties of undefined (reading 'model'), selectedUser.0.user: Cast to ObjectId failed for value "" (type string) at path "user" because of "BSONError", participants.0.user: Path `user` is required.
    at model.Document.invalidate (C:\Users\jahid\Music\Jahid Hasan\podlove_backend\node_modules\mongoose\lib\document.js:3352:32)
    at EmbeddedDocument.Subdocument.invalidate (C:\Users\jahid\Music\Jahid Hasan\podlove_backend\node_modules\mongoose\lib\types\subdocument.js:229:12)
    at init (C:\Users\jahid\Music\Jahid Hasan\podlove_backend\node_modules\mongoose\lib\document.js:797:18)
    at EmbeddedDocument.Document.$__init (C:\Users\jahid\Music\Jahid Hasan\podlove_backend\node_modules\mongoose\lib\document.js:707:3)
    at EmbeddedDocument.syncWrapper [as $__init] (C:\Users\jahid\Music\Jahid Hasan\podlove_backend\node_modules\kareem\index.js:331:25)
    at EmbeddedDocument.Document.init (C:\Users\jahid\Music\Jahid Hasan\podlove_backend\node_modules\mongoose\lib\document.js:651:8)
    at EmbeddedDocument.Document.$init (C:\Users\jahid\Music\Jahid Hasan\podlove_backend\node_modules\mongoose\lib\document.js:667:42)
    at SchemaDocumentArray.cast (C:\Users\jahid\Music\Jahid Hasan\podlove_backend\node_modules\mongoose\lib\schema\documentArray.js:482:30)
    at init (C:\Users\jahid\Music\Jahid Hasan\podlove_backend\node_modules\mongoose\lib\document.js:794:35)
    at model.Document.$__init (C:\Users\jahid\Music\Jahid Hasan\podlove_backend\node_modules\mongoose\lib\document.js:707:3)
ValidationError
Mon Jul 28 2025 17:36:34 [Podlove] [32minfo[39m: 68870decaaa39d5c80dcca60
Mon Jul 28 2025 17:36:35 [Podlove] [32minfo[39m: [object Object]
Mon Jul 28 2025 17:36:35 [Podlove] [31merror[39m: Podcast validation failed: participants.0: Cannot read properties of undefined (reading 'model'), selectedUser.0.user: Cast to ObjectId failed for value "" (type string) at path "user" because of "BSONError", participants.0.user: Path `user` is required.
ValidationError: Podcast validation failed: participants.0: Cannot read properties of undefined (reading 'model'), selectedUser.0.user: Cast to ObjectId failed for value "" (type string) at path "user" because of "BSONError", participants.0.user: Path `user` is required.
    at model.Document.invalidate (C:\Users\jahid\Music\Jahid Hasan\podlove_backend\node_modules\mongoose\lib\document.js:3352:32)
    at EmbeddedDocument.Subdocument.invalidate (C:\Users\jahid\Music\Jahid Hasan\podlove_backend\node_modules\mongoose\lib\types\subdocument.js:229:12)
    at init (C:\Users\jahid\Music\Jahid Hasan\podlove_backend\node_modules\mongoose\lib\document.js:797:18)
    at EmbeddedDocument.Document.$__init (C:\Users\jahid\Music\Jahid Hasan\podlove_backend\node_modules\mongoose\lib\document.js:707:3)
    at EmbeddedDocument.syncWrapper [as $__init] (C:\Users\jahid\Music\Jahid Hasan\podlove_backend\node_modules\kareem\index.js:331:25)
    at EmbeddedDocument.Document.init (C:\Users\jahid\Music\Jahid Hasan\podlove_backend\node_modules\mongoose\lib\document.js:651:8)
    at EmbeddedDocument.Document.$init (C:\Users\jahid\Music\Jahid Hasan\podlove_backend\node_modules\mongoose\lib\document.js:667:42)
    at SchemaDocumentArray.cast (C:\Users\jahid\Music\Jahid Hasan\podlove_backend\node_modules\mongoose\lib\schema\documentArray.js:482:30)
    at init (C:\Users\jahid\Music\Jahid Hasan\podlove_backend\node_modules\mongoose\lib\document.js:794:35)
    at model.Document.$__init (C:\Users\jahid\Music\Jahid Hasan\podlove_backend\node_modules\mongoose\lib\document.js:707:3)
ValidationError
Mon Jul 28 2025 17:36:48 [Podlove] [32minfo[39m: 68870decaaa39d5c80dcca60
Mon Jul 28 2025 17:36:49 [Podlove] [32minfo[39m: [object Object]
Mon Jul 28 2025 17:37:12 [Podlove] [32minfo[39m: Successfully Connected to MongoDB Atlas
Mon Jul 28 2025 17:37:15 [Podlove] [32minfo[39m: Privacy Policy exists!
Mon Jul 28 2025 17:37:16 [Podlove] [32minfo[39m: Consumer Policy exists!
Mon Jul 28 2025 17:37:16 [Podlove] [32minfo[39m: Media Policy exists!
Mon Jul 28 2025 17:37:16 [Podlove] [32minfo[39m: Server is running at PORT: 8000, HOST: 10.10.10.59
Mon Jul 28 2025 17:37:16 [Podlove] [32minfo[39m: Socket.IO server initialized
Mon Jul 28 2025 17:37:16 [Podlove] [32minfo[39m: 68870decaaa39d5c80dcca60
Mon Jul 28 2025 17:37:16 [Podlove] [32minfo[39m: 68870decaaa39d5c80dcca60
Mon Jul 28 2025 17:37:16 [Podlove] [32minfo[39m: [object Object]
Mon Jul 28 2025 17:37:17 [Podlove] [32minfo[39m: [object Object]
Mon Jul 28 2025 17:37:17 [Podlove] [32minfo[39m: 6887532e6e78840d002e0f03
Mon Jul 28 2025 17:37:17 [Podlove] [32minfo[39m: 68870decaaa39d5c80dcca60
Mon Jul 28 2025 17:37:18 [Podlove] [32minfo[39m: [object Object]
Mon Jul 28 2025 17:37:18 [Podlove] [32minfo[39m: 68870decaaa39d5c80dcca60
Mon Jul 28 2025 17:37:18 [Podlove] [32minfo[39m: [object Object]
Mon Jul 28 2025 17:37:19 [Podlove] [32minfo[39m: 68870decaaa39d5c80dcca60
Mon Jul 28 2025 17:37:19 [Podlove] [32minfo[39m: [object Object]
Mon Jul 28 2025 17:37:47 [Podlove] [32minfo[39m: 68870decaaa39d5c80dcca60
Mon Jul 28 2025 17:37:47 [Podlove] [32minfo[39m: [object Object]
Mon Jul 28 2025 17:37:47 [Podlove] [31merror[39m: Podcast validation failed: participants.0: Cannot read properties of undefined (reading 'model'), selectedUser.0.user: Cast to ObjectId failed for value "" (type string) at path "user" because of "BSONError", participants.0.user: Path `user` is required.
ValidationError: Podcast validation failed: participants.0: Cannot read properties of undefined (reading 'model'), selectedUser.0.user: Cast to ObjectId failed for value "" (type string) at path "user" because of "BSONError", participants.0.user: Path `user` is required.
    at model.Document.invalidate (C:\Users\jahid\Music\Jahid Hasan\podlove_backend\node_modules\mongoose\lib\document.js:3352:32)
    at EmbeddedDocument.Subdocument.invalidate (C:\Users\jahid\Music\Jahid Hasan\podlove_backend\node_modules\mongoose\lib\types\subdocument.js:229:12)
    at init (C:\Users\jahid\Music\Jahid Hasan\podlove_backend\node_modules\mongoose\lib\document.js:797:18)
    at EmbeddedDocument.Document.$__init (C:\Users\jahid\Music\Jahid Hasan\podlove_backend\node_modules\mongoose\lib\document.js:707:3)
    at EmbeddedDocument.syncWrapper [as $__init] (C:\Users\jahid\Music\Jahid Hasan\podlove_backend\node_modules\kareem\index.js:331:25)
    at EmbeddedDocument.Document.init (C:\Users\jahid\Music\Jahid Hasan\podlove_backend\node_modules\mongoose\lib\document.js:651:8)
    at EmbeddedDocument.Document.$init (C:\Users\jahid\Music\Jahid Hasan\podlove_backend\node_modules\mongoose\lib\document.js:667:42)
    at SchemaDocumentArray.cast (C:\Users\jahid\Music\Jahid Hasan\podlove_backend\node_modules\mongoose\lib\schema\documentArray.js:482:30)
    at init (C:\Users\jahid\Music\Jahid Hasan\podlove_backend\node_modules\mongoose\lib\document.js:794:35)
    at model.Document.$__init (C:\Users\jahid\Music\Jahid Hasan\podlove_backend\node_modules\mongoose\lib\document.js:707:3)
ValidationError
Mon Jul 28 2025 17:38:5 [Podlove] [32minfo[39m: 68870decaaa39d5c80dcca60
Mon Jul 28 2025 17:38:6 [Podlove] [32minfo[39m: [object Object]
Mon Jul 28 2025 17:39:46 [Podlove] [32minfo[39m: Successfully Connected to MongoDB Atlas
Mon Jul 28 2025 17:39:49 [Podlove] [32minfo[39m: Privacy Policy exists!
Mon Jul 28 2025 17:39:49 [Podlove] [32minfo[39m: Consumer Policy exists!
Mon Jul 28 2025 17:39:50 [Podlove] [32minfo[39m: Media Policy exists!
Mon Jul 28 2025 17:39:50 [Podlove] [32minfo[39m: Server is running at PORT: 8000, HOST: 10.10.10.59
Mon Jul 28 2025 17:39:50 [Podlove] [32minfo[39m: Socket.IO server initialized
Mon Jul 28 2025 17:40:17 [Podlove] [32minfo[39m: 6887532e6e78840d002e0f03
Mon Jul 28 2025 17:40:31 [Podlove] [32minfo[39m: 6887532e6e78840d002e0f03
Mon Jul 28 2025 17:40:38 [Podlove] [32minfo[39m: 6887532e6e78840d002e0f03
Mon Jul 28 2025 17:50:6 [Podlove] [32minfo[39m: 68870decaaa39d5c80dcca60
Mon Jul 28 2025 17:50:6 [Podlove] [32minfo[39m: [object Object]
Mon Jul 28 2025 17:51:52 [Podlove] [32minfo[39m: Successfully Connected to MongoDB Atlas
Mon Jul 28 2025 17:52:2 [Podlove] [32minfo[39m: Successfully Connected to MongoDB Atlas
Mon Jul 28 2025 17:52:5 [Podlove] [32minfo[39m: Privacy Policy exists!
Mon Jul 28 2025 17:52:5 [Podlove] [32minfo[39m: Consumer Policy exists!
Mon Jul 28 2025 17:52:6 [Podlove] [32minfo[39m: Media Policy exists!
Mon Jul 28 2025 17:52:6 [Podlove] [32minfo[39m: Server is running at PORT: 8000, HOST: 10.10.10.59
Mon Jul 28 2025 17:52:6 [Podlove] [32minfo[39m: Socket.IO server initialized
Mon Jul 28 2025 17:52:6 [Podlove] [32minfo[39m: 68870decaaa39d5c80dcca60
Mon Jul 28 2025 17:52:6 [Podlove] [32minfo[39m: [object Object]
Mon Jul 28 2025 17:52:14 [Podlove] [32minfo[39m: 6887532e6e78840d002e0f03
Mon Jul 28 2025 17:52:16 [Podlove] [31merror[39m: user.save is not a function
TypeError: user.save is not a function
    at update (C:\Users\jahid\Music\Jahid Hasan\podlove_backend\src\controllers\userController.ts:232:15)
    at processTicksAndRejections (node:internal/process/task_queues:105:5)
TypeError
Mon Jul 28 2025 17:52:18 [Podlove] [32minfo[39m: 6887532e6e78840d002e0f03
Mon Jul 28 2025 17:52:20 [Podlove] [31merror[39m: user.save is not a function
TypeError: user.save is not a function
    at update (C:\Users\jahid\Music\Jahid Hasan\podlove_backend\src\controllers\userController.ts:232:15)
    at processTicksAndRejections (node:internal/process/task_queues:105:5)
TypeError
Mon Jul 28 2025 17:54:50 [Podlove] [32minfo[39m: 68870decaaa39d5c80dcca60
Mon Jul 28 2025 17:54:50 [Podlove] [32minfo[39m: [object Object]
Mon Jul 28 2025 17:56:2 [Podlove] [32minfo[39m: 68870decaaa39d5c80dcca60
Mon Jul 28 2025 17:56:2 [Podlove] [32minfo[39m: [object Object]
Mon Jul 28 2025 17:59:17 [Podlove] [32minfo[39m: Successfully Connected to MongoDB Atlas
Mon Jul 28 2025 17:59:21 [Podlove] [32minfo[39m: Privacy Policy exists!
Mon Jul 28 2025 17:59:21 [Podlove] [32minfo[39m: Consumer Policy exists!
Mon Jul 28 2025 17:59:21 [Podlove] [32minfo[39m: Media Policy exists!
Mon Jul 28 2025 17:59:21 [Podlove] [32minfo[39m: Server is running at PORT: 8000, HOST: 10.10.10.59
Mon Jul 28 2025 17:59:21 [Podlove] [32minfo[39m: Socket.IO server initialized
Mon Jul 28 2025 17:59:25 [Podlove] [32minfo[39m: 6887532e6e78840d002e0f03
Mon Jul 28 2025 17:59:31 [Podlove] [32minfo[39m: 6887532e6e78840d002e0f03
Mon Jul 28 2025 17:59:33 [Podlove] [32minfo[39m: 68870decaaa39d5c80dcca60
Mon Jul 28 2025 17:59:33 [Podlove] [32minfo[39m: [object Object]
Mon Jul 28 2025 17:59:37 [Podlove] [32minfo[39m: 68870decaaa39d5c80dcca60
Mon Jul 28 2025 17:59:37 [Podlove] [32minfo[39m: [object Object]
Mon Jul 28 2025 17:59:43 [Podlove] [32minfo[39m: 68870decaaa39d5c80dcca60
Mon Jul 28 2025 17:59:43 [Podlove] [32minfo[39m: [object Object]
Mon Jul 28 2025 17:59:45 [Podlove] [32minfo[39m: 68870decaaa39d5c80dcca60
Mon Jul 28 2025 17:59:45 [Podlove] [32minfo[39m: [object Object]
Mon Jul 28 2025 17:59:46 [Podlove] [32minfo[39m: 68870decaaa39d5c80dcca60
Mon Jul 28 2025 17:59:47 [Podlove] [32minfo[39m: [object Object]
Mon Jul 28 2025 17:59:47 [Podlove] [32minfo[39m: 68870decaaa39d5c80dcca60
Mon Jul 28 2025 17:59:48 [Podlove] [32minfo[39m: [object Object]
Mon Jul 28 2025 17:59:50 [Podlove] [32minfo[39m: 68870decaaa39d5c80dcca60
Mon Jul 28 2025 17:59:50 [Podlove] [32minfo[39m: [object Object]
