Wed Jan 07 2026 15:3:59 [Podlove] [32minfo[39m: Successfully Connected to MongoDB Atlas
Wed Jan 07 2026 15:4:3 [Podlove] [32minfo[39m: Privacy Policy exists!
Wed Jan 07 2026 15:4:4 [Podlove] [32minfo[39m: Consumer Policy exists!
Wed Jan 07 2026 15:4:4 [Podlove] [32minfo[39m: Media Policy exists!
Wed Jan 07 2026 15:4:4 [Podlove] [32minfo[39m: Server is running at PORT: 8000, HOST: 0.0.0.0
Wed Jan 07 2026 15:4:4 [Podlove] [32minfo[39m: Socket.IO server initialized
Wed Jan 07 2026 15:4:25 [Podlove] [32minfo[39m: Successfully Connected to MongoDB Atlas
Wed Jan 07 2026 15:4:30 [Podlove] [32minfo[39m: Privacy Policy exists!
Wed Jan 07 2026 15:4:30 [Podlove] [32minfo[39m: Consumer Policy exists!
Wed Jan 07 2026 15:4:30 [Podlove] [32minfo[39m: Media Policy exists!
Wed Jan 07 2026 15:4:30 [Podlove] [32minfo[39m: Server is running at PORT: 8000, HOST: 0.0.0.0
Wed Jan 07 2026 15:4:30 [Podlove] [32minfo[39m: Socket.IO server initialized
Wed Jan 07 2026 15:6:13 [Podlove] [32minfo[39m: Successfully Connected to MongoDB Atlas
Wed Jan 07 2026 15:6:17 [Podlove] [32minfo[39m: Privacy Policy exists!
Wed Jan 07 2026 15:6:17 [Podlove] [32minfo[39m: Consumer Policy exists!
Wed Jan 07 2026 15:6:18 [Podlove] [32minfo[39m: Media Policy exists!
Wed Jan 07 2026 15:6:18 [Podlove] [32minfo[39m: Server is running at PORT: 8000, HOST: 0.0.0.0
Wed Jan 07 2026 15:6:18 [Podlove] [32minfo[39m: Socket.IO server initialized
Wed Jan 07 2026 15:6:50 [Podlove] [32minfo[39m: Successfully Connected to MongoDB Atlas
Wed Jan 07 2026 15:6:59 [Podlove] [32minfo[39m: Privacy Policy exists!
Wed Jan 07 2026 15:6:59 [Podlove] [32minfo[39m: Consumer Policy exists!
Wed Jan 07 2026 15:7:0 [Podlove] [32minfo[39m: Media Policy exists!
Wed Jan 07 2026 15:7:0 [Podlove] [32minfo[39m: Server is running at PORT: 8000, HOST: 0.0.0.0
Wed Jan 07 2026 15:7:0 [Podlove] [32minfo[39m: Socket.IO server initialized
Wed Jan 07 2026 15:16:55 [Podlove] [32minfo[39m: Successfully Connected to MongoDB Atlas
Wed Jan 07 2026 15:17:8 [Podlove] [32minfo[39m: Successfully Connected to MongoDB Atlas
Wed Jan 07 2026 15:17:14 [Podlove] [32minfo[39m: Privacy Policy exists!
Wed Jan 07 2026 15:17:14 [Podlove] [32minfo[39m: Consumer Policy exists!
Wed Jan 07 2026 15:17:15 [Podlove] [32minfo[39m: Media Policy exists!
Wed Jan 07 2026 15:17:15 [Podlove] [32minfo[39m: Server is running at PORT: 8000, HOST: 0.0.0.0
Wed Jan 07 2026 15:17:15 [Podlove] [32minfo[39m: Socket.IO server initialized
