Tue Jan 06 2026 18:1:28 [Podlove] [32minfo[39m: Successfully Connected to MongoDB Atlas
Tue Jan 06 2026 18:1:32 [Podlove] [32minfo[39m: Privacy Policy exists!
Tue Jan 06 2026 18:1:32 [Podlove] [32minfo[39m: Consumer Policy exists!
Tue Jan 06 2026 18:1:32 [Podlove] [32minfo[39m: Media Policy exists!
Tue Jan 06 2026 18:1:32 [Podlove] [32minfo[39m: Server is running at PORT: 8000, HOST: 10.10.20.11
Tue Jan 06 2026 18:1:32 [Podlove] [32minfo[39m: Socket.IO server initialized
Tue Jan 06 2026 18:3:52 [Podlove] [32minfo[39m: Successfully Connected to MongoDB Atlas
Tue Jan 06 2026 18:3:55 [Podlove] [32minfo[39m: Privacy Policy exists!
Tue Jan 06 2026 18:3:56 [Podlove] [32minfo[39m: Consumer Policy exists!
Tue Jan 06 2026 18:3:56 [Podlove] [32minfo[39m: Media Policy exists!
Tue Jan 06 2026 18:3:56 [Podlove] [32minfo[39m: Server is running at PORT: 8000, HOST: 10.10.20.11
Tue Jan 06 2026 18:3:56 [Podlove] [32minfo[39m: Socket.IO server initialized
Tue Jan 06 2026 18:4:35 [Podlove] [32minfo[39m: Successfully Connected to MongoDB Atlas
Tue Jan 06 2026 18:4:39 [Podlove] [32minfo[39m: Privacy Policy exists!
Tue Jan 06 2026 18:4:39 [Podlove] [32minfo[39m: Consumer Policy exists!
Tue Jan 06 2026 18:4:40 [Podlove] [32minfo[39m: Media Policy exists!
Tue Jan 06 2026 18:4:40 [Podlove] [32minfo[39m: Server is running at PORT: 8000, HOST: 10.10.20.11
Tue Jan 06 2026 18:4:40 [Podlove] [32minfo[39m: Socket.IO server initialized
Tue Jan 06 2026 18:8:43 [Podlove] [32minfo[39m: Successfully Connected to MongoDB Atlas
Tue Jan 06 2026 18:8:47 [Podlove] [32minfo[39m: Privacy Policy exists!
Tue Jan 06 2026 18:8:47 [Podlove] [32minfo[39m: Consumer Policy exists!
Tue Jan 06 2026 18:8:48 [Podlove] [32minfo[39m: Media Policy exists!
Tue Jan 06 2026 18:8:48 [Podlove] [32minfo[39m: Server is running at PORT: 8000, HOST: 10.10.20.11
Tue Jan 06 2026 18:8:48 [Podlove] [32minfo[39m: Socket.IO server initialized
Tue Jan 06 2026 18:12:56 [Podlove] [32minfo[39m: Successfully Connected to MongoDB Atlas
Tue Jan 06 2026 18:13:0 [Podlove] [32minfo[39m: Privacy Policy exists!
Tue Jan 06 2026 18:13:0 [Podlove] [32minfo[39m: Consumer Policy exists!
Tue Jan 06 2026 18:13:0 [Podlove] [32minfo[39m: Media Policy exists!
Tue Jan 06 2026 18:13:0 [Podlove] [32minfo[39m: Server is running at PORT: 8000, HOST: 10.10.20.11
Tue Jan 06 2026 18:13:0 [Podlove] [32minfo[39m: Socket.IO server initialized
Tue Jan 06 2026 18:14:29 [Podlove] [32minfo[39m: Successfully Connected to MongoDB Atlas
Tue Jan 06 2026 18:14:33 [Podlove] [32minfo[39m: Privacy Policy exists!
Tue Jan 06 2026 18:14:33 [Podlove] [32minfo[39m: Consumer Policy exists!
Tue Jan 06 2026 18:14:34 [Podlove] [32minfo[39m: Media Policy exists!
Tue Jan 06 2026 18:14:34 [Podlove] [32minfo[39m: Server is running at PORT: 8000, HOST: 10.10.20.11
Tue Jan 06 2026 18:14:34 [Podlove] [32minfo[39m: Socket.IO server initialized
Tue Jan 06 2026 18:45:24 [Podlove] [32minfo[39m: Successfully Connected to MongoDB Atlas
Tue Jan 06 2026 18:45:29 [Podlove] [32minfo[39m: Privacy Policy exists!
Tue Jan 06 2026 18:45:29 [Podlove] [32minfo[39m: Consumer Policy exists!
Tue Jan 06 2026 18:45:29 [Podlove] [32minfo[39m: Media Policy exists!
Tue Jan 06 2026 18:45:29 [Podlove] [32minfo[39m: Server is running at PORT: 8000, HOST: 10.10.20.11
Tue Jan 06 2026 18:45:29 [Podlove] [32minfo[39m: Socket.IO server initialized
Tue Jan 06 2026 18:47:9 [Podlove] [32minfo[39m: Successfully Connected to MongoDB Atlas
Tue Jan 06 2026 18:47:13 [Podlove] [32minfo[39m: Privacy Policy exists!
Tue Jan 06 2026 18:47:13 [Podlove] [32minfo[39m: Consumer Policy exists!
Tue Jan 06 2026 18:47:14 [Podlove] [32minfo[39m: Media Policy exists!
Tue Jan 06 2026 18:47:14 [Podlove] [32minfo[39m: Server is running at PORT: 8000, HOST: 10.10.20.11
Tue Jan 06 2026 18:47:14 [Podlove] [32minfo[39m: Socket.IO server initialized
Tue Jan 06 2026 18:47:36 [Podlove] [32minfo[39m: Successfully Connected to MongoDB Atlas
Tue Jan 06 2026 18:47:40 [Podlove] [32minfo[39m: Privacy Policy exists!
Tue Jan 06 2026 18:47:40 [Podlove] [32minfo[39m: Consumer Policy exists!
Tue Jan 06 2026 18:47:40 [Podlove] [32minfo[39m: Media Policy exists!
Tue Jan 06 2026 18:47:40 [Podlove] [32minfo[39m: Server is running at PORT: 8000, HOST: 10.10.20.11
Tue Jan 06 2026 18:47:40 [Podlove] [32minfo[39m: Socket.IO server initialized
Tue Jan 06 2026 18:54:25 [Podlove] [32minfo[39m: Successfully Connected to MongoDB Atlas
Tue Jan 06 2026 18:54:30 [Podlove] [32minfo[39m: Privacy Policy exists!
Tue Jan 06 2026 18:54:30 [Podlove] [32minfo[39m: Consumer Policy exists!
Tue Jan 06 2026 18:54:31 [Podlove] [32minfo[39m: Media Policy exists!
Tue Jan 06 2026 18:54:31 [Podlove] [32minfo[39m: Server is running at PORT: 8000, HOST: 10.10.20.11
Tue Jan 06 2026 18:54:31 [Podlove] [32minfo[39m: Socket.IO server initialized
Tue Jan 06 2026 18:56:32 [Podlove] [32minfo[39m: Successfully Connected to MongoDB Atlas
Tue Jan 06 2026 18:56:37 [Podlove] [32minfo[39m: Privacy Policy exists!
Tue Jan 06 2026 18:56:38 [Podlove] [32minfo[39m: Consumer Policy exists!
Tue Jan 06 2026 18:56:38 [Podlove] [32minfo[39m: Media Policy exists!
Tue Jan 06 2026 18:56:38 [Podlove] [32minfo[39m: Server is running at PORT: 8000, HOST: 10.10.20.11
Tue Jan 06 2026 18:56:38 [Podlove] [32minfo[39m: Socket.IO server initialized
Tue Jan 06 2026 18:58:7 [Podlove] [32minfo[39m: Successfully Connected to MongoDB Atlas
Tue Jan 06 2026 18:58:11 [Podlove] [32minfo[39m: Privacy Policy exists!
Tue Jan 06 2026 18:58:12 [Podlove] [32minfo[39m: Consumer Policy exists!
Tue Jan 06 2026 18:58:12 [Podlove] [32minfo[39m: Media Policy exists!
Tue Jan 06 2026 18:58:12 [Podlove] [32minfo[39m: Server is running at PORT: 8000, HOST: 10.10.20.11
Tue Jan 06 2026 18:58:12 [Podlove] [32minfo[39m: Socket.IO server initialized
