Wed Jul 23 2025 15:0:42 [Podlove] [32minfo[39m: 687dd01b00716e1a7253010e
Wed Jul 23 2025 15:1:1 [Podlove] [32minfo[39m: 687dd01b00716e1a7253010e
Wed Jul 23 2025 15:1:30 [Podlove] [32minfo[39m: 687dd01b00716e1a7253010e
Wed Jul 23 2025 15:1:49 [Podlove] [32minfo[39m: 687dd01b00716e1a7253010e
Wed Jul 23 2025 15:3:41 [Podlove] [32minfo[39m: 687dd01b00716e1a7253010e
Wed Jul 23 2025 15:6:50 [Podlove] [32minfo[39m: Successfully Connected to MongoDB Atlas
Wed Jul 23 2025 15:6:53 [Podlove] [32minfo[39m: Privacy Policy exists!
Wed Jul 23 2025 15:6:53 [Podlove] [32minfo[39m: Consumer Policy exists!
Wed Jul 23 2025 15:6:53 [Podlove] [32minfo[39m: Media Policy exists!
Wed Jul 23 2025 15:6:53 [Podlove] [32minfo[39m: Server is running at PORT: 8000, HOST: 10.10.10.59
Wed Jul 23 2025 15:6:53 [Podlove] [32minfo[39m: Socket.IO server initialized
Wed Jul 23 2025 15:11:57 [Podlove] [32minfo[39m: Successfully Connected to MongoDB Atlas
Wed Jul 23 2025 15:12:0 [Podlove] [32minfo[39m: Privacy Policy exists!
Wed Jul 23 2025 15:12:0 [Podlove] [32minfo[39m: Consumer Policy exists!
Wed Jul 23 2025 15:12:0 [Podlove] [32minfo[39m: Media Policy exists!
Wed Jul 23 2025 15:12:0 [Podlove] [32minfo[39m: Server is running at PORT: 8000, HOST: 10.10.10.59
Wed Jul 23 2025 15:12:0 [Podlove] [32minfo[39m: Socket.IO server initialized
Wed Jul 23 2025 15:21:52 [Podlove] [32minfo[39m: 6880a9992a4d4f9f7b707c50
Wed Jul 23 2025 15:21:55 [Podlove] [32minfo[39m: 6880a9992a4d4f9f7b707c50
Wed Jul 23 2025 15:22:2 [Podlove] [32minfo[39m: 6880a9992a4d4f9f7b707c50
Wed Jul 23 2025 15:22:6 [Podlove] [32minfo[39m: 6880a9992a4d4f9f7b707c50
Wed Jul 23 2025 15:22:12 [Podlove] [32minfo[39m: 6880a9992a4d4f9f7b707c50
Wed Jul 23 2025 15:22:16 [Podlove] [32minfo[39m: 6880a9992a4d4f9f7b707c50
Wed Jul 23 2025 15:22:22 [Podlove] [32minfo[39m: 6880a9992a4d4f9f7b707c50
Wed Jul 23 2025 15:22:41 [Podlove] [32minfo[39m: 6880a9992a4d4f9f7b707c50
Wed Jul 23 2025 15:22:46 [Podlove] [32minfo[39m: 6880a9992a4d4f9f7b707c50
Wed Jul 23 2025 15:22:53 [Podlove] [32minfo[39m: 6880a9992a4d4f9f7b707c50
Wed Jul 23 2025 15:23:39 [Podlove] [32minfo[39m: 6880a9992a4d4f9f7b707c50
Wed Jul 23 2025 15:23:58 [Podlove] [32minfo[39m: 6880a9992a4d4f9f7b707c50
Wed Jul 23 2025 15:26:18 [Podlove] [32minfo[39m: 6880a9992a4d4f9f7b707c50
Wed Jul 23 2025 15:26:26 [Podlove] [32minfo[39m: 6880a9992a4d4f9f7b707c50
Wed Jul 23 2025 15:26:35 [Podlove] [32minfo[39m: 6880a9992a4d4f9f7b707c50
Wed Jul 23 2025 15:27:4 [Podlove] [32minfo[39m: 6880a9992a4d4f9f7b707c50
Wed Jul 23 2025 15:27:29 [Podlove] [32minfo[39m: 6880a9992a4d4f9f7b707c50
Wed Jul 23 2025 15:27:38 [Podlove] [32minfo[39m: 6880a9992a4d4f9f7b707c50
Wed Jul 23 2025 15:32:47 [Podlove] [32minfo[39m: 6880a9992a4d4f9f7b707c50
Wed Jul 23 2025 15:33:9 [Podlove] [32minfo[39m: 6880a9992a4d4f9f7b707c50
Wed Jul 23 2025 15:33:46 [Podlove] [32minfo[39m: 6880a9992a4d4f9f7b707c50
Wed Jul 23 2025 15:49:36 [Podlove] [32minfo[39m: Successfully Connected to MongoDB Atlas
Wed Jul 23 2025 15:49:40 [Podlove] [32minfo[39m: Privacy Policy exists!
Wed Jul 23 2025 15:49:40 [Podlove] [32minfo[39m: Consumer Policy exists!
Wed Jul 23 2025 15:49:40 [Podlove] [32minfo[39m: Media Policy exists!
Wed Jul 23 2025 15:49:40 [Podlove] [32minfo[39m: Server is running at PORT: 8000, HOST: 10.10.10.59
Wed Jul 23 2025 15:49:40 [Podlove] [32minfo[39m: Socket.IO server initialized
Wed Jul 23 2025 15:50:59 [Podlove] [32minfo[39m: Successfully Connected to MongoDB Atlas
Wed Jul 23 2025 15:51:2 [Podlove] [32minfo[39m: Privacy Policy exists!
Wed Jul 23 2025 15:51:3 [Podlove] [32minfo[39m: Consumer Policy exists!
Wed Jul 23 2025 15:51:3 [Podlove] [32minfo[39m: Media Policy exists!
Wed Jul 23 2025 15:51:3 [Podlove] [32minfo[39m: Server is running at PORT: 8000, HOST: 10.10.10.59
Wed Jul 23 2025 15:51:3 [Podlove] [32minfo[39m: Socket.IO server initialized
Wed Jul 23 2025 15:58:5 [Podlove] [32minfo[39m: Successfully Connected to MongoDB Atlas
Wed Jul 23 2025 15:58:8 [Podlove] [32minfo[39m: Privacy Policy exists!
Wed Jul 23 2025 15:58:8 [Podlove] [32minfo[39m: Consumer Policy exists!
Wed Jul 23 2025 15:58:9 [Podlove] [32minfo[39m: Media Policy exists!
Wed Jul 23 2025 15:58:9 [Podlove] [32minfo[39m: Server is running at PORT: 8000, HOST: 10.10.10.59
Wed Jul 23 2025 15:58:9 [Podlove] [32minfo[39m: Socket.IO server initialized
Wed Jul 23 2025 15:59:11 [Podlove] [32minfo[39m: Successfully Connected to MongoDB Atlas
Wed Jul 23 2025 15:59:14 [Podlove] [32minfo[39m: Privacy Policy exists!
Wed Jul 23 2025 15:59:14 [Podlove] [32minfo[39m: Consumer Policy exists!
Wed Jul 23 2025 15:59:15 [Podlove] [32minfo[39m: Media Policy exists!
Wed Jul 23 2025 15:59:15 [Podlove] [32minfo[39m: Server is running at PORT: 8000, HOST: 10.10.10.59
Wed Jul 23 2025 15:59:15 [Podlove] [32minfo[39m: Socket.IO server initialized
