Thu Mar 27 2025 5:12:24 [Podlove] [32minfo[39m: Successfully Connected to MongoDB Atlas
Thu Mar 27 2025 5:12:25 [Podlove] [32minfo[39m: Server is running at PORT: 7000
Thu Mar 27 2025 5:31:44 [Podlove] [32minfo[39m: Successfully Connected to MongoDB Atlas
Thu Mar 27 2025 5:31:44 [Podlove] [32minfo[39m: Server is running at PORT: 7000
Thu Mar 27 2025 5:33:41 [Podlove] [32minfo[39m: Successfully Connected to MongoDB Atlas
Thu Mar 27 2025 5:33:42 [Podlove] [32minfo[39m: Server is running at PORT: 7000
Thu Mar 27 2025 5:33:54 [Podlove] [31merror[39m: Token has expired
UnauthorizedError: Token has expired
    at decodeToken (/home/mir/dev/projects/podlove_backend/src/utils/jwt.ts:27:22)
    at /home/mir/dev/projects/podlove_backend/src/middlewares/authorization.ts:50:32
    at /home/mir/dev/projects/podlove_backend/src/shared/asyncHandler.ts:7:19
    at Layer.handle [as handle_request] (/home/mir/dev/projects/podlove_backend/node_modules/.pnpm/express@4.21.2/node_modules/express/lib/router/layer.js:95:5)
    at next (/home/mir/dev/projects/podlove_backend/node_modules/.pnpm/express@4.21.2/node_modules/express/lib/router/route.js:149:13)
    at Route.dispatch (/home/mir/dev/projects/podlove_backend/node_modules/.pnpm/express@4.21.2/node_modules/express/lib/router/route.js:119:3)
    at Layer.handle [as handle_request] (/home/mir/dev/projects/podlove_backend/node_modules/.pnpm/express@4.21.2/node_modules/express/lib/router/layer.js:95:5)
    at /home/mir/dev/projects/podlove_backend/node_modules/.pnpm/express@4.21.2/node_modules/express/lib/router/index.js:284:15
    at Function.process_params (/home/mir/dev/projects/podlove_backend/node_modules/.pnpm/express@4.21.2/node_modules/express/lib/router/index.js:346:12)
    at next (/home/mir/dev/projects/podlove_backend/node_modules/.pnpm/express@4.21.2/node_modules/express/lib/router/index.js:280:10)
UnauthorizedError
Thu Mar 27 2025 5:34:10 [Podlove] [32minfo[39m: 67a98f287809a7a156b6d1cf
Thu Mar 27 2025 5:35:22 [Podlove] [32minfo[39m: Successfully Connected to MongoDB Atlas
Thu Mar 27 2025 5:35:23 [Podlove] [32minfo[39m: Server is running at PORT: 7000
Thu Mar 27 2025 5:35:28 [Podlove] [32minfo[39m: 67a98f287809a7a156b6d1cf
Thu Mar 27 2025 5:51:20 [Podlove] [32minfo[39m: Successfully Connected to MongoDB Atlas
Thu Mar 27 2025 5:51:21 [Podlove] [32minfo[39m: Server is running at PORT: 7000
