Wed Jul 30 2025 19:0:4 [Podlove] [32minfo[39m: 685e6e80ad422af7edb9b072
Wed Jul 30 2025 19:0:4 [Podlove] [32minfo[39m: [object Object]
Wed Jul 30 2025 19:2:40 [Podlove] [32minfo[39m: 685e6e80ad422af7edb9b072
Wed Jul 30 2025 19:2:41 [Podlove] [32minfo[39m: [object Object]
Wed Jul 30 2025 19:21:23 [Podlove] [32minfo[39m: Successfully Connected to MongoDB Atlas
Wed Jul 30 2025 19:21:29 [Podlove] [32minfo[39m: Privacy Policy exists!
Wed Jul 30 2025 19:21:29 [Podlove] [32minfo[39m: Consumer Policy exists!
Wed Jul 30 2025 19:21:29 [Podlove] [32minfo[39m: Media Policy exists!
Wed Jul 30 2025 19:21:29 [Podlove] [32minfo[39m: Server is running at PORT: 8000, HOST: 10.10.10.59
Wed Jul 30 2025 19:21:29 [Podlove] [32minfo[39m: Socket.IO server initialized
Wed Jul 30 2025 19:29:7 [Podlove] [32minfo[39m: Successfully Connected to MongoDB Atlas
Wed Jul 30 2025 19:29:9 [Podlove] [32minfo[39m: Privacy Policy exists!
Wed Jul 30 2025 19:29:10 [Podlove] [32minfo[39m: Consumer Policy exists!
Wed Jul 30 2025 19:29:10 [Podlove] [32minfo[39m: Media Policy exists!
Wed Jul 30 2025 19:29:10 [Podlove] [32minfo[39m: Server is running at PORT: 8000, HOST: 10.10.10.59
Wed Jul 30 2025 19:29:10 [Podlove] [32minfo[39m: Socket.IO server initialized
Wed Jul 30 2025 19:30:48 [Podlove] [32minfo[39m: Successfully Connected to MongoDB Atlas
Wed Jul 30 2025 19:30:52 [Podlove] [32minfo[39m: Privacy Policy exists!
Wed Jul 30 2025 19:30:52 [Podlove] [32minfo[39m: Consumer Policy exists!
Wed Jul 30 2025 19:30:52 [Podlove] [32minfo[39m: Media Policy exists!
Wed Jul 30 2025 19:30:52 [Podlove] [32minfo[39m: Server is running at PORT: 8000, HOST: 10.10.10.59
Wed Jul 30 2025 19:30:52 [Podlove] [32minfo[39m: Socket.IO server initialized
Wed Jul 30 2025 19:31:13 [Podlove] [32minfo[39m: Successfully Connected to MongoDB Atlas
Wed Jul 30 2025 19:31:16 [Podlove] [32minfo[39m: Privacy Policy exists!
Wed Jul 30 2025 19:31:16 [Podlove] [32minfo[39m: Consumer Policy exists!
Wed Jul 30 2025 19:31:17 [Podlove] [32minfo[39m: Media Policy exists!
Wed Jul 30 2025 19:31:17 [Podlove] [32minfo[39m: Server is running at PORT: 8000, HOST: 10.10.10.59
Wed Jul 30 2025 19:31:17 [Podlove] [32minfo[39m: Socket.IO server initialized
