Sun Jul 13 2025 16:0:51 [Podlove] [32minfo[39m: Successfully Connected to MongoDB Atlas
Sun Jul 13 2025 16:0:55 [Podlove] [32minfo[39m: Privacy Policy exists!
Sun Jul 13 2025 16:0:55 [Podlove] [32minfo[39m: Consumer Policy exists!
Sun Jul 13 2025 16:0:55 [Podlove] [32minfo[39m: Media Policy exists!
Sun Jul 13 2025 16:0:55 [Podlove] [32minfo[39m: Server is running at PORT: 8000, HOST: 10.0.60.147
Sun Jul 13 2025 16:0:55 [Podlove] [32minfo[39m: Socket.IO server initialized
Sun Jul 13 2025 16:1:51 [Podlove] [32minfo[39m: Successfully Connected to MongoDB Atlas
Sun Jul 13 2025 16:1:54 [Podlove] [32minfo[39m: Privacy Policy exists!
Sun Jul 13 2025 16:1:55 [Podlove] [32minfo[39m: Consumer Policy exists!
Sun Jul 13 2025 16:1:55 [Podlove] [32minfo[39m: Media Policy exists!
Sun Jul 13 2025 16:1:55 [Podlove] [32minfo[39m: Server is running at PORT: 8000, HOST: 10.0.60.147
Sun Jul 13 2025 16:1:55 [Podlove] [32minfo[39m: Socket.IO server initialized
Sun Jul 13 2025 16:6:51 [Podlove] [32minfo[39m: Successfully Connected to MongoDB Atlas
Sun Jul 13 2025 16:6:54 [Podlove] [32minfo[39m: Privacy Policy exists!
Sun Jul 13 2025 16:6:54 [Podlove] [32minfo[39m: Consumer Policy exists!
Sun Jul 13 2025 16:6:54 [Podlove] [32minfo[39m: Media Policy exists!
Sun Jul 13 2025 16:6:55 [Podlove] [32minfo[39m: Server is running at PORT: 8000, HOST: 10.0.60.147
Sun Jul 13 2025 16:6:55 [Podlove] [32minfo[39m: Socket.IO server initialized
Sun Jul 13 2025 16:10:54 [Podlove] [32minfo[39m: 687217cf282e0b3cdea4802d
Sun Jul 13 2025 16:11:40 [Podlove] [32minfo[39m: 687217cf282e0b3cdea4802d
Sun Jul 13 2025 16:12:43 [Podlove] [32minfo[39m: 687217cf282e0b3cdea4802d
Sun Jul 13 2025 16:13:2 [Podlove] [32minfo[39m: 687217cf282e0b3cdea4802d
Sun Jul 13 2025 16:15:54 [Podlove] [32minfo[39m: 687217cf282e0b3cdea4802d
Sun Jul 13 2025 16:16:5 [Podlove] [32minfo[39m: 687217cf282e0b3cdea4802d
Sun Jul 13 2025 16:16:43 [Podlove] [32minfo[39m: Successfully Connected to MongoDB Atlas
Sun Jul 13 2025 16:16:46 [Podlove] [32minfo[39m: Privacy Policy exists!
Sun Jul 13 2025 16:16:46 [Podlove] [32minfo[39m: Consumer Policy exists!
Sun Jul 13 2025 16:16:47 [Podlove] [32minfo[39m: Media Policy exists!
Sun Jul 13 2025 16:16:47 [Podlove] [32minfo[39m: Server is running at PORT: 8000, HOST: 10.0.60.147
Sun Jul 13 2025 16:16:47 [Podlove] [32minfo[39m: Socket.IO server initialized
Sun Jul 13 2025 16:17:38 [Podlove] [32minfo[39m: 687217cf282e0b3cdea4802d
Sun Jul 13 2025 16:17:41 [Podlove] [32minfo[39m: 687217cf282e0b3cdea4802d
Sun Jul 13 2025 16:18:16 [Podlove] [32minfo[39m: 687217cf282e0b3cdea4802d
Sun Jul 13 2025 16:18:21 [Podlove] [32minfo[39m: 687217cf282e0b3cdea4802d
Sun Jul 13 2025 16:19:2 [Podlove] [32minfo[39m: 687217cf282e0b3cdea4802d
Sun Jul 13 2025 16:19:34 [Podlove] [32minfo[39m: 687217cf282e0b3cdea4802d
Sun Jul 13 2025 16:19:42 [Podlove] [32minfo[39m: 687217cf282e0b3cdea4802d
Sun Jul 13 2025 16:20:17 [Podlove] [32minfo[39m: 687217cf282e0b3cdea4802d
Sun Jul 13 2025 16:20:20 [Podlove] [32minfo[39m: 687217cf282e0b3cdea4802d
Sun Jul 13 2025 16:20:39 [Podlove] [32minfo[39m: 687217cf282e0b3cdea4802d
Sun Jul 13 2025 16:20:40 [Podlove] [32minfo[39m: 687217cf282e0b3cdea4802d
Sun Jul 13 2025 16:21:18 [Podlove] [32minfo[39m: 687217cf282e0b3cdea4802d
Sun Jul 13 2025 16:22:4 [Podlove] [32minfo[39m: 687217cf282e0b3cdea4802d
Sun Jul 13 2025 16:22:6 [Podlove] [32minfo[39m: 687217cf282e0b3cdea4802d
Sun Jul 13 2025 16:23:22 [Podlove] [32minfo[39m: Successfully Connected to MongoDB Atlas
Sun Jul 13 2025 16:23:25 [Podlove] [32minfo[39m: Privacy Policy exists!
Sun Jul 13 2025 16:23:25 [Podlove] [32minfo[39m: Consumer Policy exists!
Sun Jul 13 2025 16:23:25 [Podlove] [32minfo[39m: Media Policy exists!
Sun Jul 13 2025 16:23:25 [Podlove] [32minfo[39m: Server is running at PORT: 8000, HOST: 10.0.60.147
Sun Jul 13 2025 16:23:25 [Podlove] [32minfo[39m: Socket.IO server initialized
Sun Jul 13 2025 16:24:51 [Podlove] [32minfo[39m: 687217cf282e0b3cdea4802d
Sun Jul 13 2025 16:24:53 [Podlove] [32minfo[39m: 687217cf282e0b3cdea4802d
Sun Jul 13 2025 16:26:10 [Podlove] [32minfo[39m: Successfully Connected to MongoDB Atlas
Sun Jul 13 2025 16:26:13 [Podlove] [32minfo[39m: Privacy Policy exists!
Sun Jul 13 2025 16:26:13 [Podlove] [32minfo[39m: Consumer Policy exists!
Sun Jul 13 2025 16:26:13 [Podlove] [32minfo[39m: Media Policy exists!
Sun Jul 13 2025 16:26:13 [Podlove] [32minfo[39m: Server is running at PORT: 8000, HOST: 10.0.60.147
Sun Jul 13 2025 16:26:13 [Podlove] [32minfo[39m: Socket.IO server initialized
Sun Jul 13 2025 16:26:45 [Podlove] [32minfo[39m: Successfully Connected to MongoDB Atlas
Sun Jul 13 2025 16:26:48 [Podlove] [32minfo[39m: Privacy Policy exists!
Sun Jul 13 2025 16:26:48 [Podlove] [32minfo[39m: Consumer Policy exists!
Sun Jul 13 2025 16:26:49 [Podlove] [32minfo[39m: Media Policy exists!
Sun Jul 13 2025 16:26:49 [Podlove] [32minfo[39m: Server is running at PORT: 8000, HOST: 10.0.60.147
Sun Jul 13 2025 16:26:49 [Podlove] [32minfo[39m: Socket.IO server initialized
Sun Jul 13 2025 16:28:57 [Podlove] [32minfo[39m: 687217cf282e0b3cdea4802d
Sun Jul 13 2025 16:29:18 [Podlove] [32minfo[39m: 687217cf282e0b3cdea4802d
Sun Jul 13 2025 16:29:51 [Podlove] [32minfo[39m: 687217cf282e0b3cdea4802d
Sun Jul 13 2025 16:29:52 [Podlove] [32minfo[39m: 687217cf282e0b3cdea4802d
Sun Jul 13 2025 16:30:18 [Podlove] [32minfo[39m: Successfully Connected to MongoDB Atlas
Sun Jul 13 2025 16:30:21 [Podlove] [32minfo[39m: Privacy Policy exists!
Sun Jul 13 2025 16:30:22 [Podlove] [32minfo[39m: Consumer Policy exists!
Sun Jul 13 2025 16:30:22 [Podlove] [32minfo[39m: Media Policy exists!
Sun Jul 13 2025 16:30:22 [Podlove] [32minfo[39m: Server is running at PORT: 8000, HOST: 10.0.60.147
Sun Jul 13 2025 16:30:22 [Podlove] [32minfo[39m: Socket.IO server initialized
Sun Jul 13 2025 16:35:20 [Podlove] [32minfo[39m: Successfully Connected to MongoDB Atlas
Sun Jul 13 2025 16:35:24 [Podlove] [32minfo[39m: Privacy Policy exists!
Sun Jul 13 2025 16:35:24 [Podlove] [32minfo[39m: Consumer Policy exists!
Sun Jul 13 2025 16:35:24 [Podlove] [32minfo[39m: Media Policy exists!
Sun Jul 13 2025 16:35:24 [Podlove] [32minfo[39m: Server is running at PORT: 8000, HOST: 10.0.60.147
Sun Jul 13 2025 16:35:24 [Podlove] [32minfo[39m: Socket.IO server initialized
Sun Jul 13 2025 16:35:49 [Podlove] [32minfo[39m: Successfully Connected to MongoDB Atlas
Sun Jul 13 2025 16:35:52 [Podlove] [32minfo[39m: Privacy Policy exists!
Sun Jul 13 2025 16:35:53 [Podlove] [32minfo[39m: Consumer Policy exists!
Sun Jul 13 2025 16:35:53 [Podlove] [32minfo[39m: Media Policy exists!
Sun Jul 13 2025 16:35:53 [Podlove] [32minfo[39m: Server is running at PORT: 8000, HOST: 10.0.60.147
Sun Jul 13 2025 16:35:53 [Podlove] [32minfo[39m: Socket.IO server initialized
Sun Jul 13 2025 16:37:35 [Podlove] [32minfo[39m: Successfully Connected to MongoDB Atlas
Sun Jul 13 2025 16:37:38 [Podlove] [32minfo[39m: Privacy Policy exists!
Sun Jul 13 2025 16:37:38 [Podlove] [32minfo[39m: Consumer Policy exists!
Sun Jul 13 2025 16:37:39 [Podlove] [32minfo[39m: Media Policy exists!
Sun Jul 13 2025 16:37:39 [Podlove] [32minfo[39m: Server is running at PORT: 8000, HOST: 10.0.60.147
Sun Jul 13 2025 16:37:39 [Podlove] [32minfo[39m: Socket.IO server initialized
Sun Jul 13 2025 16:37:46 [Podlove] [32minfo[39m: Successfully Connected to MongoDB Atlas
Sun Jul 13 2025 16:37:50 [Podlove] [32minfo[39m: Privacy Policy exists!
Sun Jul 13 2025 16:37:50 [Podlove] [32minfo[39m: Consumer Policy exists!
Sun Jul 13 2025 16:37:50 [Podlove] [32minfo[39m: Media Policy exists!
Sun Jul 13 2025 16:37:50 [Podlove] [32minfo[39m: Server is running at PORT: 8000, HOST: 10.0.60.147
Sun Jul 13 2025 16:37:50 [Podlove] [32minfo[39m: Socket.IO server initialized
Sun Jul 13 2025 16:44:5 [Podlove] [32minfo[39m: Successfully Connected to MongoDB Atlas
Sun Jul 13 2025 16:44:9 [Podlove] [32minfo[39m: Privacy Policy exists!
Sun Jul 13 2025 16:44:9 [Podlove] [32minfo[39m: Consumer Policy exists!
Sun Jul 13 2025 16:44:9 [Podlove] [32minfo[39m: Media Policy exists!
Sun Jul 13 2025 16:44:9 [Podlove] [32minfo[39m: Server is running at PORT: 8000, HOST: 10.0.60.147
Sun Jul 13 2025 16:44:9 [Podlove] [32minfo[39m: Socket.IO server initialized
Sun Jul 13 2025 16:45:30 [Podlove] [32minfo[39m: Successfully Connected to MongoDB Atlas
Sun Jul 13 2025 16:45:34 [Podlove] [32minfo[39m: Privacy Policy exists!
Sun Jul 13 2025 16:45:34 [Podlove] [32minfo[39m: Consumer Policy exists!
Sun Jul 13 2025 16:45:34 [Podlove] [32minfo[39m: Media Policy exists!
Sun Jul 13 2025 16:45:34 [Podlove] [32minfo[39m: Server is running at PORT: 8000, HOST: 10.0.60.147
Sun Jul 13 2025 16:45:34 [Podlove] [32minfo[39m: Socket.IO server initialized
