Sun Sep 07 2025 15:38:35 [Podlove] [32minfo[39m: Successfully Connected to MongoDB Atlas
Sun Sep 07 2025 15:38:38 [Podlove] [32minfo[39m: Privacy Policy exists!
Sun Sep 07 2025 15:38:39 [Podlove] [32minfo[39m: Consumer Policy exists!
Sun Sep 07 2025 15:38:39 [Podlove] [32minfo[39m: Media Policy exists!
Sun Sep 07 2025 15:38:39 [Podlove] [32minfo[39m: Server is running at PORT: 8000, HOST: 10.10.20.11
Sun Sep 07 2025 15:38:39 [Podlove] [32minfo[39m: Socket.IO server initialized
Sun Sep 07 2025 15:43:2 [Podlove] [32minfo[39m: Successfully Connected to MongoDB Atlas
Sun Sep 07 2025 15:43:5 [Podlove] [32minfo[39m: Privacy Policy exists!
Sun Sep 07 2025 15:43:5 [Podlove] [32minfo[39m: Consumer Policy exists!
Sun Sep 07 2025 15:43:6 [Podlove] [32minfo[39m: Media Policy exists!
Sun Sep 07 2025 15:43:6 [Podlove] [32minfo[39m: Server is running at PORT: 8000, HOST: 10.10.20.11
Sun Sep 07 2025 15:43:6 [Podlove] [32minfo[39m: Socket.IO server initialized
Sun Sep 07 2025 15:45:55 [Podlove] [32minfo[39m: Successfully Connected to MongoDB Atlas
Sun Sep 07 2025 15:45:59 [Podlove] [32minfo[39m: Privacy Policy exists!
Sun Sep 07 2025 15:45:59 [Podlove] [32minfo[39m: Consumer Policy exists!
Sun Sep 07 2025 15:46:0 [Podlove] [32minfo[39m: Media Policy exists!
Sun Sep 07 2025 15:46:0 [Podlove] [32minfo[39m: Server is running at PORT: 8000, HOST: 10.10.20.11
Sun Sep 07 2025 15:46:0 [Podlove] [32minfo[39m: Socket.IO server initialized
Sun Sep 07 2025 15:46:32 [Podlove] [32minfo[39m: Successfully Connected to MongoDB Atlas
Sun Sep 07 2025 15:46:35 [Podlove] [32minfo[39m: Privacy Policy exists!
Sun Sep 07 2025 15:46:36 [Podlove] [32minfo[39m: Consumer Policy exists!
Sun Sep 07 2025 15:46:36 [Podlove] [32minfo[39m: Media Policy exists!
Sun Sep 07 2025 15:46:36 [Podlove] [32minfo[39m: Server is running at PORT: 8000, HOST: 10.10.20.11
Sun Sep 07 2025 15:46:36 [Podlove] [32minfo[39m: Socket.IO server initialized
Sun Sep 07 2025 15:51:2 [Podlove] [32minfo[39m: Successfully Connected to MongoDB Atlas
Sun Sep 07 2025 15:51:5 [Podlove] [32minfo[39m: Privacy Policy exists!
Sun Sep 07 2025 15:51:5 [Podlove] [32minfo[39m: Consumer Policy exists!
Sun Sep 07 2025 15:51:6 [Podlove] [32minfo[39m: Media Policy exists!
Sun Sep 07 2025 15:51:6 [Podlove] [32minfo[39m: Server is running at PORT: 8000, HOST: 10.10.20.11
Sun Sep 07 2025 15:51:6 [Podlove] [32minfo[39m: Socket.IO server initialized
Sun Sep 07 2025 15:51:20 [Podlove] [32minfo[39m: Successfully Connected to MongoDB Atlas
Sun Sep 07 2025 15:51:23 [Podlove] [32minfo[39m: Privacy Policy exists!
Sun Sep 07 2025 15:51:23 [Podlove] [32minfo[39m: Consumer Policy exists!
Sun Sep 07 2025 15:51:24 [Podlove] [32minfo[39m: Media Policy exists!
Sun Sep 07 2025 15:51:24 [Podlove] [32minfo[39m: Server is running at PORT: 8000, HOST: 10.10.20.11
Sun Sep 07 2025 15:51:24 [Podlove] [32minfo[39m: Socket.IO server initialized
Sun Sep 07 2025 15:51:45 [Podlove] [32minfo[39m: Successfully Connected to MongoDB Atlas
Sun Sep 07 2025 15:55:59 [Podlove] [32minfo[39m: Successfully Connected to MongoDB Atlas
Sun Sep 07 2025 15:56:3 [Podlove] [32minfo[39m: Privacy Policy exists!
Sun Sep 07 2025 15:56:3 [Podlove] [32minfo[39m: Consumer Policy exists!
Sun Sep 07 2025 15:56:3 [Podlove] [32minfo[39m: Media Policy exists!
Sun Sep 07 2025 15:56:4 [Podlove] [32minfo[39m: Server is running at PORT: 8000, HOST: 10.10.20.11
Sun Sep 07 2025 15:56:4 [Podlove] [32minfo[39m: Socket.IO server initialized
Sun Sep 07 2025 15:56:25 [Podlove] [32minfo[39m: Successfully Connected to MongoDB Atlas
Sun Sep 07 2025 15:56:29 [Podlove] [32minfo[39m: Privacy Policy exists!
Sun Sep 07 2025 15:56:29 [Podlove] [32minfo[39m: Consumer Policy exists!
Sun Sep 07 2025 15:56:30 [Podlove] [32minfo[39m: Media Policy exists!
Sun Sep 07 2025 15:56:30 [Podlove] [32minfo[39m: Server is running at PORT: 8000, HOST: 10.10.20.11
Sun Sep 07 2025 15:56:30 [Podlove] [32minfo[39m: Socket.IO server initialized
Sun Sep 07 2025 15:56:56 [Podlove] [32minfo[39m: Successfully Connected to MongoDB Atlas
Sun Sep 07 2025 15:57:0 [Podlove] [32minfo[39m: Privacy Policy exists!
Sun Sep 07 2025 15:57:0 [Podlove] [32minfo[39m: Consumer Policy exists!
Sun Sep 07 2025 15:57:1 [Podlove] [32minfo[39m: Media Policy exists!
Sun Sep 07 2025 15:57:1 [Podlove] [32minfo[39m: Server is running at PORT: 8000, HOST: 10.10.20.11
Sun Sep 07 2025 15:57:1 [Podlove] [32minfo[39m: Socket.IO server initialized
Sun Sep 07 2025 15:57:12 [Podlove] [32minfo[39m: Successfully Connected to MongoDB Atlas
Sun Sep 07 2025 15:57:15 [Podlove] [32minfo[39m: Privacy Policy exists!
Sun Sep 07 2025 15:57:16 [Podlove] [32minfo[39m: Consumer Policy exists!
Sun Sep 07 2025 15:57:16 [Podlove] [32minfo[39m: Media Policy exists!
Sun Sep 07 2025 15:57:16 [Podlove] [32minfo[39m: Server is running at PORT: 8000, HOST: 10.10.20.11
Sun Sep 07 2025 15:57:16 [Podlove] [32minfo[39m: Socket.IO server initialized
