Mon Jul 21 2025 18:0:10 [Podlove] [32minfo[39m: 685e6e80ad422af7edb9b072
Mon Jul 21 2025 18:0:11 [Podlove] [32minfo[39m: [object Object]
Mon Jul 21 2025 18:0:29 [Podlove] [32minfo[39m: 685e6e80ad422af7edb9b072
Mon Jul 21 2025 18:0:29 [Podlove] [32minfo[39m: [object Object]
Mon Jul 21 2025 18:5:14 [Podlove] [32minfo[39m: Successfully Connected to MongoDB Atlas
Mon Jul 21 2025 18:5:17 [Podlove] [32minfo[39m: Privacy Policy exists!
Mon Jul 21 2025 18:5:18 [Podlove] [32minfo[39m: Consumer Policy exists!
Mon Jul 21 2025 18:5:18 [Podlove] [32minfo[39m: Media Policy exists!
Mon Jul 21 2025 18:5:18 [Podlove] [32minfo[39m: Server is running at PORT: 8000, HOST: 10.10.10.59
Mon Jul 21 2025 18:5:18 [Podlove] [32minfo[39m: Socket.IO server initialized
Mon Jul 21 2025 18:5:18 [Podlove] [32minfo[39m: 685bf24e49787bb2bfa51b3a
Mon Jul 21 2025 18:8:38 [Podlove] [32minfo[39m: Successfully Connected to MongoDB Atlas
Mon Jul 21 2025 18:8:41 [Podlove] [32minfo[39m: Privacy Policy exists!
Mon Jul 21 2025 18:8:42 [Podlove] [32minfo[39m: Consumer Policy exists!
Mon Jul 21 2025 18:8:42 [Podlove] [32minfo[39m: Media Policy exists!
Mon Jul 21 2025 18:8:42 [Podlove] [32minfo[39m: Server is running at PORT: 8000, HOST: 10.10.10.59
Mon Jul 21 2025 18:8:42 [Podlove] [32minfo[39m: Socket.IO server initialized
Mon Jul 21 2025 18:8:42 [Podlove] [32minfo[39m: 685bf24e49787bb2bfa51b3a
Mon Jul 21 2025 18:11:3 [Podlove] [32minfo[39m: Successfully Connected to MongoDB Atlas
Mon Jul 21 2025 18:11:6 [Podlove] [32minfo[39m: Privacy Policy exists!
Mon Jul 21 2025 18:11:6 [Podlove] [32minfo[39m: Consumer Policy exists!
Mon Jul 21 2025 18:11:7 [Podlove] [32minfo[39m: Media Policy exists!
Mon Jul 21 2025 18:11:7 [Podlove] [32minfo[39m: Server is running at PORT: 8000, HOST: 10.10.10.59
Mon Jul 21 2025 18:11:7 [Podlove] [32minfo[39m: Socket.IO server initialized
Mon Jul 21 2025 18:12:5 [Podlove] [32minfo[39m: Successfully Connected to MongoDB Atlas
Mon Jul 21 2025 18:12:9 [Podlove] [32minfo[39m: Privacy Policy exists!
Mon Jul 21 2025 18:12:9 [Podlove] [32minfo[39m: Consumer Policy exists!
Mon Jul 21 2025 18:12:9 [Podlove] [32minfo[39m: Media Policy exists!
Mon Jul 21 2025 18:12:9 [Podlove] [32minfo[39m: Server is running at PORT: 8000, HOST: 10.10.10.59
Mon Jul 21 2025 18:12:9 [Podlove] [32minfo[39m: Socket.IO server initialized
Mon Jul 21 2025 18:12:10 [Podlove] [32minfo[39m: 685bf24e49787bb2bfa51b3a
Mon Jul 21 2025 18:14:23 [Podlove] [32minfo[39m: 685e6e80ad422af7edb9b072
Mon Jul 21 2025 18:14:24 [Podlove] [32minfo[39m: [object Object]
Mon Jul 21 2025 18:14:45 [Podlove] [32minfo[39m: Successfully Connected to MongoDB Atlas
Mon Jul 21 2025 18:14:48 [Podlove] [32minfo[39m: Privacy Policy exists!
Mon Jul 21 2025 18:14:49 [Podlove] [32minfo[39m: Consumer Policy exists!
Mon Jul 21 2025 18:14:49 [Podlove] [32minfo[39m: Media Policy exists!
Mon Jul 21 2025 18:14:49 [Podlove] [32minfo[39m: Server is running at PORT: 8000, HOST: 10.10.10.59
Mon Jul 21 2025 18:14:49 [Podlove] [32minfo[39m: Socket.IO server initialized
Mon Jul 21 2025 18:18:48 [Podlove] [31merror[39m: Expected double-quoted property name in JSON at position 41 (line 1 column 42)
SyntaxError: Expected double-quoted property name in JSON at position 41 (line 1 column 42)
    at JSON.parse (<anonymous>)
    at parse (C:\Users\jahid\Music\Jahid Hasan\podlove_backend\node_modules\body-parser\lib\types\json.js:92:19)
    at C:\Users\jahid\Music\Jahid Hasan\podlove_backend\node_modules\body-parser\lib\read.js:128:18
    at AsyncResource.runInAsyncScope (node:async_hooks:214:14)
    at invokeCallback (C:\Users\jahid\Music\Jahid Hasan\podlove_backend\node_modules\raw-body\index.js:238:16)
    at done (C:\Users\jahid\Music\Jahid Hasan\podlove_backend\node_modules\raw-body\index.js:227:7)
    at IncomingMessage.onEnd (C:\Users\jahid\Music\Jahid Hasan\podlove_backend\node_modules\raw-body\index.js:287:7)
    at IncomingMessage.emit (node:events:518:28)
    at IncomingMessage.emit (node:domain:489:12)
    at endReadableNT (node:internal/streams/readable:1698:12)
SyntaxError
Mon Jul 21 2025 18:22:53 [Podlove] [32minfo[39m: 685e6e80ad422af7edb9b072
Mon Jul 21 2025 18:22:54 [Podlove] [32minfo[39m: [object Object]
Mon Jul 21 2025 18:26:19 [Podlove] [32minfo[39m: 685e6e80ad422af7edb9b072
Mon Jul 21 2025 18:26:19 [Podlove] [32minfo[39m: [object Object]
Mon Jul 21 2025 18:26:32 [Podlove] [32minfo[39m: 685e6e80ad422af7edb9b072
Mon Jul 21 2025 18:26:32 [Podlove] [32minfo[39m: [object Object]
Mon Jul 21 2025 18:26:47 [Podlove] [32minfo[39m: 685e6e80ad422af7edb9b072
Mon Jul 21 2025 18:26:47 [Podlove] [32minfo[39m: [object Object]
