Wed Jan 07 2026 14:35:50 [Podlove] [32minfo[39m: Successfully Connected to MongoDB Atlas
Wed Jan 07 2026 14:35:55 [Podlove] [32minfo[39m: Privacy Policy exists!
Wed Jan 07 2026 14:35:55 [Podlove] [32minfo[39m: Consumer Policy exists!
Wed Jan 07 2026 14:35:55 [Podlove] [32minfo[39m: Media Policy exists!
Wed Jan 07 2026 14:35:55 [Podlove] [32minfo[39m: Server is running at PORT: 8000, HOST: 0.0.0.0
Wed Jan 07 2026 14:35:55 [Podlove] [32minfo[39m: Socket.IO server initialized
Wed Jan 07 2026 14:37:29 [Podlove] [32minfo[39m: Successfully Connected to MongoDB Atlas
Wed Jan 07 2026 14:37:38 [Podlove] [32minfo[39m: Privacy Policy exists!
Wed Jan 07 2026 14:37:38 [Podlove] [32minfo[39m: Consumer Policy exists!
Wed Jan 07 2026 14:37:38 [Podlove] [32minfo[39m: Media Policy exists!
Wed Jan 07 2026 14:37:38 [Podlove] [32minfo[39m: Server is running at PORT: 8000, HOST: 0.0.0.0
Wed Jan 07 2026 14:37:38 [Podlove] [32minfo[39m: Socket.IO server initialized
Wed Jan 07 2026 14:38:0 [Podlove] [32minfo[39m: Successfully Connected to MongoDB Atlas
Wed Jan 07 2026 14:38:7 [Podlove] [32minfo[39m: Privacy Policy exists!
Wed Jan 07 2026 14:38:7 [Podlove] [32minfo[39m: Consumer Policy exists!
Wed Jan 07 2026 14:38:7 [Podlove] [32minfo[39m: Media Policy exists!
Wed Jan 07 2026 14:38:7 [Podlove] [32minfo[39m: Server is running at PORT: 8000, HOST: 0.0.0.0
Wed Jan 07 2026 14:38:7 [Podlove] [32minfo[39m: Socket.IO server initialized
Wed Jan 07 2026 14:42:51 [Podlove] [32minfo[39m: Successfully Connected to MongoDB Atlas
Wed Jan 07 2026 14:42:57 [Podlove] [32minfo[39m: Privacy Policy exists!
Wed Jan 07 2026 14:42:58 [Podlove] [32minfo[39m: Consumer Policy exists!
Wed Jan 07 2026 14:42:58 [Podlove] [32minfo[39m: Media Policy exists!
Wed Jan 07 2026 14:42:58 [Podlove] [32minfo[39m: Server is running at PORT: 8000, HOST: 0.0.0.0
Wed Jan 07 2026 14:42:58 [Podlove] [32minfo[39m: Socket.IO server initialized
Wed Jan 07 2026 14:45:50 [Podlove] [32minfo[39m: Successfully Connected to MongoDB Atlas
Wed Jan 07 2026 14:45:54 [Podlove] [32minfo[39m: Privacy Policy exists!
Wed Jan 07 2026 14:45:54 [Podlove] [32minfo[39m: Consumer Policy exists!
Wed Jan 07 2026 14:45:54 [Podlove] [32minfo[39m: Media Policy exists!
Wed Jan 07 2026 14:45:54 [Podlove] [32minfo[39m: Server is running at PORT: 8000, HOST: 0.0.0.0
Wed Jan 07 2026 14:45:54 [Podlove] [32minfo[39m: Socket.IO server initialized
Wed Jan 07 2026 14:46:50 [Podlove] [32minfo[39m: Successfully Connected to MongoDB Atlas
Wed Jan 07 2026 14:46:54 [Podlove] [32minfo[39m: Privacy Policy exists!
Wed Jan 07 2026 14:46:55 [Podlove] [32minfo[39m: Consumer Policy exists!
Wed Jan 07 2026 14:46:55 [Podlove] [32minfo[39m: Media Policy exists!
Wed Jan 07 2026 14:46:55 [Podlove] [32minfo[39m: Server is running at PORT: 8000, HOST: 0.0.0.0
Wed Jan 07 2026 14:46:55 [Podlove] [32minfo[39m: Socket.IO server initialized
Wed Jan 07 2026 14:47:43 [Podlove] [32minfo[39m: Successfully Connected to MongoDB Atlas
Wed Jan 07 2026 14:47:48 [Podlove] [32minfo[39m: Privacy Policy exists!
Wed Jan 07 2026 14:47:48 [Podlove] [32minfo[39m: Consumer Policy exists!
Wed Jan 07 2026 14:47:48 [Podlove] [32minfo[39m: Media Policy exists!
Wed Jan 07 2026 14:47:48 [Podlove] [32minfo[39m: Server is running at PORT: 8000, HOST: 0.0.0.0
Wed Jan 07 2026 14:47:48 [Podlove] [32minfo[39m: Socket.IO server initialized
Wed Jan 07 2026 14:50:55 [Podlove] [32minfo[39m: Successfully Connected to MongoDB Atlas
Wed Jan 07 2026 14:50:59 [Podlove] [32minfo[39m: Privacy Policy exists!
Wed Jan 07 2026 14:51:0 [Podlove] [32minfo[39m: Consumer Policy exists!
Wed Jan 07 2026 14:51:0 [Podlove] [32minfo[39m: Media Policy exists!
Wed Jan 07 2026 14:51:0 [Podlove] [32minfo[39m: Server is running at PORT: 8000, HOST: 0.0.0.0
Wed Jan 07 2026 14:51:0 [Podlove] [32minfo[39m: Socket.IO server initialized
Wed Jan 07 2026 14:59:6 [Podlove] [32minfo[39m: Successfully Connected to MongoDB Atlas
Wed Jan 07 2026 14:59:10 [Podlove] [32minfo[39m: Privacy Policy exists!
Wed Jan 07 2026 14:59:10 [Podlove] [32minfo[39m: Consumer Policy exists!
Wed Jan 07 2026 14:59:10 [Podlove] [32minfo[39m: Media Policy exists!
Wed Jan 07 2026 14:59:10 [Podlove] [32minfo[39m: Server is running at PORT: 8000, HOST: 0.0.0.0
Wed Jan 07 2026 14:59:10 [Podlove] [32minfo[39m: Socket.IO server initialized
