Tue Jan 06 2026 19:0:37 [Podlove] [32minfo[39m: Successfully Connected to MongoDB Atlas
Tue Jan 06 2026 19:0:41 [Podlove] [32minfo[39m: Privacy Policy exists!
Tue Jan 06 2026 19:0:42 [Podlove] [32minfo[39m: Consumer Policy exists!
Tue Jan 06 2026 19:0:42 [Podlove] [32minfo[39m: Media Policy exists!
Tue Jan 06 2026 19:0:42 [Podlove] [32minfo[39m: Server is running at PORT: 8000, HOST: 10.10.20.11
Tue Jan 06 2026 19:0:42 [Podlove] [32minfo[39m: Socket.IO server initialized
Tue Jan 06 2026 19:2:28 [Podlove] [32minfo[39m: Successfully Connected to MongoDB Atlas
Tue Jan 06 2026 19:2:33 [Podlove] [32minfo[39m: Privacy Policy exists!
Tue Jan 06 2026 19:2:34 [Podlove] [32minfo[39m: Consumer Policy exists!
Tue Jan 06 2026 19:2:34 [Podlove] [32minfo[39m: Media Policy exists!
Tue Jan 06 2026 19:2:34 [Podlove] [32minfo[39m: Server is running at PORT: 8000, HOST: 10.10.20.11
Tue Jan 06 2026 19:2:34 [Podlove] [32minfo[39m: Socket.IO server initialized
Tue Jan 06 2026 19:7:22 [Podlove] [32minfo[39m: Successfully Connected to MongoDB Atlas
Tue Jan 06 2026 19:7:28 [Podlove] [32minfo[39m: Privacy Policy exists!
Tue Jan 06 2026 19:7:28 [Podlove] [32minfo[39m: Consumer Policy exists!
Tue Jan 06 2026 19:7:28 [Podlove] [32minfo[39m: Media Policy exists!
Tue Jan 06 2026 19:7:28 [Podlove] [32minfo[39m: Server is running at PORT: 8000, HOST: 10.10.20.11
Tue Jan 06 2026 19:7:28 [Podlove] [32minfo[39m: Socket.IO server initialized
Tue Jan 06 2026 19:9:28 [Podlove] [32minfo[39m: Successfully Connected to MongoDB Atlas
Tue Jan 06 2026 19:9:34 [Podlove] [32minfo[39m: Privacy Policy exists!
Tue Jan 06 2026 19:9:34 [Podlove] [32minfo[39m: Consumer Policy exists!
Tue Jan 06 2026 19:9:34 [Podlove] [32minfo[39m: Media Policy exists!
Tue Jan 06 2026 19:9:34 [Podlove] [32minfo[39m: Server is running at PORT: 8000, HOST: 10.10.20.11
Tue Jan 06 2026 19:9:34 [Podlove] [32minfo[39m: Socket.IO server initialized
Tue Jan 06 2026 19:10:16 [Podlove] [32minfo[39m: Successfully Connected to MongoDB Atlas
