Wed Jan 21 2026 12:1:17 [Podlove] [32minfo[39m: Successfully Connected to MongoDB Atlas
Wed Jan 21 2026 12:1:22 [Podlove] [32minfo[39m: Privacy Policy exists!
Wed Jan 21 2026 12:1:22 [Podlove] [32minfo[39m: Consumer Policy exists!
Wed Jan 21 2026 12:1:22 [Podlove] [32minfo[39m: Media Policy exists!
Wed Jan 21 2026 12:1:22 [Podlove] [32minfo[39m: Server is running at PORT: 8000, HOST: 10.10.20.11
Wed Jan 21 2026 12:1:22 [Podlove] [32minfo[39m: Socket.IO server initialized
Wed Jan 21 2026 12:2:48 [Podlove] [32minfo[39m: Successfully Connected to MongoDB Atlas
Wed Jan 21 2026 12:2:52 [Podlove] [32minfo[39m: Privacy Policy exists!
Wed Jan 21 2026 12:2:52 [Podlove] [32minfo[39m: Consumer Policy exists!
Wed Jan 21 2026 12:2:53 [Podlove] [32minfo[39m: Media Policy exists!
Wed Jan 21 2026 12:2:53 [Podlove] [32minfo[39m: Server is running at PORT: 8000, HOST: 10.10.20.11
Wed Jan 21 2026 12:2:53 [Podlove] [32minfo[39m: Socket.IO server initialized
Wed Jan 21 2026 12:3:41 [Podlove] [32minfo[39m: Successfully Connected to MongoDB Atlas
Wed Jan 21 2026 12:3:46 [Podlove] [32minfo[39m: Privacy Policy exists!
Wed Jan 21 2026 12:3:46 [Podlove] [32minfo[39m: Consumer Policy exists!
Wed Jan 21 2026 12:3:46 [Podlove] [32minfo[39m: Media Policy exists!
Wed Jan 21 2026 12:3:46 [Podlove] [32minfo[39m: Server is running at PORT: 8000, HOST: 10.10.20.11
Wed Jan 21 2026 12:3:46 [Podlove] [32minfo[39m: Socket.IO server initialized
Wed Jan 21 2026 12:6:41 [Podlove] [32minfo[39m: Successfully Connected to MongoDB Atlas
Wed Jan 21 2026 12:6:46 [Podlove] [32minfo[39m: Privacy Policy exists!
Wed Jan 21 2026 12:6:46 [Podlove] [32minfo[39m: Consumer Policy exists!
Wed Jan 21 2026 12:6:47 [Podlove] [32minfo[39m: Media Policy exists!
Wed Jan 21 2026 12:6:47 [Podlove] [32minfo[39m: Server is running at PORT: 8000, HOST: 10.10.20.11
Wed Jan 21 2026 12:6:47 [Podlove] [32minfo[39m: Socket.IO server initialized
Wed Jan 21 2026 12:8:3 [Podlove] [32minfo[39m: Successfully Connected to MongoDB Atlas
Wed Jan 21 2026 12:8:7 [Podlove] [32minfo[39m: Privacy Policy exists!
Wed Jan 21 2026 12:8:8 [Podlove] [32minfo[39m: Consumer Policy exists!
Wed Jan 21 2026 12:8:8 [Podlove] [32minfo[39m: Media Policy exists!
Wed Jan 21 2026 12:8:8 [Podlove] [32minfo[39m: Server is running at PORT: 8000, HOST: 10.10.20.11
Wed Jan 21 2026 12:8:8 [Podlove] [32minfo[39m: Socket.IO server initialized
Wed Jan 21 2026 12:9:6 [Podlove] [32minfo[39m: Successfully Connected to MongoDB Atlas
Wed Jan 21 2026 12:9:15 [Podlove] [32minfo[39m: Privacy Policy exists!
Wed Jan 21 2026 12:9:15 [Podlove] [32minfo[39m: Consumer Policy exists!
Wed Jan 21 2026 12:9:16 [Podlove] [32minfo[39m: Media Policy exists!
Wed Jan 21 2026 12:9:16 [Podlove] [32minfo[39m: Server is running at PORT: 8000, HOST: 10.10.20.11
Wed Jan 21 2026 12:9:16 [Podlove] [32minfo[39m: Socket.IO server initialized
Wed Jan 21 2026 12:9:37 [Podlove] [32minfo[39m: Successfully Connected to MongoDB Atlas
Wed Jan 21 2026 12:9:45 [Podlove] [32minfo[39m: Privacy Policy exists!
Wed Jan 21 2026 12:9:45 [Podlove] [32minfo[39m: Consumer Policy exists!
Wed Jan 21 2026 12:9:46 [Podlove] [32minfo[39m: Media Policy exists!
Wed Jan 21 2026 12:9:46 [Podlove] [32minfo[39m: Server is running at PORT: 8000, HOST: 10.10.20.11
Wed Jan 21 2026 12:9:46 [Podlove] [32minfo[39m: Socket.IO server initialized
Wed Jan 21 2026 12:11:20 [Podlove] [32minfo[39m: Successfully Connected to MongoDB Atlas
Wed Jan 21 2026 12:11:25 [Podlove] [32minfo[39m: Privacy Policy exists!
Wed Jan 21 2026 12:11:26 [Podlove] [32minfo[39m: Consumer Policy exists!
Wed Jan 21 2026 12:11:26 [Podlove] [32minfo[39m: Media Policy exists!
Wed Jan 21 2026 12:11:26 [Podlove] [32minfo[39m: Server is running at PORT: 8000, HOST: 10.10.20.11
Wed Jan 21 2026 12:11:26 [Podlove] [32minfo[39m: Socket.IO server initialized
Wed Jan 21 2026 12:12:29 [Podlove] [32minfo[39m: Successfully Connected to MongoDB Atlas
Wed Jan 21 2026 12:12:34 [Podlove] [32minfo[39m: Privacy Policy exists!
Wed Jan 21 2026 12:12:34 [Podlove] [32minfo[39m: Consumer Policy exists!
Wed Jan 21 2026 12:12:34 [Podlove] [32minfo[39m: Media Policy exists!
Wed Jan 21 2026 12:12:34 [Podlove] [32minfo[39m: Server is running at PORT: 8000, HOST: 10.10.20.11
Wed Jan 21 2026 12:12:34 [Podlove] [32minfo[39m: Socket.IO server initialized
Wed Jan 21 2026 12:13:23 [Podlove] [32minfo[39m: Successfully Connected to MongoDB Atlas
Wed Jan 21 2026 12:13:33 [Podlove] [32minfo[39m: Successfully Connected to MongoDB Atlas
Wed Jan 21 2026 12:13:37 [Podlove] [32minfo[39m: Privacy Policy exists!
Wed Jan 21 2026 12:13:38 [Podlove] [32minfo[39m: Consumer Policy exists!
Wed Jan 21 2026 12:13:38 [Podlove] [32minfo[39m: Media Policy exists!
Wed Jan 21 2026 12:13:38 [Podlove] [32minfo[39m: Server is running at PORT: 8000, HOST: 10.10.20.11
Wed Jan 21 2026 12:13:38 [Podlove] [32minfo[39m: Socket.IO server initialized
Wed Jan 21 2026 12:26:51 [Podlove] [32minfo[39m: Successfully Connected to MongoDB Atlas
Wed Jan 21 2026 12:26:58 [Podlove] [32minfo[39m: Privacy Policy exists!
Wed Jan 21 2026 12:26:58 [Podlove] [32minfo[39m: Consumer Policy exists!
Wed Jan 21 2026 12:26:59 [Podlove] [32minfo[39m: Media Policy exists!
Wed Jan 21 2026 12:26:59 [Podlove] [32minfo[39m: Server is running at PORT: 8000, HOST: 10.10.20.11
Wed Jan 21 2026 12:26:59 [Podlove] [32minfo[39m: Socket.IO server initialized
Wed Jan 21 2026 12:27:13 [Podlove] [32minfo[39m: Successfully Connected to MongoDB Atlas
Wed Jan 21 2026 12:27:32 [Podlove] [32minfo[39m: Successfully Connected to MongoDB Atlas
Wed Jan 21 2026 12:27:37 [Podlove] [32minfo[39m: Privacy Policy exists!
Wed Jan 21 2026 12:27:37 [Podlove] [32minfo[39m: Consumer Policy exists!
Wed Jan 21 2026 12:27:37 [Podlove] [32minfo[39m: Media Policy exists!
Wed Jan 21 2026 12:27:37 [Podlove] [32minfo[39m: Server is running at PORT: 8000, HOST: 10.10.20.11
Wed Jan 21 2026 12:27:37 [Podlove] [32minfo[39m: Socket.IO server initialized
Wed Jan 21 2026 12:29:28 [Podlove] [32minfo[39m: Successfully Connected to MongoDB Atlas
Wed Jan 21 2026 12:29:34 [Podlove] [32minfo[39m: Privacy Policy exists!
Wed Jan 21 2026 12:29:34 [Podlove] [32minfo[39m: Consumer Policy exists!
Wed Jan 21 2026 12:29:34 [Podlove] [32minfo[39m: Media Policy exists!
Wed Jan 21 2026 12:29:34 [Podlove] [32minfo[39m: Server is running at PORT: 8000, HOST: 10.10.20.11
Wed Jan 21 2026 12:29:34 [Podlove] [32minfo[39m: Socket.IO server initialized
Wed Jan 21 2026 12:30:2 [Podlove] [32minfo[39m: Successfully Connected to MongoDB Atlas
Wed Jan 21 2026 12:30:7 [Podlove] [32minfo[39m: Privacy Policy exists!
Wed Jan 21 2026 12:30:7 [Podlove] [32minfo[39m: Consumer Policy exists!
Wed Jan 21 2026 12:30:7 [Podlove] [32minfo[39m: Media Policy exists!
Wed Jan 21 2026 12:30:7 [Podlove] [32minfo[39m: Server is running at PORT: 8000, HOST: 10.10.20.11
Wed Jan 21 2026 12:30:7 [Podlove] [32minfo[39m: Socket.IO server initialized
Wed Jan 21 2026 12:33:5 [Podlove] [32minfo[39m: Successfully Connected to MongoDB Atlas
Wed Jan 21 2026 12:33:9 [Podlove] [32minfo[39m: Privacy Policy exists!
Wed Jan 21 2026 12:33:10 [Podlove] [32minfo[39m: Consumer Policy exists!
Wed Jan 21 2026 12:33:10 [Podlove] [32minfo[39m: Media Policy exists!
Wed Jan 21 2026 12:33:10 [Podlove] [32minfo[39m: Server is running at PORT: 8000, HOST: 10.10.20.11
Wed Jan 21 2026 12:33:10 [Podlove] [32minfo[39m: Socket.IO server initialized
Wed Jan 21 2026 12:34:13 [Podlove] [32minfo[39m: Successfully Connected to MongoDB Atlas
Wed Jan 21 2026 12:34:17 [Podlove] [32minfo[39m: Privacy Policy exists!
Wed Jan 21 2026 12:34:18 [Podlove] [32minfo[39m: Consumer Policy exists!
Wed Jan 21 2026 12:34:18 [Podlove] [32minfo[39m: Media Policy exists!
Wed Jan 21 2026 12:34:18 [Podlove] [32minfo[39m: Server is running at PORT: 8000, HOST: 10.10.20.11
Wed Jan 21 2026 12:34:18 [Podlove] [32minfo[39m: Socket.IO server initialized
Wed Jan 21 2026 12:34:45 [Podlove] [32minfo[39m: Successfully Connected to MongoDB Atlas
Wed Jan 21 2026 12:34:49 [Podlove] [32minfo[39m: Privacy Policy exists!
Wed Jan 21 2026 12:34:49 [Podlove] [32minfo[39m: Consumer Policy exists!
Wed Jan 21 2026 12:34:50 [Podlove] [32minfo[39m: Media Policy exists!
Wed Jan 21 2026 12:34:50 [Podlove] [32minfo[39m: Server is running at PORT: 8000, HOST: 10.10.20.11
Wed Jan 21 2026 12:34:50 [Podlove] [32minfo[39m: Socket.IO server initialized
Wed Jan 21 2026 12:35:20 [Podlove] [32minfo[39m: Successfully Connected to MongoDB Atlas
Wed Jan 21 2026 12:35:27 [Podlove] [32minfo[39m: Privacy Policy exists!
Wed Jan 21 2026 12:35:27 [Podlove] [32minfo[39m: Consumer Policy exists!
Wed Jan 21 2026 12:35:28 [Podlove] [32minfo[39m: Media Policy exists!
Wed Jan 21 2026 12:35:28 [Podlove] [32minfo[39m: Server is running at PORT: 8000, HOST: 10.10.20.11
Wed Jan 21 2026 12:35:28 [Podlove] [32minfo[39m: Socket.IO server initialized
Wed Jan 21 2026 12:35:36 [Podlove] [32minfo[39m: Successfully Connected to MongoDB Atlas
Wed Jan 21 2026 12:35:48 [Podlove] [32minfo[39m: Successfully Connected to MongoDB Atlas
Wed Jan 21 2026 12:35:59 [Podlove] [32minfo[39m: Successfully Connected to MongoDB Atlas
Wed Jan 21 2026 12:36:4 [Podlove] [32minfo[39m: Privacy Policy exists!
Wed Jan 21 2026 12:36:4 [Podlove] [32minfo[39m: Consumer Policy exists!
Wed Jan 21 2026 12:36:5 [Podlove] [32minfo[39m: Media Policy exists!
Wed Jan 21 2026 12:36:5 [Podlove] [32minfo[39m: Server is running at PORT: 8000, HOST: 10.10.20.11
Wed Jan 21 2026 12:36:5 [Podlove] [32minfo[39m: Socket.IO server initialized
Wed Jan 21 2026 12:36:59 [Podlove] [32minfo[39m: Successfully Connected to MongoDB Atlas
Wed Jan 21 2026 12:37:4 [Podlove] [32minfo[39m: Privacy Policy exists!
Wed Jan 21 2026 12:37:4 [Podlove] [32minfo[39m: Consumer Policy exists!
Wed Jan 21 2026 12:37:5 [Podlove] [32minfo[39m: Media Policy exists!
Wed Jan 21 2026 12:37:5 [Podlove] [32minfo[39m: Server is running at PORT: 8000, HOST: 10.10.20.11
Wed Jan 21 2026 12:37:5 [Podlove] [32minfo[39m: Socket.IO server initialized
Wed Jan 21 2026 12:37:15 [Podlove] [32minfo[39m: Successfully Connected to MongoDB Atlas
Wed Jan 21 2026 12:37:20 [Podlove] [32minfo[39m: Privacy Policy exists!
Wed Jan 21 2026 12:37:20 [Podlove] [32minfo[39m: Consumer Policy exists!
Wed Jan 21 2026 12:37:20 [Podlove] [32minfo[39m: Media Policy exists!
Wed Jan 21 2026 12:37:20 [Podlove] [32minfo[39m: Server is running at PORT: 8000, HOST: 10.10.20.11
Wed Jan 21 2026 12:37:20 [Podlove] [32minfo[39m: Socket.IO server initialized
Wed Jan 21 2026 12:38:4 [Podlove] [32minfo[39m: Successfully Connected to MongoDB Atlas
Wed Jan 21 2026 12:38:9 [Podlove] [32minfo[39m: Privacy Policy exists!
Wed Jan 21 2026 12:38:9 [Podlove] [32minfo[39m: Consumer Policy exists!
Wed Jan 21 2026 12:38:10 [Podlove] [32minfo[39m: Media Policy exists!
Wed Jan 21 2026 12:38:10 [Podlove] [32minfo[39m: Server is running at PORT: 8000, HOST: 10.10.20.11
Wed Jan 21 2026 12:38:10 [Podlove] [32minfo[39m: Socket.IO server initialized
Wed Jan 21 2026 12:38:39 [Podlove] [32minfo[39m: Successfully Connected to MongoDB Atlas
Wed Jan 21 2026 12:38:44 [Podlove] [32minfo[39m: Privacy Policy exists!
Wed Jan 21 2026 12:38:44 [Podlove] [32minfo[39m: Consumer Policy exists!
Wed Jan 21 2026 12:38:44 [Podlove] [32minfo[39m: Media Policy exists!
Wed Jan 21 2026 12:38:44 [Podlove] [32minfo[39m: Server is running at PORT: 8000, HOST: 10.10.20.11
Wed Jan 21 2026 12:38:44 [Podlove] [32minfo[39m: Socket.IO server initialized
Wed Jan 21 2026 12:40:31 [Podlove] [32minfo[39m: Successfully Connected to MongoDB Atlas
Wed Jan 21 2026 12:40:40 [Podlove] [32minfo[39m: Successfully Connected to MongoDB Atlas
Wed Jan 21 2026 12:40:46 [Podlove] [32minfo[39m: Privacy Policy exists!
Wed Jan 21 2026 12:40:46 [Podlove] [32minfo[39m: Consumer Policy exists!
Wed Jan 21 2026 12:40:46 [Podlove] [32minfo[39m: Media Policy exists!
Wed Jan 21 2026 12:40:46 [Podlove] [32minfo[39m: Server is running at PORT: 8000, HOST: 10.10.20.11
Wed Jan 21 2026 12:40:46 [Podlove] [32minfo[39m: Socket.IO server initialized
Wed Jan 21 2026 12:41:14 [Podlove] [32minfo[39m: Successfully Connected to MongoDB Atlas
Wed Jan 21 2026 12:41:35 [Podlove] [32minfo[39m: Successfully Connected to MongoDB Atlas
Wed Jan 21 2026 12:41:40 [Podlove] [32minfo[39m: Privacy Policy exists!
Wed Jan 21 2026 12:41:40 [Podlove] [32minfo[39m: Consumer Policy exists!
Wed Jan 21 2026 12:41:40 [Podlove] [32minfo[39m: Media Policy exists!
Wed Jan 21 2026 12:41:40 [Podlove] [32minfo[39m: Server is running at PORT: 8000, HOST: 10.10.20.11
Wed Jan 21 2026 12:41:40 [Podlove] [32minfo[39m: Socket.IO server initialized
Wed Jan 21 2026 12:42:6 [Podlove] [32minfo[39m: Successfully Connected to MongoDB Atlas
Wed Jan 21 2026 12:42:19 [Podlove] [32minfo[39m: Successfully Connected to MongoDB Atlas
Wed Jan 21 2026 12:42:23 [Podlove] [32minfo[39m: Privacy Policy exists!
Wed Jan 21 2026 12:42:23 [Podlove] [32minfo[39m: Consumer Policy exists!
Wed Jan 21 2026 12:42:24 [Podlove] [32minfo[39m: Media Policy exists!
Wed Jan 21 2026 12:42:24 [Podlove] [32minfo[39m: Server is running at PORT: 8000, HOST: 10.10.20.11
Wed Jan 21 2026 12:42:24 [Podlove] [32minfo[39m: Socket.IO server initialized
Wed Jan 21 2026 12:44:17 [Podlove] [32minfo[39m: Successfully Connected to MongoDB Atlas
Wed Jan 21 2026 12:44:21 [Podlove] [32minfo[39m: Privacy Policy exists!
Wed Jan 21 2026 12:44:22 [Podlove] [32minfo[39m: Consumer Policy exists!
Wed Jan 21 2026 12:44:22 [Podlove] [32minfo[39m: Media Policy exists!
Wed Jan 21 2026 12:44:22 [Podlove] [32minfo[39m: Server is running at PORT: 8000, HOST: 10.10.20.11
Wed Jan 21 2026 12:44:22 [Podlove] [32minfo[39m: Socket.IO server initialized
Wed Jan 21 2026 12:45:26 [Podlove] [32minfo[39m: Successfully Connected to MongoDB Atlas
Wed Jan 21 2026 12:45:31 [Podlove] [32minfo[39m: Privacy Policy exists!
Wed Jan 21 2026 12:45:31 [Podlove] [32minfo[39m: Consumer Policy exists!
Wed Jan 21 2026 12:45:31 [Podlove] [32minfo[39m: Media Policy exists!
Wed Jan 21 2026 12:45:31 [Podlove] [32minfo[39m: Server is running at PORT: 8000, HOST: 10.10.20.11
Wed Jan 21 2026 12:45:31 [Podlove] [32minfo[39m: Socket.IO server initialized
Wed Jan 21 2026 12:45:46 [Podlove] [32minfo[39m: Successfully Connected to MongoDB Atlas
Wed Jan 21 2026 12:45:51 [Podlove] [32minfo[39m: Privacy Policy exists!
Wed Jan 21 2026 12:45:51 [Podlove] [32minfo[39m: Consumer Policy exists!
Wed Jan 21 2026 12:45:51 [Podlove] [32minfo[39m: Media Policy exists!
Wed Jan 21 2026 12:45:51 [Podlove] [32minfo[39m: Server is running at PORT: 8000, HOST: 10.10.20.11
Wed Jan 21 2026 12:45:51 [Podlove] [32minfo[39m: Socket.IO server initialized
Wed Jan 21 2026 12:46:55 [Podlove] [32minfo[39m: Successfully Connected to MongoDB Atlas
Wed Jan 21 2026 12:47:2 [Podlove] [32minfo[39m: Privacy Policy exists!
Wed Jan 21 2026 12:47:2 [Podlove] [32minfo[39m: Consumer Policy exists!
Wed Jan 21 2026 12:47:2 [Podlove] [32minfo[39m: Media Policy exists!
Wed Jan 21 2026 12:47:2 [Podlove] [32minfo[39m: Server is running at PORT: 8000, HOST: 10.10.20.11
Wed Jan 21 2026 12:47:2 [Podlove] [32minfo[39m: Socket.IO server initialized
Wed Jan 21 2026 12:47:19 [Podlove] [32minfo[39m: Successfully Connected to MongoDB Atlas
