Tue Sep 16 2025 12:1:30 [Podlove] [32minfo[39m: Successfully Connected to MongoDB Atlas
Tue Sep 16 2025 12:1:33 [Podlove] [32minfo[39m: Privacy Policy exists!
Tue Sep 16 2025 12:1:34 [Podlove] [32minfo[39m: Consumer Policy exists!
Tue Sep 16 2025 12:1:34 [Podlove] [32minfo[39m: Media Policy exists!
Tue Sep 16 2025 12:1:34 [Podlove] [32minfo[39m: Server is running at PORT: 8000, HOST: 10.10.20.11
Tue Sep 16 2025 12:1:34 [Podlove] [32minfo[39m: Socket.IO server initialized
Tue Sep 16 2025 12:4:20 [Podlove] [32minfo[39m: Successfully Connected to MongoDB Atlas
Tue Sep 16 2025 12:4:26 [Podlove] [32minfo[39m: Privacy Policy exists!
Tue Sep 16 2025 12:4:26 [Podlove] [32minfo[39m: Consumer Policy exists!
Tue Sep 16 2025 12:4:27 [Podlove] [32minfo[39m: Media Policy exists!
Tue Sep 16 2025 12:4:27 [Podlove] [32minfo[39m: Server is running at PORT: 8000, HOST: 10.10.20.11
Tue Sep 16 2025 12:4:27 [Podlove] [32minfo[39m: Socket.IO server initialized
Tue Sep 16 2025 12:5:47 [Podlove] [32minfo[39m: Successfully Connected to MongoDB Atlas
Tue Sep 16 2025 12:5:59 [Podlove] [32minfo[39m: Privacy Policy exists!
Tue Sep 16 2025 12:5:59 [Podlove] [32minfo[39m: Consumer Policy exists!
Tue Sep 16 2025 12:5:59 [Podlove] [32minfo[39m: Media Policy exists!
Tue Sep 16 2025 12:5:59 [Podlove] [32minfo[39m: Server is running at PORT: 8000, HOST: 10.10.20.11
Tue Sep 16 2025 12:5:59 [Podlove] [32minfo[39m: Socket.IO server initialized
Tue Sep 16 2025 12:8:43 [Podlove] [32minfo[39m: Successfully Connected to MongoDB Atlas
Tue Sep 16 2025 12:8:47 [Podlove] [32minfo[39m: Privacy Policy exists!
Tue Sep 16 2025 12:8:47 [Podlove] [32minfo[39m: Consumer Policy exists!
Tue Sep 16 2025 12:8:47 [Podlove] [32minfo[39m: Media Policy exists!
Tue Sep 16 2025 12:8:47 [Podlove] [32minfo[39m: Server is running at PORT: 8000, HOST: 10.10.20.11
Tue Sep 16 2025 12:8:47 [Podlove] [32minfo[39m: Socket.IO server initialized
Tue Sep 16 2025 12:9:12 [Podlove] [32minfo[39m: Successfully Connected to MongoDB Atlas
