Sat Jul 05 2025 22:14:59 [Podlove] [32minfo[39m: Successfully Connected to MongoDB Atlas
Sat Jul 05 2025 22:15:3 [Podlove] [32minfo[39m: Privacy Policy exists!
Sat Jul 05 2025 22:15:3 [Podlove] [32minfo[39m: Consumer Policy exists!
Sat Jul 05 2025 22:15:4 [Podlove] [32minfo[39m: Media Policy exists!
Sat Jul 05 2025 22:15:4 [Podlove] [32minfo[39m: Server is running at PORT: 8000, HOST: 10.0.60.168
Sat Jul 05 2025 22:15:36 [Podlove] [32minfo[39m: Successfully Connected to MongoDB Atlas
Sat Jul 05 2025 22:15:41 [Podlove] [32minfo[39m: Privacy Policy exists!
Sat Jul 05 2025 22:15:41 [Podlove] [32minfo[39m: Consumer Policy exists!
Sat Jul 05 2025 22:15:41 [Podlove] [32minfo[39m: Media Policy exists!
Sat Jul 05 2025 22:15:41 [Podlove] [32minfo[39m: Server is running at PORT: 8000, HOST: 10.0.60.168
Sat Jul 05 2025 22:16:24 [Podlove] [31merror[39m: Wrong password. Please try again
UnauthorizedError: Wrong password. Please try again
    at login (C:\Users\bdCalling\Documents\Jahid Hasan\podlove_backend\src\controllers\adminController.ts:163:28)
UnauthorizedError
Sat Jul 05 2025 22:17:31 [Podlove] [32minfo[39m: 685e6e80ad422af7edb9b072
Sat Jul 05 2025 22:17:32 [Podlove] [32minfo[39m: [object Object]
Sat Jul 05 2025 22:20:20 [Podlove] [32minfo[39m: Successfully Connected to MongoDB Atlas
Sat Jul 05 2025 22:20:25 [Podlove] [32minfo[39m: Privacy Policy exists!
Sat Jul 05 2025 22:20:25 [Podlove] [32minfo[39m: Consumer Policy exists!
Sat Jul 05 2025 22:20:25 [Podlove] [32minfo[39m: Media Policy exists!
Sat Jul 05 2025 22:20:25 [Podlove] [32minfo[39m: Server is running at PORT: 8000, HOST: 10.0.60.168
