Fri Jan 24 2025 22:30:56 [Podlove] [32minfo[39m: Successfully Connected to MongoDB Atlas
Fri Jan 24 2025 22:30:56 [Podlove] [32minfo[39m: Server is running at PORT: 7000
Fri Jan 24 2025 22:32:37 [Podlove] [31merror[39m: User  validation failed: gender: `` is not a valid enum value for path `gender`., bodyType: `` is not a valid enum value for path `bodyType`., ethnicity: `` is not a valid enum value for path `ethnicity`., personality.spectrum: Path `personality.spectrum` (0) is less than minimum allowed value (1)., personality.balance: Path `personality.balance` (0) is less than minimum allowed value (1)., personality.focus: Path `personality.focus` (0) is less than minimum allowed value (1)., preferences.gender: `` is not a valid enum value for path `preferences.gender`., preferences.bodyType: `` is not a valid enum value for path `preferences.bodyType`., preferences.ethnicity: `` is not a valid enum value for path `preferences.ethnicity`., subscription.status: `` is not a valid enum value for path `subscription.status`.
ValidationError: User  validation failed: gender: `` is not a valid enum value for path `gender`., bodyType: `` is not a valid enum value for path `bodyType`., ethnicity: `` is not a valid enum value for path `ethnicity`., personality.spectrum: Path `personality.spectrum` (0) is less than minimum allowed value (1)., personality.balance: Path `personality.balance` (0) is less than minimum allowed value (1)., personality.focus: Path `personality.focus` (0) is less than minimum allowed value (1)., preferences.gender: `` is not a valid enum value for path `preferences.gender`., preferences.bodyType: `` is not a valid enum value for path `preferences.bodyType`., preferences.ethnicity: `` is not a valid enum value for path `preferences.ethnicity`., subscription.status: `` is not a valid enum value for path `subscription.status`.
    at model.Document.invalidate (/home/mir/dev/projects/podlove_backend/node_modules/.pnpm/mongoose@8.8.4/node_modules/mongoose/lib/document.js:3318:32)
    at /home/mir/dev/projects/podlove_backend/node_modules/.pnpm/mongoose@8.8.4/node_modules/mongoose/lib/document.js:3079:17
    at /home/mir/dev/projects/podlove_backend/node_modules/.pnpm/mongoose@8.8.4/node_modules/mongoose/lib/schemaType.js:1388:9
    at processTicksAndRejections (node:internal/process/task_queues:85:11)
ValidationError
Fri Jan 24 2025 22:34:48 [Podlove] [32minfo[39m: Successfully Connected to MongoDB Atlas
Fri Jan 24 2025 22:34:48 [Podlove] [32minfo[39m: Server is running at PORT: 7000
Fri Jan 24 2025 22:34:55 [Podlove] [31merror[39m: User  validation failed: personality.spectrum: Path `personality.spectrum` (0) is less than minimum allowed value (1)., personality.balance: Path `personality.balance` (0) is less than minimum allowed value (1)., personality.focus: Path `personality.focus` (0) is less than minimum allowed value (1)., subscription.status: `` is not a valid enum value for path `subscription.status`.
ValidationError: User  validation failed: personality.spectrum: Path `personality.spectrum` (0) is less than minimum allowed value (1)., personality.balance: Path `personality.balance` (0) is less than minimum allowed value (1)., personality.focus: Path `personality.focus` (0) is less than minimum allowed value (1)., subscription.status: `` is not a valid enum value for path `subscription.status`.
    at model.Document.invalidate (/home/mir/dev/projects/podlove_backend/node_modules/.pnpm/mongoose@8.8.4/node_modules/mongoose/lib/document.js:3318:32)
    at /home/mir/dev/projects/podlove_backend/node_modules/.pnpm/mongoose@8.8.4/node_modules/mongoose/lib/document.js:3079:17
    at /home/mir/dev/projects/podlove_backend/node_modules/.pnpm/mongoose@8.8.4/node_modules/mongoose/lib/schemaType.js:1388:9
    at processTicksAndRejections (node:internal/process/task_queues:85:11)
ValidationError
Fri Jan 24 2025 22:35:33 [Podlove] [32minfo[39m: Successfully Connected to MongoDB Atlas
Fri Jan 24 2025 22:35:33 [Podlove] [32minfo[39m: Server is running at PORT: 7000
Fri Jan 24 2025 22:35:58 [Podlove] [32minfo[39m: Successfully Connected to MongoDB Atlas
Fri Jan 24 2025 22:35:58 [Podlove] [32minfo[39m: Server is running at PORT: 7000
Fri Jan 24 2025 22:43:20 [Podlove] [32minfo[39m: Successfully Connected to MongoDB Atlas
Fri Jan 24 2025 22:43:20 [Podlove] [32minfo[39m: Server is running at PORT: 7000
