Sat Jan 03 2026 10:51:48 [Podlove] [32minfo[39m: Successfully Connected to MongoDB Atlas
Sat Jan 03 2026 10:51:52 [Podlove] [32minfo[39m: Privacy Policy exists!
Sat Jan 03 2026 10:51:52 [Podlove] [32minfo[39m: Consumer Policy exists!
Sat Jan 03 2026 10:51:52 [Podlove] [32minfo[39m: Media Policy exists!
Sat Jan 03 2026 10:51:52 [Podlove] [32minfo[39m: Server is running at PORT: 8000, HOST: 10.10.20.11
Sat Jan 03 2026 10:51:52 [Podlove] [32minfo[39m: Socket.IO server initialized
Sat Jan 03 2026 10:56:48 [Podlove] [32minfo[39m: Successfully Connected to MongoDB Atlas
Sat Jan 03 2026 10:56:52 [Podlove] [32minfo[39m: Privacy Policy exists!
Sat Jan 03 2026 10:57:5 [Podlove] [32minfo[39m: Successfully Connected to MongoDB Atlas
Sat Jan 03 2026 10:57:9 [Podlove] [32minfo[39m: Privacy Policy exists!
Sat Jan 03 2026 10:57:10 [Podlove] [32minfo[39m: Consumer Policy exists!
Sat Jan 03 2026 10:57:10 [Podlove] [32minfo[39m: Media Policy exists!
Sat Jan 03 2026 10:57:10 [Podlove] [32minfo[39m: Server is running at PORT: 8000, HOST: 10.10.20.11
Sat Jan 03 2026 10:57:10 [Podlove] [32minfo[39m: Socket.IO server initialized
Sat Jan 03 2026 10:57:31 [Podlove] [32minfo[39m: Successfully Connected to MongoDB Atlas
Sat Jan 03 2026 10:57:35 [Podlove] [32minfo[39m: Privacy Policy exists!
Sat Jan 03 2026 10:57:35 [Podlove] [32minfo[39m: Consumer Policy exists!
Sat Jan 03 2026 10:57:35 [Podlove] [32minfo[39m: Media Policy exists!
Sat Jan 03 2026 10:57:35 [Podlove] [32minfo[39m: Server is running at PORT: 8000, HOST: 10.10.20.11
Sat Jan 03 2026 10:57:35 [Podlove] [32minfo[39m: Socket.IO server initialized
Sat Jan 03 2026 10:58:58 [Podlove] [32minfo[39m: Successfully Connected to MongoDB Atlas
Sat Jan 03 2026 10:59:2 [Podlove] [32minfo[39m: Privacy Policy exists!
Sat Jan 03 2026 10:59:2 [Podlove] [32minfo[39m: Consumer Policy exists!
Sat Jan 03 2026 10:59:3 [Podlove] [32minfo[39m: Media Policy exists!
Sat Jan 03 2026 10:59:3 [Podlove] [32minfo[39m: Server is running at PORT: 8000, HOST: 10.10.20.11
Sat Jan 03 2026 10:59:3 [Podlove] [32minfo[39m: Socket.IO server initialized
