Wed Jul 09 2025 12:4:21 [Podlove] [32minfo[39m: Successfully Connected to MongoDB Atlas
Wed Jul 09 2025 12:4:25 [Podlove] [32minfo[39m: Privacy Policy exists!
Wed Jul 09 2025 12:4:25 [Podlove] [32minfo[39m: Consumer Policy exists!
Wed Jul 09 2025 12:4:25 [Podlove] [32minfo[39m: Media Policy exists!
Wed Jul 09 2025 12:4:25 [Podlove] [32minfo[39m: Server is running at PORT: 8000, HOST: 10.0.60.147
Wed Jul 09 2025 12:9:9 [Podlove] [32minfo[39m: Successfully Connected to MongoDB Atlas
Wed Jul 09 2025 12:9:13 [Podlove] [32minfo[39m: Privacy Policy exists!
Wed Jul 09 2025 12:9:13 [Podlove] [32minfo[39m: Consumer Policy exists!
Wed Jul 09 2025 12:9:13 [Podlove] [32minfo[39m: Media Policy exists!
Wed Jul 09 2025 12:9:13 [Podlove] [32minfo[39m: Server is running at PORT: 8000, HOST: 10.0.60.147
Wed Jul 09 2025 12:15:7 [Podlove] [31merror[39m: Wrong OTP. Please try again
UnauthorizedError: Wrong OTP. Please try again
    at recoveryVerification (C:\Users\Bd Calling\podlove_backend\src\controllers\adminController.ts:188:22)
    at processTicksAndRejections (node:internal/process/task_queues:105:5)
UnauthorizedError
Wed Jul 09 2025 12:19:17 [Podlove] [32minfo[39m: Successfully Connected to MongoDB Atlas
Wed Jul 09 2025 12:19:20 [Podlove] [32minfo[39m: Privacy Policy exists!
Wed Jul 09 2025 12:19:20 [Podlove] [32minfo[39m: Consumer Policy exists!
Wed Jul 09 2025 12:19:21 [Podlove] [32minfo[39m: Media Policy exists!
Wed Jul 09 2025 12:19:21 [Podlove] [32minfo[39m: Server is running at PORT: 8000, HOST: 10.0.60.147
Wed Jul 09 2025 12:24:42 [Podlove] [32minfo[39m: Successfully Connected to MongoDB Atlas
Wed Jul 09 2025 12:24:45 [Podlove] [32minfo[39m: Privacy Policy exists!
Wed Jul 09 2025 12:24:45 [Podlove] [32minfo[39m: Consumer Policy exists!
Wed Jul 09 2025 12:24:46 [Podlove] [32minfo[39m: Media Policy exists!
Wed Jul 09 2025 12:24:46 [Podlove] [32minfo[39m: Server is running at PORT: 8000, HOST: 10.0.60.147
Wed Jul 09 2025 12:24:56 [Podlove] [32minfo[39m: Successfully Connected to MongoDB Atlas
Wed Jul 09 2025 12:24:59 [Podlove] [32minfo[39m: Privacy Policy exists!
Wed Jul 09 2025 12:25:0 [Podlove] [32minfo[39m: Consumer Policy exists!
Wed Jul 09 2025 12:25:0 [Podlove] [32minfo[39m: Media Policy exists!
Wed Jul 09 2025 12:25:0 [Podlove] [32minfo[39m: Server is running at PORT: 8000, HOST: 10.0.60.147
Wed Jul 09 2025 12:26:49 [Podlove] [32minfo[39m: Successfully Connected to MongoDB Atlas
Wed Jul 09 2025 12:26:52 [Podlove] [32minfo[39m: Privacy Policy exists!
Wed Jul 09 2025 12:26:53 [Podlove] [32minfo[39m: Consumer Policy exists!
Wed Jul 09 2025 12:26:53 [Podlove] [32minfo[39m: Media Policy exists!
Wed Jul 09 2025 12:26:53 [Podlove] [32minfo[39m: Server is running at PORT: 8000, HOST: 10.0.60.147
Wed Jul 09 2025 12:26:53 [Podlove] [32minfo[39m: Socket.IO server initialized
Wed Jul 09 2025 12:28:12 [Podlove] [32minfo[39m: 686e0145a9e6c91d50ffc677
Wed Jul 09 2025 12:28:13 [Podlove] [32minfo[39m: [object Object]
Wed Jul 09 2025 12:29:0 [Podlove] [32minfo[39m: Successfully Connected to MongoDB Atlas
Wed Jul 09 2025 12:29:3 [Podlove] [32minfo[39m: Privacy Policy exists!
Wed Jul 09 2025 12:29:3 [Podlove] [32minfo[39m: Consumer Policy exists!
Wed Jul 09 2025 12:29:4 [Podlove] [32minfo[39m: Media Policy exists!
Wed Jul 09 2025 12:29:4 [Podlove] [32minfo[39m: Server is running at PORT: 8000, HOST: 10.0.60.147
Wed Jul 09 2025 12:29:4 [Podlove] [32minfo[39m: Socket.IO server initialized
Wed Jul 09 2025 12:33:56 [Podlove] [32minfo[39m: Successfully Connected to MongoDB Atlas
Wed Jul 09 2025 12:33:59 [Podlove] [32minfo[39m: Privacy Policy exists!
Wed Jul 09 2025 12:34:0 [Podlove] [32minfo[39m: Consumer Policy exists!
Wed Jul 09 2025 12:34:0 [Podlove] [32minfo[39m: Media Policy exists!
Wed Jul 09 2025 12:34:0 [Podlove] [32minfo[39m: Server is running at PORT: 8000, HOST: 10.0.60.147
Wed Jul 09 2025 12:34:0 [Podlove] [32minfo[39m: Socket.IO server initialized
Wed Jul 09 2025 12:34:35 [Podlove] [32minfo[39m: Successfully Connected to MongoDB Atlas
Wed Jul 09 2025 12:34:39 [Podlove] [32minfo[39m: Privacy Policy exists!
Wed Jul 09 2025 12:34:39 [Podlove] [32minfo[39m: Consumer Policy exists!
Wed Jul 09 2025 12:34:39 [Podlove] [32minfo[39m: Media Policy exists!
Wed Jul 09 2025 12:34:39 [Podlove] [32minfo[39m: Server is running at PORT: 8000, HOST: 10.0.60.147
Wed Jul 09 2025 12:34:39 [Podlove] [32minfo[39m: Socket.IO server initialized
Wed Jul 09 2025 12:35:15 [Podlove] [32minfo[39m: Successfully Connected to MongoDB Atlas
Wed Jul 09 2025 12:35:18 [Podlove] [32minfo[39m: Privacy Policy exists!
Wed Jul 09 2025 12:35:19 [Podlove] [32minfo[39m: Consumer Policy exists!
Wed Jul 09 2025 12:35:19 [Podlove] [32minfo[39m: Media Policy exists!
Wed Jul 09 2025 12:35:19 [Podlove] [32minfo[39m: Server is running at PORT: 8000, HOST: 10.0.60.147
Wed Jul 09 2025 12:35:19 [Podlove] [32minfo[39m: Socket.IO server initialized
Wed Jul 09 2025 12:35:37 [Podlove] [32minfo[39m: Successfully Connected to MongoDB Atlas
Wed Jul 09 2025 12:35:40 [Podlove] [32minfo[39m: Privacy Policy exists!
Wed Jul 09 2025 12:35:41 [Podlove] [32minfo[39m: Consumer Policy exists!
Wed Jul 09 2025 12:35:41 [Podlove] [32minfo[39m: Media Policy exists!
Wed Jul 09 2025 12:35:41 [Podlove] [32minfo[39m: Server is running at PORT: 8000, HOST: 10.0.60.147
Wed Jul 09 2025 12:35:41 [Podlove] [32minfo[39m: Socket.IO server initialized
Wed Jul 09 2025 12:45:17 [Podlove] [32minfo[39m: 686e0145a9e6c91d50ffc677
Wed Jul 09 2025 12:45:17 [Podlove] [32minfo[39m: [object Object]
Wed Jul 09 2025 12:45:18 [Podlove] [32minfo[39m: 686e0145a9e6c91d50ffc677
Wed Jul 09 2025 12:45:18 [Podlove] [32minfo[39m: [object Object]
Wed Jul 09 2025 12:45:35 [Podlove] [32minfo[39m: 686e0145a9e6c91d50ffc677
Wed Jul 09 2025 12:45:35 [Podlove] [32minfo[39m: [object Object]
Wed Jul 09 2025 12:46:23 [Podlove] [32minfo[39m: 686e0145a9e6c91d50ffc677
Wed Jul 09 2025 12:46:23 [Podlove] [32minfo[39m: [object Object]
Wed Jul 09 2025 12:46:24 [Podlove] [32minfo[39m: 686e0145a9e6c91d50ffc677
Wed Jul 09 2025 12:46:24 [Podlove] [32minfo[39m: [object Object]
Wed Jul 09 2025 12:46:57 [Podlove] [32minfo[39m: 686e0145a9e6c91d50ffc677
Wed Jul 09 2025 12:46:57 [Podlove] [32minfo[39m: [object Object]
Wed Jul 09 2025 12:46:58 [Podlove] [32minfo[39m: 686e0145a9e6c91d50ffc677
Wed Jul 09 2025 12:46:58 [Podlove] [32minfo[39m: [object Object]
Wed Jul 09 2025 12:47:29 [Podlove] [32minfo[39m: 686e0145a9e6c91d50ffc677
Wed Jul 09 2025 12:47:29 [Podlove] [32minfo[39m: [object Object]
Wed Jul 09 2025 12:47:30 [Podlove] [32minfo[39m: 686e0145a9e6c91d50ffc677
Wed Jul 09 2025 12:47:30 [Podlove] [32minfo[39m: [object Object]
Wed Jul 09 2025 12:47:36 [Podlove] [32minfo[39m: 686e0145a9e6c91d50ffc677
Wed Jul 09 2025 12:47:36 [Podlove] [32minfo[39m: [object Object]
