Sun Jan 04 2026 12:14:41 [Podlove] [32minfo[39m: Successfully Connected to MongoDB Atlas
Sun Jan 04 2026 12:14:45 [Podlove] [32minfo[39m: Privacy Policy exists!
Sun Jan 04 2026 12:14:45 [Podlove] [32minfo[39m: Consumer Policy exists!
Sun Jan 04 2026 12:14:45 [Podlove] [32minfo[39m: Media Policy exists!
Sun Jan 04 2026 12:14:45 [Podlove] [32minfo[39m: Server is running at PORT: 8000, HOST: 0.0.0.0
Sun Jan 04 2026 12:14:45 [Podlove] [32minfo[39m: Socket.IO server initialized
Sun Jan 04 2026 12:14:46 [Podlove] [32minfo[39m: 6953a05c4ae03b903bb11d98
Sun Jan 04 2026 12:14:46 [Podlove] [32minfo[39m: 6953a05c4ae03b903bb11d98
Sun Jan 04 2026 12:14:48 [Podlove] [31merror[39m: Failed to fetch videos
Error: Failed to fetch videos
    at Object.getExistingVideos (C:\20300\github\pl\podlove_backend\src\podcast\podcast.service.ts:409:15)
    at processTicksAndRejections (node:internal/process/task_queues:105:5)
    at async getExistingVideos (C:\20300\github\pl\podlove_backend\src\podcast\podcast.controller.ts:71:20)
Error
Sun Jan 04 2026 12:14:55 [Podlove] [32minfo[39m: 6953a05c4ae03b903bb11d98
Sun Jan 04 2026 12:14:55 [Podlove] [32minfo[39m: 6953a05c4ae03b903bb11d98
Sun Jan 04 2026 12:15:7 [Podlove] [32minfo[39m: 6953a05c4ae03b903bb11d98
Sun Jan 04 2026 12:15:34 [Podlove] [32minfo[39m: Successfully Connected to MongoDB Atlas
Sun Jan 04 2026 12:15:45 [Podlove] [32minfo[39m: Successfully Connected to MongoDB Atlas
Sun Jan 04 2026 12:15:49 [Podlove] [32minfo[39m: Privacy Policy exists!
Sun Jan 04 2026 12:15:49 [Podlove] [32minfo[39m: Consumer Policy exists!
Sun Jan 04 2026 12:15:49 [Podlove] [32minfo[39m: Media Policy exists!
Sun Jan 04 2026 12:15:49 [Podlove] [32minfo[39m: Server is running at PORT: 8000, HOST: 0.0.0.0
Sun Jan 04 2026 12:15:49 [Podlove] [32minfo[39m: Socket.IO server initialized
Sun Jan 04 2026 12:17:46 [Podlove] [32minfo[39m: Successfully Connected to MongoDB Atlas
Sun Jan 04 2026 12:17:50 [Podlove] [32minfo[39m: Privacy Policy exists!
Sun Jan 04 2026 12:17:51 [Podlove] [32minfo[39m: Consumer Policy exists!
Sun Jan 04 2026 12:17:51 [Podlove] [32minfo[39m: Media Policy exists!
Sun Jan 04 2026 12:17:51 [Podlove] [32minfo[39m: Server is running at PORT: 8000, HOST: 0.0.0.0
Sun Jan 04 2026 12:17:51 [Podlove] [32minfo[39m: Socket.IO server initialized
Sun Jan 04 2026 12:17:52 [Podlove] [31merror[39m: Failed to fetch videos
Error: Failed to fetch videos
    at Object.getExistingVideos (C:\20300\github\pl\podlove_backend\src\podcast\podcast.service.ts:409:15)
    at processTicksAndRejections (node:internal/process/task_queues:105:5)
    at async getExistingVideos (C:\20300\github\pl\podlove_backend\src\podcast\podcast.controller.ts:71:20)
Error
Sun Jan 04 2026 12:17:59 [Podlove] [32minfo[39m: 6953a05c4ae03b903bb11d98
Sun Jan 04 2026 12:17:59 [Podlove] [32minfo[39m: 6953a05c4ae03b903bb11d98
Sun Jan 04 2026 12:18:10 [Podlove] [32minfo[39m: 6953a05c4ae03b903bb11d98
Sun Jan 04 2026 12:18:35 [Podlove] [31merror[39m: Failed to fetch videos
Error: Failed to fetch videos
    at Object.getExistingVideos (C:\20300\github\pl\podlove_backend\src\podcast\podcast.service.ts:409:15)
    at processTicksAndRejections (node:internal/process/task_queues:105:5)
    at async getExistingVideos (C:\20300\github\pl\podlove_backend\src\podcast\podcast.controller.ts:71:20)
Error
Sun Jan 04 2026 12:19:44 [Podlove] [32minfo[39m: 6953989712519096eeaaca3b
Sun Jan 04 2026 12:19:44 [Podlove] [32minfo[39m: 6953989712519096eeaaca3b
Sun Jan 04 2026 12:19:55 [Podlove] [32minfo[39m: 6953989712519096eeaaca3b
Sun Jan 04 2026 12:19:55 [Podlove] [32minfo[39m: 6953989712519096eeaaca3b
Sun Jan 04 2026 12:20:5 [Podlove] [32minfo[39m: 6953989712519096eeaaca3b
Sun Jan 04 2026 12:31:24 [Podlove] [32minfo[39m: Successfully Connected to MongoDB Atlas
Sun Jan 04 2026 12:31:29 [Podlove] [32minfo[39m: Privacy Policy exists!
Sun Jan 04 2026 12:31:29 [Podlove] [32minfo[39m: Consumer Policy exists!
Sun Jan 04 2026 12:31:29 [Podlove] [32minfo[39m: Media Policy exists!
Sun Jan 04 2026 12:31:29 [Podlove] [32minfo[39m: Server is running at PORT: 8000, HOST: 0.0.0.0
Sun Jan 04 2026 12:31:29 [Podlove] [32minfo[39m: Socket.IO server initialized
Sun Jan 04 2026 12:31:30 [Podlove] [32minfo[39m: 6953989712519096eeaaca3b
Sun Jan 04 2026 12:31:30 [Podlove] [32minfo[39m: 6953989712519096eeaaca3b
Sun Jan 04 2026 12:31:31 [Podlove] [31merror[39m: Failed to fetch videos
Error: Failed to fetch videos
    at Object.getExistingVideos (C:\20300\github\pl\podlove_backend\src\podcast\podcast.service.ts:409:15)
    at processTicksAndRejections (node:internal/process/task_queues:105:5)
    at async getExistingVideos (C:\20300\github\pl\podlove_backend\src\podcast\podcast.controller.ts:71:20)
Error
Sun Jan 04 2026 12:31:52 [Podlove] [32minfo[39m: 6953989712519096eeaaca3b
Sun Jan 04 2026 12:31:52 [Podlove] [32minfo[39m: 6953989712519096eeaaca3b
Sun Jan 04 2026 12:32:2 [Podlove] [32minfo[39m: 6953989712519096eeaaca3b
Sun Jan 04 2026 12:33:3 [Podlove] [32minfo[39m: Successfully Connected to MongoDB Atlas
Sun Jan 04 2026 12:33:7 [Podlove] [32minfo[39m: Privacy Policy exists!
Sun Jan 04 2026 12:33:8 [Podlove] [32minfo[39m: Consumer Policy exists!
Sun Jan 04 2026 12:33:8 [Podlove] [32minfo[39m: Media Policy exists!
Sun Jan 04 2026 12:33:8 [Podlove] [32minfo[39m: Server is running at PORT: 8000, HOST: 0.0.0.0
Sun Jan 04 2026 12:33:8 [Podlove] [32minfo[39m: Socket.IO server initialized
Sun Jan 04 2026 12:33:15 [Podlove] [32minfo[39m: 6953989712519096eeaaca3b
Sun Jan 04 2026 12:33:15 [Podlove] [32minfo[39m: 6953989712519096eeaaca3b
Sun Jan 04 2026 12:33:26 [Podlove] [32minfo[39m: 6953989712519096eeaaca3b
Sun Jan 04 2026 12:34:9 [Podlove] [32minfo[39m: 6953989712519096eeaaca3b
Sun Jan 04 2026 12:34:14 [Podlove] [31merror[39m: Failed to fetch videos
Error: Failed to fetch videos
    at Object.getExistingVideos (C:\20300\github\pl\podlove_backend\src\podcast\podcast.service.ts:409:15)
    at processTicksAndRejections (node:internal/process/task_queues:105:5)
    at async getExistingVideos (C:\20300\github\pl\podlove_backend\src\podcast\podcast.controller.ts:71:20)
Error
Sun Jan 04 2026 12:34:19 [Podlove] [31merror[39m: Failed to fetch videos
Error: Failed to fetch videos
    at Object.getExistingVideos (C:\20300\github\pl\podlove_backend\src\podcast\podcast.service.ts:409:15)
    at processTicksAndRejections (node:internal/process/task_queues:105:5)
    at async getExistingVideos (C:\20300\github\pl\podlove_backend\src\podcast\podcast.controller.ts:71:20)
Error
Sun Jan 04 2026 12:34:24 [Podlove] [31merror[39m: Failed to fetch videos
Error: Failed to fetch videos
    at Object.getExistingVideos (C:\20300\github\pl\podlove_backend\src\podcast\podcast.service.ts:409:15)
    at processTicksAndRejections (node:internal/process/task_queues:105:5)
    at async getExistingVideos (C:\20300\github\pl\podlove_backend\src\podcast\podcast.controller.ts:71:20)
Error
Sun Jan 04 2026 12:34:28 [Podlove] [32minfo[39m: 6953989712519096eeaaca3b
Sun Jan 04 2026 12:34:28 [Podlove] [32minfo[39m: 6953989712519096eeaaca3b
Sun Jan 04 2026 12:34:40 [Podlove] [32minfo[39m: 6953989712519096eeaaca3b
Sun Jan 04 2026 12:51:36 [Podlove] [32minfo[39m: Successfully Connected to MongoDB Atlas
Sun Jan 04 2026 12:51:40 [Podlove] [32minfo[39m: Privacy Policy exists!
Sun Jan 04 2026 12:51:40 [Podlove] [32minfo[39m: Consumer Policy exists!
Sun Jan 04 2026 12:51:40 [Podlove] [32minfo[39m: Media Policy exists!
Sun Jan 04 2026 12:51:40 [Podlove] [32minfo[39m: Server is running at PORT: 8000, HOST: 0.0.0.0
Sun Jan 04 2026 12:51:40 [Podlove] [32minfo[39m: Socket.IO server initialized
Sun Jan 04 2026 12:51:51 [Podlove] [32minfo[39m: Successfully Connected to MongoDB Atlas
Sun Jan 04 2026 12:51:55 [Podlove] [32minfo[39m: Privacy Policy exists!
Sun Jan 04 2026 12:51:56 [Podlove] [32minfo[39m: Consumer Policy exists!
Sun Jan 04 2026 12:51:56 [Podlove] [32minfo[39m: Media Policy exists!
Sun Jan 04 2026 12:51:56 [Podlove] [32minfo[39m: Server is running at PORT: 8000, HOST: 0.0.0.0
Sun Jan 04 2026 12:51:56 [Podlove] [32minfo[39m: Socket.IO server initialized
Sun Jan 04 2026 12:52:11 [Podlove] [32minfo[39m: 6953989712519096eeaaca3b
Sun Jan 04 2026 12:52:11 [Podlove] [32minfo[39m: 6953989712519096eeaaca3b
Sun Jan 04 2026 12:52:23 [Podlove] [32minfo[39m: 6953989712519096eeaaca3b
Sun Jan 04 2026 12:52:43 [Podlove] [32minfo[39m: 6953989712519096eeaaca3b
Sun Jan 04 2026 12:52:52 [Podlove] [31merror[39m: Failed to fetch videos
Error: Failed to fetch videos
    at Object.getExistingVideos (C:\20300\github\pl\podlove_backend\src\podcast\podcast.service.ts:409:15)
    at processTicksAndRejections (node:internal/process/task_queues:105:5)
    at async getExistingVideos (C:\20300\github\pl\podlove_backend\src\podcast\podcast.controller.ts:71:20)
Error
Sun Jan 04 2026 12:53:11 [Podlove] [32minfo[39m: Successfully Connected to MongoDB Atlas
Sun Jan 04 2026 12:53:16 [Podlove] [32minfo[39m: Privacy Policy exists!
Sun Jan 04 2026 12:53:17 [Podlove] [32minfo[39m: Consumer Policy exists!
Sun Jan 04 2026 12:53:17 [Podlove] [32minfo[39m: Media Policy exists!
Sun Jan 04 2026 12:53:17 [Podlove] [32minfo[39m: Server is running at PORT: 8000, HOST: 0.0.0.0
Sun Jan 04 2026 12:53:17 [Podlove] [32minfo[39m: Socket.IO server initialized
Sun Jan 04 2026 12:54:31 [Podlove] [32minfo[39m: Successfully Connected to MongoDB Atlas
Sun Jan 04 2026 12:54:36 [Podlove] [32minfo[39m: Privacy Policy exists!
Sun Jan 04 2026 12:54:36 [Podlove] [32minfo[39m: Consumer Policy exists!
Sun Jan 04 2026 12:54:36 [Podlove] [32minfo[39m: Media Policy exists!
Sun Jan 04 2026 12:54:36 [Podlove] [32minfo[39m: Server is running at PORT: 8000, HOST: 0.0.0.0
Sun Jan 04 2026 12:54:36 [Podlove] [32minfo[39m: Socket.IO server initialized
Sun Jan 04 2026 12:55:1 [Podlove] [32minfo[39m: Successfully Connected to MongoDB Atlas
Sun Jan 04 2026 12:55:5 [Podlove] [32minfo[39m: Privacy Policy exists!
Sun Jan 04 2026 12:55:5 [Podlove] [32minfo[39m: Consumer Policy exists!
Sun Jan 04 2026 12:55:5 [Podlove] [32minfo[39m: Media Policy exists!
Sun Jan 04 2026 12:55:5 [Podlove] [32minfo[39m: Server is running at PORT: 8000, HOST: 0.0.0.0
Sun Jan 04 2026 12:55:5 [Podlove] [32minfo[39m: Socket.IO server initialized
Sun Jan 04 2026 12:56:14 [Podlove] [32minfo[39m: 6953989712519096eeaaca3b
Sun Jan 04 2026 12:56:36 [Podlove] [32minfo[39m: 6953989712519096eeaaca3b
Sun Jan 04 2026 12:56:36 [Podlove] [32minfo[39m: 6953989712519096eeaaca3b
Sun Jan 04 2026 12:56:49 [Podlove] [32minfo[39m: 6953989712519096eeaaca3b
Sun Jan 04 2026 12:58:10 [Podlove] [32minfo[39m: 69537e187d57648bdab1d196
Sun Jan 04 2026 12:58:10 [Podlove] [32minfo[39m: 69537e187d57648bdab1d196
Sun Jan 04 2026 12:58:20 [Podlove] [32minfo[39m: 69537e187d57648bdab1d196
Sun Jan 04 2026 12:58:20 [Podlove] [32minfo[39m: 69537e187d57648bdab1d196
Sun Jan 04 2026 12:58:31 [Podlove] [32minfo[39m: 69537e187d57648bdab1d196
Sun Jan 04 2026 12:59:24 [Podlove] [32minfo[39m: 69537e187d57648bdab1d196
Sun Jan 04 2026 12:59:36 [Podlove] [31merror[39m: Failed to fetch videos
Error: Failed to fetch videos
    at Object.getExistingVideos (C:\20300\github\pl\podlove_backend\src\podcast\podcast.service.ts:409:15)
    at processTicksAndRejections (node:internal/process/task_queues:105:5)
    at async getExistingVideos (C:\20300\github\pl\podlove_backend\src\podcast\podcast.controller.ts:71:20)
Error
Sun Jan 04 2026 12:59:41 [Podlove] [31merror[39m: Failed to fetch videos
Error: Failed to fetch videos
    at Object.getExistingVideos (C:\20300\github\pl\podlove_backend\src\podcast\podcast.service.ts:409:15)
    at processTicksAndRejections (node:internal/process/task_queues:105:5)
    at async getExistingVideos (C:\20300\github\pl\podlove_backend\src\podcast\podcast.controller.ts:71:20)
Error
