Thu Jul 31 2025 18:3:57 [Podlove] [32minfo[39m: 688b5b792bad7c6728e8d94f
Thu Jul 31 2025 18:4:2 [Podlove] [32minfo[39m: 688b5b792bad7c6728e8d94f
Thu Jul 31 2025 18:4:19 [Podlove] [32minfo[39m: 688b5b792bad7c6728e8d94f
Thu Jul 31 2025 18:4:26 [Podlove] [32minfo[39m: 688b5b792bad7c6728e8d94f
Thu Jul 31 2025 18:4:32 [Podlove] [32minfo[39m: 688b5b792bad7c6728e8d94f
Thu Jul 31 2025 18:4:43 [Podlove] [32minfo[39m: 688b5b792bad7c6728e8d94f
Thu Jul 31 2025 18:4:47 [Podlove] [32minfo[39m: 688b5b792bad7c6728e8d94f
Thu Jul 31 2025 18:4:52 [Podlove] [32minfo[39m: 688b5b792bad7c6728e8d94f
Thu Jul 31 2025 18:5:1 [Podlove] [32minfo[39m: 688b5b792bad7c6728e8d94f
Thu Jul 31 2025 18:5:6 [Podlove] [32minfo[39m: 688b5b792bad7c6728e8d94f
Thu Jul 31 2025 18:5:33 [Podlove] [32minfo[39m: 688b5b792bad7c6728e8d94f
Thu Jul 31 2025 18:5:36 [Podlove] [31merror[39m: Your bio contains content that violates our guidelines. Please ensure it does not include:
1. Profanity, hate speech, or explicit content
2. Personal information such as phone numbers, addresses, emails, or identifiable details
3. Spam, random characters, or nonsensical phrases.
BadRequestError: Your bio contains content that violates our guidelines. Please ensure it does not include:
1. Profanity, hate speech, or explicit content
2. Personal information such as phone numbers, addresses, emails, or identifiable details
3. Spam, random characters, or nonsensical phrases.
    at validateBio (C:\Users\jahid\Music\Jahid Hasan\podlove_backend\src\services\userServices.ts:91:20)
    at processTicksAndRejections (node:internal/process/task_queues:105:5)
BadRequestError
Thu Jul 31 2025 18:5:45 [Podlove] [32minfo[39m: 688b5b792bad7c6728e8d94f
Thu Jul 31 2025 18:5:47 [Podlove] [31merror[39m: Your bio contains content that violates our guidelines. Please ensure it does not include:
1. Profanity, hate speech, or explicit content
2. Personal information such as phone numbers, addresses, emails, or identifiable details
3. Spam, random characters, or nonsensical phrases.
BadRequestError: Your bio contains content that violates our guidelines. Please ensure it does not include:
1. Profanity, hate speech, or explicit content
2. Personal information such as phone numbers, addresses, emails, or identifiable details
3. Spam, random characters, or nonsensical phrases.
    at validateBio (C:\Users\jahid\Music\Jahid Hasan\podlove_backend\src\services\userServices.ts:91:20)
    at processTicksAndRejections (node:internal/process/task_queues:105:5)
BadRequestError
Thu Jul 31 2025 18:5:56 [Podlove] [32minfo[39m: 688b5b792bad7c6728e8d94f
Thu Jul 31 2025 18:5:59 [Podlove] [31merror[39m: Your bio contains content that violates our guidelines. Please ensure it does not include:
1. Profanity, hate speech, or explicit content
2. Personal information such as phone numbers, addresses, emails, or identifiable details
3. Spam, random characters, or nonsensical phrases.
BadRequestError: Your bio contains content that violates our guidelines. Please ensure it does not include:
1. Profanity, hate speech, or explicit content
2. Personal information such as phone numbers, addresses, emails, or identifiable details
3. Spam, random characters, or nonsensical phrases.
    at validateBio (C:\Users\jahid\Music\Jahid Hasan\podlove_backend\src\services\userServices.ts:91:20)
    at processTicksAndRejections (node:internal/process/task_queues:105:5)
BadRequestError
Thu Jul 31 2025 18:6:27 [Podlove] [32minfo[39m: 688b5b792bad7c6728e8d94f
Thu Jul 31 2025 18:6:28 [Podlove] [31merror[39m: Your bio contains content that violates our guidelines. Please ensure it does not include:
1. Profanity, hate speech, or explicit content
2. Personal information such as phone numbers, addresses, emails, or identifiable details
3. Spam, random characters, or nonsensical phrases.
BadRequestError: Your bio contains content that violates our guidelines. Please ensure it does not include:
1. Profanity, hate speech, or explicit content
2. Personal information such as phone numbers, addresses, emails, or identifiable details
3. Spam, random characters, or nonsensical phrases.
    at validateBio (C:\Users\jahid\Music\Jahid Hasan\podlove_backend\src\services\userServices.ts:91:20)
    at processTicksAndRejections (node:internal/process/task_queues:105:5)
BadRequestError
Thu Jul 31 2025 18:7:19 [Podlove] [32minfo[39m: 688b5b792bad7c6728e8d94f
Thu Jul 31 2025 18:7:28 [Podlove] [32minfo[39m: 688b5b792bad7c6728e8d94f
Thu Jul 31 2025 18:7:57 [Podlove] [32minfo[39m: Successfully Connected to MongoDB Atlas
Thu Jul 31 2025 18:8:0 [Podlove] [32minfo[39m: Privacy Policy exists!
Thu Jul 31 2025 18:8:1 [Podlove] [32minfo[39m: Consumer Policy exists!
Thu Jul 31 2025 18:8:1 [Podlove] [32minfo[39m: Media Policy exists!
Thu Jul 31 2025 18:8:1 [Podlove] [32minfo[39m: Server is running at PORT: 8000, HOST: 10.10.10.59
Thu Jul 31 2025 18:8:1 [Podlove] [32minfo[39m: Socket.IO server initialized
Thu Jul 31 2025 18:8:2 [Podlove] [32minfo[39m: 685e6e80ad422af7edb9b072
Thu Jul 31 2025 18:8:3 [Podlove] [32minfo[39m: [object Object]
Thu Jul 31 2025 18:8:25 [Podlove] [32minfo[39m: 688b5b792bad7c6728e8d94f
Thu Jul 31 2025 18:8:31 [Podlove] [32minfo[39m: 688b5b792bad7c6728e8d94f
Thu Jul 31 2025 18:8:33 [Podlove] [32minfo[39m: 688b5b792bad7c6728e8d94f
Thu Jul 31 2025 18:8:46 [Podlove] [32minfo[39m: 688b5b792bad7c6728e8d94f
Thu Jul 31 2025 18:8:53 [Podlove] [32minfo[39m: 688b5b792bad7c6728e8d94f
Thu Jul 31 2025 18:8:54 [Podlove] [31merror[39m: Matched users not found
NotFoundError: Matched users not found
    at getMatchedUsers (C:\Users\jahid\Music\Jahid Hasan\podlove_backend\src\services\matchesServices.ts:249:24)
    at processTicksAndRejections (node:internal/process/task_queues:105:5)
NotFoundError
Thu Jul 31 2025 18:57:28 [Podlove] [32minfo[39m: Successfully Connected to MongoDB Atlas
Thu Jul 31 2025 18:57:31 [Podlove] [32minfo[39m: Privacy Policy exists!
Thu Jul 31 2025 18:57:32 [Podlove] [32minfo[39m: Consumer Policy exists!
Thu Jul 31 2025 18:57:32 [Podlove] [32minfo[39m: Media Policy exists!
Thu Jul 31 2025 18:57:32 [Podlove] [32minfo[39m: Server is running at PORT: 8000, HOST: 10.10.10.59
Thu Jul 31 2025 18:57:32 [Podlove] [32minfo[39m: Socket.IO server initialized
