Thu Nov 20 2025 15:17:33 [Podlove] [32minfo[39m: Successfully Connected to MongoDB Atlas
Thu Nov 20 2025 15:17:37 [Podlove] [32minfo[39m: Privacy Policy exists!
Thu Nov 20 2025 15:17:37 [Podlove] [32minfo[39m: Consumer Policy exists!
Thu Nov 20 2025 15:17:38 [Podlove] [32minfo[39m: Media Policy exists!
Thu Nov 20 2025 15:17:38 [Podlove] [32minfo[39m: Server is running at PORT: 8000, HOST: 10.10.20.11
Thu Nov 20 2025 15:17:38 [Podlove] [32minfo[39m: Socket.IO server initialized
Thu Nov 20 2025 15:29:56 [Podlove] [32minfo[39m: Successfully Connected to MongoDB Atlas
Thu Nov 20 2025 15:30:2 [Podlove] [32minfo[39m: Privacy Policy exists!
Thu Nov 20 2025 15:30:2 [Podlove] [32minfo[39m: Consumer Policy exists!
Thu Nov 20 2025 15:30:2 [Podlove] [32minfo[39m: Media Policy exists!
Thu Nov 20 2025 15:30:2 [Podlove] [32minfo[39m: Server is running at PORT: 8000, HOST: 10.10.20.11
Thu Nov 20 2025 15:30:2 [Podlove] [32minfo[39m: Socket.IO server initialized
Thu Nov 20 2025 15:31:2 [Podlove] [32minfo[39m: Successfully Connected to MongoDB Atlas
Thu Nov 20 2025 15:31:5 [Podlove] [32minfo[39m: Privacy Policy exists!
Thu Nov 20 2025 15:31:6 [Podlove] [32minfo[39m: Consumer Policy exists!
Thu Nov 20 2025 15:31:6 [Podlove] [32minfo[39m: Media Policy exists!
Thu Nov 20 2025 15:31:6 [Podlove] [32minfo[39m: Server is running at PORT: 8000, HOST: 10.10.20.11
Thu Nov 20 2025 15:31:6 [Podlove] [32minfo[39m: Socket.IO server initialized
Thu Nov 20 2025 15:43:56 [Podlove] [32minfo[39m: Successfully Connected to MongoDB Atlas
Thu Nov 20 2025 15:44:5 [Podlove] [32minfo[39m: Privacy Policy exists!
Thu Nov 20 2025 15:44:5 [Podlove] [32minfo[39m: Consumer Policy exists!
Thu Nov 20 2025 15:44:5 [Podlove] [32minfo[39m: Media Policy exists!
Thu Nov 20 2025 15:44:5 [Podlove] [32minfo[39m: Server is running at PORT: 8000, HOST: 10.10.20.11
Thu Nov 20 2025 15:44:5 [Podlove] [32minfo[39m: Socket.IO server initialized
Thu Nov 20 2025 15:44:30 [Podlove] [32minfo[39m: Successfully Connected to MongoDB Atlas
Thu Nov 20 2025 15:44:34 [Podlove] [32minfo[39m: Privacy Policy exists!
Thu Nov 20 2025 15:44:34 [Podlove] [32minfo[39m: Consumer Policy exists!
Thu Nov 20 2025 15:44:34 [Podlove] [32minfo[39m: Media Policy exists!
Thu Nov 20 2025 15:44:34 [Podlove] [32minfo[39m: Server is running at PORT: 8000, HOST: 10.10.20.11
Thu Nov 20 2025 15:44:34 [Podlove] [32minfo[39m: Socket.IO server initialized
Thu Nov 20 2025 15:47:54 [Podlove] [32minfo[39m: Successfully Connected to MongoDB Atlas
Thu Nov 20 2025 15:47:59 [Podlove] [32minfo[39m: Privacy Policy exists!
Thu Nov 20 2025 15:47:59 [Podlove] [32minfo[39m: Consumer Policy exists!
Thu Nov 20 2025 15:47:59 [Podlove] [32minfo[39m: Media Policy exists!
Thu Nov 20 2025 15:47:59 [Podlove] [32minfo[39m: Server is running at PORT: 8000, HOST: 10.10.20.11
Thu Nov 20 2025 15:47:59 [Podlove] [32minfo[39m: Socket.IO server initialized
Thu Nov 20 2025 15:48:25 [Podlove] [32minfo[39m: Successfully Connected to MongoDB Atlas
Thu Nov 20 2025 15:48:31 [Podlove] [32minfo[39m: Privacy Policy exists!
Thu Nov 20 2025 15:48:32 [Podlove] [32minfo[39m: Consumer Policy exists!
Thu Nov 20 2025 15:48:32 [Podlove] [32minfo[39m: Media Policy exists!
Thu Nov 20 2025 15:48:32 [Podlove] [32minfo[39m: Server is running at PORT: 8000, HOST: 10.10.20.11
Thu Nov 20 2025 15:48:32 [Podlove] [32minfo[39m: Socket.IO server initialized
Thu Nov 20 2025 15:49:37 [Podlove] [32minfo[39m: Successfully Connected to MongoDB Atlas
Thu Nov 20 2025 15:49:44 [Podlove] [32minfo[39m: Privacy Policy exists!
Thu Nov 20 2025 15:49:44 [Podlove] [32minfo[39m: Consumer Policy exists!
Thu Nov 20 2025 15:49:45 [Podlove] [32minfo[39m: Media Policy exists!
Thu Nov 20 2025 15:49:45 [Podlove] [32minfo[39m: Server is running at PORT: 8000, HOST: 10.10.20.11
Thu Nov 20 2025 15:49:45 [Podlove] [32minfo[39m: Socket.IO server initialized
Thu Nov 20 2025 15:50:35 [Podlove] [32minfo[39m: Successfully Connected to MongoDB Atlas
Thu Nov 20 2025 15:50:41 [Podlove] [32minfo[39m: Privacy Policy exists!
Thu Nov 20 2025 15:50:41 [Podlove] [32minfo[39m: Consumer Policy exists!
Thu Nov 20 2025 15:50:41 [Podlove] [32minfo[39m: Media Policy exists!
Thu Nov 20 2025 15:50:41 [Podlove] [32minfo[39m: Server is running at PORT: 8000, HOST: 10.10.20.11
Thu Nov 20 2025 15:50:41 [Podlove] [32minfo[39m: Socket.IO server initialized
Thu Nov 20 2025 15:51:9 [Podlove] [32minfo[39m: Successfully Connected to MongoDB Atlas
Thu Nov 20 2025 15:51:16 [Podlove] [32minfo[39m: Privacy Policy exists!
Thu Nov 20 2025 15:51:16 [Podlove] [32minfo[39m: Consumer Policy exists!
Thu Nov 20 2025 15:51:31 [Podlove] [32minfo[39m: Successfully Connected to MongoDB Atlas
Thu Nov 20 2025 15:52:17 [Podlove] [32minfo[39m: Successfully Connected to MongoDB Atlas
Thu Nov 20 2025 15:52:28 [Podlove] [32minfo[39m: Privacy Policy exists!
Thu Nov 20 2025 15:52:28 [Podlove] [32minfo[39m: Consumer Policy exists!
Thu Nov 20 2025 15:52:28 [Podlove] [32minfo[39m: Media Policy exists!
Thu Nov 20 2025 15:52:28 [Podlove] [32minfo[39m: Server is running at PORT: 8000, HOST: 10.10.20.11
Thu Nov 20 2025 15:52:28 [Podlove] [32minfo[39m: Socket.IO server initialized
Thu Nov 20 2025 15:53:8 [Podlove] [32minfo[39m: Successfully Connected to MongoDB Atlas
Thu Nov 20 2025 15:53:12 [Podlove] [32minfo[39m: Privacy Policy exists!
Thu Nov 20 2025 15:53:12 [Podlove] [32minfo[39m: Consumer Policy exists!
Thu Nov 20 2025 15:53:12 [Podlove] [32minfo[39m: Media Policy exists!
Thu Nov 20 2025 15:53:12 [Podlove] [32minfo[39m: Server is running at PORT: 8000, HOST: 10.10.20.11
Thu Nov 20 2025 15:53:12 [Podlove] [32minfo[39m: Socket.IO server initialized
Thu Nov 20 2025 15:58:22 [Podlove] [32minfo[39m: Successfully Connected to MongoDB Atlas
Thu Nov 20 2025 15:58:27 [Podlove] [32minfo[39m: Privacy Policy exists!
Thu Nov 20 2025 15:58:27 [Podlove] [32minfo[39m: Consumer Policy exists!
Thu Nov 20 2025 15:58:28 [Podlove] [32minfo[39m: Media Policy exists!
Thu Nov 20 2025 15:58:28 [Podlove] [32minfo[39m: Server is running at PORT: 8000, HOST: 10.10.20.11
Thu Nov 20 2025 15:58:28 [Podlove] [32minfo[39m: Socket.IO server initialized
Thu Nov 20 2025 15:58:42 [Podlove] [32minfo[39m: Successfully Connected to MongoDB Atlas
Thu Nov 20 2025 15:58:47 [Podlove] [32minfo[39m: Privacy Policy exists!
Thu Nov 20 2025 15:58:47 [Podlove] [32minfo[39m: Consumer Policy exists!
Thu Nov 20 2025 15:58:47 [Podlove] [32minfo[39m: Media Policy exists!
Thu Nov 20 2025 15:58:47 [Podlove] [32minfo[39m: Server is running at PORT: 8000, HOST: 10.10.20.11
Thu Nov 20 2025 15:58:47 [Podlove] [32minfo[39m: Socket.IO server initialized
