Mon Sep 15 2025 15:46:11 [Podlove] [32minfo[39m: 68a2b483e4d256e6debfad6d
Mon Sep 15 2025 15:46:11 [Podlove] [32minfo[39m: 68a2b483e4d256e6debfad6d
Mon Sep 15 2025 15:46:26 [Podlove] [32minfo[39m: 68a2b483e4d256e6debfad6d
Mon Sep 15 2025 15:46:29 [Podlove] [32minfo[39m: 68a2b483e4d256e6debfad6d
Mon Sep 15 2025 15:47:55 [Podlove] [32minfo[39m: Successfully Connected to MongoDB Atlas
Mon Sep 15 2025 15:48:5 [Podlove] [32minfo[39m: Successfully Connected to MongoDB Atlas
Mon Sep 15 2025 15:48:9 [Podlove] [32minfo[39m: Privacy Policy exists!
Mon Sep 15 2025 15:48:11 [Podlove] [32minfo[39m: Consumer Policy exists!
Mon Sep 15 2025 15:48:11 [Podlove] [32minfo[39m: Media Policy exists!
Mon Sep 15 2025 15:48:11 [Podlove] [32minfo[39m: Server is running at PORT: 8000, HOST: 10.10.20.11
Mon Sep 15 2025 15:48:11 [Podlove] [32minfo[39m: Socket.IO server initialized
Mon Sep 15 2025 15:49:3 [Podlove] [32minfo[39m: Successfully Connected to MongoDB Atlas
Mon Sep 15 2025 15:49:6 [Podlove] [32minfo[39m: Privacy Policy exists!
Mon Sep 15 2025 15:49:7 [Podlove] [32minfo[39m: Consumer Policy exists!
Mon Sep 15 2025 15:49:7 [Podlove] [32minfo[39m: Media Policy exists!
Mon Sep 15 2025 15:49:7 [Podlove] [32minfo[39m: Server is running at PORT: 8000, HOST: 10.10.20.11
Mon Sep 15 2025 15:49:7 [Podlove] [32minfo[39m: Socket.IO server initialized
Mon Sep 15 2025 15:54:14 [Podlove] [32minfo[39m: Successfully Connected to MongoDB Atlas
Mon Sep 15 2025 15:54:19 [Podlove] [32minfo[39m: Privacy Policy exists!
Mon Sep 15 2025 15:54:19 [Podlove] [32minfo[39m: Consumer Policy exists!
Mon Sep 15 2025 15:54:19 [Podlove] [32minfo[39m: Media Policy exists!
Mon Sep 15 2025 15:54:19 [Podlove] [32minfo[39m: Server is running at PORT: 8000, HOST: 10.10.20.11
Mon Sep 15 2025 15:54:19 [Podlove] [32minfo[39m: Socket.IO server initialized
