Sun Jul 13 2025 14:3:55 [Podlove] [32minfo[39m: 687217cf282e0b3cdea4802d
Sun Jul 13 2025 14:4:33 [Podlove] [32minfo[39m: 687217cf282e0b3cdea4802d
Sun Jul 13 2025 14:4:34 [Podlove] [31merror[39m: Support validation failed: category: Path `category` is required.
ValidationError: Support validation failed: category: Path `category` is required.
    at model.Document.invalidate (C:\Users\Bd Calling\podlove_backend\node_modules\mongoose\lib\document.js:3352:32)
    at C:\Users\Bd Calling\podlove_backend\node_modules\mongoose\lib\document.js:3113:17
    at C:\Users\Bd Calling\podlove_backend\node_modules\mongoose\lib\schemaType.js:1407:9
    at processTicksAndRejections (node:internal/process/task_queues:85:11)
ValidationError
Sun Jul 13 2025 14:4:45 [Podlove] [32minfo[39m: 687217cf282e0b3cdea4802d
Sun Jul 13 2025 14:4:46 [Podlove] [31merror[39m: Support validation failed: category: Path `category` is required.
ValidationError: Support validation failed: category: Path `category` is required.
    at model.Document.invalidate (C:\Users\Bd Calling\podlove_backend\node_modules\mongoose\lib\document.js:3352:32)
    at C:\Users\Bd Calling\podlove_backend\node_modules\mongoose\lib\document.js:3113:17
    at C:\Users\Bd Calling\podlove_backend\node_modules\mongoose\lib\schemaType.js:1407:9
    at processTicksAndRejections (node:internal/process/task_queues:85:11)
ValidationError
Sun Jul 13 2025 14:6:45 [Podlove] [32minfo[39m: 687217cf282e0b3cdea4802d
Sun Jul 13 2025 14:6:57 [Podlove] [32minfo[39m: 687217cf282e0b3cdea4802d
Sun Jul 13 2025 14:7:16 [Podlove] [32minfo[39m: 687217cf282e0b3cdea4802d
Sun Jul 13 2025 14:7:28 [Podlove] [32minfo[39m: 687217cf282e0b3cdea4802d
Sun Jul 13 2025 14:7:37 [Podlove] [32minfo[39m: 687217cf282e0b3cdea4802d
Sun Jul 13 2025 14:7:43 [Podlove] [32minfo[39m: 687217cf282e0b3cdea4802d
Sun Jul 13 2025 14:7:49 [Podlove] [32minfo[39m: 687217cf282e0b3cdea4802d
Sun Jul 13 2025 14:7:56 [Podlove] [32minfo[39m: 687217cf282e0b3cdea4802d
Sun Jul 13 2025 14:8:2 [Podlove] [32minfo[39m: 687217cf282e0b3cdea4802d
Sun Jul 13 2025 14:8:9 [Podlove] [32minfo[39m: 687217cf282e0b3cdea4802d
Sun Jul 13 2025 14:9:28 [Podlove] [32minfo[39m: 687217cf282e0b3cdea4802d
Sun Jul 13 2025 14:9:45 [Podlove] [32minfo[39m: 687217cf282e0b3cdea4802d
Sun Jul 13 2025 14:11:1 [Podlove] [32minfo[39m: 687217cf282e0b3cdea4802d
Sun Jul 13 2025 14:11:7 [Podlove] [32minfo[39m: 687217cf282e0b3cdea4802d
Sun Jul 13 2025 14:11:12 [Podlove] [32minfo[39m: 687217cf282e0b3cdea4802d
Sun Jul 13 2025 14:11:18 [Podlove] [32minfo[39m: 687217cf282e0b3cdea4802d
Sun Jul 13 2025 14:11:24 [Podlove] [32minfo[39m: 687217cf282e0b3cdea4802d
Sun Jul 13 2025 14:11:35 [Podlove] [32minfo[39m: 687217cf282e0b3cdea4802d
Sun Jul 13 2025 14:12:23 [Podlove] [32minfo[39m: 687217cf282e0b3cdea4802d
Sun Jul 13 2025 14:13:56 [Podlove] [32minfo[39m: 687217cf282e0b3cdea4802d
Sun Jul 13 2025 14:13:57 [Podlove] [31merror[39m: Support validation failed: category: Path `category` is required.
ValidationError: Support validation failed: category: Path `category` is required.
    at model.Document.invalidate (C:\Users\Bd Calling\podlove_backend\node_modules\mongoose\lib\document.js:3352:32)
    at C:\Users\Bd Calling\podlove_backend\node_modules\mongoose\lib\document.js:3113:17
    at C:\Users\Bd Calling\podlove_backend\node_modules\mongoose\lib\schemaType.js:1407:9
    at processTicksAndRejections (node:internal/process/task_queues:85:11)
ValidationError
Sun Jul 13 2025 14:18:57 [Podlove] [32minfo[39m: 687217cf282e0b3cdea4802d
Sun Jul 13 2025 14:19:19 [Podlove] [32minfo[39m: 687217cf282e0b3cdea4802d
Sun Jul 13 2025 14:20:53 [Podlove] [32minfo[39m: 687217cf282e0b3cdea4802d
Sun Jul 13 2025 14:21:9 [Podlove] [32minfo[39m: 687217cf282e0b3cdea4802d
Sun Jul 13 2025 14:23:6 [Podlove] [32minfo[39m: 687217cf282e0b3cdea4802d
Sun Jul 13 2025 14:23:22 [Podlove] [32minfo[39m: 687217cf282e0b3cdea4802d
Sun Jul 13 2025 14:23:44 [Podlove] [32minfo[39m: 687217cf282e0b3cdea4802d
Sun Jul 13 2025 14:25:7 [Podlove] [32minfo[39m: 687217cf282e0b3cdea4802d
Sun Jul 13 2025 14:27:59 [Podlove] [32minfo[39m: 687217cf282e0b3cdea4802d
Sun Jul 13 2025 14:28:15 [Podlove] [32minfo[39m: 687217cf282e0b3cdea4802d
Sun Jul 13 2025 14:28:29 [Podlove] [32minfo[39m: 687217cf282e0b3cdea4802d
Sun Jul 13 2025 14:31:12 [Podlove] [32minfo[39m: 687217cf282e0b3cdea4802d
Sun Jul 13 2025 14:32:15 [Podlove] [32minfo[39m: 687217cf282e0b3cdea4802d
Sun Jul 13 2025 14:33:26 [Podlove] [32minfo[39m: 687217cf282e0b3cdea4802d
Sun Jul 13 2025 14:40:32 [Podlove] [32minfo[39m: 687217cf282e0b3cdea4802d
Sun Jul 13 2025 14:40:58 [Podlove] [32minfo[39m: 687217cf282e0b3cdea4802d
Sun Jul 13 2025 14:43:4 [Podlove] [32minfo[39m: 687217cf282e0b3cdea4802d
Sun Jul 13 2025 14:45:12 [Podlove] [32minfo[39m: 687217cf282e0b3cdea4802d
Sun Jul 13 2025 14:46:41 [Podlove] [32minfo[39m: Successfully Connected to MongoDB Atlas
Sun Jul 13 2025 14:46:44 [Podlove] [32minfo[39m: Privacy Policy exists!
Sun Jul 13 2025 14:46:44 [Podlove] [32minfo[39m: Consumer Policy exists!
Sun Jul 13 2025 14:46:45 [Podlove] [32minfo[39m: Media Policy exists!
Sun Jul 13 2025 14:46:45 [Podlove] [32minfo[39m: Server is running at PORT: 8000, HOST: 10.0.60.147
Sun Jul 13 2025 14:46:45 [Podlove] [32minfo[39m: Socket.IO server initialized
Sun Jul 13 2025 14:47:5 [Podlove] [32minfo[39m: 687217cf282e0b3cdea4802d
Sun Jul 13 2025 14:48:12 [Podlove] [32minfo[39m: 687217cf282e0b3cdea4802d
Sun Jul 13 2025 14:48:25 [Podlove] [32minfo[39m: 68600f666d611e9e83e68e1a
Sun Jul 13 2025 14:48:26 [Podlove] [31merror[39m: Participants length should be two
BadRequestError: Participants length should be two
    at Object.createChat (C:\Users\Bd Calling\podlove_backend\src\services\chatService.ts:16:24)
    at createChat (C:\Users\Bd Calling\podlove_backend\src\controllers\chatController.ts:81:36)
    at processTicksAndRejections (node:internal/process/task_queues:105:5)
BadRequestError
Sun Jul 13 2025 14:49:7 [Podlove] [32minfo[39m: Successfully Connected to MongoDB Atlas
Sun Jul 13 2025 14:49:10 [Podlove] [32minfo[39m: Privacy Policy exists!
Sun Jul 13 2025 14:49:11 [Podlove] [32minfo[39m: Consumer Policy exists!
Sun Jul 13 2025 14:49:11 [Podlove] [32minfo[39m: Media Policy exists!
Sun Jul 13 2025 14:49:11 [Podlove] [32minfo[39m: Server is running at PORT: 8000, HOST: 10.0.60.147
Sun Jul 13 2025 14:49:11 [Podlove] [32minfo[39m: Socket.IO server initialized
Sun Jul 13 2025 14:49:20 [Podlove] [32minfo[39m: 68600f666d611e9e83e68e1a
Sun Jul 13 2025 14:55:24 [Podlove] [32minfo[39m: Successfully Connected to MongoDB Atlas
Sun Jul 13 2025 14:55:27 [Podlove] [32minfo[39m: Privacy Policy exists!
Sun Jul 13 2025 14:55:27 [Podlove] [32minfo[39m: Consumer Policy exists!
Sun Jul 13 2025 14:55:27 [Podlove] [32minfo[39m: Media Policy exists!
Sun Jul 13 2025 14:55:27 [Podlove] [32minfo[39m: Server is running at PORT: 8000, HOST: 10.0.60.147
Sun Jul 13 2025 14:55:27 [Podlove] [32minfo[39m: Socket.IO server initialized
Sun Jul 13 2025 14:57:2 [Podlove] [32minfo[39m: Successfully Connected to MongoDB Atlas
Sun Jul 13 2025 14:57:5 [Podlove] [32minfo[39m: Privacy Policy exists!
Sun Jul 13 2025 14:57:5 [Podlove] [32minfo[39m: Consumer Policy exists!
Sun Jul 13 2025 14:57:6 [Podlove] [32minfo[39m: Media Policy exists!
Sun Jul 13 2025 14:57:6 [Podlove] [32minfo[39m: Server is running at PORT: 8000, HOST: 10.0.60.147
Sun Jul 13 2025 14:57:6 [Podlove] [32minfo[39m: Socket.IO server initialized
Sun Jul 13 2025 14:59:17 [Podlove] [31merror[39m: Invalid or malformed token
UnauthorizedError: Invalid or malformed token
    at decodeToken (C:\Users\Bd Calling\podlove_backend\src\utils\jwt.ts:28:22)
    at C:\Users\Bd Calling\podlove_backend\src\middlewares\authorization.ts:51:32
    at C:\Users\Bd Calling\podlove_backend\src\shared\asyncHandler.ts:7:19
    at Layer.handle [as handle_request] (C:\Users\Bd Calling\podlove_backend\node_modules\express\lib\router\layer.js:95:5)
    at next (C:\Users\Bd Calling\podlove_backend\node_modules\express\lib\router\route.js:149:13)
    at Route.dispatch (C:\Users\Bd Calling\podlove_backend\node_modules\express\lib\router\route.js:119:3)
    at Layer.handle [as handle_request] (C:\Users\Bd Calling\podlove_backend\node_modules\express\lib\router\layer.js:95:5)
    at C:\Users\Bd Calling\podlove_backend\node_modules\express\lib\router\index.js:284:15
    at Function.process_params (C:\Users\Bd Calling\podlove_backend\node_modules\express\lib\router\index.js:346:12)
    at next (C:\Users\Bd Calling\podlove_backend\node_modules\express\lib\router\index.js:280:10)
UnauthorizedError
Sun Jul 13 2025 14:59:33 [Podlove] [32minfo[39m: 68600f666d611e9e83e68e1a
Sun Jul 13 2025 14:59:34 [Podlove] [31merror[39m: Cannot populate path `lastMessage.createdBy` because it is not in your schema. Set the `strictPopulate` option to false to override.
StrictPopulateError: Cannot populate path `lastMessage.createdBy` because it is not in your schema. Set the `strictPopulate` option to false to override.
    at getModelsMapForPopulate (C:\Users\Bd Calling\podlove_backend\node_modules\mongoose\lib\helpers\populate\getModelsMapForPopulate.js:50:12)
    at _populatePath (C:\Users\Bd Calling\podlove_backend\node_modules\mongoose\lib\model.js:4468:21)
    at Function.populate (C:\Users\Bd Calling\podlove_backend\node_modules\mongoose\lib\model.js:4435:21)
    at model.Query._find (C:\Users\Bd Calling\podlove_backend\node_modules\mongoose\lib\query.js:2429:23)
    at processTicksAndRejections (node:internal/process/task_queues:105:5)
    at async model.Query.exec (C:\Users\Bd Calling\podlove_backend\node_modules\mongoose\lib\query.js:4604:63)
    at async Object.getUserChats (C:\Users\Bd Calling\podlove_backend\src\services\chatService.ts:164:17)
    at async getUserChats (C:\Users\Bd Calling\podlove_backend\src\controllers\chatController.ts:103:17)
StrictPopulateError
