Mon Aug 11 2025 10:41:24 [Podlove] [32minfo[39m: Successfully Connected to MongoDB Atlas
Mon Aug 11 2025 10:41:27 [Podlove] [32minfo[39m: Privacy Policy exists!
Mon Aug 11 2025 10:41:27 [Podlove] [32minfo[39m: Consumer Policy exists!
Mon Aug 11 2025 10:41:28 [Podlove] [32minfo[39m: Media Policy exists!
Mon Aug 11 2025 10:41:28 [Podlove] [32minfo[39m: Server is running at PORT: 8000, HOST: 10.10.20.11
Mon Aug 11 2025 10:41:28 [Podlove] [32minfo[39m: Socket.IO server initialized
Mon Aug 11 2025 10:55:15 [Podlove] [32minfo[39m: Successfully Connected to MongoDB Atlas
Mon Aug 11 2025 10:55:20 [Podlove] [32minfo[39m: Privacy Policy exists!
Mon Aug 11 2025 10:55:20 [Podlove] [32minfo[39m: Consumer Policy exists!
Mon Aug 11 2025 10:55:20 [Podlove] [32minfo[39m: Media Policy exists!
Mon Aug 11 2025 10:55:20 [Podlove] [32minfo[39m: Server is running at PORT: 8000, HOST: 10.10.20.11
Mon Aug 11 2025 10:55:20 [Podlove] [32minfo[39m: Socket.IO server initialized
Mon Aug 11 2025 10:56:55 [Podlove] [32minfo[39m: Successfully Connected to MongoDB Atlas
Mon Aug 11 2025 10:57:7 [Podlove] [32minfo[39m: Successfully Connected to MongoDB Atlas
Mon Aug 11 2025 10:57:10 [Podlove] [32minfo[39m: Privacy Policy exists!
Mon Aug 11 2025 10:57:11 [Podlove] [32minfo[39m: Consumer Policy exists!
Mon Aug 11 2025 10:57:11 [Podlove] [32minfo[39m: Media Policy exists!
Mon Aug 11 2025 10:57:11 [Podlove] [32minfo[39m: Server is running at PORT: 8000, HOST: 10.10.20.11
Mon Aug 11 2025 10:57:11 [Podlove] [32minfo[39m: Socket.IO server initialized
Mon Aug 11 2025 10:58:44 [Podlove] [32minfo[39m: Successfully Connected to MongoDB Atlas
Mon Aug 11 2025 10:58:48 [Podlove] [32minfo[39m: Privacy Policy exists!
Mon Aug 11 2025 10:58:48 [Podlove] [32minfo[39m: Consumer Policy exists!
Mon Aug 11 2025 10:58:49 [Podlove] [32minfo[39m: Media Policy exists!
Mon Aug 11 2025 10:58:49 [Podlove] [32minfo[39m: Server is running at PORT: 8000, HOST: 10.10.20.11
Mon Aug 11 2025 10:58:49 [Podlove] [32minfo[39m: Socket.IO server initialized
