Sun Sep 21 2025 16:41:3 [Podlove] [32minfo[39m: Successfully Connected to MongoDB Atlas
Sun Sep 21 2025 16:41:8 [Podlove] [32minfo[39m: Privacy Policy exists!
Sun Sep 21 2025 16:41:9 [Podlove] [32minfo[39m: Consumer Policy exists!
Sun Sep 21 2025 16:41:9 [Podlove] [32minfo[39m: Media Policy exists!
Sun Sep 21 2025 16:41:9 [Podlove] [32minfo[39m: Server is running at PORT: 8000, HOST: 10.10.20.11
Sun Sep 21 2025 16:41:9 [Podlove] [32minfo[39m: Socket.IO server initialized
Sun Sep 21 2025 16:43:26 [Podlove] [32minfo[39m: Successfully Connected to MongoDB Atlas
Sun Sep 21 2025 16:43:29 [Podlove] [32minfo[39m: Privacy Policy exists!
Sun Sep 21 2025 16:43:29 [Podlove] [32minfo[39m: Consumer Policy exists!
Sun Sep 21 2025 16:43:30 [Podlove] [32minfo[39m: Media Policy exists!
Sun Sep 21 2025 16:43:30 [Podlove] [32minfo[39m: Server is running at PORT: 8000, HOST: 10.10.20.11
Sun Sep 21 2025 16:43:30 [Podlove] [32minfo[39m: Socket.IO server initialized
Sun Sep 21 2025 16:45:46 [Podlove] [32minfo[39m: 68cbcd857d69549950caf2cf
Sun Sep 21 2025 16:45:46 [Podlove] [31merror[39m: Account Not Found
NotFoundError: Account Not Found
    at /home/tayeur/Desktop/project/podlove_backend/src/middlewares/authorization.ts:61:41
    at processTicksAndRejections (node:internal/process/task_queues:105:5)
NotFoundError
Sun Sep 21 2025 16:47:13 [Podlove] [32minfo[39m: Successfully Connected to MongoDB Atlas
Sun Sep 21 2025 16:47:17 [Podlove] [32minfo[39m: Privacy Policy exists!
Sun Sep 21 2025 16:47:17 [Podlove] [32minfo[39m: Consumer Policy exists!
Sun Sep 21 2025 16:47:18 [Podlove] [32minfo[39m: Media Policy exists!
Sun Sep 21 2025 16:47:18 [Podlove] [32minfo[39m: Server is running at PORT: 8000, HOST: 10.10.20.11
Sun Sep 21 2025 16:47:18 [Podlove] [32minfo[39m: Socket.IO server initialized
Sun Sep 21 2025 16:47:30 [Podlove] [32minfo[39m: Successfully Connected to MongoDB Atlas
Sun Sep 21 2025 16:47:33 [Podlove] [32minfo[39m: Privacy Policy exists!
Sun Sep 21 2025 16:47:34 [Podlove] [32minfo[39m: Consumer Policy exists!
Sun Sep 21 2025 16:47:34 [Podlove] [32minfo[39m: Media Policy exists!
Sun Sep 21 2025 16:47:34 [Podlove] [32minfo[39m: Server is running at PORT: 8000, HOST: 10.10.20.11
Sun Sep 21 2025 16:47:34 [Podlove] [32minfo[39m: Socket.IO server initialized
Sun Sep 21 2025 16:47:36 [Podlove] [31merror[39m: Failed to save feedback
Error: Failed to save feedback
    at Object.sendQuestionsAnswer (/home/tayeur/Desktop/project/podlove_backend/src/podcast/podcast.service.ts:236:15)
    at sendQuestionsAnswer (/home/tayeur/Desktop/project/podlove_backend/src/podcast/podcast.controller.ts:51:48)
    at /home/tayeur/Desktop/project/podlove_backend/src/shared/asyncHandler.ts:7:19
    at Layer.handle [as handle_request] (/home/tayeur/Desktop/project/podlove_backend/node_modules/express/lib/router/layer.js:95:5)
    at next (/home/tayeur/Desktop/project/podlove_backend/node_modules/express/lib/router/route.js:149:13)
    at Route.dispatch (/home/tayeur/Desktop/project/podlove_backend/node_modules/express/lib/router/route.js:119:3)
    at Layer.handle [as handle_request] (/home/tayeur/Desktop/project/podlove_backend/node_modules/express/lib/router/layer.js:95:5)
    at /home/tayeur/Desktop/project/podlove_backend/node_modules/express/lib/router/index.js:284:15
    at Function.process_params (/home/tayeur/Desktop/project/podlove_backend/node_modules/express/lib/router/index.js:346:12)
    at next (/home/tayeur/Desktop/project/podlove_backend/node_modules/express/lib/router/index.js:280:10)
Error
Sun Sep 21 2025 16:48:48 [Podlove] [32minfo[39m: Successfully Connected to MongoDB Atlas
Sun Sep 21 2025 16:48:51 [Podlove] [32minfo[39m: Privacy Policy exists!
Sun Sep 21 2025 16:48:52 [Podlove] [32minfo[39m: Consumer Policy exists!
Sun Sep 21 2025 16:48:52 [Podlove] [32minfo[39m: Media Policy exists!
Sun Sep 21 2025 16:48:52 [Podlove] [32minfo[39m: Server is running at PORT: 8000, HOST: 10.10.20.11
Sun Sep 21 2025 16:48:52 [Podlove] [32minfo[39m: Socket.IO server initialized
