Tue Jul 08 2025 23:24:32 [Podlove] [32minfo[39m: Successfully Connected to MongoDB Atlas
Tue Jul 08 2025 23:24:35 [Podlove] [32minfo[39m: Privacy Policy exists!
Tue Jul 08 2025 23:24:35 [Podlove] [32minfo[39m: Consumer Policy exists!
Tue Jul 08 2025 23:24:36 [Podlove] [32minfo[39m: Media Policy exists!
Tue Jul 08 2025 23:24:36 [Podlove] [32minfo[39m: Server is running at PORT: 8000, HOST: 0.0.0.0
Tue Jul 08 2025 23:38:29 [Podlove] [32minfo[39m: Successfully Connected to MongoDB Atlas
Tue Jul 08 2025 23:38:32 [Podlove] [32minfo[39m: Privacy Policy exists!
Tue Jul 08 2025 23:38:32 [Podlove] [32minfo[39m: Consumer Policy exists!
Tue Jul 08 2025 23:38:33 [Podlove] [32minfo[39m: Media Policy exists!
Tue Jul 08 2025 23:38:33 [Podlove] [32minfo[39m: Server is running at PORT: 8000, HOST: 0.0.0.0
Tue Jul 08 2025 23:38:33 [Podlove] [32minfo[39m: Socket.IO server initialized
Tue Jul 08 2025 23:42:23 [Podlove] [32minfo[39m: Successfully Connected to MongoDB Atlas
Tue Jul 08 2025 23:42:30 [Podlove] [32minfo[39m: Privacy Policy exists!
Tue Jul 08 2025 23:42:30 [Podlove] [32minfo[39m: Consumer Policy exists!
Tue Jul 08 2025 23:42:31 [Podlove] [32minfo[39m: Media Policy exists!
Tue Jul 08 2025 23:42:31 [Podlove] [32minfo[39m: Server is running at PORT: 8000, HOST: 0.0.0.0
Tue Jul 08 2025 23:42:31 [Podlove] [32minfo[39m: Socket.IO server initialized
Tue Jul 08 2025 23:45:10 [Podlove] [32minfo[39m: Successfully Connected to MongoDB Atlas
Tue Jul 08 2025 23:45:13 [Podlove] [32minfo[39m: Privacy Policy exists!
Tue Jul 08 2025 23:45:14 [Podlove] [32minfo[39m: Consumer Policy exists!
Tue Jul 08 2025 23:45:14 [Podlove] [32minfo[39m: Media Policy exists!
Tue Jul 08 2025 23:45:14 [Podlove] [32minfo[39m: Server is running at PORT: 8000, HOST: 0.0.0.0
Tue Jul 08 2025 23:45:14 [Podlove] [32minfo[39m: Socket.IO server initialized
Tue Jul 08 2025 23:52:38 [Podlove] [32minfo[39m: Successfully Connected to MongoDB Atlas
Tue Jul 08 2025 23:52:42 [Podlove] [32minfo[39m: Privacy Policy exists!
Tue Jul 08 2025 23:52:42 [Podlove] [32minfo[39m: Consumer Policy exists!
Tue Jul 08 2025 23:52:42 [Podlove] [32minfo[39m: Media Policy exists!
Tue Jul 08 2025 23:52:42 [Podlove] [32minfo[39m: Server is running at PORT: 8000, HOST: 0.0.0.0
Tue Jul 08 2025 23:52:42 [Podlove] [32minfo[39m: Socket.IO server initialized
