Tue Apr 22 2025 11:30:45 [Podlove] [31merror[39m: Token has expired
UnauthorizedError: Token has expired
    at decodeToken (/home/mir/dev/projects/podlove_backend/src/utils/jwt.ts:27:22)
    at /home/mir/dev/projects/podlove_backend/src/middlewares/authorization.ts:50:32
    at /home/mir/dev/projects/podlove_backend/src/shared/asyncHandler.ts:7:19
    at Layer.handle [as handle_request] (/home/mir/dev/projects/podlove_backend/node_modules/.pnpm/express@4.21.2/node_modules/express/lib/router/layer.js:95:5)
    at next (/home/mir/dev/projects/podlove_backend/node_modules/.pnpm/express@4.21.2/node_modules/express/lib/router/route.js:149:13)
    at Route.dispatch (/home/mir/dev/projects/podlove_backend/node_modules/.pnpm/express@4.21.2/node_modules/express/lib/router/route.js:119:3)
    at Layer.handle [as handle_request] (/home/mir/dev/projects/podlove_backend/node_modules/.pnpm/express@4.21.2/node_modules/express/lib/router/layer.js:95:5)
    at /home/mir/dev/projects/podlove_backend/node_modules/.pnpm/express@4.21.2/node_modules/express/lib/router/index.js:284:15
    at Function.process_params (/home/mir/dev/projects/podlove_backend/node_modules/.pnpm/express@4.21.2/node_modules/express/lib/router/index.js:346:12)
    at next (/home/mir/dev/projects/podlove_backend/node_modules/.pnpm/express@4.21.2/node_modules/express/lib/router/index.js:280:10)
UnauthorizedError
Tue Apr 22 2025 11:31:43 [Podlove] [32minfo[39m: 67a98f287809a7a156b6d1cf
Tue Apr 22 2025 11:32:45 [Podlove] [32minfo[39m: 67c7eade734e6386abd7ffab
Tue Apr 22 2025 11:32:45 [Podlove] [32minfo[39m: [object Object]
Tue Apr 22 2025 11:32:45 [Podlove] [32minfo[39m: 67c7eade734e6386abd7ffab
Tue Apr 22 2025 11:32:45 [Podlove] [31merror[39m: Account Not Found
NotFoundError: Account Not Found
    at /home/mir/dev/projects/podlove_backend/src/middlewares/authorization.ts:61:41
    at processTicksAndRejections (node:internal/process/task_queues:105:5)
NotFoundError
Tue Apr 22 2025 11:32:48 [Podlove] [32minfo[39m: 67c7eade734e6386abd7ffab
Tue Apr 22 2025 11:32:48 [Podlove] [32minfo[39m: [object Object]
Tue Apr 22 2025 11:32:48 [Podlove] [32minfo[39m: 67c7eade734e6386abd7ffab
Tue Apr 22 2025 11:32:48 [Podlove] [31merror[39m: Account Not Found
NotFoundError: Account Not Found
    at /home/mir/dev/projects/podlove_backend/src/middlewares/authorization.ts:61:41
    at processTicksAndRejections (node:internal/process/task_queues:105:5)
NotFoundError
Tue Apr 22 2025 11:32:50 [Podlove] [32minfo[39m: 67c7eade734e6386abd7ffab
Tue Apr 22 2025 11:32:50 [Podlove] [32minfo[39m: [object Object]
Tue Apr 22 2025 11:46:3 [Podlove] [32minfo[39m: 67c7eade734e6386abd7ffab
Tue Apr 22 2025 11:46:4 [Podlove] [31merror[39m: Account Not Found
NotFoundError: Account Not Found
    at /home/mir/dev/projects/podlove_backend/src/middlewares/authorization.ts:61:41
    at processTicksAndRejections (node:internal/process/task_queues:105:5)
NotFoundError
Tue Apr 22 2025 11:46:14 [Podlove] [32minfo[39m: 67c7eade734e6386abd7ffab
Tue Apr 22 2025 11:46:14 [Podlove] [31merror[39m: Account Not Found
NotFoundError: Account Not Found
    at /home/mir/dev/projects/podlove_backend/src/middlewares/authorization.ts:61:41
    at processTicksAndRejections (node:internal/process/task_queues:105:5)
NotFoundError
Tue Apr 22 2025 11:46:42 [Podlove] [32minfo[39m: 67c7eade734e6386abd7ffab
Tue Apr 22 2025 11:46:42 [Podlove] [31merror[39m: Account Not Found
NotFoundError: Account Not Found
    at /home/mir/dev/projects/podlove_backend/src/middlewares/authorization.ts:61:41
    at processTicksAndRejections (node:internal/process/task_queues:105:5)
NotFoundError
Tue Apr 22 2025 11:47:19 [Podlove] [32minfo[39m: 67c7eade734e6386abd7ffab
Tue Apr 22 2025 11:47:19 [Podlove] [31merror[39m: Account Not Found
NotFoundError: Account Not Found
    at /home/mir/dev/projects/podlove_backend/src/middlewares/authorization.ts:61:41
    at processTicksAndRejections (node:internal/process/task_queues:105:5)
NotFoundError
Tue Apr 22 2025 11:48:6 [Podlove] [32minfo[39m: 67c7eade734e6386abd7ffab
Tue Apr 22 2025 11:48:6 [Podlove] [31merror[39m: Account Not Found
NotFoundError: Account Not Found
    at /home/mir/dev/projects/podlove_backend/src/middlewares/authorization.ts:61:41
    at processTicksAndRejections (node:internal/process/task_queues:105:5)
NotFoundError
Tue Apr 22 2025 11:48:10 [Podlove] [32minfo[39m: 67c7eade734e6386abd7ffab
Tue Apr 22 2025 11:48:10 [Podlove] [31merror[39m: Account Not Found
NotFoundError: Account Not Found
    at /home/mir/dev/projects/podlove_backend/src/middlewares/authorization.ts:61:41
    at processTicksAndRejections (node:internal/process/task_queues:105:5)
NotFoundError
Tue Apr 22 2025 11:48:13 [Podlove] [32minfo[39m: 67c7eade734e6386abd7ffab
Tue Apr 22 2025 11:48:13 [Podlove] [32minfo[39m: [object Object]
Tue Apr 22 2025 11:48:17 [Podlove] [32minfo[39m: 67c7eade734e6386abd7ffab
Tue Apr 22 2025 11:48:17 [Podlove] [32minfo[39m: [object Object]
Tue Apr 22 2025 11:48:21 [Podlove] [32minfo[39m: 67c7eade734e6386abd7ffab
Tue Apr 22 2025 11:48:21 [Podlove] [32minfo[39m: [object Object]
Tue Apr 22 2025 11:48:21 [Podlove] [32minfo[39m: 67c7eade734e6386abd7ffab
Tue Apr 22 2025 11:48:21 [Podlove] [31merror[39m: Account Not Found
NotFoundError: Account Not Found
    at /home/mir/dev/projects/podlove_backend/src/middlewares/authorization.ts:61:41
    at processTicksAndRejections (node:internal/process/task_queues:105:5)
NotFoundError
Tue Apr 22 2025 11:48:25 [Podlove] [32minfo[39m: 67c7eade734e6386abd7ffab
Tue Apr 22 2025 11:48:25 [Podlove] [31merror[39m: Account Not Found
NotFoundError: Account Not Found
    at /home/mir/dev/projects/podlove_backend/src/middlewares/authorization.ts:61:41
    at processTicksAndRejections (node:internal/process/task_queues:105:5)
NotFoundError
Tue Apr 22 2025 11:48:27 [Podlove] [32minfo[39m: 67c7eade734e6386abd7ffab
Tue Apr 22 2025 11:48:27 [Podlove] [32minfo[39m: [object Object]
Tue Apr 22 2025 11:48:27 [Podlove] [32minfo[39m: 67c7eade734e6386abd7ffab
Tue Apr 22 2025 11:48:27 [Podlove] [31merror[39m: Account Not Found
NotFoundError: Account Not Found
    at /home/mir/dev/projects/podlove_backend/src/middlewares/authorization.ts:61:41
    at processTicksAndRejections (node:internal/process/task_queues:105:5)
NotFoundError
Tue Apr 22 2025 11:48:59 [Podlove] [32minfo[39m: 67c7eade734e6386abd7ffab
Tue Apr 22 2025 11:48:59 [Podlove] [32minfo[39m: [object Object]
Tue Apr 22 2025 11:48:59 [Podlove] [32minfo[39m: 67c7eade734e6386abd7ffab
Tue Apr 22 2025 11:48:59 [Podlove] [31merror[39m: Account Not Found
NotFoundError: Account Not Found
    at /home/mir/dev/projects/podlove_backend/src/middlewares/authorization.ts:61:41
    at processTicksAndRejections (node:internal/process/task_queues:105:5)
NotFoundError
Tue Apr 22 2025 11:49:9 [Podlove] [32minfo[39m: 67a98f287809a7a156b6d1cf
Tue Apr 22 2025 11:49:24 [Podlove] [32minfo[39m: 67a98f287809a7a156b6d1cf
Tue Apr 22 2025 11:49:45 [Podlove] [32minfo[39m: 67c7eade734e6386abd7ffab
Tue Apr 22 2025 11:49:45 [Podlove] [31merror[39m: Account Not Found
NotFoundError: Account Not Found
    at /home/mir/dev/projects/podlove_backend/src/middlewares/authorization.ts:61:41
    at processTicksAndRejections (node:internal/process/task_queues:105:5)
NotFoundError
Tue Apr 22 2025 11:49:50 [Podlove] [32minfo[39m: 67c7eade734e6386abd7ffab
Tue Apr 22 2025 11:49:51 [Podlove] [32minfo[39m: [object Object]
Tue Apr 22 2025 11:49:51 [Podlove] [32minfo[39m: 67c7eade734e6386abd7ffab
Tue Apr 22 2025 11:49:51 [Podlove] [31merror[39m: Account Not Found
NotFoundError: Account Not Found
    at /home/mir/dev/projects/podlove_backend/src/middlewares/authorization.ts:61:41
    at processTicksAndRejections (node:internal/process/task_queues:105:5)
NotFoundError
Tue Apr 22 2025 11:50:12 [Podlove] [32minfo[39m: 67c7eade734e6386abd7ffab
Tue Apr 22 2025 11:50:12 [Podlove] [31merror[39m: Account Not Found
NotFoundError: Account Not Found
    at /home/mir/dev/projects/podlove_backend/src/middlewares/authorization.ts:61:41
    at processTicksAndRejections (node:internal/process/task_queues:105:5)
NotFoundError
Tue Apr 22 2025 11:50:39 [Podlove] [32minfo[39m: 67a98f287809a7a156b6d1cf
Tue Apr 22 2025 11:50:58 [Podlove] [32minfo[39m: 67c7eade734e6386abd7ffab
Tue Apr 22 2025 11:50:58 [Podlove] [31merror[39m: Account Not Found
NotFoundError: Account Not Found
    at /home/mir/dev/projects/podlove_backend/src/middlewares/authorization.ts:61:41
    at processTicksAndRejections (node:internal/process/task_queues:105:5)
NotFoundError
Tue Apr 22 2025 11:51:3 [Podlove] [32minfo[39m: 67c7eade734e6386abd7ffab
Tue Apr 22 2025 11:51:3 [Podlove] [32minfo[39m: [object Object]
Tue Apr 22 2025 11:51:4 [Podlove] [32minfo[39m: 67c7eade734e6386abd7ffab
Tue Apr 22 2025 11:51:4 [Podlove] [31merror[39m: Account Not Found
NotFoundError: Account Not Found
    at /home/mir/dev/projects/podlove_backend/src/middlewares/authorization.ts:61:41
    at processTicksAndRejections (node:internal/process/task_queues:105:5)
NotFoundError
Tue Apr 22 2025 11:51:22 [Podlove] [32minfo[39m: 67c7eade734e6386abd7ffab
Tue Apr 22 2025 11:51:22 [Podlove] [32minfo[39m: [object Object]
Tue Apr 22 2025 11:51:22 [Podlove] [32minfo[39m: 67c7eade734e6386abd7ffab
Tue Apr 22 2025 11:51:22 [Podlove] [31merror[39m: Account Not Found
NotFoundError: Account Not Found
    at /home/mir/dev/projects/podlove_backend/src/middlewares/authorization.ts:61:41
    at processTicksAndRejections (node:internal/process/task_queues:105:5)
NotFoundError
Tue Apr 22 2025 11:51:46 [Podlove] [32minfo[39m: 67c7eade734e6386abd7ffab
Tue Apr 22 2025 11:51:46 [Podlove] [31merror[39m: Account Not Found
NotFoundError: Account Not Found
    at /home/mir/dev/projects/podlove_backend/src/middlewares/authorization.ts:61:41
    at processTicksAndRejections (node:internal/process/task_queues:105:5)
NotFoundError
Tue Apr 22 2025 11:53:22 [Podlove] [32minfo[39m: 67c7eade734e6386abd7ffab
Tue Apr 22 2025 11:53:22 [Podlove] [32minfo[39m: [object Object]
Tue Apr 22 2025 11:53:24 [Podlove] [32minfo[39m: 67c7eade734e6386abd7ffab
Tue Apr 22 2025 11:53:24 [Podlove] [31merror[39m: Account Not Found
NotFoundError: Account Not Found
    at /home/mir/dev/projects/podlove_backend/src/middlewares/authorization.ts:61:41
    at processTicksAndRejections (node:internal/process/task_queues:105:5)
NotFoundError
Tue Apr 22 2025 11:53:26 [Podlove] [32minfo[39m: 67c7eade734e6386abd7ffab
Tue Apr 22 2025 11:53:26 [Podlove] [32minfo[39m: [object Object]
Tue Apr 22 2025 11:53:27 [Podlove] [32minfo[39m: 67c7eade734e6386abd7ffab
Tue Apr 22 2025 11:53:27 [Podlove] [31merror[39m: Account Not Found
NotFoundError: Account Not Found
    at /home/mir/dev/projects/podlove_backend/src/middlewares/authorization.ts:61:41
    at processTicksAndRejections (node:internal/process/task_queues:105:5)
NotFoundError
Tue Apr 22 2025 11:53:40 [Podlove] [32minfo[39m: 67c7eade734e6386abd7ffab
Tue Apr 22 2025 11:53:40 [Podlove] [31merror[39m: Account Not Found
NotFoundError: Account Not Found
    at /home/mir/dev/projects/podlove_backend/src/middlewares/authorization.ts:61:41
    at processTicksAndRejections (node:internal/process/task_queues:105:5)
NotFoundError
Tue Apr 22 2025 11:53:43 [Podlove] [32minfo[39m: 67c7eade734e6386abd7ffab
Tue Apr 22 2025 11:53:44 [Podlove] [31merror[39m: Account Not Found
NotFoundError: Account Not Found
    at /home/mir/dev/projects/podlove_backend/src/middlewares/authorization.ts:61:41
    at processTicksAndRejections (node:internal/process/task_queues:105:5)
NotFoundError
Tue Apr 22 2025 11:53:47 [Podlove] [32minfo[39m: 67c7eade734e6386abd7ffab
Tue Apr 22 2025 11:53:47 [Podlove] [31merror[39m: Account Not Found
NotFoundError: Account Not Found
    at /home/mir/dev/projects/podlove_backend/src/middlewares/authorization.ts:61:41
    at processTicksAndRejections (node:internal/process/task_queues:105:5)
NotFoundError
Tue Apr 22 2025 11:53:50 [Podlove] [32minfo[39m: 67c7eade734e6386abd7ffab
Tue Apr 22 2025 11:53:50 [Podlove] [31merror[39m: Account Not Found
NotFoundError: Account Not Found
    at /home/mir/dev/projects/podlove_backend/src/middlewares/authorization.ts:61:41
    at processTicksAndRejections (node:internal/process/task_queues:105:5)
NotFoundError
Tue Apr 22 2025 11:54:26 [Podlove] [32minfo[39m: 67c7eade734e6386abd7ffab
Tue Apr 22 2025 11:54:26 [Podlove] [32minfo[39m: [object Object]
Tue Apr 22 2025 11:54:26 [Podlove] [32minfo[39m: 67c7eade734e6386abd7ffab
Tue Apr 22 2025 11:54:26 [Podlove] [31merror[39m: Account Not Found
NotFoundError: Account Not Found
    at /home/mir/dev/projects/podlove_backend/src/middlewares/authorization.ts:61:41
    at processTicksAndRejections (node:internal/process/task_queues:105:5)
NotFoundError
Tue Apr 22 2025 11:54:40 [Podlove] [32minfo[39m: 67c7eade734e6386abd7ffab
Tue Apr 22 2025 11:54:40 [Podlove] [31merror[39m: Account Not Found
NotFoundError: Account Not Found
    at /home/mir/dev/projects/podlove_backend/src/middlewares/authorization.ts:61:41
    at processTicksAndRejections (node:internal/process/task_queues:105:5)
NotFoundError
Tue Apr 22 2025 11:54:58 [Podlove] [32minfo[39m: 67c7eade734e6386abd7ffab
Tue Apr 22 2025 11:54:58 [Podlove] [32minfo[39m: [object Object]
Tue Apr 22 2025 11:55:5 [Podlove] [32minfo[39m: 67c7eade734e6386abd7ffab
Tue Apr 22 2025 11:55:5 [Podlove] [32minfo[39m: [object Object]
Tue Apr 22 2025 11:55:5 [Podlove] [32minfo[39m: 67c7eade734e6386abd7ffab
Tue Apr 22 2025 11:55:5 [Podlove] [31merror[39m: Account Not Found
NotFoundError: Account Not Found
    at /home/mir/dev/projects/podlove_backend/src/middlewares/authorization.ts:61:41
    at processTicksAndRejections (node:internal/process/task_queues:105:5)
NotFoundError
