Sat May 03 2025 15:5:50 [Podlove] [31merror[39m: Your bio contains content that violates our guidelines. Please ensure it does not include:
1. Profanity, hate speech, or explicit content
2. Personal information such as phone numbers, addresses, emails, or identifiable details
3. Spam, random characters, or nonsensical phrases.
BadRequestError: Your bio contains content that violates our guidelines. Please ensure it does not include:
1. Profanity, hate speech, or explicit content
2. Personal information such as phone numbers, addresses, emails, or identifiable details
3. Spam, random characters, or nonsensical phrases.
    at validateBio (/home/mir/dev/projects/podlove_backend/src/services/userServices.ts:78:20)
    at processTicksAndRejections (node:internal/process/task_queues:105:5)
BadRequestError
Sat May 03 2025 15:13:39 [Podlove] [31merror[39m: Your bio contains content that violates our guidelines. Please ensure it does not include:
1. Profanity, hate speech, or explicit content
2. Personal information such as phone numbers, addresses, emails, or identifiable details
3. Spam, random characters, or nonsensical phrases.
BadRequestError: Your bio contains content that violates our guidelines. Please ensure it does not include:
1. Profanity, hate speech, or explicit content
2. Personal information such as phone numbers, addresses, emails, or identifiable details
3. Spam, random characters, or nonsensical phrases.
    at validateBio (/home/mir/dev/projects/podlove_backend/src/services/userServices.ts:78:20)
    at processTicksAndRejections (node:internal/process/task_queues:105:5)
BadRequestError
Sat May 03 2025 15:14:18 [Podlove] [31merror[39m: Your bio contains content that violates our guidelines. Please ensure it does not include:
1. Profanity, hate speech, or explicit content
2. Personal information such as phone numbers, addresses, emails, or identifiable details
3. Spam, random characters, or nonsensical phrases.
BadRequestError: Your bio contains content that violates our guidelines. Please ensure it does not include:
1. Profanity, hate speech, or explicit content
2. Personal information such as phone numbers, addresses, emails, or identifiable details
3. Spam, random characters, or nonsensical phrases.
    at validateBio (/home/mir/dev/projects/podlove_backend/src/services/userServices.ts:78:20)
    at processTicksAndRejections (node:internal/process/task_queues:105:5)
BadRequestError
Sat May 03 2025 15:14:39 [Podlove] [31merror[39m: Your bio contains content that violates our guidelines. Please ensure it does not include:
1. Profanity, hate speech, or explicit content
2. Personal information such as phone numbers, addresses, emails, or identifiable details
3. Spam, random characters, or nonsensical phrases.
BadRequestError: Your bio contains content that violates our guidelines. Please ensure it does not include:
1. Profanity, hate speech, or explicit content
2. Personal information such as phone numbers, addresses, emails, or identifiable details
3. Spam, random characters, or nonsensical phrases.
    at validateBio (/home/mir/dev/projects/podlove_backend/src/services/userServices.ts:78:20)
    at processTicksAndRejections (node:internal/process/task_queues:105:5)
BadRequestError
Sat May 03 2025 15:28:44 [Podlove] [32minfo[39m: Successfully Connected to MongoDB Atlas
Sat May 03 2025 15:28:44 [Podlove] [32minfo[39m: Privacy Policy exists!
Sat May 03 2025 15:28:44 [Podlove] [32minfo[39m: Consumer Policy exists!
Sat May 03 2025 15:28:44 [Podlove] [32minfo[39m: Media Policy exists!
Sat May 03 2025 15:28:44 [Podlove] [32minfo[39m: Server is running at PORT: 7001
Sat May 03 2025 15:28:58 [Podlove] [31merror[39m: Your bio contains content that violates our guidelines. Please ensure it does not include:
1. Profanity, hate speech, or explicit content
2. Personal information such as phone numbers, addresses, emails, or identifiable details
3. Spam, random characters, or nonsensical phrases.
BadRequestError: Your bio contains content that violates our guidelines. Please ensure it does not include:
1. Profanity, hate speech, or explicit content
2. Personal information such as phone numbers, addresses, emails, or identifiable details
3. Spam, random characters, or nonsensical phrases.
    at validateBio (/home/mir/dev/projects/podlove_backend/src/services/userServices.ts:78:20)
    at processTicksAndRejections (node:internal/process/task_queues:105:5)
BadRequestError
Sat May 03 2025 15:34:14 [Podlove] [31merror[39m: Your bio contains content that violates our guidelines. Please ensure it does not include:
1. Profanity, hate speech, or explicit content
2. Personal information such as phone numbers, addresses, emails, or identifiable details
3. Spam, random characters, or nonsensical phrases.
BadRequestError: Your bio contains content that violates our guidelines. Please ensure it does not include:
1. Profanity, hate speech, or explicit content
2. Personal information such as phone numbers, addresses, emails, or identifiable details
3. Spam, random characters, or nonsensical phrases.
    at validateBio (/home/mir/dev/projects/podlove_backend/src/services/userServices.ts:78:20)
    at processTicksAndRejections (node:internal/process/task_queues:105:5)
BadRequestError
