Sun Jan 26 2025 14:0:22 [Podlove] [32minfo[39m: Successfully Connected to MongoDB Atlas
Sun Jan 26 2025 14:0:22 [Podlove] [32minfo[39m: Server is running at PORT: 7000
Sun Jan 26 2025 14:1:45 [Podlove] [32minfo[39m: Successfully Connected to MongoDB Atlas
Sun Jan 26 2025 14:1:45 [Podlove] [32minfo[39m: Server is running at PORT: 7000
Sun Jan 26 2025 14:2:45 [Podlove] [32minfo[39m: Successfully Connected to MongoDB Atlas
Sun Jan 26 2025 14:2:45 [Podlove] [32minfo[39m: Server is running at PORT: 7000
Sun Jan 26 2025 14:2:59 [Podlove] [32minfo[39m: Successfully Connected to MongoDB Atlas
Sun Jan 26 2025 14:2:59 [Podlove] [32minfo[39m: Server is running at PORT: 7000
Sun Jan 26 2025 14:4:14 [Podlove] [32minfo[39m: Successfully Connected to MongoDB Atlas
Sun Jan 26 2025 14:4:14 [Podlove] [32minfo[39m: Server is running at PORT: 7000
Sun Jan 26 2025 14:31:7 [Podlove] [32minfo[39m: Successfully Connected to MongoDB Atlas
Sun Jan 26 2025 14:31:7 [Podlove] [32minfo[39m: Server is running at PORT: 7000
Sun Jan 26 2025 14:31:19 [Podlove] [32minfo[39m: Successfully Connected to MongoDB Atlas
Sun Jan 26 2025 14:31:19 [Podlove] [32minfo[39m: Server is running at PORT: 7000
Sun Jan 26 2025 14:32:55 [Podlove] [31merror[39m: E11000 duplicate key error collection: podlove.user  index: phoneNumber_1 dup key: { phoneNumber: "0000000000000" }
MongoServerError: E11000 duplicate key error collection: podlove.user  index: phoneNumber_1 dup key: { phoneNumber: "0000000000000" }
    at InsertOneOperation.execute (/home/mir/dev/projects/podlove_backend/node_modules/.pnpm/mongodb@6.10.0/node_modules/mongodb/src/operations/insert.ts:82:13)
    at processTicksAndRejections (node:internal/process/task_queues:105:5)
    at async tryOperation (/home/mir/dev/projects/podlove_backend/node_modules/.pnpm/mongodb@6.10.0/node_modules/mongodb/src/operations/execute_operation.ts:271:14)
    at async executeOperation (/home/mir/dev/projects/podlove_backend/node_modules/.pnpm/mongodb@6.10.0/node_modules/mongodb/src/operations/execute_operation.ts:109:12)
    at async Collection.insertOne (/home/mir/dev/projects/podlove_backend/node_modules/.pnpm/mongodb@6.10.0/node_modules/mongodb/src/collection.ts:277:12)
MongoServerError
Sun Jan 26 2025 14:37:47 [Podlove] [32minfo[39m: Successfully Connected to MongoDB Atlas
Sun Jan 26 2025 14:37:47 [Podlove] [32minfo[39m: Server is running at PORT: 7000
Sun Jan 26 2025 14:42:19 [Podlove] [32minfo[39m: Successfully Connected to MongoDB Atlas
Sun Jan 26 2025 14:42:19 [Podlove] [32minfo[39m: Server is running at PORT: 7000
Sun Jan 26 2025 14:46:3 [Podlove] [32minfo[39m: Successfully Connected to MongoDB Atlas
Sun Jan 26 2025 14:46:3 [Podlove] [32minfo[39m: Server is running at PORT: 7000
Sun Jan 26 2025 14:46:59 [Podlove] [31merror[39m: User not found
NotFoundError: User not found
    at block (/home/mir/dev/projects/podlove_backend/src/services/userServices.ts:252:37)
    at processTicksAndRejections (node:internal/process/task_queues:105:5)
NotFoundError
Sun Jan 26 2025 14:49:41 [Podlove] [31merror[39m: E11000 duplicate key error collection: podlove.user  index: phoneNumber_1 dup key: { phoneNumber: "0000000000002" }
MongoServerError: E11000 duplicate key error collection: podlove.user  index: phoneNumber_1 dup key: { phoneNumber: "0000000000002" }
    at InsertOneOperation.execute (/home/mir/dev/projects/podlove_backend/node_modules/.pnpm/mongodb@6.10.0/node_modules/mongodb/src/operations/insert.ts:82:13)
    at processTicksAndRejections (node:internal/process/task_queues:105:5)
    at async tryOperation (/home/mir/dev/projects/podlove_backend/node_modules/.pnpm/mongodb@6.10.0/node_modules/mongodb/src/operations/execute_operation.ts:271:14)
    at async executeOperation (/home/mir/dev/projects/podlove_backend/node_modules/.pnpm/mongodb@6.10.0/node_modules/mongodb/src/operations/execute_operation.ts:109:12)
    at async Collection.insertOne (/home/mir/dev/projects/podlove_backend/node_modules/.pnpm/mongodb@6.10.0/node_modules/mongodb/src/collection.ts:277:12)
MongoServerError
Sun Jan 26 2025 14:53:18 [Podlove] [32minfo[39m: Successfully Connected to MongoDB Atlas
Sun Jan 26 2025 14:53:18 [Podlove] [32minfo[39m: Server is running at PORT: 7000
Sun Jan 26 2025 14:53:46 [Podlove] [32minfo[39m: Successfully Connected to MongoDB Atlas
Sun Jan 26 2025 14:53:46 [Podlove] [32minfo[39m: Server is running at PORT: 7000
Sun Jan 26 2025 14:54:21 [Podlove] [32minfo[39m: Successfully Connected to MongoDB Atlas
Sun Jan 26 2025 14:54:21 [Podlove] [32minfo[39m: Server is running at PORT: 7000
Sun Jan 26 2025 14:54:39 [Podlove] [32minfo[39m: Successfully Connected to MongoDB Atlas
Sun Jan 26 2025 14:54:39 [Podlove] [32minfo[39m: Server is running at PORT: 7000
Sun Jan 26 2025 14:54:56 [Podlove] [32minfo[39m: Successfully Connected to MongoDB Atlas
Sun Jan 26 2025 14:54:56 [Podlove] [32minfo[39m: Server is running at PORT: 7000
Sun Jan 26 2025 14:55:23 [Podlove] [32minfo[39m: Successfully Connected to MongoDB Atlas
Sun Jan 26 2025 14:55:23 [Podlove] [32minfo[39m: Server is running at PORT: 7000
Sun Jan 26 2025 14:56:10 [Podlove] [32minfo[39m: Successfully Connected to MongoDB Atlas
Sun Jan 26 2025 14:56:10 [Podlove] [32minfo[39m: Server is running at PORT: 7000
Sun Jan 26 2025 14:57:26 [Podlove] [32minfo[39m: Successfully Connected to MongoDB Atlas
Sun Jan 26 2025 14:57:26 [Podlove] [32minfo[39m: Server is running at PORT: 7000
Sun Jan 26 2025 14:58:47 [Podlove] [32minfo[39m: Successfully Connected to MongoDB Atlas
Sun Jan 26 2025 14:58:47 [Podlove] [32minfo[39m: Server is running at PORT: 7000
Sun Jan 26 2025 14:59:17 [Podlove] [32minfo[39m: Successfully Connected to MongoDB Atlas
Sun Jan 26 2025 14:59:17 [Podlove] [32minfo[39m: Server is running at PORT: 7000
Sun Jan 26 2025 14:59:29 [Podlove] [32minfo[39m: Successfully Connected to MongoDB Atlas
Sun Jan 26 2025 14:59:29 [Podlove] [32minfo[39m: Server is running at PORT: 7000
