Fri Jul 25 2025 17:2:42 [Podlove] [32minfo[39m: Successfully Connected to MongoDB Atlas
Fri Jul 25 2025 17:2:45 [Podlove] [32minfo[39m: Privacy Policy exists!
Fri Jul 25 2025 17:2:45 [Podlove] [32minfo[39m: Consumer Policy exists!
Fri Jul 25 2025 17:2:45 [Podlove] [32minfo[39m: Media Policy exists!
Fri Jul 25 2025 17:2:45 [Podlove] [32minfo[39m: Server is running at PORT: 8000, HOST: 10.10.10.59
Fri Jul 25 2025 17:2:45 [Podlove] [32minfo[39m: Socket.IO server initialized
Fri Jul 25 2025 17:4:40 [Podlove] [32minfo[39m: Successfully Connected to MongoDB Atlas
Fri Jul 25 2025 17:4:42 [Podlove] [32minfo[39m: Privacy Policy exists!
Fri Jul 25 2025 17:4:43 [Podlove] [32minfo[39m: Consumer Policy exists!
Fri Jul 25 2025 17:4:43 [Podlove] [32minfo[39m: Media Policy exists!
Fri Jul 25 2025 17:4:43 [Podlove] [32minfo[39m: Server is running at PORT: 8000, HOST: 10.10.10.59
Fri Jul 25 2025 17:4:43 [Podlove] [32minfo[39m: Socket.IO server initialized
Fri Jul 25 2025 17:5:39 [Podlove] [32minfo[39m: Successfully Connected to MongoDB Atlas
Fri Jul 25 2025 17:5:42 [Podlove] [32minfo[39m: Privacy Policy exists!
Fri Jul 25 2025 17:5:42 [Podlove] [32minfo[39m: Consumer Policy exists!
Fri Jul 25 2025 17:5:42 [Podlove] [32minfo[39m: Media Policy exists!
Fri Jul 25 2025 17:5:42 [Podlove] [32minfo[39m: Server is running at PORT: 8000, HOST: 10.10.10.59
Fri Jul 25 2025 17:5:42 [Podlove] [32minfo[39m: Socket.IO server initialized
Fri Jul 25 2025 17:6:31 [Podlove] [32minfo[39m: Successfully Connected to MongoDB Atlas
Fri Jul 25 2025 17:6:34 [Podlove] [32minfo[39m: Privacy Policy exists!
Fri Jul 25 2025 17:6:34 [Podlove] [32minfo[39m: Consumer Policy exists!
Fri Jul 25 2025 17:6:35 [Podlove] [32minfo[39m: Media Policy exists!
Fri Jul 25 2025 17:6:35 [Podlove] [32minfo[39m: Server is running at PORT: 8000, HOST: 10.10.10.59
Fri Jul 25 2025 17:6:35 [Podlove] [32minfo[39m: Socket.IO server initialized
Fri Jul 25 2025 17:8:7 [Podlove] [32minfo[39m: Successfully Connected to MongoDB Atlas
Fri Jul 25 2025 17:8:10 [Podlove] [32minfo[39m: Privacy Policy exists!
Fri Jul 25 2025 17:8:10 [Podlove] [32minfo[39m: Consumer Policy exists!
Fri Jul 25 2025 17:8:10 [Podlove] [32minfo[39m: Media Policy exists!
Fri Jul 25 2025 17:8:10 [Podlove] [32minfo[39m: Server is running at PORT: 8000, HOST: 10.10.10.59
Fri Jul 25 2025 17:8:10 [Podlove] [32minfo[39m: Socket.IO server initialized
Fri Jul 25 2025 17:10:23 [Podlove] [32minfo[39m: Successfully Connected to MongoDB Atlas
Fri Jul 25 2025 17:10:26 [Podlove] [32minfo[39m: Privacy Policy exists!
Fri Jul 25 2025 17:10:26 [Podlove] [32minfo[39m: Consumer Policy exists!
Fri Jul 25 2025 17:10:26 [Podlove] [32minfo[39m: Media Policy exists!
Fri Jul 25 2025 17:10:26 [Podlove] [32minfo[39m: Server is running at PORT: 8000, HOST: 10.10.10.59
Fri Jul 25 2025 17:10:26 [Podlove] [32minfo[39m: Socket.IO server initialized
Fri Jul 25 2025 17:14:49 [Podlove] [32minfo[39m: 685e6e80ad422af7edb9b072
Fri Jul 25 2025 17:14:49 [Podlove] [32minfo[39m: [object Object]
Fri Jul 25 2025 17:21:55 [Podlove] [32minfo[39m: Successfully Connected to MongoDB Atlas
Fri Jul 25 2025 17:21:58 [Podlove] [32minfo[39m: Privacy Policy exists!
Fri Jul 25 2025 17:21:58 [Podlove] [32minfo[39m: Consumer Policy exists!
Fri Jul 25 2025 17:21:58 [Podlove] [32minfo[39m: Media Policy exists!
Fri Jul 25 2025 17:21:58 [Podlove] [32minfo[39m: Server is running at PORT: 8000, HOST: 10.10.10.59
Fri Jul 25 2025 17:21:58 [Podlove] [32minfo[39m: Socket.IO server initialized
Fri Jul 25 2025 17:23:44 [Podlove] [32minfo[39m: Successfully Connected to MongoDB Atlas
Fri Jul 25 2025 17:23:47 [Podlove] [32minfo[39m: Privacy Policy exists!
Fri Jul 25 2025 17:23:48 [Podlove] [32minfo[39m: Consumer Policy exists!
Fri Jul 25 2025 17:23:48 [Podlove] [32minfo[39m: Media Policy exists!
Fri Jul 25 2025 17:23:48 [Podlove] [32minfo[39m: Server is running at PORT: 8000, HOST: 10.10.10.59
Fri Jul 25 2025 17:23:48 [Podlove] [32minfo[39m: Socket.IO server initialized
Fri Jul 25 2025 17:25:53 [Podlove] [32minfo[39m: Successfully Connected to MongoDB Atlas
Fri Jul 25 2025 17:25:56 [Podlove] [32minfo[39m: Privacy Policy exists!
Fri Jul 25 2025 17:25:56 [Podlove] [32minfo[39m: Consumer Policy exists!
Fri Jul 25 2025 17:25:56 [Podlove] [32minfo[39m: Media Policy exists!
Fri Jul 25 2025 17:25:56 [Podlove] [32minfo[39m: Server is running at PORT: 8000, HOST: 10.10.10.59
Fri Jul 25 2025 17:25:56 [Podlove] [32minfo[39m: Socket.IO server initialized
