Sun Sep 21 2025 12:37:2 [Podlove] [32minfo[39m: Successfully Connected to MongoDB Atlas
Sun Sep 21 2025 12:37:6 [Podlove] [32minfo[39m: Privacy Policy exists!
Sun Sep 21 2025 12:37:6 [Podlove] [32minfo[39m: Consumer Policy exists!
Sun Sep 21 2025 12:37:7 [Podlove] [32minfo[39m: Media Policy exists!
Sun Sep 21 2025 12:37:7 [Podlove] [32minfo[39m: Server is running at PORT: 8000, HOST: 10.10.20.11
Sun Sep 21 2025 12:37:7 [Podlove] [32minfo[39m: Socket.IO server initialized
Sun Sep 21 2025 12:37:35 [Podlove] [32minfo[39m: Successfully Connected to MongoDB Atlas
Sun Sep 21 2025 12:37:39 [Podlove] [32minfo[39m: Privacy Policy exists!
Sun Sep 21 2025 12:37:39 [Podlove] [32minfo[39m: Consumer Policy exists!
Sun Sep 21 2025 12:37:39 [Podlove] [32minfo[39m: Media Policy exists!
Sun Sep 21 2025 12:37:39 [Podlove] [32minfo[39m: Server is running at PORT: 8000, HOST: 10.10.20.11
Sun Sep 21 2025 12:37:39 [Podlove] [32minfo[39m: Socket.IO server initialized
Sun Sep 21 2025 12:49:51 [Podlove] [32minfo[39m: Successfully Connected to MongoDB Atlas
Sun Sep 21 2025 12:49:55 [Podlove] [32minfo[39m: Privacy Policy exists!
Sun Sep 21 2025 12:49:55 [Podlove] [32minfo[39m: Consumer Policy exists!
Sun Sep 21 2025 12:49:55 [Podlove] [32minfo[39m: Media Policy exists!
Sun Sep 21 2025 12:49:55 [Podlove] [32minfo[39m: Server is running at PORT: 8000, HOST: 10.10.20.11
Sun Sep 21 2025 12:49:55 [Podlove] [32minfo[39m: Socket.IO server initialized
Sun Sep 21 2025 12:51:28 [Podlove] [32minfo[39m: Successfully Connected to MongoDB Atlas
Sun Sep 21 2025 12:51:31 [Podlove] [32minfo[39m: Privacy Policy exists!
Sun Sep 21 2025 12:51:31 [Podlove] [32minfo[39m: Consumer Policy exists!
Sun Sep 21 2025 12:51:32 [Podlove] [32minfo[39m: Media Policy exists!
Sun Sep 21 2025 12:51:32 [Podlove] [32minfo[39m: Server is running at PORT: 8000, HOST: 10.10.20.11
Sun Sep 21 2025 12:51:32 [Podlove] [32minfo[39m: Socket.IO server initialized
Sun Sep 21 2025 12:52:34 [Podlove] [32minfo[39m: Successfully Connected to MongoDB Atlas
Sun Sep 21 2025 12:52:37 [Podlove] [32minfo[39m: Privacy Policy exists!
Sun Sep 21 2025 12:52:37 [Podlove] [32minfo[39m: Consumer Policy exists!
Sun Sep 21 2025 12:52:38 [Podlove] [32minfo[39m: Media Policy exists!
Sun Sep 21 2025 12:52:38 [Podlove] [32minfo[39m: Server is running at PORT: 8000, HOST: 10.10.20.11
Sun Sep 21 2025 12:52:38 [Podlove] [32minfo[39m: Socket.IO server initialized
Sun Sep 21 2025 12:54:36 [Podlove] [32minfo[39m: Successfully Connected to MongoDB Atlas
Sun Sep 21 2025 12:54:39 [Podlove] [32minfo[39m: Privacy Policy exists!
Sun Sep 21 2025 12:54:40 [Podlove] [32minfo[39m: Consumer Policy exists!
Sun Sep 21 2025 12:54:40 [Podlove] [32minfo[39m: Media Policy exists!
Sun Sep 21 2025 12:54:40 [Podlove] [32minfo[39m: Server is running at PORT: 8000, HOST: 10.10.20.11
Sun Sep 21 2025 12:54:40 [Podlove] [32minfo[39m: Socket.IO server initialized
Sun Sep 21 2025 12:55:7 [Podlove] [32minfo[39m: Successfully Connected to MongoDB Atlas
Sun Sep 21 2025 12:55:10 [Podlove] [32minfo[39m: Privacy Policy exists!
Sun Sep 21 2025 12:55:11 [Podlove] [32minfo[39m: Consumer Policy exists!
Sun Sep 21 2025 12:55:11 [Podlove] [32minfo[39m: Media Policy exists!
Sun Sep 21 2025 12:55:11 [Podlove] [32minfo[39m: Server is running at PORT: 8000, HOST: 10.10.20.11
Sun Sep 21 2025 12:55:11 [Podlove] [32minfo[39m: Socket.IO server initialized
Sun Sep 21 2025 12:55:23 [Podlove] [32minfo[39m: Successfully Connected to MongoDB Atlas
Sun Sep 21 2025 12:55:27 [Podlove] [32minfo[39m: Privacy Policy exists!
Sun Sep 21 2025 12:55:27 [Podlove] [32minfo[39m: Consumer Policy exists!
Sun Sep 21 2025 12:55:27 [Podlove] [32minfo[39m: Media Policy exists!
Sun Sep 21 2025 12:55:27 [Podlove] [32minfo[39m: Server is running at PORT: 8000, HOST: 10.10.20.11
Sun Sep 21 2025 12:55:27 [Podlove] [32minfo[39m: Socket.IO server initialized
Sun Sep 21 2025 12:56:28 [Podlove] [32minfo[39m: Successfully Connected to MongoDB Atlas
Sun Sep 21 2025 12:56:44 [Podlove] [32minfo[39m: Successfully Connected to MongoDB Atlas
Sun Sep 21 2025 12:56:48 [Podlove] [32minfo[39m: Privacy Policy exists!
Sun Sep 21 2025 12:56:48 [Podlove] [32minfo[39m: Consumer Policy exists!
Sun Sep 21 2025 12:56:48 [Podlove] [32minfo[39m: Media Policy exists!
Sun Sep 21 2025 12:56:48 [Podlove] [32minfo[39m: Server is running at PORT: 8000, HOST: 10.10.20.11
Sun Sep 21 2025 12:56:48 [Podlove] [32minfo[39m: Socket.IO server initialized
Sun Sep 21 2025 12:57:6 [Podlove] [32minfo[39m: Successfully Connected to MongoDB Atlas
Sun Sep 21 2025 12:57:10 [Podlove] [32minfo[39m: Privacy Policy exists!
Sun Sep 21 2025 12:57:10 [Podlove] [32minfo[39m: Consumer Policy exists!
Sun Sep 21 2025 12:57:10 [Podlove] [32minfo[39m: Media Policy exists!
Sun Sep 21 2025 12:57:10 [Podlove] [32minfo[39m: Server is running at PORT: 8000, HOST: 10.10.20.11
Sun Sep 21 2025 12:57:10 [Podlove] [32minfo[39m: Socket.IO server initialized
Sun Sep 21 2025 12:57:39 [Podlove] [32minfo[39m: Successfully Connected to MongoDB Atlas
Sun Sep 21 2025 12:57:55 [Podlove] [32minfo[39m: Successfully Connected to MongoDB Atlas
Sun Sep 21 2025 12:57:58 [Podlove] [32minfo[39m: Privacy Policy exists!
Sun Sep 21 2025 12:57:58 [Podlove] [32minfo[39m: Consumer Policy exists!
Sun Sep 21 2025 12:57:59 [Podlove] [32minfo[39m: Media Policy exists!
Sun Sep 21 2025 12:57:59 [Podlove] [32minfo[39m: Server is running at PORT: 8000, HOST: 10.10.20.11
Sun Sep 21 2025 12:57:59 [Podlove] [32minfo[39m: Socket.IO server initialized
Sun Sep 21 2025 12:59:24 [Podlove] [32minfo[39m: Successfully Connected to MongoDB Atlas
Sun Sep 21 2025 12:59:28 [Podlove] [32minfo[39m: Privacy Policy exists!
Sun Sep 21 2025 12:59:28 [Podlove] [32minfo[39m: Consumer Policy exists!
Sun Sep 21 2025 12:59:28 [Podlove] [32minfo[39m: Media Policy exists!
Sun Sep 21 2025 12:59:28 [Podlove] [32minfo[39m: Server is running at PORT: 8000, HOST: 10.10.20.11
Sun Sep 21 2025 12:59:28 [Podlove] [32minfo[39m: Socket.IO server initialized
