Sun Jan 04 2026 14:0:49 [Podlove] [32minfo[39m: Successfully Connected to MongoDB Atlas
Sun Jan 04 2026 14:0:53 [Podlove] [32minfo[39m: Privacy Policy exists!
Sun Jan 04 2026 14:0:53 [Podlove] [32minfo[39m: Consumer Policy exists!
Sun Jan 04 2026 14:0:53 [Podlove] [32minfo[39m: Media Policy exists!
Sun Jan 04 2026 14:0:53 [Podlove] [32minfo[39m: Server is running at PORT: 8000, HOST: 0.0.0.0
Sun Jan 04 2026 14:0:53 [Podlove] [32minfo[39m: Socket.IO server initialized
Sun Jan 04 2026 14:1:12 [Podlove] [32minfo[39m: Successfully Connected to MongoDB Atlas
Sun Jan 04 2026 14:1:39 [Podlove] [32minfo[39m: Successfully Connected to MongoDB Atlas
Sun Jan 04 2026 14:2:31 [Podlove] [32minfo[39m: Successfully Connected to MongoDB Atlas
Sun Jan 04 2026 14:2:36 [Podlove] [32minfo[39m: Privacy Policy exists!
Sun Jan 04 2026 14:2:36 [Podlove] [32minfo[39m: Consumer Policy exists!
Sun Jan 04 2026 14:2:36 [Podlove] [32minfo[39m: Media Policy exists!
Sun Jan 04 2026 14:2:36 [Podlove] [32minfo[39m: Server is running at PORT: 8000, HOST: 0.0.0.0
Sun Jan 04 2026 14:2:36 [Podlove] [32minfo[39m: Socket.IO server initialized
Sun Jan 04 2026 14:2:46 [Podlove] [32minfo[39m: Successfully Connected to MongoDB Atlas
Sun Jan 04 2026 14:2:50 [Podlove] [32minfo[39m: Privacy Policy exists!
Sun Jan 04 2026 14:2:50 [Podlove] [32minfo[39m: Consumer Policy exists!
Sun Jan 04 2026 14:2:51 [Podlove] [32minfo[39m: Media Policy exists!
Sun Jan 04 2026 14:2:51 [Podlove] [32minfo[39m: Server is running at PORT: 8000, HOST: 0.0.0.0
Sun Jan 04 2026 14:2:51 [Podlove] [32minfo[39m: Socket.IO server initialized
Sun Jan 04 2026 14:2:52 [Podlove] [32minfo[39m: Successfully Connected to MongoDB Atlas
Sun Jan 04 2026 14:4:24 [Podlove] [32minfo[39m: 69537e187d57648bdab1d196
Sun Jan 04 2026 14:4:24 [Podlove] [32minfo[39m: 69537e187d57648bdab1d196
Sun Jan 04 2026 14:4:38 [Podlove] [32minfo[39m: 69537e187d57648bdab1d196
Sun Jan 04 2026 14:18:7 [Podlove] [32minfo[39m: Successfully Connected to MongoDB Atlas
Sun Jan 04 2026 14:18:18 [Podlove] [32minfo[39m: Successfully Connected to MongoDB Atlas
Sun Jan 04 2026 14:18:35 [Podlove] [32minfo[39m: Successfully Connected to MongoDB Atlas
Sun Jan 04 2026 14:18:39 [Podlove] [32minfo[39m: Privacy Policy exists!
Sun Jan 04 2026 14:18:40 [Podlove] [32minfo[39m: Consumer Policy exists!
Sun Jan 04 2026 14:18:40 [Podlove] [32minfo[39m: Media Policy exists!
Sun Jan 04 2026 14:18:40 [Podlove] [32minfo[39m: Server is running at PORT: 8000, HOST: 0.0.0.0
Sun Jan 04 2026 14:18:40 [Podlove] [32minfo[39m: Socket.IO server initialized
Sun Jan 04 2026 14:18:58 [Podlove] [32minfo[39m: Successfully Connected to MongoDB Atlas
Sun Jan 04 2026 14:19:2 [Podlove] [32minfo[39m: Privacy Policy exists!
Sun Jan 04 2026 14:19:2 [Podlove] [32minfo[39m: Consumer Policy exists!
Sun Jan 04 2026 14:19:3 [Podlove] [32minfo[39m: Media Policy exists!
Sun Jan 04 2026 14:19:3 [Podlove] [32minfo[39m: Server is running at PORT: 8000, HOST: 0.0.0.0
Sun Jan 04 2026 14:19:3 [Podlove] [32minfo[39m: Socket.IO server initialized
Sun Jan 04 2026 14:19:21 [Podlove] [32minfo[39m: Successfully Connected to MongoDB Atlas
Sun Jan 04 2026 14:19:25 [Podlove] [32minfo[39m: Privacy Policy exists!
Sun Jan 04 2026 14:19:25 [Podlove] [32minfo[39m: Consumer Policy exists!
Sun Jan 04 2026 14:19:25 [Podlove] [32minfo[39m: Media Policy exists!
Sun Jan 04 2026 14:19:25 [Podlove] [32minfo[39m: Server is running at PORT: 8000, HOST: 0.0.0.0
Sun Jan 04 2026 14:19:25 [Podlove] [32minfo[39m: Socket.IO server initialized
Sun Jan 04 2026 14:19:56 [Podlove] [32minfo[39m: Successfully Connected to MongoDB Atlas
Sun Jan 04 2026 14:20:25 [Podlove] [32minfo[39m: Successfully Connected to MongoDB Atlas
Sun Jan 04 2026 14:21:40 [Podlove] [32minfo[39m: Successfully Connected to MongoDB Atlas
Sun Jan 04 2026 14:27:35 [Podlove] [32minfo[39m: Successfully Connected to MongoDB Atlas
Sun Jan 04 2026 14:29:29 [Podlove] [32minfo[39m: Successfully Connected to MongoDB Atlas
Sun Jan 04 2026 14:31:0 [Podlove] [32minfo[39m: Successfully Connected to MongoDB Atlas
Sun Jan 04 2026 14:31:26 [Podlove] [32minfo[39m: Successfully Connected to MongoDB Atlas
Sun Jan 04 2026 14:32:28 [Podlove] [32minfo[39m: Successfully Connected to MongoDB Atlas
Sun Jan 04 2026 14:32:31 [Podlove] [32minfo[39m: Privacy Policy exists!
Sun Jan 04 2026 14:32:31 [Podlove] [32minfo[39m: Consumer Policy exists!
Sun Jan 04 2026 14:32:32 [Podlove] [32minfo[39m: Media Policy exists!
Sun Jan 04 2026 14:32:32 [Podlove] [32minfo[39m: Server is running at PORT: 8000, HOST: 0.0.0.0
Sun Jan 04 2026 14:32:32 [Podlove] [32minfo[39m: Socket.IO server initialized
Sun Jan 04 2026 14:32:47 [Podlove] [32minfo[39m: 69537e187d57648bdab1d196
Sun Jan 04 2026 14:32:47 [Podlove] [32minfo[39m: 69537e187d57648bdab1d196
Sun Jan 04 2026 14:33:3 [Podlove] [32minfo[39m: 69537e187d57648bdab1d196
Sun Jan 04 2026 14:33:22 [Podlove] [32minfo[39m: 69537e187d57648bdab1d196
Sun Jan 04 2026 14:33:26 [Podlove] [31merror[39m: Failed to fetch videos
Error: Failed to fetch videos
    at Object.getExistingVideos (C:\20300\github\pl\podlove_backend\src\podcast\podcast.service.ts:409:15)
    at processTicksAndRejections (node:internal/process/task_queues:105:5)
    at async getExistingVideos (C:\20300\github\pl\podlove_backend\src\podcast\podcast.controller.ts:71:20)
Error
Sun Jan 04 2026 14:33:30 [Podlove] [32minfo[39m: 69537e187d57648bdab1d196
Sun Jan 04 2026 14:33:30 [Podlove] [32minfo[39m: 69537e187d57648bdab1d196
Sun Jan 04 2026 14:38:50 [Podlove] [32minfo[39m: Successfully Connected to MongoDB Atlas
Sun Jan 04 2026 14:39:57 [Podlove] [32minfo[39m: Successfully Connected to MongoDB Atlas
Sun Jan 04 2026 14:40:1 [Podlove] [32minfo[39m: Privacy Policy exists!
Sun Jan 04 2026 14:40:2 [Podlove] [32minfo[39m: Consumer Policy exists!
Sun Jan 04 2026 14:40:2 [Podlove] [32minfo[39m: Media Policy exists!
Sun Jan 04 2026 14:40:2 [Podlove] [32minfo[39m: Server is running at PORT: 8000, HOST: 0.0.0.0
Sun Jan 04 2026 14:40:2 [Podlove] [32minfo[39m: Socket.IO server initialized
Sun Jan 04 2026 14:40:31 [Podlove] [31merror[39m: Failed to fetch videos
Error: Failed to fetch videos
    at Object.getExistingVideos (C:\20300\github\pl\podlove_backend\src\podcast\podcast.service.ts:409:15)
    at processTicksAndRejections (node:internal/process/task_queues:105:5)
    at async getExistingVideos (C:\20300\github\pl\podlove_backend\src\podcast\podcast.controller.ts:71:20)
Error
Sun Jan 04 2026 14:40:36 [Podlove] [32minfo[39m: 69537e187d57648bdab1d196
Sun Jan 04 2026 14:40:36 [Podlove] [32minfo[39m: 69537e187d57648bdab1d196
Sun Jan 04 2026 14:40:49 [Podlove] [32minfo[39m: 69537e187d57648bdab1d196
Sun Jan 04 2026 14:44:0 [Podlove] [32minfo[39m: Successfully Connected to MongoDB Atlas
Sun Jan 04 2026 14:44:4 [Podlove] [32minfo[39m: Privacy Policy exists!
Sun Jan 04 2026 14:44:4 [Podlove] [32minfo[39m: Consumer Policy exists!
Sun Jan 04 2026 14:44:5 [Podlove] [32minfo[39m: Media Policy exists!
Sun Jan 04 2026 14:44:5 [Podlove] [32minfo[39m: Server is running at PORT: 8000, HOST: 0.0.0.0
Sun Jan 04 2026 14:44:5 [Podlove] [32minfo[39m: Socket.IO server initialized
Sun Jan 04 2026 14:44:13 [Podlove] [32minfo[39m: 69537e187d57648bdab1d196
Sun Jan 04 2026 14:44:13 [Podlove] [32minfo[39m: 69537e187d57648bdab1d196
Sun Jan 04 2026 14:44:25 [Podlove] [32minfo[39m: 69537e187d57648bdab1d196
Sun Jan 04 2026 14:45:25 [Podlove] [32minfo[39m: Successfully Connected to MongoDB Atlas
Sun Jan 04 2026 14:45:29 [Podlove] [32minfo[39m: Privacy Policy exists!
Sun Jan 04 2026 14:45:29 [Podlove] [32minfo[39m: Consumer Policy exists!
Sun Jan 04 2026 14:45:30 [Podlove] [32minfo[39m: Media Policy exists!
Sun Jan 04 2026 14:45:30 [Podlove] [32minfo[39m: Server is running at PORT: 8000, HOST: 0.0.0.0
Sun Jan 04 2026 14:45:30 [Podlove] [32minfo[39m: Socket.IO server initialized
