Thu Jul 31 2025 15:0:0 [Podlove] [32minfo[39m: Successfully Connected to MongoDB Atlas
Thu Jul 31 2025 15:0:4 [Podlove] [32minfo[39m: Privacy Policy exists!
Thu Jul 31 2025 15:0:4 [Podlove] [32minfo[39m: Consumer Policy exists!
Thu Jul 31 2025 15:0:4 [Podlove] [32minfo[39m: Media Policy exists!
Thu Jul 31 2025 15:0:4 [Podlove] [32minfo[39m: Server is running at PORT: 8000, HOST: 10.10.10.59
Thu Jul 31 2025 15:0:4 [Podlove] [32minfo[39m: Socket.IO server initialized
Thu Jul 31 2025 15:2:1 [Podlove] [32minfo[39m: 688889fa864295fddbe8d45a
Thu Jul 31 2025 15:2:2 [Podlove] [31merror[39m: Multipart: Boundary not found
Error: Multipart: Boundary not found
    at new Multipart (C:\Users\jahid\Music\Jahid Hasan\podlove_backend\node_modules\busboy\lib\types\multipart.js:233:13)
    at getInstance (C:\Users\jahid\Music\Jahid Hasan\podlove_backend\node_modules\busboy\lib\index.js:33:12)
    at module.exports (C:\Users\jahid\Music\Jahid Hasan\podlove_backend\node_modules\busboy\lib\index.js:56:10)
    at multerMiddleware (C:\Users\jahid\Music\Jahid Hasan\podlove_backend\node_modules\multer\lib\make-middleware.js:38:16)
    at Layer.handle [as handle_request] (C:\Users\jahid\Music\Jahid Hasan\podlove_backend\node_modules\express\lib\router\layer.js:95:5)
    at next (C:\Users\jahid\Music\Jahid Hasan\podlove_backend\node_modules\express\lib\router\route.js:149:13)
    at C:\Users\jahid\Music\Jahid Hasan\podlove_backend\src\middlewares\authorization.ts:64:12
    at processTicksAndRejections (node:internal/process/task_queues:105:5)
Error
Thu Jul 31 2025 15:10:17 [Podlove] [32minfo[39m: Successfully Connected to MongoDB Atlas
Thu Jul 31 2025 15:10:20 [Podlove] [32minfo[39m: Privacy Policy exists!
Thu Jul 31 2025 15:10:20 [Podlove] [32minfo[39m: Consumer Policy exists!
Thu Jul 31 2025 15:10:21 [Podlove] [32minfo[39m: Media Policy exists!
Thu Jul 31 2025 15:10:21 [Podlove] [32minfo[39m: Server is running at PORT: 8000, HOST: 10.10.10.59
Thu Jul 31 2025 15:10:21 [Podlove] [32minfo[39m: Socket.IO server initialized
Thu Jul 31 2025 15:13:35 [Podlove] [31merror[39m: Not Authorized
UnauthorizedError: Not Authorized
    at C:\Users\jahid\Music\Jahid Hasan\podlove_backend\src\middlewares\authorization.ts:45:30
    at C:\Users\jahid\Music\Jahid Hasan\podlove_backend\src\shared\asyncHandler.ts:7:19
    at Layer.handle [as handle_request] (C:\Users\jahid\Music\Jahid Hasan\podlove_backend\node_modules\express\lib\router\layer.js:95:5)
    at next (C:\Users\jahid\Music\Jahid Hasan\podlove_backend\node_modules\express\lib\router\route.js:149:13)
    at Route.dispatch (C:\Users\jahid\Music\Jahid Hasan\podlove_backend\node_modules\express\lib\router\route.js:119:3)
    at Layer.handle [as handle_request] (C:\Users\jahid\Music\Jahid Hasan\podlove_backend\node_modules\express\lib\router\layer.js:95:5)
    at C:\Users\jahid\Music\Jahid Hasan\podlove_backend\node_modules\express\lib\router\index.js:284:15
    at param (C:\Users\jahid\Music\Jahid Hasan\podlove_backend\node_modules\express\lib\router\index.js:365:14)
    at param (C:\Users\jahid\Music\Jahid Hasan\podlove_backend\node_modules\express\lib\router\index.js:376:14)
    at Function.process_params (C:\Users\jahid\Music\Jahid Hasan\podlove_backend\node_modules\express\lib\router\index.js:421:3)
UnauthorizedError
Thu Jul 31 2025 15:13:45 [Podlove] [32minfo[39m: 688889fa864295fddbe8d45a
Thu Jul 31 2025 15:13:45 [Podlove] [31merror[39m: Multipart: Boundary not found
Error: Multipart: Boundary not found
    at new Multipart (C:\Users\jahid\Music\Jahid Hasan\podlove_backend\node_modules\busboy\lib\types\multipart.js:233:13)
    at getInstance (C:\Users\jahid\Music\Jahid Hasan\podlove_backend\node_modules\busboy\lib\index.js:33:12)
    at module.exports (C:\Users\jahid\Music\Jahid Hasan\podlove_backend\node_modules\busboy\lib\index.js:56:10)
    at multerMiddleware (C:\Users\jahid\Music\Jahid Hasan\podlove_backend\node_modules\multer\lib\make-middleware.js:38:16)
    at Layer.handle [as handle_request] (C:\Users\jahid\Music\Jahid Hasan\podlove_backend\node_modules\express\lib\router\layer.js:95:5)
    at next (C:\Users\jahid\Music\Jahid Hasan\podlove_backend\node_modules\express\lib\router\route.js:149:13)
    at C:\Users\jahid\Music\Jahid Hasan\podlove_backend\src\middlewares\authorization.ts:64:12
    at processTicksAndRejections (node:internal/process/task_queues:105:5)
Error
Thu Jul 31 2025 15:14:24 [Podlove] [32minfo[39m: 688889fa864295fddbe8d45a
Thu Jul 31 2025 15:14:24 [Podlove] [31merror[39m: Multipart: Boundary not found
Error: Multipart: Boundary not found
    at new Multipart (C:\Users\jahid\Music\Jahid Hasan\podlove_backend\node_modules\busboy\lib\types\multipart.js:233:13)
    at getInstance (C:\Users\jahid\Music\Jahid Hasan\podlove_backend\node_modules\busboy\lib\index.js:33:12)
    at module.exports (C:\Users\jahid\Music\Jahid Hasan\podlove_backend\node_modules\busboy\lib\index.js:56:10)
    at multerMiddleware (C:\Users\jahid\Music\Jahid Hasan\podlove_backend\node_modules\multer\lib\make-middleware.js:38:16)
    at Layer.handle [as handle_request] (C:\Users\jahid\Music\Jahid Hasan\podlove_backend\node_modules\express\lib\router\layer.js:95:5)
    at next (C:\Users\jahid\Music\Jahid Hasan\podlove_backend\node_modules\express\lib\router\route.js:149:13)
    at C:\Users\jahid\Music\Jahid Hasan\podlove_backend\src\middlewares\authorization.ts:64:12
    at processTicksAndRejections (node:internal/process/task_queues:105:5)
Error
Thu Jul 31 2025 15:14:41 [Podlove] [32minfo[39m: 688889fa864295fddbe8d45a
Thu Jul 31 2025 15:14:41 [Podlove] [31merror[39m: Recording file is required
BadRequestError: Recording file is required
    at updateRecording (C:\Users\jahid\Music\Jahid Hasan\podlove_backend\src\controllers\podcastController.ts:211:28)
    at Layer.handle [as handle_request] (C:\Users\jahid\Music\Jahid Hasan\podlove_backend\node_modules\express\lib\router\layer.js:95:5)
    at next (C:\Users\jahid\Music\Jahid Hasan\podlove_backend\node_modules\express\lib\router\route.js:149:13)
    at multerMiddleware (C:\Users\jahid\Music\Jahid Hasan\podlove_backend\node_modules\multer\lib\make-middleware.js:19:41)
    at Layer.handle [as handle_request] (C:\Users\jahid\Music\Jahid Hasan\podlove_backend\node_modules\express\lib\router\layer.js:95:5)
    at next (C:\Users\jahid\Music\Jahid Hasan\podlove_backend\node_modules\express\lib\router\route.js:149:13)
    at C:\Users\jahid\Music\Jahid Hasan\podlove_backend\src\middlewares\authorization.ts:64:12
    at processTicksAndRejections (node:internal/process/task_queues:105:5)
BadRequestError
Thu Jul 31 2025 15:24:20 [Podlove] [32minfo[39m: 688889fa864295fddbe8d45a
Thu Jul 31 2025 15:24:21 [Podlove] [31merror[39m: Invalid upload for field recording
Error: Invalid upload for field recording
    at fileFilter (C:\Users\jahid\Music\Jahid Hasan\podlove_backend\src\utils\multerConfig.ts:55:8)
    at wrappedFileFilter (C:\Users\jahid\Music\Jahid Hasan\podlove_backend\node_modules\multer\index.js:44:7)
    at Multipart.<anonymous> (C:\Users\jahid\Music\Jahid Hasan\podlove_backend\node_modules\multer\lib\make-middleware.js:123:7)
    at Multipart.emit (node:events:518:28)
    at Multipart.emit (node:domain:489:12)
    at HeaderParser.cb (C:\Users\jahid\Music\Jahid Hasan\podlove_backend\node_modules\busboy\lib\types\multipart.js:358:14)
    at HeaderParser.push (C:\Users\jahid\Music\Jahid Hasan\podlove_backend\node_modules\busboy\lib\types\multipart.js:162:20)
    at SBMH.ssCb [as _cb] (C:\Users\jahid\Music\Jahid Hasan\podlove_backend\node_modules\busboy\lib\types\multipart.js:394:37)
    at feed (C:\Users\jahid\Music\Jahid Hasan\podlove_backend\node_modules\streamsearch\lib\sbmh.js:200:10)
    at SBMH.push (C:\Users\jahid\Music\Jahid Hasan\podlove_backend\node_modules\streamsearch\lib\sbmh.js:104:16)
Error
Thu Jul 31 2025 15:24:52 [Podlove] [32minfo[39m: 688889fa864295fddbe8d45a
Thu Jul 31 2025 15:25:12 [Podlove] [32minfo[39m: 688889fa864295fddbe8d45a
Thu Jul 31 2025 15:25:25 [Podlove] [32minfo[39m: 688889fa864295fddbe8d45a
Thu Jul 31 2025 15:25:26 [Podlove] [31merror[39m: Invalid upload for field recording
Error: Invalid upload for field recording
    at fileFilter (C:\Users\jahid\Music\Jahid Hasan\podlove_backend\src\utils\multerConfig.ts:55:8)
    at wrappedFileFilter (C:\Users\jahid\Music\Jahid Hasan\podlove_backend\node_modules\multer\index.js:44:7)
    at Multipart.<anonymous> (C:\Users\jahid\Music\Jahid Hasan\podlove_backend\node_modules\multer\lib\make-middleware.js:123:7)
    at Multipart.emit (node:events:518:28)
    at Multipart.emit (node:domain:489:12)
    at HeaderParser.cb (C:\Users\jahid\Music\Jahid Hasan\podlove_backend\node_modules\busboy\lib\types\multipart.js:358:14)
    at HeaderParser.push (C:\Users\jahid\Music\Jahid Hasan\podlove_backend\node_modules\busboy\lib\types\multipart.js:162:20)
    at SBMH.ssCb [as _cb] (C:\Users\jahid\Music\Jahid Hasan\podlove_backend\node_modules\busboy\lib\types\multipart.js:394:37)
    at feed (C:\Users\jahid\Music\Jahid Hasan\podlove_backend\node_modules\streamsearch\lib\sbmh.js:248:10)
    at SBMH.push (C:\Users\jahid\Music\Jahid Hasan\podlove_backend\node_modules\streamsearch\lib\sbmh.js:104:16)
Error
Thu Jul 31 2025 15:25:38 [Podlove] [32minfo[39m: 688889fa864295fddbe8d45a
Thu Jul 31 2025 15:26:26 [Podlove] [32minfo[39m: 688889fa864295fddbe8d45a
Thu Jul 31 2025 15:30:45 [Podlove] [32minfo[39m: Successfully Connected to MongoDB Atlas
Thu Jul 31 2025 15:30:49 [Podlove] [32minfo[39m: Privacy Policy exists!
Thu Jul 31 2025 15:30:49 [Podlove] [32minfo[39m: Consumer Policy exists!
Thu Jul 31 2025 15:30:50 [Podlove] [32minfo[39m: Media Policy exists!
Thu Jul 31 2025 15:30:50 [Podlove] [32minfo[39m: Server is running at PORT: 8000, HOST: 10.10.10.59
Thu Jul 31 2025 15:30:50 [Podlove] [32minfo[39m: Socket.IO server initialized
Thu Jul 31 2025 15:32:21 [Podlove] [32minfo[39m: 688b37e57f8b39f92c364d02
Thu Jul 31 2025 15:32:28 [Podlove] [32minfo[39m: 688b37e57f8b39f92c364d02
Thu Jul 31 2025 15:32:37 [Podlove] [32minfo[39m: 688b37e57f8b39f92c364d02
Thu Jul 31 2025 15:32:53 [Podlove] [32minfo[39m: 688b37e57f8b39f92c364d02
Thu Jul 31 2025 15:33:0 [Podlove] [32minfo[39m: 688b37e57f8b39f92c364d02
Thu Jul 31 2025 15:33:11 [Podlove] [32minfo[39m: 688b37e57f8b39f92c364d02
Thu Jul 31 2025 15:33:19 [Podlove] [32minfo[39m: 688b37e57f8b39f92c364d02
Thu Jul 31 2025 15:33:27 [Podlove] [32minfo[39m: 688b37e57f8b39f92c364d02
Thu Jul 31 2025 15:33:30 [Podlove] [32minfo[39m: 688b37e57f8b39f92c364d02
Thu Jul 31 2025 15:33:35 [Podlove] [32minfo[39m: 688b37e57f8b39f92c364d02
Thu Jul 31 2025 15:33:47 [Podlove] [32minfo[39m: 688b37e57f8b39f92c364d02
Thu Jul 31 2025 15:33:52 [Podlove] [32minfo[39m: 688b37e57f8b39f92c364d02
Thu Jul 31 2025 15:34:28 [Podlove] [32minfo[39m: 688b37e57f8b39f92c364d02
Thu Jul 31 2025 15:34:31 [Podlove] [32minfo[39m: 688b37e57f8b39f92c364d02
Thu Jul 31 2025 15:34:37 [Podlove] [32minfo[39m: 688b37e57f8b39f92c364d02
Thu Jul 31 2025 15:34:43 [Podlove] [32minfo[39m: 688b37e57f8b39f92c364d02
Thu Jul 31 2025 15:35:7 [Podlove] [32minfo[39m: 688b37e57f8b39f92c364d02
Thu Jul 31 2025 15:35:8 [Podlove] [31merror[39m: No podcast found for this user
NotFoundError: No podcast found for this user
    at getMatchedUsers (C:\Users\jahid\Music\Jahid Hasan\podlove_backend\src\services\matchesServices.ts:233:24)
    at processTicksAndRejections (node:internal/process/task_queues:105:5)
NotFoundError
Thu Jul 31 2025 15:35:16 [Podlove] [32minfo[39m: 688b37e57f8b39f92c364d02
Thu Jul 31 2025 15:35:18 [Podlove] [31merror[39m: podcast is null
Error: podcast is null
    at homeData (C:\Users\jahid\Music\Jahid Hasan\podlove_backend\src\services\homeServices.ts:104:13)
    at processTicksAndRejections (node:internal/process/task_queues:105:5)
Error
Thu Jul 31 2025 15:37:44 [Podlove] [32minfo[39m: 688b37e57f8b39f92c364d02
Thu Jul 31 2025 15:37:46 [Podlove] [31merror[39m: podcast is null
Error: podcast is null
    at homeData (C:\Users\jahid\Music\Jahid Hasan\podlove_backend\src\services\homeServices.ts:104:13)
    at processTicksAndRejections (node:internal/process/task_queues:105:5)
Error
Thu Jul 31 2025 15:37:47 [Podlove] [32minfo[39m: 688b37e57f8b39f92c364d02
Thu Jul 31 2025 15:37:49 [Podlove] [31merror[39m: podcast is null
Error: podcast is null
    at homeData (C:\Users\jahid\Music\Jahid Hasan\podlove_backend\src\services\homeServices.ts:104:13)
    at processTicksAndRejections (node:internal/process/task_queues:105:5)
Error
Thu Jul 31 2025 15:39:54 [Podlove] [32minfo[39m: 688b37e57f8b39f92c364d02
Thu Jul 31 2025 15:39:54 [Podlove] [32minfo[39m: 688b37e57f8b39f92c364d02
Thu Jul 31 2025 15:39:56 [Podlove] [31merror[39m: podcast is null
Error: podcast is null
    at homeData (C:\Users\jahid\Music\Jahid Hasan\podlove_backend\src\services\homeServices.ts:104:13)
    at processTicksAndRejections (node:internal/process/task_queues:105:5)
Error
Thu Jul 31 2025 15:39:56 [Podlove] [31merror[39m: podcast is null
Error: podcast is null
    at homeData (C:\Users\jahid\Music\Jahid Hasan\podlove_backend\src\services\homeServices.ts:104:13)
    at processTicksAndRejections (node:internal/process/task_queues:105:5)
Error
Thu Jul 31 2025 15:59:42 [Podlove] [32minfo[39m: Successfully Connected to MongoDB Atlas
Thu Jul 31 2025 15:59:45 [Podlove] [32minfo[39m: Privacy Policy exists!
Thu Jul 31 2025 15:59:45 [Podlove] [32minfo[39m: Consumer Policy exists!
Thu Jul 31 2025 15:59:45 [Podlove] [32minfo[39m: Media Policy exists!
Thu Jul 31 2025 15:59:45 [Podlove] [32minfo[39m: Server is running at PORT: 8000, HOST: 10.10.10.59
Thu Jul 31 2025 15:59:45 [Podlove] [32minfo[39m: Socket.IO server initialized
