Fri Jul 04 2025 18:2:52 [Podlove] [32minfo[39m: Successfully Connected to MongoDB Atlas
Fri Jul 04 2025 18:2:55 [Podlove] [32minfo[39m: Privacy Policy exists!
Fri Jul 04 2025 18:2:55 [Podlove] [32minfo[39m: Consumer Policy exists!
Fri Jul 04 2025 18:2:55 [Podlove] [32minfo[39m: Media Policy exists!
Fri Jul 04 2025 18:2:55 [Podlove] [32minfo[39m: Server is running at PORT: 5000, HOST: 10.0.60.168
Fri Jul 04 2025 18:3:3 [Podlove] [32minfo[39m: Successfully Connected to MongoDB Atlas
Fri Jul 04 2025 18:3:6 [Podlove] [32minfo[39m: Privacy Policy exists!
Fri Jul 04 2025 18:3:6 [Podlove] [32minfo[39m: Consumer Policy exists!
Fri Jul 04 2025 18:3:6 [Podlove] [32minfo[39m: Media Policy exists!
Fri Jul 04 2025 18:3:6 [Podlove] [32minfo[39m: Server is running at PORT: 5000, HOST: 10.0.60.168
Fri Jul 04 2025 18:3:33 [Podlove] [32minfo[39m: Successfully Connected to MongoDB Atlas
Fri Jul 04 2025 18:3:35 [Podlove] [32minfo[39m: Privacy Policy exists!
Fri Jul 04 2025 18:3:36 [Podlove] [32minfo[39m: Consumer Policy exists!
Fri Jul 04 2025 18:3:36 [Podlove] [32minfo[39m: Media Policy exists!
Fri Jul 04 2025 18:3:36 [Podlove] [32minfo[39m: Server is running at PORT: 5000, HOST: 10.0.60.168
Fri Jul 04 2025 18:5:19 [Podlove] [32minfo[39m: Successfully Connected to MongoDB Atlas
Fri Jul 04 2025 18:5:22 [Podlove] [32minfo[39m: Privacy Policy exists!
Fri Jul 04 2025 18:5:22 [Podlove] [32minfo[39m: Consumer Policy exists!
Fri Jul 04 2025 18:5:22 [Podlove] [32minfo[39m: Media Policy exists!
Fri Jul 04 2025 18:5:22 [Podlove] [32minfo[39m: Server is running at PORT: 5000, HOST: 10.0.60.168
Fri Jul 04 2025 18:7:30 [Podlove] [32minfo[39m: Successfully Connected to MongoDB Atlas
Fri Jul 04 2025 18:7:33 [Podlove] [32minfo[39m: Privacy Policy exists!
Fri Jul 04 2025 18:7:33 [Podlove] [32minfo[39m: Consumer Policy exists!
Fri Jul 04 2025 18:7:34 [Podlove] [32minfo[39m: Media Policy exists!
Fri Jul 04 2025 18:7:34 [Podlove] [32minfo[39m: Server is running at PORT: 5000, HOST: 10.0.60.168
Fri Jul 04 2025 18:17:7 [Podlove] [32minfo[39m: Successfully Connected to MongoDB Atlas
Fri Jul 04 2025 18:17:10 [Podlove] [32minfo[39m: Privacy Policy exists!
Fri Jul 04 2025 18:17:10 [Podlove] [32minfo[39m: Consumer Policy exists!
Fri Jul 04 2025 18:17:10 [Podlove] [32minfo[39m: Media Policy exists!
Fri Jul 04 2025 18:17:10 [Podlove] [32minfo[39m: Server is running at PORT: 5000, HOST: 10.0.60.168
Fri Jul 04 2025 18:19:1 [Podlove] [32minfo[39m: Successfully Connected to MongoDB Atlas
Fri Jul 04 2025 18:19:4 [Podlove] [32minfo[39m: Privacy Policy exists!
Fri Jul 04 2025 18:19:4 [Podlove] [32minfo[39m: Consumer Policy exists!
Fri Jul 04 2025 18:19:4 [Podlove] [32minfo[39m: Media Policy exists!
Fri Jul 04 2025 18:19:4 [Podlove] [32minfo[39m: Server is running at PORT: 5000, HOST: 10.0.60.168
Fri Jul 04 2025 18:19:15 [Podlove] [32minfo[39m: Successfully Connected to MongoDB Atlas
Fri Jul 04 2025 18:19:17 [Podlove] [32minfo[39m: Privacy Policy exists!
Fri Jul 04 2025 18:19:18 [Podlove] [32minfo[39m: Consumer Policy exists!
Fri Jul 04 2025 18:19:18 [Podlove] [32minfo[39m: Media Policy exists!
Fri Jul 04 2025 18:19:18 [Podlove] [32minfo[39m: Server is running at PORT: 5000, HOST: 10.0.60.168
Fri Jul 04 2025 18:20:43 [Podlove] [32minfo[39m: Successfully Connected to MongoDB Atlas
Fri Jul 04 2025 18:20:46 [Podlove] [32minfo[39m: Privacy Policy exists!
Fri Jul 04 2025 18:20:46 [Podlove] [32minfo[39m: Consumer Policy exists!
Fri Jul 04 2025 18:20:46 [Podlove] [32minfo[39m: Media Policy exists!
Fri Jul 04 2025 18:20:46 [Podlove] [32minfo[39m: Server is running at PORT: 5000, HOST: 10.0.60.168
Fri Jul 04 2025 18:21:29 [Podlove] [32minfo[39m: Successfully Connected to MongoDB Atlas
Fri Jul 04 2025 18:21:32 [Podlove] [32minfo[39m: Privacy Policy exists!
Fri Jul 04 2025 18:21:40 [Podlove] [32minfo[39m: Successfully Connected to MongoDB Atlas
Fri Jul 04 2025 18:21:58 [Podlove] [32minfo[39m: Successfully Connected to MongoDB Atlas
Fri Jul 04 2025 18:22:0 [Podlove] [32minfo[39m: Privacy Policy exists!
Fri Jul 04 2025 18:22:1 [Podlove] [32minfo[39m: Consumer Policy exists!
Fri Jul 04 2025 18:22:1 [Podlove] [32minfo[39m: Media Policy exists!
Fri Jul 04 2025 18:22:1 [Podlove] [32minfo[39m: Server is running at PORT: 5000, HOST: 10.0.60.168
Fri Jul 04 2025 18:27:24 [Podlove] [32minfo[39m: Successfully Connected to MongoDB Atlas
Fri Jul 04 2025 18:27:27 [Podlove] [32minfo[39m: Privacy Policy exists!
Fri Jul 04 2025 18:27:27 [Podlove] [32minfo[39m: Consumer Policy exists!
Fri Jul 04 2025 18:27:27 [Podlove] [32minfo[39m: Media Policy exists!
Fri Jul 04 2025 18:27:27 [Podlove] [32minfo[39m: Server is running at PORT: 5000, HOST: 10.0.60.168
Fri Jul 04 2025 18:32:16 [Podlove] [32minfo[39m: Successfully Connected to MongoDB Atlas
Fri Jul 04 2025 18:32:19 [Podlove] [32minfo[39m: Privacy Policy exists!
Fri Jul 04 2025 18:32:19 [Podlove] [32minfo[39m: Consumer Policy exists!
Fri Jul 04 2025 18:32:19 [Podlove] [32minfo[39m: Media Policy exists!
Fri Jul 04 2025 18:32:19 [Podlove] [32minfo[39m: Server is running at PORT: 5000, HOST: 10.0.60.168
Fri Jul 04 2025 18:43:44 [Podlove] [31merror[39m: Token has expired
UnauthorizedError: Token has expired
    at decodeToken (C:\Users\bdCalling\Documents\Jahid Hasan\podlove_backend\src\utils\jwt.ts:27:22)
    at C:\Users\bdCalling\Documents\Jahid Hasan\podlove_backend\src\middlewares\authorization.ts:50:32
    at C:\Users\bdCalling\Documents\Jahid Hasan\podlove_backend\src\shared\asyncHandler.ts:7:19
    at Layer.handle [as handle_request] (C:\Users\bdCalling\Documents\Jahid Hasan\podlove_backend\node_modules\express\lib\router\layer.js:95:5)
    at next (C:\Users\bdCalling\Documents\Jahid Hasan\podlove_backend\node_modules\express\lib\router\route.js:149:13)
    at Route.dispatch (C:\Users\bdCalling\Documents\Jahid Hasan\podlove_backend\node_modules\express\lib\router\route.js:119:3)
    at Layer.handle [as handle_request] (C:\Users\bdCalling\Documents\Jahid Hasan\podlove_backend\node_modules\express\lib\router\layer.js:95:5)
    at C:\Users\bdCalling\Documents\Jahid Hasan\podlove_backend\node_modules\express\lib\router\index.js:284:15
    at Function.process_params (C:\Users\bdCalling\Documents\Jahid Hasan\podlove_backend\node_modules\express\lib\router\index.js:346:12)
    at next (C:\Users\bdCalling\Documents\Jahid Hasan\podlove_backend\node_modules\express\lib\router\index.js:280:10)
UnauthorizedError
Fri Jul 04 2025 18:46:45 [Podlove] [32minfo[39m: 68600f666d611e9e83e68e1a
Fri Jul 04 2025 18:46:45 [Podlove] [31merror[39m: Invalid podcast status
BadRequestError: Invalid podcast status
    at sendPodcastRequest (C:\Users\bdCalling\Documents\Jahid Hasan\podlove_backend\src\controllers\podcastController.ts:51:24)
    at processTicksAndRejections (node:internal/process/task_queues:95:5)
BadRequestError
Fri Jul 04 2025 18:47:29 [Podlove] [32minfo[39m: Successfully Connected to MongoDB Atlas
Fri Jul 04 2025 18:47:32 [Podlove] [32minfo[39m: Privacy Policy exists!
Fri Jul 04 2025 18:47:32 [Podlove] [32minfo[39m: Consumer Policy exists!
Fri Jul 04 2025 18:47:33 [Podlove] [32minfo[39m: Media Policy exists!
Fri Jul 04 2025 18:47:33 [Podlove] [32minfo[39m: Server is running at PORT: 5000, HOST: 10.0.60.168
Fri Jul 04 2025 18:47:36 [Podlove] [32minfo[39m: 68600f666d611e9e83e68e1a
Fri Jul 04 2025 18:58:46 [Podlove] [32minfo[39m: Successfully Connected to MongoDB Atlas
Fri Jul 04 2025 18:58:48 [Podlove] [32minfo[39m: Privacy Policy exists!
Fri Jul 04 2025 18:58:49 [Podlove] [32minfo[39m: Consumer Policy exists!
Fri Jul 04 2025 18:58:49 [Podlove] [32minfo[39m: Media Policy exists!
Fri Jul 04 2025 18:58:49 [Podlove] [32minfo[39m: Server is running at PORT: 5000, HOST: 10.0.60.168
