Fri Jul 18 2025 12:7:59 [Podlove] [32minfo[39m: Successfully Connected to MongoDB Atlas
Fri Jul 18 2025 12:8:2 [Podlove] [32minfo[39m: Privacy Policy exists!
Fri Jul 18 2025 12:8:2 [Podlove] [32minfo[39m: Consumer Policy exists!
Fri Jul 18 2025 12:8:3 [Podlove] [32minfo[39m: Media Policy exists!
Fri Jul 18 2025 12:8:3 [Podlove] [32minfo[39m: Server is running at PORT: 8001, HOST: 10.0.60.210
Fri Jul 18 2025 12:8:3 [Podlove] [32minfo[39m: Socket.IO server initialized
Fri Jul 18 2025 12:8:44 [Podlove] [32minfo[39m: Successfully Connected to MongoDB Atlas
Fri Jul 18 2025 12:8:47 [Podlove] [32minfo[39m: Privacy Policy exists!
Fri Jul 18 2025 12:8:47 [Podlove] [32minfo[39m: Consumer Policy exists!
Fri Jul 18 2025 12:8:48 [Podlove] [32minfo[39m: Media Policy exists!
Fri Jul 18 2025 12:9:21 [Podlove] [32minfo[39m: Successfully Connected to MongoDB Atlas
Fri Jul 18 2025 12:9:24 [Podlove] [32minfo[39m: Privacy Policy exists!
Fri Jul 18 2025 12:9:24 [Podlove] [32minfo[39m: Consumer Policy exists!
Fri Jul 18 2025 12:9:24 [Podlove] [32minfo[39m: Media Policy exists!
Fri Jul 18 2025 12:9:24 [Podlove] [32minfo[39m: Server is running at PORT: 8000, HOST: 10.0.60.210
Fri Jul 18 2025 12:9:24 [Podlove] [32minfo[39m: Socket.IO server initialized
Fri Jul 18 2025 12:21:16 [Podlove] [31merror[39m: Invalid string: {:"0"=>{:key=>"More Matches", :details=>"Meet three matches instead of two."}, :"3"=>{:key=>"Exclusive Content", :details=>"Access to curated dating tips, insights, and advice not available to free-tier users."}, :"1"=>{:key=>"Extended Chat", :details=>"Access chat with your match for up to one week."}, :"2"=>{:key=>"Second Chance", :details=>"Users can be matched again if their first match doesn't work out, providing another chance at connection."}}
Error: Invalid string: {:"0"=>{:key=>"More Matches", :details=>"Meet three matches instead of two."}, :"3"=>{:key=>"Exclusive Content", :details=>"Access to curated dating tips, insights, and advice not available to free-tier users."}, :"1"=>{:key=>"Extended Chat", :details=>"Access chat with your match for up to one week."}, :"2"=>{:key=>"Second Chance", :details=>"Users can be matched again if their first match doesn't work out, providing another chance at connection."}}
    at generateV1Error (C:\Users\bdcalling\Documents\Jahid Hasan\podlove_backend\node_modules\stripe\cjs\Error.js:11:20)
    at res.toJSON.then.Error_js_1.StripeAPIError.message (C:\Users\bdcalling\Documents\Jahid Hasan\podlove_backend\node_modules\stripe\cjs\RequestSender.js:108:62)
    at processTicksAndRejections (node:internal/process/task_queues:105:5)
Error
Fri Jul 18 2025 12:31:53 [Podlove] [32minfo[39m: Successfully Connected to MongoDB Atlas
Fri Jul 18 2025 12:31:56 [Podlove] [32minfo[39m: Privacy Policy exists!
Fri Jul 18 2025 12:31:57 [Podlove] [32minfo[39m: Consumer Policy exists!
Fri Jul 18 2025 12:31:57 [Podlove] [32minfo[39m: Media Policy exists!
Fri Jul 18 2025 12:31:57 [Podlove] [32minfo[39m: Server is running at PORT: 8000, HOST: 10.0.60.210
Fri Jul 18 2025 12:31:57 [Podlove] [32minfo[39m: Socket.IO server initialized
Fri Jul 18 2025 12:32:28 [Podlove] [31merror[39m: Invalid string: {:"0"=>{:key=>"More Matches", :details=>"Meet three matches instead of two."}, :"3"=>{:key=>"Exclusive Content", :details=>"Access to curated dating tips, insights, and advice not available to free-tier users."}, :"1"=>{:key=>"Extended Chat", :details=>"Access chat with your match for up to one week."}, :"2"=>{:key=>"Second Chance", :details=>"Users can be matched again if their first match doesn't work out, providing another chance at connection."}}
Error: Invalid string: {:"0"=>{:key=>"More Matches", :details=>"Meet three matches instead of two."}, :"3"=>{:key=>"Exclusive Content", :details=>"Access to curated dating tips, insights, and advice not available to free-tier users."}, :"1"=>{:key=>"Extended Chat", :details=>"Access chat with your match for up to one week."}, :"2"=>{:key=>"Second Chance", :details=>"Users can be matched again if their first match doesn't work out, providing another chance at connection."}}
    at generateV1Error (C:\Users\bdcalling\Documents\Jahid Hasan\podlove_backend\node_modules\stripe\cjs\Error.js:11:20)
    at res.toJSON.then.Error_js_1.StripeAPIError.message (C:\Users\bdcalling\Documents\Jahid Hasan\podlove_backend\node_modules\stripe\cjs\RequestSender.js:108:62)
    at processTicksAndRejections (node:internal/process/task_queues:105:5)
Error
Fri Jul 18 2025 12:32:49 [Podlove] [32minfo[39m: Successfully Connected to MongoDB Atlas
Fri Jul 18 2025 12:32:52 [Podlove] [32minfo[39m: Privacy Policy exists!
Fri Jul 18 2025 12:32:52 [Podlove] [32minfo[39m: Consumer Policy exists!
Fri Jul 18 2025 12:32:53 [Podlove] [32minfo[39m: Media Policy exists!
Fri Jul 18 2025 12:32:53 [Podlove] [32minfo[39m: Server is running at PORT: 8000, HOST: 10.0.60.210
Fri Jul 18 2025 12:32:53 [Podlove] [32minfo[39m: Socket.IO server initialized
Fri Jul 18 2025 12:37:0 [Podlove] [32minfo[39m: Successfully Connected to MongoDB Atlas
Fri Jul 18 2025 12:37:3 [Podlove] [32minfo[39m: Privacy Policy exists!
Fri Jul 18 2025 12:37:4 [Podlove] [32minfo[39m: Consumer Policy exists!
Fri Jul 18 2025 12:37:4 [Podlove] [32minfo[39m: Media Policy exists!
Fri Jul 18 2025 12:37:4 [Podlove] [32minfo[39m: Server is running at PORT: 8000, HOST: 10.0.60.210
Fri Jul 18 2025 12:37:4 [Podlove] [32minfo[39m: Socket.IO server initialized
Fri Jul 18 2025 12:43:1 [Podlove] [32minfo[39m: Successfully Connected to MongoDB Atlas
Fri Jul 18 2025 12:43:4 [Podlove] [32minfo[39m: Privacy Policy exists!
Fri Jul 18 2025 12:43:4 [Podlove] [32minfo[39m: Consumer Policy exists!
Fri Jul 18 2025 12:43:4 [Podlove] [32minfo[39m: Media Policy exists!
Fri Jul 18 2025 12:43:4 [Podlove] [32minfo[39m: Server is running at PORT: 8000, HOST: 10.0.60.210
Fri Jul 18 2025 12:43:4 [Podlove] [32minfo[39m: Socket.IO server initialized
Fri Jul 18 2025 12:43:12 [Podlove] [32minfo[39m: Successfully Connected to MongoDB Atlas
Fri Jul 18 2025 12:43:15 [Podlove] [32minfo[39m: Privacy Policy exists!
Fri Jul 18 2025 12:43:15 [Podlove] [32minfo[39m: Consumer Policy exists!
Fri Jul 18 2025 12:43:16 [Podlove] [32minfo[39m: Media Policy exists!
Fri Jul 18 2025 12:43:16 [Podlove] [32minfo[39m: Server is running at PORT: 8000, HOST: 10.0.60.210
Fri Jul 18 2025 12:43:16 [Podlove] [32minfo[39m: Socket.IO server initialized
Fri Jul 18 2025 12:46:9 [Podlove] [32minfo[39m: Successfully Connected to MongoDB Atlas
Fri Jul 18 2025 12:46:12 [Podlove] [32minfo[39m: Privacy Policy exists!
Fri Jul 18 2025 12:46:13 [Podlove] [32minfo[39m: Consumer Policy exists!
Fri Jul 18 2025 12:46:13 [Podlove] [32minfo[39m: Media Policy exists!
Fri Jul 18 2025 12:46:13 [Podlove] [32minfo[39m: Server is running at PORT: 8000, HOST: 10.0.60.210
Fri Jul 18 2025 12:46:13 [Podlove] [32minfo[39m: Socket.IO server initialized
Fri Jul 18 2025 12:52:36 [Podlove] [31merror[39m: Invalid string: {:"0"=>{:key=>"More Matches", :details=>"Meet three matches instead of two."}, :"3"=>{:key=>"Exclusive Content", :details=>"Access to curated dating tips, insights, and advice not available to free-tier users."}, :"1"=>{:key=>"Extended Chat", :details=>"Access chat with your match for up to one week."}, :"2"=>{:key=>"Second Chance", :details=>"Users can be matched again if their first match doesn't work out, providing another chance at connection."}}
Error: Invalid string: {:"0"=>{:key=>"More Matches", :details=>"Meet three matches instead of two."}, :"3"=>{:key=>"Exclusive Content", :details=>"Access to curated dating tips, insights, and advice not available to free-tier users."}, :"1"=>{:key=>"Extended Chat", :details=>"Access chat with your match for up to one week."}, :"2"=>{:key=>"Second Chance", :details=>"Users can be matched again if their first match doesn't work out, providing another chance at connection."}}
    at generateV1Error (C:\Users\bdcalling\Documents\Jahid Hasan\podlove_backend\node_modules\stripe\cjs\Error.js:11:20)
    at res.toJSON.then.Error_js_1.StripeAPIError.message (C:\Users\bdcalling\Documents\Jahid Hasan\podlove_backend\node_modules\stripe\cjs\RequestSender.js:108:62)
    at processTicksAndRejections (node:internal/process/task_queues:105:5)
Error
Fri Jul 18 2025 12:54:34 [Podlove] [32minfo[39m: Successfully Connected to MongoDB Atlas
Fri Jul 18 2025 12:54:37 [Podlove] [32minfo[39m: Privacy Policy exists!
Fri Jul 18 2025 12:54:38 [Podlove] [32minfo[39m: Consumer Policy exists!
Fri Jul 18 2025 12:54:38 [Podlove] [32minfo[39m: Media Policy exists!
Fri Jul 18 2025 12:54:38 [Podlove] [32minfo[39m: Server is running at PORT: 8000, HOST: 10.0.60.210
Fri Jul 18 2025 12:54:38 [Podlove] [32minfo[39m: Socket.IO server initialized
Fri Jul 18 2025 12:54:59 [Podlove] [31merror[39m: Invalid string: {:"0"=>{:key=>"More Matches", :details=>"Meet three matches instead of two."}, :"3"=>{:key=>"Exclusive Content", :details=>"Access to curated dating tips, insights, and advice not available to free-tier users."}, :"1"=>{:key=>"Extended Chat", :details=>"Access chat with your match for up to one week."}, :"2"=>{:key=>"Second Chance", :details=>"Users can be matched again if their first match doesn't work out, providing another chance at connection."}}
Error: Invalid string: {:"0"=>{:key=>"More Matches", :details=>"Meet three matches instead of two."}, :"3"=>{:key=>"Exclusive Content", :details=>"Access to curated dating tips, insights, and advice not available to free-tier users."}, :"1"=>{:key=>"Extended Chat", :details=>"Access chat with your match for up to one week."}, :"2"=>{:key=>"Second Chance", :details=>"Users can be matched again if their first match doesn't work out, providing another chance at connection."}}
    at generateV1Error (C:\Users\bdcalling\Documents\Jahid Hasan\podlove_backend\node_modules\stripe\cjs\Error.js:11:20)
    at res.toJSON.then.Error_js_1.StripeAPIError.message (C:\Users\bdcalling\Documents\Jahid Hasan\podlove_backend\node_modules\stripe\cjs\RequestSender.js:108:62)
    at processTicksAndRejections (node:internal/process/task_queues:105:5)
Error
