Sat Nov 15 2025 10:51:37 [Podlove] [32minfo[39m: Successfully Connected to MongoDB Atlas
Sat Nov 15 2025 10:51:41 [Podlove] [32minfo[39m: Privacy Policy exists!
Sat Nov 15 2025 10:51:42 [Podlove] [32minfo[39m: Consumer Policy exists!
Sat Nov 15 2025 10:51:42 [Podlove] [32minfo[39m: Media Policy exists!
Sat Nov 15 2025 10:51:42 [Podlove] [32minfo[39m: Server is running at PORT: 8000, HOST: 0.0.0.0
Sat Nov 15 2025 10:51:42 [Podlove] [32minfo[39m: Socket.IO server initialized
Sat Nov 15 2025 10:57:1 [Podlove] [31merror[39m: data and hash arguments required
Error: data and hash arguments required
    at Object.compare (C:\Users\devmd\Work\podlove_backend\node_modules\.pnpm\bcrypt@5.1.1\node_modules\bcrypt\bcrypt.js:208:17)
    at C:\Users\devmd\Work\podlove_backend\node_modules\.pnpm\bcrypt@5.1.1\node_modules\bcrypt\promises.js:29:12
    at new Promise (<anonymous>)
    at Object.module.exports.promise (C:\Users\devmd\Work\podlove_backend\node_modules\.pnpm\bcrypt@5.1.1\node_modules\bcrypt\promises.js:20:12)
    at Object.compare (C:\Users\devmd\Work\podlove_backend\node_modules\.pnpm\bcrypt@5.1.1\node_modules\bcrypt\bcrypt.js:204:25)
    at model.authSchema.methods.comparePassword (C:\Users\devmd\Work\podlove_backend\src\models\authModel.ts:73:23)
    at login (C:\Users\devmd\Work\podlove_backend\src\controllers\authController.ts:99:20)
    at processTicksAndRejections (node:internal/process/task_queues:105:5)
Error
Sat Nov 15 2025 10:57:42 [Podlove] [31merror[39m: data and hash arguments required
Error: data and hash arguments required
    at Object.compare (C:\Users\devmd\Work\podlove_backend\node_modules\.pnpm\bcrypt@5.1.1\node_modules\bcrypt\bcrypt.js:208:17)
    at C:\Users\devmd\Work\podlove_backend\node_modules\.pnpm\bcrypt@5.1.1\node_modules\bcrypt\promises.js:29:12
    at new Promise (<anonymous>)
    at Object.module.exports.promise (C:\Users\devmd\Work\podlove_backend\node_modules\.pnpm\bcrypt@5.1.1\node_modules\bcrypt\promises.js:20:12)
    at Object.compare (C:\Users\devmd\Work\podlove_backend\node_modules\.pnpm\bcrypt@5.1.1\node_modules\bcrypt\bcrypt.js:204:25)
    at model.authSchema.methods.comparePassword (C:\Users\devmd\Work\podlove_backend\src\models\authModel.ts:73:23)
    at login (C:\Users\devmd\Work\podlove_backend\src\controllers\authController.ts:99:20)
    at processTicksAndRejections (node:internal/process/task_queues:105:5)
Error
Sat Nov 15 2025 10:59:28 [Podlove] [32minfo[39m: Successfully Connected to MongoDB Atlas
Sat Nov 15 2025 10:59:32 [Podlove] [32minfo[39m: Privacy Policy exists!
Sat Nov 15 2025 10:59:32 [Podlove] [32minfo[39m: Consumer Policy exists!
Sat Nov 15 2025 10:59:33 [Podlove] [32minfo[39m: Media Policy exists!
Sat Nov 15 2025 10:59:33 [Podlove] [32minfo[39m: Server is running at PORT: 8000, HOST: 0.0.0.0
Sat Nov 15 2025 10:59:33 [Podlove] [32minfo[39m: Socket.IO server initialized
Sat Nov 15 2025 10:59:39 [Podlove] [31merror[39m: data and hash arguments required
Error: data and hash arguments required
    at Object.compare (C:\Users\devmd\Work\podlove_backend\node_modules\.pnpm\bcrypt@5.1.1\node_modules\bcrypt\bcrypt.js:208:17)
    at C:\Users\devmd\Work\podlove_backend\node_modules\.pnpm\bcrypt@5.1.1\node_modules\bcrypt\promises.js:29:12
    at new Promise (<anonymous>)
    at Object.module.exports.promise (C:\Users\devmd\Work\podlove_backend\node_modules\.pnpm\bcrypt@5.1.1\node_modules\bcrypt\promises.js:20:12)
    at Object.compare (C:\Users\devmd\Work\podlove_backend\node_modules\.pnpm\bcrypt@5.1.1\node_modules\bcrypt\bcrypt.js:204:25)
    at model.authSchema.methods.comparePassword (C:\Users\devmd\Work\podlove_backend\src\models\authModel.ts:73:23)
    at login (C:\Users\devmd\Work\podlove_backend\src\controllers\authController.ts:100:20)
    at processTicksAndRejections (node:internal/process/task_queues:105:5)
Error
