Mon Jul 28 2025 18:0:54 [Podlove] [32minfo[39m: Successfully Connected to MongoDB Atlas
Mon Jul 28 2025 18:0:57 [Podlove] [32minfo[39m: Privacy Policy exists!
Mon Jul 28 2025 18:0:58 [Podlove] [32minfo[39m: Consumer Policy exists!
Mon Jul 28 2025 18:0:58 [Podlove] [32minfo[39m: Media Policy exists!
Mon Jul 28 2025 18:0:58 [Podlove] [32minfo[39m: Server is running at PORT: 8000, HOST: 10.10.10.59
Mon Jul 28 2025 18:0:58 [Podlove] [32minfo[39m: Socket.IO server initialized
Mon Jul 28 2025 18:0:59 [Podlove] [32minfo[39m: 68870decaaa39d5c80dcca60
Mon Jul 28 2025 18:0:59 [Podlove] [32minfo[39m: [object Object]
Mon Jul 28 2025 18:1:0 [Podlove] [32minfo[39m: 68870decaaa39d5c80dcca60
Mon Jul 28 2025 18:1:0 [Podlove] [32minfo[39m: [object Object]
Mon Jul 28 2025 18:8:10 [Podlove] [32minfo[39m: Successfully Connected to MongoDB Atlas
Mon Jul 28 2025 18:8:14 [Podlove] [32minfo[39m: Privacy Policy exists!
Mon Jul 28 2025 18:8:14 [Podlove] [32minfo[39m: Consumer Policy exists!
Mon Jul 28 2025 18:8:14 [Podlove] [32minfo[39m: Media Policy exists!
Mon Jul 28 2025 18:8:14 [Podlove] [32minfo[39m: Server is running at PORT: 8000, HOST: 10.10.10.59
Mon Jul 28 2025 18:8:14 [Podlove] [32minfo[39m: Socket.IO server initialized
Mon Jul 28 2025 18:16:7 [Podlove] [32minfo[39m: Successfully Connected to MongoDB Atlas
Mon Jul 28 2025 18:16:10 [Podlove] [32minfo[39m: Privacy Policy exists!
Mon Jul 28 2025 18:16:11 [Podlove] [32minfo[39m: Consumer Policy exists!
Mon Jul 28 2025 18:16:11 [Podlove] [32minfo[39m: Media Policy exists!
Mon Jul 28 2025 18:16:11 [Podlove] [32minfo[39m: Server is running at PORT: 8000, HOST: 10.10.10.59
Mon Jul 28 2025 18:16:11 [Podlove] [32minfo[39m: Socket.IO server initialized
Mon Jul 28 2025 18:16:35 [Podlove] [32minfo[39m: 6887532e6e78840d002e0f03
Mon Jul 28 2025 18:16:45 [Podlove] [32minfo[39m: 6887532e6e78840d002e0f03
Mon Jul 28 2025 18:16:57 [Podlove] [32minfo[39m: 6887532e6e78840d002e0f03
Mon Jul 28 2025 18:17:1 [Podlove] [32minfo[39m: 6887532e6e78840d002e0f03
Mon Jul 28 2025 18:17:10 [Podlove] [32minfo[39m: 6887532e6e78840d002e0f03
Mon Jul 28 2025 18:17:17 [Podlove] [32minfo[39m: 6887532e6e78840d002e0f03
Mon Jul 28 2025 18:18:14 [Podlove] [32minfo[39m: 6887532e6e78840d002e0f03
Mon Jul 28 2025 18:18:21 [Podlove] [32minfo[39m: 6887532e6e78840d002e0f03
Mon Jul 28 2025 18:39:17 [Podlove] [32minfo[39m: Successfully Connected to MongoDB Atlas
Mon Jul 28 2025 18:39:20 [Podlove] [32minfo[39m: Privacy Policy exists!
Mon Jul 28 2025 18:39:21 [Podlove] [32minfo[39m: Consumer Policy exists!
Mon Jul 28 2025 18:39:21 [Podlove] [32minfo[39m: Media Policy exists!
Mon Jul 28 2025 18:39:21 [Podlove] [32minfo[39m: Server is running at PORT: 8000, HOST: 10.10.10.59
Mon Jul 28 2025 18:39:21 [Podlove] [32minfo[39m: Socket.IO server initialized
