Sun Jul 06 2025 17:6:16 [Podlove] [32minfo[39m: Successfully Connected to MongoDB Atlas
Sun Jul 06 2025 17:6:18 [Podlove] [32minfo[39m: Privacy Policy exists!
Sun Jul 06 2025 17:6:19 [Podlove] [32minfo[39m: Consumer Policy exists!
Sun Jul 06 2025 17:6:19 [Podlove] [32minfo[39m: Media Policy exists!
Sun Jul 06 2025 17:6:19 [Podlove] [32minfo[39m: Server is running at PORT: 8000, HOST: 10.0.60.168
Sun Jul 06 2025 17:7:18 [Podlove] [32minfo[39m: Successfully Connected to MongoDB Atlas
Sun Jul 06 2025 17:7:21 [Podlove] [32minfo[39m: Privacy Policy exists!
Sun Jul 06 2025 17:7:21 [Podlove] [32minfo[39m: Consumer Policy exists!
Sun Jul 06 2025 17:7:21 [Podlove] [32minfo[39m: Media Policy exists!
Sun Jul 06 2025 17:7:21 [Podlove] [32minfo[39m: Server is running at PORT: 8000, HOST: 10.0.60.168
Sun Jul 06 2025 17:16:8 [Podlove] [32minfo[39m: Successfully Connected to MongoDB Atlas
Sun Jul 06 2025 17:16:11 [Podlove] [32minfo[39m: Privacy Policy exists!
Sun Jul 06 2025 17:16:11 [Podlove] [32minfo[39m: Consumer Policy exists!
Sun Jul 06 2025 17:16:12 [Podlove] [32minfo[39m: Media Policy exists!
Sun Jul 06 2025 17:16:12 [Podlove] [32minfo[39m: Server is running at PORT: 8000, HOST: 10.0.60.168
Sun Jul 06 2025 17:23:17 [Podlove] [32minfo[39m: 686a30d5590ca42548a0ea64
Sun Jul 06 2025 17:24:25 [Podlove] [32minfo[39m: 686a30d5590ca42548a0ea64
Sun Jul 06 2025 17:26:44 [Podlove] [32minfo[39m: Successfully Connected to MongoDB Atlas
Sun Jul 06 2025 17:26:48 [Podlove] [32minfo[39m: Privacy Policy exists!
Sun Jul 06 2025 17:26:48 [Podlove] [32minfo[39m: Consumer Policy exists!
Sun Jul 06 2025 17:26:48 [Podlove] [32minfo[39m: Media Policy exists!
Sun Jul 06 2025 17:26:48 [Podlove] [32minfo[39m: Server is running at PORT: 8000, HOST: 10.0.60.168
Sun Jul 06 2025 17:27:23 [Podlove] [32minfo[39m: 686a5d7d98ed74b0e784e181
Sun Jul 06 2025 17:27:35 [Podlove] [32minfo[39m: 686a5d7d98ed74b0e784e181
Sun Jul 06 2025 17:27:44 [Podlove] [32minfo[39m: Successfully Connected to MongoDB Atlas
Sun Jul 06 2025 17:27:55 [Podlove] [32minfo[39m: Successfully Connected to MongoDB Atlas
Sun Jul 06 2025 17:27:58 [Podlove] [32minfo[39m: Privacy Policy exists!
Sun Jul 06 2025 17:27:58 [Podlove] [32minfo[39m: Consumer Policy exists!
Sun Jul 06 2025 17:27:59 [Podlove] [32minfo[39m: Media Policy exists!
Sun Jul 06 2025 17:27:59 [Podlove] [32minfo[39m: Server is running at PORT: 8000, HOST: 10.0.60.168
Sun Jul 06 2025 17:28:6 [Podlove] [32minfo[39m: 686a5d7d98ed74b0e784e181
Sun Jul 06 2025 17:28:20 [Podlove] [32minfo[39m: 686a5d7d98ed74b0e784e181
Sun Jul 06 2025 17:28:35 [Podlove] [32minfo[39m: 686a5d7d98ed74b0e784e181
Sun Jul 06 2025 17:28:49 [Podlove] [32minfo[39m: 686a5d7d98ed74b0e784e181
Sun Jul 06 2025 17:29:8 [Podlove] [32minfo[39m: 686a5d7d98ed74b0e784e181
Sun Jul 06 2025 17:29:45 [Podlove] [32minfo[39m: 686a5d7d98ed74b0e784e181
Sun Jul 06 2025 17:30:49 [Podlove] [32minfo[39m: 🔌 Socket connected:
Sun Jul 06 2025 17:31:24 [Podlove] [32minfo[39m: Successfully Connected to MongoDB Atlas
Sun Jul 06 2025 17:31:27 [Podlove] [32minfo[39m: Privacy Policy exists!
Sun Jul 06 2025 17:31:28 [Podlove] [32minfo[39m: Consumer Policy exists!
Sun Jul 06 2025 17:31:28 [Podlove] [32minfo[39m: Media Policy exists!
Sun Jul 06 2025 17:31:28 [Podlove] [32minfo[39m: Server is running at PORT: 8000, HOST: 10.0.60.168
Sun Jul 06 2025 17:34:6 [Podlove] [32minfo[39m: 686a5f1462edd114fec84ffc
Sun Jul 06 2025 17:34:12 [Podlove] [32minfo[39m: 686a5f1462edd114fec84ffc
Sun Jul 06 2025 17:34:30 [Podlove] [32minfo[39m: 686a5f1462edd114fec84ffc
Sun Jul 06 2025 17:34:41 [Podlove] [32minfo[39m: 686a5f1462edd114fec84ffc
Sun Jul 06 2025 17:34:52 [Podlove] [32minfo[39m: 686a5f1462edd114fec84ffc
Sun Jul 06 2025 17:35:9 [Podlove] [32minfo[39m: 686a5f1462edd114fec84ffc
Sun Jul 06 2025 17:35:18 [Podlove] [32minfo[39m: 686a5f1462edd114fec84ffc
Sun Jul 06 2025 17:35:23 [Podlove] [32minfo[39m: 686a5f1462edd114fec84ffc
Sun Jul 06 2025 17:37:29 [Podlove] [32minfo[39m: Successfully Connected to MongoDB Atlas
Sun Jul 06 2025 17:37:32 [Podlove] [32minfo[39m: Privacy Policy exists!
Sun Jul 06 2025 17:37:32 [Podlove] [32minfo[39m: Consumer Policy exists!
Sun Jul 06 2025 17:37:32 [Podlove] [32minfo[39m: Media Policy exists!
Sun Jul 06 2025 17:37:32 [Podlove] [32minfo[39m: Server is running at PORT: 8000, HOST: 10.0.60.168
Sun Jul 06 2025 17:37:43 [Podlove] [32minfo[39m: 🔌 Socket connected:
Sun Jul 06 2025 17:37:59 [Podlove] [32minfo[39m: Successfully Connected to MongoDB Atlas
Sun Jul 06 2025 17:38:2 [Podlove] [32minfo[39m: Privacy Policy exists!
Sun Jul 06 2025 17:38:3 [Podlove] [32minfo[39m: Consumer Policy exists!
Sun Jul 06 2025 17:38:3 [Podlove] [32minfo[39m: Media Policy exists!
Sun Jul 06 2025 17:38:3 [Podlove] [32minfo[39m: Server is running at PORT: 8000, HOST: 10.0.60.168
Sun Jul 06 2025 17:40:8 [Podlove] [32minfo[39m: Successfully Connected to MongoDB Atlas
Sun Jul 06 2025 17:40:11 [Podlove] [32minfo[39m: Privacy Policy exists!
Sun Jul 06 2025 17:40:11 [Podlove] [32minfo[39m: Consumer Policy exists!
Sun Jul 06 2025 17:40:12 [Podlove] [32minfo[39m: Media Policy exists!
Sun Jul 06 2025 17:40:12 [Podlove] [32minfo[39m: Server is running at PORT: 8000, HOST: 10.0.60.168
Sun Jul 06 2025 17:40:45 [Podlove] [32minfo[39m: 🔌 Socket connected:
Sun Jul 06 2025 17:41:16 [Podlove] [32minfo[39m: Successfully Connected to MongoDB Atlas
Sun Jul 06 2025 17:41:19 [Podlove] [32minfo[39m: Privacy Policy exists!
Sun Jul 06 2025 17:41:20 [Podlove] [32minfo[39m: Consumer Policy exists!
Sun Jul 06 2025 17:41:20 [Podlove] [32minfo[39m: Media Policy exists!
Sun Jul 06 2025 17:41:20 [Podlove] [32minfo[39m: Server is running at PORT: 8000, HOST: 10.0.60.168
Sun Jul 06 2025 17:42:16 [Podlove] [32minfo[39m: 🔌 Socket connected:
Sun Jul 06 2025 17:42:58 [Podlove] [32minfo[39m: Successfully Connected to MongoDB Atlas
Sun Jul 06 2025 17:43:1 [Podlove] [32minfo[39m: Privacy Policy exists!
Sun Jul 06 2025 17:43:1 [Podlove] [32minfo[39m: Consumer Policy exists!
Sun Jul 06 2025 17:43:2 [Podlove] [32minfo[39m: Media Policy exists!
Sun Jul 06 2025 17:43:2 [Podlove] [32minfo[39m: Server is running at PORT: 8000, HOST: 10.0.60.168
Sun Jul 06 2025 17:43:2 [Podlove] [32minfo[39m: 🔌 Socket connected:
Sun Jul 06 2025 17:43:55 [Podlove] [32minfo[39m: Successfully Connected to MongoDB Atlas
Sun Jul 06 2025 17:44:10 [Podlove] [32minfo[39m: Successfully Connected to MongoDB Atlas
Sun Jul 06 2025 17:44:13 [Podlove] [32minfo[39m: Privacy Policy exists!
Sun Jul 06 2025 17:44:13 [Podlove] [32minfo[39m: Consumer Policy exists!
Sun Jul 06 2025 17:44:13 [Podlove] [32minfo[39m: Media Policy exists!
Sun Jul 06 2025 17:44:13 [Podlove] [32minfo[39m: Server is running at PORT: 8000, HOST: 10.0.60.168
Sun Jul 06 2025 17:44:20 [Podlove] [32minfo[39m: 🔌 Socket connected:
