Sat Nov 15 2025 12:7:53 [Podlove] [32minfo[39m: Successfully Connected to MongoDB Atlas
Sat Nov 15 2025 12:7:59 [Podlove] [32minfo[39m: Privacy Policy exists!
Sat Nov 15 2025 12:8:0 [Podlove] [32minfo[39m: Consumer Policy exists!
Sat Nov 15 2025 12:8:0 [Podlove] [32minfo[39m: Media Policy exists!
Sat Nov 15 2025 12:8:0 [Podlove] [32minfo[39m: Server is running at PORT: 8000, HOST: 10.10.20.11
Sat Nov 15 2025 12:8:0 [Podlove] [32minfo[39m: Socket.IO server initialized
Thu Nov 20 2025 11:8:48 [Podlove] [32minfo[39m: Successfully Connected to MongoDB Atlas
Thu Nov 20 2025 11:8:51 [Podlove] [32minfo[39m: Privacy Policy exists!
Thu Nov 20 2025 11:8:52 [Podlove] [32minfo[39m: Consumer Policy exists!
Thu Nov 20 2025 11:8:52 [Podlove] [32minfo[39m: Media Policy exists!
Thu Nov 20 2025 11:8:52 [Podlove] [32minfo[39m: Server is running at PORT: 8000, HOST: 10.10.20.11
Thu Nov 20 2025 11:8:52 [Podlove] [32minfo[39m: Socket.IO server initialized
Thu Nov 20 2025 11:21:33 [Podlove] [32minfo[39m: Successfully Connected to MongoDB Atlas
Thu Nov 20 2025 11:21:51 [Podlove] [32minfo[39m: Successfully Connected to MongoDB Atlas
Thu Nov 20 2025 11:21:55 [Podlove] [32minfo[39m: Privacy Policy exists!
Thu Nov 20 2025 11:21:55 [Podlove] [32minfo[39m: Consumer Policy exists!
Thu Nov 20 2025 11:21:55 [Podlove] [32minfo[39m: Media Policy exists!
Thu Nov 20 2025 11:21:55 [Podlove] [32minfo[39m: Server is running at PORT: 8000, HOST: 10.10.20.11
Thu Nov 20 2025 11:21:55 [Podlove] [32minfo[39m: Socket.IO server initialized
Thu Nov 20 2025 11:22:27 [Podlove] [32minfo[39m: Successfully Connected to MongoDB Atlas
Thu Nov 20 2025 11:22:30 [Podlove] [32minfo[39m: Privacy Policy exists!
Thu Nov 20 2025 11:22:30 [Podlove] [32minfo[39m: Consumer Policy exists!
Thu Nov 20 2025 11:22:30 [Podlove] [32minfo[39m: Media Policy exists!
Thu Nov 20 2025 11:22:30 [Podlove] [32minfo[39m: Server is running at PORT: 8000, HOST: 10.10.20.11
Thu Nov 20 2025 11:22:30 [Podlove] [32minfo[39m: Socket.IO server initialized
Thu Nov 20 2025 11:23:4 [Podlove] [32minfo[39m: Successfully Connected to MongoDB Atlas
Thu Nov 20 2025 11:23:14 [Podlove] [32minfo[39m: Privacy Policy exists!
Thu Nov 20 2025 11:23:15 [Podlove] [32minfo[39m: Consumer Policy exists!
Thu Nov 20 2025 11:23:15 [Podlove] [32minfo[39m: Media Policy exists!
Thu Nov 20 2025 11:23:15 [Podlove] [32minfo[39m: Server is running at PORT: 8000, HOST: 10.10.20.11
Thu Nov 20 2025 11:23:15 [Podlove] [32minfo[39m: Socket.IO server initialized
Thu Nov 20 2025 14:20:30 [Podlove] [32minfo[39m: Successfully Connected to MongoDB Atlas
Thu Nov 20 2025 14:20:35 [Podlove] [32minfo[39m: Privacy Policy exists!
Thu Nov 20 2025 14:20:35 [Podlove] [32minfo[39m: Consumer Policy exists!
Thu Nov 20 2025 14:20:36 [Podlove] [32minfo[39m: Media Policy exists!
Thu Nov 20 2025 14:20:36 [Podlove] [32minfo[39m: Server is running at PORT: 8000, HOST: 10.10.20.11
Thu Nov 20 2025 14:20:36 [Podlove] [32minfo[39m: Socket.IO server initialized
Thu Nov 20 2025 14:21:20 [Podlove] [32minfo[39m: Successfully Connected to MongoDB Atlas
Thu Nov 20 2025 14:21:25 [Podlove] [32minfo[39m: Privacy Policy exists!
Thu Nov 20 2025 14:21:25 [Podlove] [32minfo[39m: Consumer Policy exists!
Thu Nov 20 2025 14:21:25 [Podlove] [32minfo[39m: Media Policy exists!
Thu Nov 20 2025 14:21:26 [Podlove] [32minfo[39m: Server is running at PORT: 8000, HOST: 10.10.20.11
Thu Nov 20 2025 14:21:26 [Podlove] [32minfo[39m: Socket.IO server initialized
Thu Nov 20 2025 14:22:41 [Podlove] [32minfo[39m: Successfully Connected to MongoDB Atlas
Thu Nov 20 2025 14:22:46 [Podlove] [32minfo[39m: Privacy Policy exists!
Thu Nov 20 2025 14:22:46 [Podlove] [32minfo[39m: Consumer Policy exists!
Thu Nov 20 2025 14:22:46 [Podlove] [32minfo[39m: Media Policy exists!
Thu Nov 20 2025 14:22:46 [Podlove] [32minfo[39m: Server is running at PORT: 8000, HOST: 10.10.20.11
Thu Nov 20 2025 14:22:46 [Podlove] [32minfo[39m: Socket.IO server initialized
Thu Nov 20 2025 14:23:26 [Podlove] [32minfo[39m: Successfully Connected to MongoDB Atlas
Thu Nov 20 2025 14:23:29 [Podlove] [32minfo[39m: Privacy Policy exists!
Thu Nov 20 2025 14:23:30 [Podlove] [32minfo[39m: Consumer Policy exists!
Thu Nov 20 2025 14:23:30 [Podlove] [32minfo[39m: Media Policy exists!
Thu Nov 20 2025 14:23:30 [Podlove] [32minfo[39m: Server is running at PORT: 8000, HOST: 10.10.20.11
Thu Nov 20 2025 14:23:30 [Podlove] [32minfo[39m: Socket.IO server initialized
Thu Nov 20 2025 14:24:52 [Podlove] [32minfo[39m: Successfully Connected to MongoDB Atlas
Thu Nov 20 2025 14:24:58 [Podlove] [32minfo[39m: Privacy Policy exists!
Thu Nov 20 2025 14:24:58 [Podlove] [32minfo[39m: Consumer Policy exists!
Thu Nov 20 2025 14:24:58 [Podlove] [32minfo[39m: Media Policy exists!
Thu Nov 20 2025 14:24:58 [Podlove] [32minfo[39m: Server is running at PORT: 8000, HOST: 10.10.20.11
Thu Nov 20 2025 14:24:58 [Podlove] [32minfo[39m: Socket.IO server initialized
Thu Nov 20 2025 14:26:11 [Podlove] [32minfo[39m: Successfully Connected to MongoDB Atlas
Thu Nov 20 2025 14:26:16 [Podlove] [32minfo[39m: Privacy Policy exists!
Thu Nov 20 2025 14:26:17 [Podlove] [32minfo[39m: Consumer Policy exists!
Thu Nov 20 2025 14:26:17 [Podlove] [32minfo[39m: Media Policy exists!
Thu Nov 20 2025 14:26:17 [Podlove] [32minfo[39m: Server is running at PORT: 8000, HOST: 10.10.20.11
Thu Nov 20 2025 14:26:17 [Podlove] [32minfo[39m: Socket.IO server initialized
Thu Nov 20 2025 14:36:25 [Podlove] [32minfo[39m: Successfully Connected to MongoDB Atlas
Thu Nov 20 2025 14:36:30 [Podlove] [32minfo[39m: Privacy Policy exists!
Thu Nov 20 2025 14:36:30 [Podlove] [32minfo[39m: Consumer Policy exists!
Thu Nov 20 2025 14:36:30 [Podlove] [32minfo[39m: Media Policy exists!
Thu Nov 20 2025 14:36:30 [Podlove] [32minfo[39m: Server is running at PORT: 8000, HOST: 10.10.20.11
Thu Nov 20 2025 14:36:30 [Podlove] [32minfo[39m: Socket.IO server initialized
Thu Nov 20 2025 14:36:50 [Podlove] [32minfo[39m: Successfully Connected to MongoDB Atlas
Thu Nov 20 2025 14:36:55 [Podlove] [32minfo[39m: Privacy Policy exists!
Thu Nov 20 2025 14:36:56 [Podlove] [32minfo[39m: Consumer Policy exists!
Thu Nov 20 2025 14:36:56 [Podlove] [32minfo[39m: Media Policy exists!
Thu Nov 20 2025 14:36:56 [Podlove] [32minfo[39m: Server is running at PORT: 8000, HOST: 10.10.20.11
Thu Nov 20 2025 14:36:56 [Podlove] [32minfo[39m: Socket.IO server initialized
Thu Nov 20 2025 14:38:46 [Podlove] [32minfo[39m: Successfully Connected to MongoDB Atlas
Thu Nov 20 2025 14:38:50 [Podlove] [32minfo[39m: Privacy Policy exists!
Thu Nov 20 2025 14:38:50 [Podlove] [32minfo[39m: Consumer Policy exists!
Thu Nov 20 2025 14:38:51 [Podlove] [32minfo[39m: Media Policy exists!
Thu Nov 20 2025 14:38:51 [Podlove] [32minfo[39m: Server is running at PORT: 8000, HOST: 10.10.20.11
Thu Nov 20 2025 14:38:51 [Podlove] [32minfo[39m: Socket.IO server initialized
Thu Nov 20 2025 14:39:49 [Podlove] [32minfo[39m: Successfully Connected to MongoDB Atlas
Thu Nov 20 2025 14:39:54 [Podlove] [32minfo[39m: Privacy Policy exists!
Thu Nov 20 2025 14:39:54 [Podlove] [32minfo[39m: Consumer Policy exists!
Thu Nov 20 2025 14:39:55 [Podlove] [32minfo[39m: Media Policy exists!
Thu Nov 20 2025 14:39:55 [Podlove] [32minfo[39m: Server is running at PORT: 8000, HOST: 10.10.20.11
Thu Nov 20 2025 14:39:55 [Podlove] [32minfo[39m: Socket.IO server initialized
Thu Nov 20 2025 14:41:16 [Podlove] [32minfo[39m: Successfully Connected to MongoDB Atlas
Thu Nov 20 2025 14:41:21 [Podlove] [32minfo[39m: Privacy Policy exists!
Thu Nov 20 2025 14:41:21 [Podlove] [32minfo[39m: Consumer Policy exists!
Thu Nov 20 2025 14:41:21 [Podlove] [32minfo[39m: Media Policy exists!
Thu Nov 20 2025 14:41:21 [Podlove] [32minfo[39m: Server is running at PORT: 8000, HOST: 10.10.20.11
Thu Nov 20 2025 14:41:21 [Podlove] [32minfo[39m: Socket.IO server initialized
Thu Nov 20 2025 14:41:53 [Podlove] [32minfo[39m: Successfully Connected to MongoDB Atlas
Thu Nov 20 2025 14:41:59 [Podlove] [32minfo[39m: Privacy Policy exists!
Thu Nov 20 2025 14:41:59 [Podlove] [32minfo[39m: Consumer Policy exists!
Thu Nov 20 2025 14:41:59 [Podlove] [32minfo[39m: Media Policy exists!
Thu Nov 20 2025 14:41:59 [Podlove] [32minfo[39m: Server is running at PORT: 8000, HOST: 10.10.20.11
Thu Nov 20 2025 14:41:59 [Podlove] [32minfo[39m: Socket.IO server initialized
Thu Nov 20 2025 14:42:8 [Podlove] [32minfo[39m: Successfully Connected to MongoDB Atlas
Thu Nov 20 2025 14:42:15 [Podlove] [32minfo[39m: Privacy Policy exists!
Thu Nov 20 2025 14:42:15 [Podlove] [32minfo[39m: Consumer Policy exists!
Thu Nov 20 2025 14:42:15 [Podlove] [32minfo[39m: Media Policy exists!
Thu Nov 20 2025 14:42:15 [Podlove] [32minfo[39m: Server is running at PORT: 8000, HOST: 10.10.20.11
Thu Nov 20 2025 14:42:15 [Podlove] [32minfo[39m: Socket.IO server initialized
Thu Nov 20 2025 14:42:43 [Podlove] [32minfo[39m: Successfully Connected to MongoDB Atlas
Thu Nov 20 2025 14:42:48 [Podlove] [32minfo[39m: Privacy Policy exists!
Thu Nov 20 2025 14:42:48 [Podlove] [32minfo[39m: Consumer Policy exists!
Thu Nov 20 2025 14:42:49 [Podlove] [32minfo[39m: Media Policy exists!
Thu Nov 20 2025 14:42:49 [Podlove] [32minfo[39m: Server is running at PORT: 8000, HOST: 10.10.20.11
Thu Nov 20 2025 14:42:49 [Podlove] [32minfo[39m: Socket.IO server initialized
Thu Nov 20 2025 14:44:45 [Podlove] [32minfo[39m: Successfully Connected to MongoDB Atlas
Thu Nov 20 2025 14:44:50 [Podlove] [32minfo[39m: Privacy Policy exists!
Thu Nov 20 2025 14:44:51 [Podlove] [32minfo[39m: Consumer Policy exists!
Thu Nov 20 2025 14:44:51 [Podlove] [32minfo[39m: Media Policy exists!
Thu Nov 20 2025 14:44:51 [Podlove] [32minfo[39m: Server is running at PORT: 8000, HOST: 10.10.20.11
Thu Nov 20 2025 14:44:51 [Podlove] [32minfo[39m: Socket.IO server initialized
Thu Nov 20 2025 15:17:33 [Podlove] [32minfo[39m: Successfully Connected to MongoDB Atlas
Thu Nov 20 2025 15:17:37 [Podlove] [32minfo[39m: Privacy Policy exists!
Thu Nov 20 2025 15:17:37 [Podlove] [32minfo[39m: Consumer Policy exists!
Thu Nov 20 2025 15:17:38 [Podlove] [32minfo[39m: Media Policy exists!
Thu Nov 20 2025 15:17:38 [Podlove] [32minfo[39m: Server is running at PORT: 8000, HOST: 10.10.20.11
Thu Nov 20 2025 15:17:38 [Podlove] [32minfo[39m: Socket.IO server initialized
Thu Nov 20 2025 15:29:56 [Podlove] [32minfo[39m: Successfully Connected to MongoDB Atlas
Thu Nov 20 2025 15:30:2 [Podlove] [32minfo[39m: Privacy Policy exists!
Thu Nov 20 2025 15:30:2 [Podlove] [32minfo[39m: Consumer Policy exists!
Thu Nov 20 2025 15:30:2 [Podlove] [32minfo[39m: Media Policy exists!
Thu Nov 20 2025 15:30:2 [Podlove] [32minfo[39m: Server is running at PORT: 8000, HOST: 10.10.20.11
Thu Nov 20 2025 15:30:2 [Podlove] [32minfo[39m: Socket.IO server initialized
Thu Nov 20 2025 15:31:2 [Podlove] [32minfo[39m: Successfully Connected to MongoDB Atlas
Thu Nov 20 2025 15:31:5 [Podlove] [32minfo[39m: Privacy Policy exists!
Thu Nov 20 2025 15:31:6 [Podlove] [32minfo[39m: Consumer Policy exists!
Thu Nov 20 2025 15:31:6 [Podlove] [32minfo[39m: Media Policy exists!
Thu Nov 20 2025 15:31:6 [Podlove] [32minfo[39m: Server is running at PORT: 8000, HOST: 10.10.20.11
Thu Nov 20 2025 15:31:6 [Podlove] [32minfo[39m: Socket.IO server initialized
Thu Nov 20 2025 15:43:56 [Podlove] [32minfo[39m: Successfully Connected to MongoDB Atlas
Thu Nov 20 2025 15:44:5 [Podlove] [32minfo[39m: Privacy Policy exists!
Thu Nov 20 2025 15:44:5 [Podlove] [32minfo[39m: Consumer Policy exists!
Thu Nov 20 2025 15:44:5 [Podlove] [32minfo[39m: Media Policy exists!
Thu Nov 20 2025 15:44:5 [Podlove] [32minfo[39m: Server is running at PORT: 8000, HOST: 10.10.20.11
Thu Nov 20 2025 15:44:5 [Podlove] [32minfo[39m: Socket.IO server initialized
Thu Nov 20 2025 15:44:30 [Podlove] [32minfo[39m: Successfully Connected to MongoDB Atlas
Thu Nov 20 2025 15:44:34 [Podlove] [32minfo[39m: Privacy Policy exists!
Thu Nov 20 2025 15:44:34 [Podlove] [32minfo[39m: Consumer Policy exists!
Thu Nov 20 2025 15:44:34 [Podlove] [32minfo[39m: Media Policy exists!
Thu Nov 20 2025 15:44:34 [Podlove] [32minfo[39m: Server is running at PORT: 8000, HOST: 10.10.20.11
Thu Nov 20 2025 15:44:34 [Podlove] [32minfo[39m: Socket.IO server initialized
Thu Nov 20 2025 15:47:54 [Podlove] [32minfo[39m: Successfully Connected to MongoDB Atlas
Thu Nov 20 2025 15:47:59 [Podlove] [32minfo[39m: Privacy Policy exists!
Thu Nov 20 2025 15:47:59 [Podlove] [32minfo[39m: Consumer Policy exists!
Thu Nov 20 2025 15:47:59 [Podlove] [32minfo[39m: Media Policy exists!
Thu Nov 20 2025 15:47:59 [Podlove] [32minfo[39m: Server is running at PORT: 8000, HOST: 10.10.20.11
Thu Nov 20 2025 15:47:59 [Podlove] [32minfo[39m: Socket.IO server initialized
Thu Nov 20 2025 15:48:25 [Podlove] [32minfo[39m: Successfully Connected to MongoDB Atlas
Thu Nov 20 2025 15:48:31 [Podlove] [32minfo[39m: Privacy Policy exists!
Thu Nov 20 2025 15:48:32 [Podlove] [32minfo[39m: Consumer Policy exists!
Thu Nov 20 2025 15:48:32 [Podlove] [32minfo[39m: Media Policy exists!
Thu Nov 20 2025 15:48:32 [Podlove] [32minfo[39m: Server is running at PORT: 8000, HOST: 10.10.20.11
Thu Nov 20 2025 15:48:32 [Podlove] [32minfo[39m: Socket.IO server initialized
Thu Nov 20 2025 15:49:37 [Podlove] [32minfo[39m: Successfully Connected to MongoDB Atlas
Thu Nov 20 2025 15:49:44 [Podlove] [32minfo[39m: Privacy Policy exists!
Thu Nov 20 2025 15:49:44 [Podlove] [32minfo[39m: Consumer Policy exists!
Thu Nov 20 2025 15:49:45 [Podlove] [32minfo[39m: Media Policy exists!
Thu Nov 20 2025 15:49:45 [Podlove] [32minfo[39m: Server is running at PORT: 8000, HOST: 10.10.20.11
Thu Nov 20 2025 15:49:45 [Podlove] [32minfo[39m: Socket.IO server initialized
Thu Nov 20 2025 15:50:35 [Podlove] [32minfo[39m: Successfully Connected to MongoDB Atlas
Thu Nov 20 2025 15:50:41 [Podlove] [32minfo[39m: Privacy Policy exists!
Thu Nov 20 2025 15:50:41 [Podlove] [32minfo[39m: Consumer Policy exists!
Thu Nov 20 2025 15:50:41 [Podlove] [32minfo[39m: Media Policy exists!
Thu Nov 20 2025 15:50:41 [Podlove] [32minfo[39m: Server is running at PORT: 8000, HOST: 10.10.20.11
Thu Nov 20 2025 15:50:41 [Podlove] [32minfo[39m: Socket.IO server initialized
Thu Nov 20 2025 15:51:9 [Podlove] [32minfo[39m: Successfully Connected to MongoDB Atlas
Thu Nov 20 2025 15:51:16 [Podlove] [32minfo[39m: Privacy Policy exists!
Thu Nov 20 2025 15:51:16 [Podlove] [32minfo[39m: Consumer Policy exists!
Thu Nov 20 2025 15:51:31 [Podlove] [32minfo[39m: Successfully Connected to MongoDB Atlas
Thu Nov 20 2025 15:52:17 [Podlove] [32minfo[39m: Successfully Connected to MongoDB Atlas
Thu Nov 20 2025 15:52:28 [Podlove] [32minfo[39m: Privacy Policy exists!
Thu Nov 20 2025 15:52:28 [Podlove] [32minfo[39m: Consumer Policy exists!
Thu Nov 20 2025 15:52:28 [Podlove] [32minfo[39m: Media Policy exists!
Thu Nov 20 2025 15:52:28 [Podlove] [32minfo[39m: Server is running at PORT: 8000, HOST: 10.10.20.11
Thu Nov 20 2025 15:52:28 [Podlove] [32minfo[39m: Socket.IO server initialized
Thu Nov 20 2025 15:53:8 [Podlove] [32minfo[39m: Successfully Connected to MongoDB Atlas
Thu Nov 20 2025 15:53:12 [Podlove] [32minfo[39m: Privacy Policy exists!
Thu Nov 20 2025 15:53:12 [Podlove] [32minfo[39m: Consumer Policy exists!
Thu Nov 20 2025 15:53:12 [Podlove] [32minfo[39m: Media Policy exists!
Thu Nov 20 2025 15:53:12 [Podlove] [32minfo[39m: Server is running at PORT: 8000, HOST: 10.10.20.11
Thu Nov 20 2025 15:53:12 [Podlove] [32minfo[39m: Socket.IO server initialized
Thu Nov 20 2025 15:58:22 [Podlove] [32minfo[39m: Successfully Connected to MongoDB Atlas
Thu Nov 20 2025 15:58:27 [Podlove] [32minfo[39m: Privacy Policy exists!
Thu Nov 20 2025 15:58:27 [Podlove] [32minfo[39m: Consumer Policy exists!
Thu Nov 20 2025 15:58:28 [Podlove] [32minfo[39m: Media Policy exists!
Thu Nov 20 2025 15:58:28 [Podlove] [32minfo[39m: Server is running at PORT: 8000, HOST: 10.10.20.11
Thu Nov 20 2025 15:58:28 [Podlove] [32minfo[39m: Socket.IO server initialized
Thu Nov 20 2025 15:58:42 [Podlove] [32minfo[39m: Successfully Connected to MongoDB Atlas
Thu Nov 20 2025 15:58:47 [Podlove] [32minfo[39m: Privacy Policy exists!
Thu Nov 20 2025 15:58:47 [Podlove] [32minfo[39m: Consumer Policy exists!
Thu Nov 20 2025 15:58:47 [Podlove] [32minfo[39m: Media Policy exists!
Thu Nov 20 2025 15:58:47 [Podlove] [32minfo[39m: Server is running at PORT: 8000, HOST: 10.10.20.11
Thu Nov 20 2025 15:58:47 [Podlove] [32minfo[39m: Socket.IO server initialized
Thu Nov 20 2025 16:0:14 [Podlove] [32minfo[39m: Successfully Connected to MongoDB Atlas
Thu Nov 20 2025 16:0:19 [Podlove] [32minfo[39m: Privacy Policy exists!
Thu Nov 20 2025 16:0:19 [Podlove] [32minfo[39m: Consumer Policy exists!
Thu Nov 20 2025 16:0:19 [Podlove] [32minfo[39m: Media Policy exists!
Thu Nov 20 2025 16:0:19 [Podlove] [32minfo[39m: Server is running at PORT: 8000, HOST: 10.10.20.11
Thu Nov 20 2025 16:0:19 [Podlove] [32minfo[39m: Socket.IO server initialized
Thu Nov 20 2025 16:0:33 [Podlove] [32minfo[39m: Successfully Connected to MongoDB Atlas
